CRITICAL - 2022-02-05 06:40:42 --> Undefined array key "toplamgeckalan"
#0 /home/u0521406/public_html/app/Controllers/Home.php(39): CodeIgniter\Debug\Exceptions->errorHandler()
#1 /home/u0521406/public_html/system/CodeIgniter.php(928): App\Controllers\Home->index()
#2 /home/u0521406/public_html/system/CodeIgniter.php(436): CodeIgniter\CodeIgniter->runController()
#3 /home/u0521406/public_html/system/CodeIgniter.php(336): CodeIgniter\CodeIgniter->handleRequest()
#4 /home/u0521406/public_html/index.php(37): CodeIgniter\CodeIgniter->run()
#5 {main}
CRITICAL - 2022-02-05 14:08:34 --> Undefined array key "toplamgeckalan"
#0 /home/u0521406/public_html/app/Controllers/Home.php(39): CodeIgniter\Debug\Exceptions->errorHandler()
#1 /home/u0521406/public_html/system/CodeIgniter.php(928): App\Controllers\Home->index()
#2 /home/u0521406/public_html/system/CodeIgniter.php(436): CodeIgniter\CodeIgniter->runController()
#3 /home/u0521406/public_html/system/CodeIgniter.php(336): CodeIgniter\CodeIgniter->handleRequest()
#4 /home/u0521406/public_html/index.php(37): CodeIgniter\CodeIgniter->run()
#5 {main}
CRITICAL - 2022-02-05 14:13:44 --> Undefined array key "toplamgeckalan"
#0 /home/u0521406/public_html/app/Controllers/Home.php(39): CodeIgniter\Debug\Exceptions->errorHandler()
#1 /home/u0521406/public_html/system/CodeIgniter.php(928): App\Controllers\Home->index()
#2 /home/u0521406/public_html/system/CodeIgniter.php(436): CodeIgniter\CodeIgniter->runController()
#3 /home/u0521406/public_html/system/CodeIgniter.php(336): CodeIgniter\CodeIgniter->handleRequest()
#4 /home/u0521406/public_html/index.php(37): CodeIgniter\CodeIgniter->run()
#5 {main}
CRITICAL - 2022-02-05 14:19:23 --> syntax error, unexpected token "public", expecting end of file
#0 /home/u0521406/public_html/system/Router/Router.php(169): CodeIgniter\Router\Router->autoRoute()
#1 /home/u0521406/public_html/system/CodeIgniter.php(809): CodeIgniter\Router\Router->handle()
#2 /home/u0521406/public_html/system/CodeIgniter.php(389): CodeIgniter\CodeIgniter->tryToRouteIt()
#3 /home/u0521406/public_html/system/CodeIgniter.php(336): CodeIgniter\CodeIgniter->handleRequest()
#4 /home/u0521406/public_html/index.php(37): CodeIgniter\CodeIgniter->run()
#5 {main}
CRITICAL - 2022-02-05 14:19:23 --> syntax error, unexpected token "public", expecting end of file
#0 /home/u0521406/public_html/system/Router/Router.php(169): CodeIgniter\Router\Router->autoRoute()
#1 /home/u0521406/public_html/system/CodeIgniter.php(809): CodeIgniter\Router\Router->handle()
#2 /home/u0521406/public_html/system/CodeIgniter.php(389): CodeIgniter\CodeIgniter->tryToRouteIt()
#3 /home/u0521406/public_html/system/CodeIgniter.php(336): CodeIgniter\CodeIgniter->handleRequest()
#4 /home/u0521406/public_html/index.php(37): CodeIgniter\CodeIgniter->run()
#5 {main}
CRITICAL - 2022-02-05 14:19:39 --> syntax error, unexpected token "public", expecting end of file
#0 /home/u0521406/public_html/system/Router/Router.php(169): CodeIgniter\Router\Router->autoRoute()
#1 /home/u0521406/public_html/system/CodeIgniter.php(809): CodeIgniter\Router\Router->handle()
#2 /home/u0521406/public_html/system/CodeIgniter.php(389): CodeIgniter\CodeIgniter->tryToRouteIt()
#3 /home/u0521406/public_html/system/CodeIgniter.php(336): CodeIgniter\CodeIgniter->handleRequest()
#4 /home/u0521406/public_html/index.php(37): CodeIgniter\CodeIgniter->run()
#5 {main}
CRITICAL - 2022-02-05 14:20:56 --> syntax error, unexpected token "public", expecting end of file
#0 /home/u0521406/public_html/system/Router/Router.php(169): CodeIgniter\Router\Router->autoRoute()
#1 /home/u0521406/public_html/system/CodeIgniter.php(809): CodeIgniter\Router\Router->handle()
#2 /home/u0521406/public_html/system/CodeIgniter.php(389): CodeIgniter\CodeIgniter->tryToRouteIt()
#3 /home/u0521406/public_html/system/CodeIgniter.php(336): CodeIgniter\CodeIgniter->handleRequest()
#4 /home/u0521406/public_html/index.php(37): CodeIgniter\CodeIgniter->run()
#5 {main}
CRITICAL - 2022-02-05 14:22:23 --> Undefined array key "toplamgeckalan"
#0 /home/u0521406/public_html/app/Controllers/Home.php(39): CodeIgniter\Debug\Exceptions->errorHandler()
#1 /home/u0521406/public_html/system/CodeIgniter.php(928): App\Controllers\Home->index()
#2 /home/u0521406/public_html/system/CodeIgniter.php(436): CodeIgniter\CodeIgniter->runController()
#3 /home/u0521406/public_html/system/CodeIgniter.php(336): CodeIgniter\CodeIgniter->handleRequest()
#4 /home/u0521406/public_html/index.php(37): CodeIgniter\CodeIgniter->run()
#5 {main}
CRITICAL - 2022-02-05 14:25:35 --> Undefined array key "toplamgeckalan"
#0 /home/u0521406/public_html/app/Controllers/Home.php(39): CodeIgniter\Debug\Exceptions->errorHandler()
#1 /home/u0521406/public_html/system/CodeIgniter.php(928): App\Controllers\Home->index()
#2 /home/u0521406/public_html/system/CodeIgniter.php(436): CodeIgniter\CodeIgniter->runController()
#3 /home/u0521406/public_html/system/CodeIgniter.php(336): CodeIgniter\CodeIgniter->handleRequest()
#4 /home/u0521406/public_html/index.php(37): CodeIgniter\CodeIgniter->run()
#5 {main}
CRITICAL - 2022-02-05 14:27:51 --> Undefined array key "toplamgeckalan"
#0 /home/u0521406/public_html/app/Controllers/Home.php(41): CodeIgniter\Debug\Exceptions->errorHandler()
#1 /home/u0521406/public_html/system/CodeIgniter.php(928): App\Controllers\Home->index()
#2 /home/u0521406/public_html/system/CodeIgniter.php(436): CodeIgniter\CodeIgniter->runController()
#3 /home/u0521406/public_html/system/CodeIgniter.php(336): CodeIgniter\CodeIgniter->handleRequest()
#4 /home/u0521406/public_html/index.php(37): CodeIgniter\CodeIgniter->run()
#5 {main}
CRITICAL - 2022-02-05 14:29:31 --> Undefined array key "toplamgeckalan"
#0 /home/u0521406/public_html/app/Controllers/Home.php(41): CodeIgniter\Debug\Exceptions->errorHandler()
#1 /home/u0521406/public_html/system/CodeIgniter.php(928): App\Controllers\Home->index()
#2 /home/u0521406/public_html/system/CodeIgniter.php(436): CodeIgniter\CodeIgniter->runController()
#3 /home/u0521406/public_html/system/CodeIgniter.php(336): CodeIgniter\CodeIgniter->handleRequest()
#4 /home/u0521406/public_html/index.php(37): CodeIgniter\CodeIgniter->run()
#5 {main}
CRITICAL - 2022-02-05 14:30:12 --> Undefined array key "toplamgeckalan"
#0 /home/u0521406/public_html/app/Controllers/Home.php(41): CodeIgniter\Debug\Exceptions->errorHandler()
#1 /home/u0521406/public_html/system/CodeIgniter.php(928): App\Controllers\Home->index()
#2 /home/u0521406/public_html/system/CodeIgniter.php(436): CodeIgniter\CodeIgniter->runController()
#3 /home/u0521406/public_html/system/CodeIgniter.php(336): CodeIgniter\CodeIgniter->handleRequest()
#4 /home/u0521406/public_html/index.php(37): CodeIgniter\CodeIgniter->run()
#5 {main}
CRITICAL - 2022-02-05 14:34:15 --> Undefined array key "toplamgeckalan"
#0 /home/u0521406/public_html/app/Controllers/Home.php(41): CodeIgniter\Debug\Exceptions->errorHandler()
#1 /home/u0521406/public_html/system/CodeIgniter.php(928): App\Controllers\Home->index()
#2 /home/u0521406/public_html/system/CodeIgniter.php(436): CodeIgniter\CodeIgniter->runController()
#3 /home/u0521406/public_html/system/CodeIgniter.php(336): CodeIgniter\CodeIgniter->handleRequest()
#4 /home/u0521406/public_html/index.php(37): CodeIgniter\CodeIgniter->run()
#5 {main}
CRITICAL - 2022-02-05 14:34:26 --> Undefined array key "toplamgeckalan"
#0 /home/u0521406/public_html/app/Controllers/Home.php(41): CodeIgniter\Debug\Exceptions->errorHandler()
#1 /home/u0521406/public_html/system/CodeIgniter.php(928): App\Controllers\Home->index()
#2 /home/u0521406/public_html/system/CodeIgniter.php(436): CodeIgniter\CodeIgniter->runController()
#3 /home/u0521406/public_html/system/CodeIgniter.php(336): CodeIgniter\CodeIgniter->handleRequest()
#4 /home/u0521406/public_html/index.php(37): CodeIgniter\CodeIgniter->run()
#5 {main}
CRITICAL - 2022-02-05 14:35:23 --> Undefined array key "toplamgeckalan"
#0 /home/u0521406/public_html/app/Controllers/Home.php(41): CodeIgniter\Debug\Exceptions->errorHandler()
#1 /home/u0521406/public_html/system/CodeIgniter.php(928): App\Controllers\Home->index()
#2 /home/u0521406/public_html/system/CodeIgniter.php(436): CodeIgniter\CodeIgniter->runController()
#3 /home/u0521406/public_html/system/CodeIgniter.php(336): CodeIgniter\CodeIgniter->handleRequest()
#4 /home/u0521406/public_html/index.php(37): CodeIgniter\CodeIgniter->run()
#5 {main}
CRITICAL - 2022-02-05 14:35:33 --> Undefined array key "toplamgeckalan"
#0 /home/u0521406/public_html/app/Controllers/Home.php(41): CodeIgniter\Debug\Exceptions->errorHandler()
#1 /home/u0521406/public_html/system/CodeIgniter.php(928): App\Controllers\Home->index()
#2 /home/u0521406/public_html/system/CodeIgniter.php(436): CodeIgniter\CodeIgniter->runController()
#3 /home/u0521406/public_html/system/CodeIgniter.php(336): CodeIgniter\CodeIgniter->handleRequest()
#4 /home/u0521406/public_html/index.php(37): CodeIgniter\CodeIgniter->run()
#5 {main}
CRITICAL - 2022-02-05 14:53:59 --> Undefined variable $tarih
#0 /home/u0521406/public_html/app/Controllers/Home.php(37): CodeIgniter\Debug\Exceptions->errorHandler()
#1 /home/u0521406/public_html/system/CodeIgniter.php(928): App\Controllers\Home->index()
#2 /home/u0521406/public_html/system/CodeIgniter.php(436): CodeIgniter\CodeIgniter->runController()
#3 /home/u0521406/public_html/system/CodeIgniter.php(336): CodeIgniter\CodeIgniter->handleRequest()
#4 /home/u0521406/public_html/index.php(37): CodeIgniter\CodeIgniter->run()
#5 {main}
CRITICAL - 2022-02-05 14:55:42 --> syntax error, unexpected identifier "toplamgeckalan", expecting "," or ";"
#0 /home/u0521406/public_html/system/Router/Router.php(169): CodeIgniter\Router\Router->autoRoute()
#1 /home/u0521406/public_html/system/CodeIgniter.php(809): CodeIgniter\Router\Router->handle()
#2 /home/u0521406/public_html/system/CodeIgniter.php(389): CodeIgniter\CodeIgniter->tryToRouteIt()
#3 /home/u0521406/public_html/system/CodeIgniter.php(336): CodeIgniter\CodeIgniter->handleRequest()
#4 /home/u0521406/public_html/index.php(37): CodeIgniter\CodeIgniter->run()
#5 {main}
CRITICAL - 2022-02-05 14:55:55 --> syntax error, unexpected identifier "toplamgeckalan", expecting "," or ";"
#0 /home/u0521406/public_html/system/Router/Router.php(169): CodeIgniter\Router\Router->autoRoute()
#1 /home/u0521406/public_html/system/CodeIgniter.php(809): CodeIgniter\Router\Router->handle()
#2 /home/u0521406/public_html/system/CodeIgniter.php(389): CodeIgniter\CodeIgniter->tryToRouteIt()
#3 /home/u0521406/public_html/system/CodeIgniter.php(336): CodeIgniter\CodeIgniter->handleRequest()
#4 /home/u0521406/public_html/index.php(37): CodeIgniter\CodeIgniter->run()
#5 {main}
CRITICAL - 2022-02-05 14:56:39 --> Undefined array key "toplamgeckalan"
#0 /home/u0521406/public_html/app/Controllers/Home.php(41): CodeIgniter\Debug\Exceptions->errorHandler()
#1 /home/u0521406/public_html/system/CodeIgniter.php(928): App\Controllers\Home->index()
#2 /home/u0521406/public_html/system/CodeIgniter.php(436): CodeIgniter\CodeIgniter->runController()
#3 /home/u0521406/public_html/system/CodeIgniter.php(336): CodeIgniter\CodeIgniter->handleRequest()
#4 /home/u0521406/public_html/index.php(37): CodeIgniter\CodeIgniter->run()
#5 {main}
CRITICAL - 2022-02-05 14:57:18 --> Undefined array key "toplamgeckalan"
#0 /home/u0521406/public_html/app/Controllers/Home.php(41): CodeIgniter\Debug\Exceptions->errorHandler()
#1 /home/u0521406/public_html/system/CodeIgniter.php(928): App\Controllers\Home->index()
#2 /home/u0521406/public_html/system/CodeIgniter.php(436): CodeIgniter\CodeIgniter->runController()
#3 /home/u0521406/public_html/system/CodeIgniter.php(336): CodeIgniter\CodeIgniter->handleRequest()
#4 /home/u0521406/public_html/index.php(37): CodeIgniter\CodeIgniter->run()
#5 {main}
CRITICAL - 2022-02-05 14:57:20 --> Undefined array key "toplamgeckalan"
#0 /home/u0521406/public_html/app/Controllers/Home.php(41): CodeIgniter\Debug\Exceptions->errorHandler()
#1 /home/u0521406/public_html/system/CodeIgniter.php(928): App\Controllers\Home->index()
#2 /home/u0521406/public_html/system/CodeIgniter.php(436): CodeIgniter\CodeIgniter->runController()
#3 /home/u0521406/public_html/system/CodeIgniter.php(336): CodeIgniter\CodeIgniter->handleRequest()
#4 /home/u0521406/public_html/index.php(37): CodeIgniter\CodeIgniter->run()
#5 {main}
CRITICAL - 2022-02-05 14:57:31 --> Undefined array key "toplamgeckalan"
#0 /home/u0521406/public_html/app/Controllers/Home.php(41): CodeIgniter\Debug\Exceptions->errorHandler()
#1 /home/u0521406/public_html/system/CodeIgniter.php(928): App\Controllers\Home->index()
#2 /home/u0521406/public_html/system/CodeIgniter.php(436): CodeIgniter\CodeIgniter->runController()
#3 /home/u0521406/public_html/system/CodeIgniter.php(336): CodeIgniter\CodeIgniter->handleRequest()
#4 /home/u0521406/public_html/index.php(37): CodeIgniter\CodeIgniter->run()
#5 {main}
CRITICAL - 2022-02-05 14:57:59 --> Undefined array key "toplamgeckalan"
#0 /home/u0521406/public_html/app/Controllers/Home.php(41): CodeIgniter\Debug\Exceptions->errorHandler()
#1 /home/u0521406/public_html/system/CodeIgniter.php(928): App\Controllers\Home->index()
#2 /home/u0521406/public_html/system/CodeIgniter.php(436): CodeIgniter\CodeIgniter->runController()
#3 /home/u0521406/public_html/system/CodeIgniter.php(336): CodeIgniter\CodeIgniter->handleRequest()
#4 /home/u0521406/public_html/index.php(37): CodeIgniter\CodeIgniter->run()
#5 {main}
CRITICAL - 2022-02-05 14:58:01 --> Undefined array key "toplamgeckalan"
#0 /home/u0521406/public_html/app/Controllers/Home.php(41): CodeIgniter\Debug\Exceptions->errorHandler()
#1 /home/u0521406/public_html/system/CodeIgniter.php(928): App\Controllers\Home->index()
#2 /home/u0521406/public_html/system/CodeIgniter.php(436): CodeIgniter\CodeIgniter->runController()
#3 /home/u0521406/public_html/system/CodeIgniter.php(336): CodeIgniter\CodeIgniter->handleRequest()
#4 /home/u0521406/public_html/index.php(37): CodeIgniter\CodeIgniter->run()
#5 {main}
CRITICAL - 2022-02-05 14:58:25 --> Undefined array key "toplamgeckalan"
#0 /home/u0521406/public_html/app/Controllers/Home.php(41): CodeIgniter\Debug\Exceptions->errorHandler()
#1 /home/u0521406/public_html/system/CodeIgniter.php(928): App\Controllers\Home->index()
#2 /home/u0521406/public_html/system/CodeIgniter.php(436): CodeIgniter\CodeIgniter->runController()
#3 /home/u0521406/public_html/system/CodeIgniter.php(336): CodeIgniter\CodeIgniter->handleRequest()
#4 /home/u0521406/public_html/index.php(37): CodeIgniter\CodeIgniter->run()
#5 {main}
CRITICAL - 2022-02-05 14:59:09 --> Undefined array key "toplamgeckalan"
#0 /home/u0521406/public_html/app/Controllers/Home.php(41): CodeIgniter\Debug\Exceptions->errorHandler()
#1 /home/u0521406/public_html/system/CodeIgniter.php(928): App\Controllers\Home->index()
#2 /home/u0521406/public_html/system/CodeIgniter.php(436): CodeIgniter\CodeIgniter->runController()
#3 /home/u0521406/public_html/system/CodeIgniter.php(336): CodeIgniter\CodeIgniter->handleRequest()
#4 /home/u0521406/public_html/index.php(37): CodeIgniter\CodeIgniter->run()
#5 {main}
CRITICAL - 2022-02-05 14:59:11 --> Undefined array key "toplamgeckalan"
#0 /home/u0521406/public_html/app/Controllers/Home.php(41): CodeIgniter\Debug\Exceptions->errorHandler()
#1 /home/u0521406/public_html/system/CodeIgniter.php(928): App\Controllers\Home->index()
#2 /home/u0521406/public_html/system/CodeIgniter.php(436): CodeIgniter\CodeIgniter->runController()
#3 /home/u0521406/public_html/system/CodeIgniter.php(336): CodeIgniter\CodeIgniter->handleRequest()
#4 /home/u0521406/public_html/index.php(37): CodeIgniter\CodeIgniter->run()
#5 {main}
CRITICAL - 2022-02-05 14:59:11 --> Undefined array key "toplamgeckalan"
#0 /home/u0521406/public_html/app/Controllers/Home.php(41): CodeIgniter\Debug\Exceptions->errorHandler()
#1 /home/u0521406/public_html/system/CodeIgniter.php(928): App\Controllers\Home->index()
#2 /home/u0521406/public_html/system/CodeIgniter.php(436): CodeIgniter\CodeIgniter->runController()
#3 /home/u0521406/public_html/system/CodeIgniter.php(336): CodeIgniter\CodeIgniter->handleRequest()
#4 /home/u0521406/public_html/index.php(37): CodeIgniter\CodeIgniter->run()
#5 {main}
CRITICAL - 2022-02-05 14:59:11 --> Undefined array key "toplamgeckalan"
#0 /home/u0521406/public_html/app/Controllers/Home.php(41): CodeIgniter\Debug\Exceptions->errorHandler()
#1 /home/u0521406/public_html/system/CodeIgniter.php(928): App\Controllers\Home->index()
#2 /home/u0521406/public_html/system/CodeIgniter.php(436): CodeIgniter\CodeIgniter->runController()
#3 /home/u0521406/public_html/system/CodeIgniter.php(336): CodeIgniter\CodeIgniter->handleRequest()
#4 /home/u0521406/public_html/index.php(37): CodeIgniter\CodeIgniter->run()
#5 {main}
CRITICAL - 2022-02-05 14:59:11 --> Undefined array key "toplamgeckalan"
#0 /home/u0521406/public_html/app/Controllers/Home.php(41): CodeIgniter\Debug\Exceptions->errorHandler()
#1 /home/u0521406/public_html/system/CodeIgniter.php(928): App\Controllers\Home->index()
#2 /home/u0521406/public_html/system/CodeIgniter.php(436): CodeIgniter\CodeIgniter->runController()
#3 /home/u0521406/public_html/system/CodeIgniter.php(336): CodeIgniter\CodeIgniter->handleRequest()
#4 /home/u0521406/public_html/index.php(37): CodeIgniter\CodeIgniter->run()
#5 {main}
CRITICAL - 2022-02-05 14:59:12 --> Undefined array key "toplamgeckalan"
#0 /home/u0521406/public_html/app/Controllers/Home.php(41): CodeIgniter\Debug\Exceptions->errorHandler()
#1 /home/u0521406/public_html/system/CodeIgniter.php(928): App\Controllers\Home->index()
#2 /home/u0521406/public_html/system/CodeIgniter.php(436): CodeIgniter\CodeIgniter->runController()
#3 /home/u0521406/public_html/system/CodeIgniter.php(336): CodeIgniter\CodeIgniter->handleRequest()
#4 /home/u0521406/public_html/index.php(37): CodeIgniter\CodeIgniter->run()
#5 {main}
CRITICAL - 2022-02-05 14:59:12 --> Undefined array key "toplamgeckalan"
#0 /home/u0521406/public_html/app/Controllers/Home.php(41): CodeIgniter\Debug\Exceptions->errorHandler()
#1 /home/u0521406/public_html/system/CodeIgniter.php(928): App\Controllers\Home->index()
#2 /home/u0521406/public_html/system/CodeIgniter.php(436): CodeIgniter\CodeIgniter->runController()
#3 /home/u0521406/public_html/system/CodeIgniter.php(336): CodeIgniter\CodeIgniter->handleRequest()
#4 /home/u0521406/public_html/index.php(37): CodeIgniter\CodeIgniter->run()
#5 {main}
CRITICAL - 2022-02-05 14:59:25 --> Undefined array key "toplamgeckalan"
#0 /home/u0521406/public_html/app/Controllers/Home.php(41): CodeIgniter\Debug\Exceptions->errorHandler()
#1 /home/u0521406/public_html/system/CodeIgniter.php(928): App\Controllers\Home->index()
#2 /home/u0521406/public_html/system/CodeIgniter.php(436): CodeIgniter\CodeIgniter->runController()
#3 /home/u0521406/public_html/system/CodeIgniter.php(336): CodeIgniter\CodeIgniter->handleRequest()
#4 /home/u0521406/public_html/index.php(37): CodeIgniter\CodeIgniter->run()
#5 {main}
CRITICAL - 2022-02-05 15:00:08 --> Undefined variable $title
#0 /home/u0521406/public_html/app/Views/include/header.php(7): CodeIgniter\Debug\Exceptions->errorHandler()
#1 /home/u0521406/public_html/system/View/View.php(230): include('/home/u0521406/...')
#2 /home/u0521406/public_html/system/View/View.php(232): CodeIgniter\View\View->CodeIgniter\View\{closure}()
#3 /home/u0521406/public_html/system/View/View.php(487): CodeIgniter\View\View->render()
#4 /home/u0521406/public_html/app/Views/home.php(1): CodeIgniter\View\View->include()
#5 /home/u0521406/public_html/system/View/View.php(230): include('/home/u0521406/...')
#6 /home/u0521406/public_html/system/View/View.php(232): CodeIgniter\View\View->CodeIgniter\View\{closure}()
#7 /home/u0521406/public_html/system/Common.php(1271): CodeIgniter\View\View->render()
#8 /home/u0521406/public_html/app/Controllers/Home.php(33): view()
#9 /home/u0521406/public_html/system/CodeIgniter.php(928): App\Controllers\Home->index()
#10 /home/u0521406/public_html/system/CodeIgniter.php(436): CodeIgniter\CodeIgniter->runController()
#11 /home/u0521406/public_html/system/CodeIgniter.php(336): CodeIgniter\CodeIgniter->handleRequest()
#12 /home/u0521406/public_html/index.php(37): CodeIgniter\CodeIgniter->run()
#13 {main}
CRITICAL - 2022-02-05 15:00:10 --> Undefined variable $title
#0 /home/u0521406/public_html/app/Views/include/header.php(7): CodeIgniter\Debug\Exceptions->errorHandler()
#1 /home/u0521406/public_html/system/View/View.php(230): include('/home/u0521406/...')
#2 /home/u0521406/public_html/system/View/View.php(232): CodeIgniter\View\View->CodeIgniter\View\{closure}()
#3 /home/u0521406/public_html/system/View/View.php(487): CodeIgniter\View\View->render()
#4 /home/u0521406/public_html/app/Views/home.php(1): CodeIgniter\View\View->include()
#5 /home/u0521406/public_html/system/View/View.php(230): include('/home/u0521406/...')
#6 /home/u0521406/public_html/system/View/View.php(232): CodeIgniter\View\View->CodeIgniter\View\{closure}()
#7 /home/u0521406/public_html/system/Common.php(1271): CodeIgniter\View\View->render()
#8 /home/u0521406/public_html/app/Controllers/Home.php(33): view()
#9 /home/u0521406/public_html/system/CodeIgniter.php(928): App\Controllers\Home->index()
#10 /home/u0521406/public_html/system/CodeIgniter.php(436): CodeIgniter\CodeIgniter->runController()
#11 /home/u0521406/public_html/system/CodeIgniter.php(336): CodeIgniter\CodeIgniter->handleRequest()
#12 /home/u0521406/public_html/index.php(37): CodeIgniter\CodeIgniter->run()
#13 {main}
CRITICAL - 2022-02-05 15:00:11 --> Undefined variable $title
#0 /home/u0521406/public_html/app/Views/include/header.php(7): CodeIgniter\Debug\Exceptions->errorHandler()
#1 /home/u0521406/public_html/system/View/View.php(230): include('/home/u0521406/...')
#2 /home/u0521406/public_html/system/View/View.php(232): CodeIgniter\View\View->CodeIgniter\View\{closure}()
#3 /home/u0521406/public_html/system/View/View.php(487): CodeIgniter\View\View->render()
#4 /home/u0521406/public_html/app/Views/home.php(1): CodeIgniter\View\View->include()
#5 /home/u0521406/public_html/system/View/View.php(230): include('/home/u0521406/...')
#6 /home/u0521406/public_html/system/View/View.php(232): CodeIgniter\View\View->CodeIgniter\View\{closure}()
#7 /home/u0521406/public_html/system/Common.php(1271): CodeIgniter\View\View->render()
#8 /home/u0521406/public_html/app/Controllers/Home.php(33): view()
#9 /home/u0521406/public_html/system/CodeIgniter.php(928): App\Controllers\Home->index()
#10 /home/u0521406/public_html/system/CodeIgniter.php(436): CodeIgniter\CodeIgniter->runController()
#11 /home/u0521406/public_html/system/CodeIgniter.php(336): CodeIgniter\CodeIgniter->handleRequest()
#12 /home/u0521406/public_html/index.php(37): CodeIgniter\CodeIgniter->run()
#13 {main}
CRITICAL - 2022-02-05 15:01:43 --> Undefined array key "toplamgeckalan"
#0 /home/u0521406/public_html/app/Controllers/Home.php(41): CodeIgniter\Debug\Exceptions->errorHandler()
#1 /home/u0521406/public_html/system/CodeIgniter.php(928): App\Controllers\Home->index()
#2 /home/u0521406/public_html/system/CodeIgniter.php(436): CodeIgniter\CodeIgniter->runController()
#3 /home/u0521406/public_html/system/CodeIgniter.php(336): CodeIgniter\CodeIgniter->handleRequest()
#4 /home/u0521406/public_html/index.php(37): CodeIgniter\CodeIgniter->run()
#5 {main}
CRITICAL - 2022-02-05 15:01:44 --> Undefined array key "toplamgeckalan"
#0 /home/u0521406/public_html/app/Controllers/Home.php(41): CodeIgniter\Debug\Exceptions->errorHandler()
#1 /home/u0521406/public_html/system/CodeIgniter.php(928): App\Controllers\Home->index()
#2 /home/u0521406/public_html/system/CodeIgniter.php(436): CodeIgniter\CodeIgniter->runController()
#3 /home/u0521406/public_html/system/CodeIgniter.php(336): CodeIgniter\CodeIgniter->handleRequest()
#4 /home/u0521406/public_html/index.php(37): CodeIgniter\CodeIgniter->run()
#5 {main}
CRITICAL - 2022-02-05 15:01:54 --> Undefined array key "toplamgeckalan"
#0 /home/u0521406/public_html/app/Controllers/Home.php(41): CodeIgniter\Debug\Exceptions->errorHandler()
#1 /home/u0521406/public_html/system/CodeIgniter.php(928): App\Controllers\Home->index()
#2 /home/u0521406/public_html/system/CodeIgniter.php(436): CodeIgniter\CodeIgniter->runController()
#3 /home/u0521406/public_html/system/CodeIgniter.php(336): CodeIgniter\CodeIgniter->handleRequest()
#4 /home/u0521406/public_html/index.php(37): CodeIgniter\CodeIgniter->run()
#5 {main}
CRITICAL - 2022-02-05 15:02:28 --> Undefined array key "toplamgeckalan"
#0 /home/u0521406/public_html/app/Controllers/Home.php(41): CodeIgniter\Debug\Exceptions->errorHandler()
#1 /home/u0521406/public_html/system/CodeIgniter.php(928): App\Controllers\Home->index()
#2 /home/u0521406/public_html/system/CodeIgniter.php(436): CodeIgniter\CodeIgniter->runController()
#3 /home/u0521406/public_html/system/CodeIgniter.php(336): CodeIgniter\CodeIgniter->handleRequest()
#4 /home/u0521406/public_html/index.php(37): CodeIgniter\CodeIgniter->run()
#5 {main}
CRITICAL - 2022-02-05 15:02:29 --> Undefined array key "toplamgeckalan"
#0 /home/u0521406/public_html/app/Controllers/Home.php(41): CodeIgniter\Debug\Exceptions->errorHandler()
#1 /home/u0521406/public_html/system/CodeIgniter.php(928): App\Controllers\Home->index()
#2 /home/u0521406/public_html/system/CodeIgniter.php(436): CodeIgniter\CodeIgniter->runController()
#3 /home/u0521406/public_html/system/CodeIgniter.php(336): CodeIgniter\CodeIgniter->handleRequest()
#4 /home/u0521406/public_html/index.php(37): CodeIgniter\CodeIgniter->run()
#5 {main}
CRITICAL - 2022-02-05 15:02:34 --> Undefined array key "toplamgeckalan"
#0 /home/u0521406/public_html/app/Controllers/Home.php(41): CodeIgniter\Debug\Exceptions->errorHandler()
#1 /home/u0521406/public_html/system/CodeIgniter.php(928): App\Controllers\Home->index()
#2 /home/u0521406/public_html/system/CodeIgniter.php(436): CodeIgniter\CodeIgniter->runController()
#3 /home/u0521406/public_html/system/CodeIgniter.php(336): CodeIgniter\CodeIgniter->handleRequest()
#4 /home/u0521406/public_html/index.php(37): CodeIgniter\CodeIgniter->run()
#5 {main}
CRITICAL - 2022-02-05 15:02:35 --> Undefined array key "toplamgeckalan"
#0 /home/u0521406/public_html/app/Controllers/Home.php(41): CodeIgniter\Debug\Exceptions->errorHandler()
#1 /home/u0521406/public_html/system/CodeIgniter.php(928): App\Controllers\Home->index()
#2 /home/u0521406/public_html/system/CodeIgniter.php(436): CodeIgniter\CodeIgniter->runController()
#3 /home/u0521406/public_html/system/CodeIgniter.php(336): CodeIgniter\CodeIgniter->handleRequest()
#4 /home/u0521406/public_html/index.php(37): CodeIgniter\CodeIgniter->run()
#5 {main}
CRITICAL - 2022-02-05 15:02:35 --> Undefined array key "toplamgeckalan"
#0 /home/u0521406/public_html/app/Controllers/Home.php(41): CodeIgniter\Debug\Exceptions->errorHandler()
#1 /home/u0521406/public_html/system/CodeIgniter.php(928): App\Controllers\Home->index()
#2 /home/u0521406/public_html/system/CodeIgniter.php(436): CodeIgniter\CodeIgniter->runController()
#3 /home/u0521406/public_html/system/CodeIgniter.php(336): CodeIgniter\CodeIgniter->handleRequest()
#4 /home/u0521406/public_html/index.php(37): CodeIgniter\CodeIgniter->run()
#5 {main}
CRITICAL - 2022-02-05 15:02:35 --> Undefined array key "toplamgeckalan"
#0 /home/u0521406/public_html/app/Controllers/Home.php(41): CodeIgniter\Debug\Exceptions->errorHandler()
#1 /home/u0521406/public_html/system/CodeIgniter.php(928): App\Controllers\Home->index()
#2 /home/u0521406/public_html/system/CodeIgniter.php(436): CodeIgniter\CodeIgniter->runController()
#3 /home/u0521406/public_html/system/CodeIgniter.php(336): CodeIgniter\CodeIgniter->handleRequest()
#4 /home/u0521406/public_html/index.php(37): CodeIgniter\CodeIgniter->run()
#5 {main}
CRITICAL - 2022-02-05 15:02:36 --> Undefined array key "toplamgeckalan"
#0 /home/u0521406/public_html/app/Controllers/Home.php(41): CodeIgniter\Debug\Exceptions->errorHandler()
#1 /home/u0521406/public_html/system/CodeIgniter.php(928): App\Controllers\Home->index()
#2 /home/u0521406/public_html/system/CodeIgniter.php(436): CodeIgniter\CodeIgniter->runController()
#3 /home/u0521406/public_html/system/CodeIgniter.php(336): CodeIgniter\CodeIgniter->handleRequest()
#4 /home/u0521406/public_html/index.php(37): CodeIgniter\CodeIgniter->run()
#5 {main}
CRITICAL - 2022-02-05 15:02:36 --> Undefined array key "toplamgeckalan"
#0 /home/u0521406/public_html/app/Controllers/Home.php(41): CodeIgniter\Debug\Exceptions->errorHandler()
#1 /home/u0521406/public_html/system/CodeIgniter.php(928): App\Controllers\Home->index()
#2 /home/u0521406/public_html/system/CodeIgniter.php(436): CodeIgniter\CodeIgniter->runController()
#3 /home/u0521406/public_html/system/CodeIgniter.php(336): CodeIgniter\CodeIgniter->handleRequest()
#4 /home/u0521406/public_html/index.php(37): CodeIgniter\CodeIgniter->run()
#5 {main}
CRITICAL - 2022-02-05 15:04:48 --> syntax error, unexpected token "/"
#0 /home/u0521406/public_html/system/Router/Router.php(169): CodeIgniter\Router\Router->autoRoute()
#1 /home/u0521406/public_html/system/CodeIgniter.php(809): CodeIgniter\Router\Router->handle()
#2 /home/u0521406/public_html/system/CodeIgniter.php(389): CodeIgniter\CodeIgniter->tryToRouteIt()
#3 /home/u0521406/public_html/system/CodeIgniter.php(336): CodeIgniter\CodeIgniter->handleRequest()
#4 /home/u0521406/public_html/index.php(37): CodeIgniter\CodeIgniter->run()
#5 {main}
CRITICAL - 2022-02-05 15:04:48 --> syntax error, unexpected token "/"
#0 /home/u0521406/public_html/system/Router/Router.php(169): CodeIgniter\Router\Router->autoRoute()
#1 /home/u0521406/public_html/system/CodeIgniter.php(809): CodeIgniter\Router\Router->handle()
#2 /home/u0521406/public_html/system/CodeIgniter.php(389): CodeIgniter\CodeIgniter->tryToRouteIt()
#3 /home/u0521406/public_html/system/CodeIgniter.php(336): CodeIgniter\CodeIgniter->handleRequest()
#4 /home/u0521406/public_html/index.php(37): CodeIgniter\CodeIgniter->run()
#5 {main}
CRITICAL - 2022-02-05 15:04:49 --> syntax error, unexpected token "/"
#0 /home/u0521406/public_html/system/Router/Router.php(169): CodeIgniter\Router\Router->autoRoute()
#1 /home/u0521406/public_html/system/CodeIgniter.php(809): CodeIgniter\Router\Router->handle()
#2 /home/u0521406/public_html/system/CodeIgniter.php(389): CodeIgniter\CodeIgniter->tryToRouteIt()
#3 /home/u0521406/public_html/system/CodeIgniter.php(336): CodeIgniter\CodeIgniter->handleRequest()
#4 /home/u0521406/public_html/index.php(37): CodeIgniter\CodeIgniter->run()
#5 {main}
CRITICAL - 2022-02-05 15:07:24 --> Undefined variable $row
#0 /home/u0521406/public_html/app/Controllers/Home.php(33): CodeIgniter\Debug\Exceptions->errorHandler()
#1 /home/u0521406/public_html/system/CodeIgniter.php(928): App\Controllers\Home->index()
#2 /home/u0521406/public_html/system/CodeIgniter.php(436): CodeIgniter\CodeIgniter->runController()
#3 /home/u0521406/public_html/system/CodeIgniter.php(336): CodeIgniter\CodeIgniter->handleRequest()
#4 /home/u0521406/public_html/index.php(37): CodeIgniter\CodeIgniter->run()
#5 {main}
CRITICAL - 2022-02-05 15:10:19 --> Undefined variable $row
#0 /home/u0521406/public_html/app/Controllers/Home.php(33): CodeIgniter\Debug\Exceptions->errorHandler()
#1 /home/u0521406/public_html/system/CodeIgniter.php(928): App\Controllers\Home->index()
#2 /home/u0521406/public_html/system/CodeIgniter.php(436): CodeIgniter\CodeIgniter->runController()
#3 /home/u0521406/public_html/system/CodeIgniter.php(336): CodeIgniter\CodeIgniter->handleRequest()
#4 /home/u0521406/public_html/index.php(37): CodeIgniter\CodeIgniter->run()
#5 {main}
CRITICAL - 2022-02-05 15:10:19 --> Undefined variable $row
#0 /home/u0521406/public_html/app/Controllers/Home.php(33): CodeIgniter\Debug\Exceptions->errorHandler()
#1 /home/u0521406/public_html/system/CodeIgniter.php(928): App\Controllers\Home->index()
#2 /home/u0521406/public_html/system/CodeIgniter.php(436): CodeIgniter\CodeIgniter->runController()
#3 /home/u0521406/public_html/system/CodeIgniter.php(336): CodeIgniter\CodeIgniter->handleRequest()
#4 /home/u0521406/public_html/index.php(37): CodeIgniter\CodeIgniter->run()
#5 {main}
CRITICAL - 2022-02-05 15:10:31 --> Undefined variable $row
#0 /home/u0521406/public_html/app/Controllers/Home.php(33): CodeIgniter\Debug\Exceptions->errorHandler()
#1 /home/u0521406/public_html/system/CodeIgniter.php(928): App\Controllers\Home->index()
#2 /home/u0521406/public_html/system/CodeIgniter.php(436): CodeIgniter\CodeIgniter->runController()
#3 /home/u0521406/public_html/system/CodeIgniter.php(336): CodeIgniter\CodeIgniter->handleRequest()
#4 /home/u0521406/public_html/index.php(37): CodeIgniter\CodeIgniter->run()
#5 {main}
CRITICAL - 2022-02-05 15:16:09 --> Too few arguments to function CodeIgniter\Database\BaseBuilder::where(), 0 passed in /home/u0521406/public_html/system/Model.php on line 800 and at least 1 expected
#0 /home/u0521406/public_html/system/Model.php(800): CodeIgniter\Database\BaseBuilder->where()
#1 /home/u0521406/public_html/app/Controllers/Home.php(36): CodeIgniter\Model->__call()
#2 /home/u0521406/public_html/system/CodeIgniter.php(928): App\Controllers\Home->index()
#3 /home/u0521406/public_html/system/CodeIgniter.php(436): CodeIgniter\CodeIgniter->runController()
#4 /home/u0521406/public_html/system/CodeIgniter.php(336): CodeIgniter\CodeIgniter->handleRequest()
#5 /home/u0521406/public_html/index.php(37): CodeIgniter\CodeIgniter->run()
#6 {main}
CRITICAL - 2022-02-05 15:19:06 --> Undefined array key "toplamgeckalan"
#0 /home/u0521406/public_html/app/Controllers/Home.php(44): CodeIgniter\Debug\Exceptions->errorHandler()
#1 /home/u0521406/public_html/system/CodeIgniter.php(928): App\Controllers\Home->index()
#2 /home/u0521406/public_html/system/CodeIgniter.php(436): CodeIgniter\CodeIgniter->runController()
#3 /home/u0521406/public_html/system/CodeIgniter.php(336): CodeIgniter\CodeIgniter->handleRequest()
#4 /home/u0521406/public_html/index.php(37): CodeIgniter\CodeIgniter->run()
#5 {main}
CRITICAL - 2022-02-05 15:19:07 --> Undefined array key "toplamgeckalan"
#0 /home/u0521406/public_html/app/Controllers/Home.php(44): CodeIgniter\Debug\Exceptions->errorHandler()
#1 /home/u0521406/public_html/system/CodeIgniter.php(928): App\Controllers\Home->index()
#2 /home/u0521406/public_html/system/CodeIgniter.php(436): CodeIgniter\CodeIgniter->runController()
#3 /home/u0521406/public_html/system/CodeIgniter.php(336): CodeIgniter\CodeIgniter->handleRequest()
#4 /home/u0521406/public_html/index.php(37): CodeIgniter\CodeIgniter->run()
#5 {main}
CRITICAL - 2022-02-05 15:22:29 --> Undefined array key "toplamgeckalan"
#0 /home/u0521406/public_html/app/Controllers/Home.php(44): CodeIgniter\Debug\Exceptions->errorHandler()
#1 /home/u0521406/public_html/system/CodeIgniter.php(928): App\Controllers\Home->index()
#2 /home/u0521406/public_html/system/CodeIgniter.php(436): CodeIgniter\CodeIgniter->runController()
#3 /home/u0521406/public_html/system/CodeIgniter.php(336): CodeIgniter\CodeIgniter->handleRequest()
#4 /home/u0521406/public_html/index.php(37): CodeIgniter\CodeIgniter->run()
#5 {main}
CRITICAL - 2022-02-05 15:26:25 --> Undefined array key "toplamgeckalan"
#0 /home/u0521406/public_html/app/Controllers/Home.php(44): CodeIgniter\Debug\Exceptions->errorHandler()
#1 /home/u0521406/public_html/system/CodeIgniter.php(928): App\Controllers\Home->index()
#2 /home/u0521406/public_html/system/CodeIgniter.php(436): CodeIgniter\CodeIgniter->runController()
#3 /home/u0521406/public_html/system/CodeIgniter.php(336): CodeIgniter\CodeIgniter->handleRequest()
#4 /home/u0521406/public_html/index.php(37): CodeIgniter\CodeIgniter->run()
#5 {main}
CRITICAL - 2022-02-05 15:32:21 --> Undefined array key "toplamgeckalan"
#0 /home/u0521406/public_html/app/Controllers/Home.php(44): CodeIgniter\Debug\Exceptions->errorHandler()
#1 /home/u0521406/public_html/system/CodeIgniter.php(928): App\Controllers\Home->index()
#2 /home/u0521406/public_html/system/CodeIgniter.php(436): CodeIgniter\CodeIgniter->runController()
#3 /home/u0521406/public_html/system/CodeIgniter.php(336): CodeIgniter\CodeIgniter->handleRequest()
#4 /home/u0521406/public_html/index.php(37): CodeIgniter\CodeIgniter->run()
#5 {main}
CRITICAL - 2022-02-05 15:38:08 --> Undefined array key "toplamgeckalan"
#0 /home/u0521406/public_html/app/Controllers/Home.php(45): CodeIgniter\Debug\Exceptions->errorHandler()
#1 /home/u0521406/public_html/system/CodeIgniter.php(928): App\Controllers\Home->index()
#2 /home/u0521406/public_html/system/CodeIgniter.php(436): CodeIgniter\CodeIgniter->runController()
#3 /home/u0521406/public_html/system/CodeIgniter.php(336): CodeIgniter\CodeIgniter->handleRequest()
#4 /home/u0521406/public_html/index.php(37): CodeIgniter\CodeIgniter->run()
#5 {main}
CRITICAL - 2022-02-05 15:38:56 --> Undefined array key "toplamgelmeyen"
#0 /home/u0521406/public_html/app/Controllers/Home.php(57): CodeIgniter\Debug\Exceptions->errorHandler()
#1 /home/u0521406/public_html/system/CodeIgniter.php(928): App\Controllers\Home->index()
#2 /home/u0521406/public_html/system/CodeIgniter.php(436): CodeIgniter\CodeIgniter->runController()
#3 /home/u0521406/public_html/system/CodeIgniter.php(336): CodeIgniter\CodeIgniter->handleRequest()
#4 /home/u0521406/public_html/index.php(37): CodeIgniter\CodeIgniter->run()
#5 {main}
CRITICAL - 2022-02-05 15:39:39 --> Undefined variable $title
#0 /home/u0521406/public_html/app/Views/include/header.php(7): CodeIgniter\Debug\Exceptions->errorHandler()
#1 /home/u0521406/public_html/system/View/View.php(230): include('/home/u0521406/...')
#2 /home/u0521406/public_html/system/View/View.php(232): CodeIgniter\View\View->CodeIgniter\View\{closure}()
#3 /home/u0521406/public_html/system/View/View.php(487): CodeIgniter\View\View->render()
#4 /home/u0521406/public_html/app/Views/home.php(1): CodeIgniter\View\View->include()
#5 /home/u0521406/public_html/system/View/View.php(230): include('/home/u0521406/...')
#6 /home/u0521406/public_html/system/View/View.php(232): CodeIgniter\View\View->CodeIgniter\View\{closure}()
#7 /home/u0521406/public_html/system/Common.php(1271): CodeIgniter\View\View->render()
#8 /home/u0521406/public_html/app/Controllers/Home.php(71): view()
#9 /home/u0521406/public_html/system/CodeIgniter.php(928): App\Controllers\Home->index()
#10 /home/u0521406/public_html/system/CodeIgniter.php(436): CodeIgniter\CodeIgniter->runController()
#11 /home/u0521406/public_html/system/CodeIgniter.php(336): CodeIgniter\CodeIgniter->handleRequest()
#12 /home/u0521406/public_html/index.php(37): CodeIgniter\CodeIgniter->run()
#13 {main}
CRITICAL - 2022-02-05 15:40:34 --> Undefined variable $toplamgelmeyen
#0 /home/u0521406/public_html/app/Views/include/leftmenu.php(46): CodeIgniter\Debug\Exceptions->errorHandler()
#1 /home/u0521406/public_html/system/View/View.php(230): include('/home/u0521406/...')
#2 /home/u0521406/public_html/system/View/View.php(232): CodeIgniter\View\View->CodeIgniter\View\{closure}()
#3 /home/u0521406/public_html/system/View/View.php(487): CodeIgniter\View\View->render()
#4 /home/u0521406/public_html/app/Views/home.php(2): CodeIgniter\View\View->include()
#5 /home/u0521406/public_html/system/View/View.php(230): include('/home/u0521406/...')
#6 /home/u0521406/public_html/system/View/View.php(232): CodeIgniter\View\View->CodeIgniter\View\{closure}()
#7 /home/u0521406/public_html/system/Common.php(1271): CodeIgniter\View\View->render()
#8 /home/u0521406/public_html/app/Controllers/Home.php(71): view()
#9 /home/u0521406/public_html/system/CodeIgniter.php(928): App\Controllers\Home->index()
#10 /home/u0521406/public_html/system/CodeIgniter.php(436): CodeIgniter\CodeIgniter->runController()
#11 /home/u0521406/public_html/system/CodeIgniter.php(336): CodeIgniter\CodeIgniter->handleRequest()
#12 /home/u0521406/public_html/index.php(37): CodeIgniter\CodeIgniter->run()
#13 {main}
CRITICAL - 2022-02-05 15:41:48 --> Undefined array key "toplamgeckalan"
#0 /home/u0521406/public_html/app/Controllers/Home.php(46): CodeIgniter\Debug\Exceptions->errorHandler()
#1 /home/u0521406/public_html/system/CodeIgniter.php(928): App\Controllers\Home->index()
#2 /home/u0521406/public_html/system/CodeIgniter.php(436): CodeIgniter\CodeIgniter->runController()
#3 /home/u0521406/public_html/system/CodeIgniter.php(336): CodeIgniter\CodeIgniter->handleRequest()
#4 /home/u0521406/public_html/index.php(37): CodeIgniter\CodeIgniter->run()
#5 {main}
CRITICAL - 2022-02-05 15:42:26 --> Undefined array key "toplamgelmeyen"
#0 /home/u0521406/public_html/app/Controllers/Home.php(58): CodeIgniter\Debug\Exceptions->errorHandler()
#1 /home/u0521406/public_html/system/CodeIgniter.php(928): App\Controllers\Home->index()
#2 /home/u0521406/public_html/system/CodeIgniter.php(436): CodeIgniter\CodeIgniter->runController()
#3 /home/u0521406/public_html/system/CodeIgniter.php(336): CodeIgniter\CodeIgniter->handleRequest()
#4 /home/u0521406/public_html/index.php(37): CodeIgniter\CodeIgniter->run()
#5 {main}
CRITICAL - 2022-02-05 15:43:10 --> Undefined variable $date
#0 /home/u0521406/public_html/app/Views/home.php(15): CodeIgniter\Debug\Exceptions->errorHandler()
#1 /home/u0521406/public_html/system/View/View.php(230): include('/home/u0521406/...')
#2 /home/u0521406/public_html/system/View/View.php(232): CodeIgniter\View\View->CodeIgniter\View\{closure}()
#3 /home/u0521406/public_html/system/Common.php(1271): CodeIgniter\View\View->render()
#4 /home/u0521406/public_html/app/Controllers/Home.php(74): view()
#5 /home/u0521406/public_html/system/CodeIgniter.php(928): App\Controllers\Home->index()
#6 /home/u0521406/public_html/system/CodeIgniter.php(436): CodeIgniter\CodeIgniter->runController()
#7 /home/u0521406/public_html/system/CodeIgniter.php(336): CodeIgniter\CodeIgniter->handleRequest()
#8 /home/u0521406/public_html/index.php(37): CodeIgniter\CodeIgniter->run()
#9 {main}
CRITICAL - 2022-02-05 15:44:05 --> Undefined variable $toplamgelmeyen
#0 /home/u0521406/public_html/app/Views/include/leftmenu.php(46): CodeIgniter\Debug\Exceptions->errorHandler()
#1 /home/u0521406/public_html/system/View/View.php(230): include('/home/u0521406/...')
#2 /home/u0521406/public_html/system/View/View.php(232): CodeIgniter\View\View->CodeIgniter\View\{closure}()
#3 /home/u0521406/public_html/system/View/View.php(487): CodeIgniter\View\View->render()
#4 /home/u0521406/public_html/app/Views/genel_analiz_all.php(2): CodeIgniter\View\View->include()
#5 /home/u0521406/public_html/system/View/View.php(230): include('/home/u0521406/...')
#6 /home/u0521406/public_html/system/View/View.php(232): CodeIgniter\View\View->CodeIgniter\View\{closure}()
#7 /home/u0521406/public_html/system/Common.php(1271): CodeIgniter\View\View->render()
#8 /home/u0521406/public_html/app/Controllers/Home.php(484): view()
#9 /home/u0521406/public_html/system/CodeIgniter.php(928): App\Controllers\Home->toplu_Analiz()
#10 /home/u0521406/public_html/system/CodeIgniter.php(436): CodeIgniter\CodeIgniter->runController()
#11 /home/u0521406/public_html/system/CodeIgniter.php(336): CodeIgniter\CodeIgniter->handleRequest()
#12 /home/u0521406/public_html/index.php(37): CodeIgniter\CodeIgniter->run()
#13 {main}
CRITICAL - 2022-02-05 15:44:13 --> Undefined variable $title
#0 /home/u0521406/public_html/app/Views/include/header.php(7): CodeIgniter\Debug\Exceptions->errorHandler()
#1 /home/u0521406/public_html/system/View/View.php(230): include('/home/u0521406/...')
#2 /home/u0521406/public_html/system/View/View.php(232): CodeIgniter\View\View->CodeIgniter\View\{closure}()
#3 /home/u0521406/public_html/system/View/View.php(487): CodeIgniter\View\View->render()
#4 /home/u0521406/public_html/app/Views/yoklama.php(1): CodeIgniter\View\View->include()
#5 /home/u0521406/public_html/system/View/View.php(230): include('/home/u0521406/...')
#6 /home/u0521406/public_html/system/View/View.php(232): CodeIgniter\View\View->CodeIgniter\View\{closure}()
#7 /home/u0521406/public_html/system/Common.php(1271): CodeIgniter\View\View->render()
#8 /home/u0521406/public_html/app/Controllers/Home.php(166): view()
#9 /home/u0521406/public_html/system/CodeIgniter.php(928): App\Controllers\Home->yoklama_view()
#10 /home/u0521406/public_html/system/CodeIgniter.php(436): CodeIgniter\CodeIgniter->runController()
#11 /home/u0521406/public_html/system/CodeIgniter.php(336): CodeIgniter\CodeIgniter->handleRequest()
#12 /home/u0521406/public_html/index.php(37): CodeIgniter\CodeIgniter->run()
#13 {main}
CRITICAL - 2022-02-05 15:44:17 --> Undefined variable $title
#0 /home/u0521406/public_html/app/Views/include/header.php(7): CodeIgniter\Debug\Exceptions->errorHandler()
#1 /home/u0521406/public_html/system/View/View.php(230): include('/home/u0521406/...')
#2 /home/u0521406/public_html/system/View/View.php(232): CodeIgniter\View\View->CodeIgniter\View\{closure}()
#3 /home/u0521406/public_html/system/View/View.php(487): CodeIgniter\View\View->render()
#4 /home/u0521406/public_html/app/Views/muzakere_yoklama.php(1): CodeIgniter\View\View->include()
#5 /home/u0521406/public_html/system/View/View.php(230): include('/home/u0521406/...')
#6 /home/u0521406/public_html/system/View/View.php(232): CodeIgniter\View\View->CodeIgniter\View\{closure}()
#7 /home/u0521406/public_html/system/Common.php(1271): CodeIgniter\View\View->render()
#8 /home/u0521406/public_html/app/Controllers/Home.php(494): view()
#9 /home/u0521406/public_html/system/CodeIgniter.php(928): App\Controllers\Home->muzakere_yoklama_view()
#10 /home/u0521406/public_html/system/CodeIgniter.php(436): CodeIgniter\CodeIgniter->runController()
#11 /home/u0521406/public_html/system/CodeIgniter.php(336): CodeIgniter\CodeIgniter->handleRequest()
#12 /home/u0521406/public_html/index.php(37): CodeIgniter\CodeIgniter->run()
#13 {main}
CRITICAL - 2022-02-05 15:44:20 --> Undefined variable $title
#0 /home/u0521406/public_html/app/Views/include/header.php(7): CodeIgniter\Debug\Exceptions->errorHandler()
#1 /home/u0521406/public_html/system/View/View.php(230): include('/home/u0521406/...')
#2 /home/u0521406/public_html/system/View/View.php(232): CodeIgniter\View\View->CodeIgniter\View\{closure}()
#3 /home/u0521406/public_html/system/View/View.php(487): CodeIgniter\View\View->render()
#4 /home/u0521406/public_html/app/Views/ogrenci_ekle.php(1): CodeIgniter\View\View->include()
#5 /home/u0521406/public_html/system/View/View.php(230): include('/home/u0521406/...')
#6 /home/u0521406/public_html/system/View/View.php(232): CodeIgniter\View\View->CodeIgniter\View\{closure}()
#7 /home/u0521406/public_html/system/Common.php(1271): CodeIgniter\View\View->render()
#8 /home/u0521406/public_html/app/Controllers/Home.php(79): view()
#9 /home/u0521406/public_html/system/CodeIgniter.php(928): App\Controllers\Home->ogrenci_ekle_view()
#10 /home/u0521406/public_html/system/CodeIgniter.php(436): CodeIgniter\CodeIgniter->runController()
#11 /home/u0521406/public_html/system/CodeIgniter.php(336): CodeIgniter\CodeIgniter->handleRequest()
#12 /home/u0521406/public_html/index.php(37): CodeIgniter\CodeIgniter->run()
#13 {main}
CRITICAL - 2022-02-05 15:44:24 --> Undefined variable $title
#0 /home/u0521406/public_html/app/Views/include/header.php(7): CodeIgniter\Debug\Exceptions->errorHandler()
#1 /home/u0521406/public_html/system/View/View.php(230): include('/home/u0521406/...')
#2 /home/u0521406/public_html/system/View/View.php(232): CodeIgniter\View\View->CodeIgniter\View\{closure}()
#3 /home/u0521406/public_html/system/View/View.php(487): CodeIgniter\View\View->render()
#4 /home/u0521406/public_html/app/Views/talebe_listesi.php(1): CodeIgniter\View\View->include()
#5 /home/u0521406/public_html/system/View/View.php(230): include('/home/u0521406/...')
#6 /home/u0521406/public_html/system/View/View.php(232): CodeIgniter\View\View->CodeIgniter\View\{closure}()
#7 /home/u0521406/public_html/system/Common.php(1271): CodeIgniter\View\View->render()
#8 /home/u0521406/public_html/app/Controllers/Home.php(86): view()
#9 /home/u0521406/public_html/system/CodeIgniter.php(928): App\Controllers\Home->ogrenci_edit_view()
#10 /home/u0521406/public_html/system/CodeIgniter.php(436): CodeIgniter\CodeIgniter->runController()
#11 /home/u0521406/public_html/system/CodeIgniter.php(336): CodeIgniter\CodeIgniter->handleRequest()
#12 /home/u0521406/public_html/index.php(37): CodeIgniter\CodeIgniter->run()
#13 {main}
CRITICAL - 2022-02-05 15:46:00 --> Undefined variable $title
#0 /home/u0521406/public_html/app/Views/include/header.php(7): CodeIgniter\Debug\Exceptions->errorHandler()
#1 /home/u0521406/public_html/system/View/View.php(230): include('/home/u0521406/...')
#2 /home/u0521406/public_html/system/View/View.php(232): CodeIgniter\View\View->CodeIgniter\View\{closure}()
#3 /home/u0521406/public_html/system/View/View.php(487): CodeIgniter\View\View->render()
#4 /home/u0521406/public_html/app/Views/ogrenci_ekle.php(1): CodeIgniter\View\View->include()
#5 /home/u0521406/public_html/system/View/View.php(230): include('/home/u0521406/...')
#6 /home/u0521406/public_html/system/View/View.php(232): CodeIgniter\View\View->CodeIgniter\View\{closure}()
#7 /home/u0521406/public_html/system/Common.php(1271): CodeIgniter\View\View->render()
#8 /home/u0521406/public_html/app/Controllers/Home.php(79): view()
#9 /home/u0521406/public_html/system/CodeIgniter.php(928): App\Controllers\Home->ogrenci_ekle_view()
#10 /home/u0521406/public_html/system/CodeIgniter.php(436): CodeIgniter\CodeIgniter->runController()
#11 /home/u0521406/public_html/system/CodeIgniter.php(336): CodeIgniter\CodeIgniter->handleRequest()
#12 /home/u0521406/public_html/index.php(37): CodeIgniter\CodeIgniter->run()
#13 {main}
