CRITICAL - 2022-01-22 16:20:52 --> Invalid file: include/header/gunluk.php
#0 C:\xampp\htdocs\cd4\system\View\View.php(213): CodeIgniter\Exceptions\FrameworkException::forInvalidFile('include/header/...')
#1 C:\xampp\htdocs\cd4\system\View\View.php(487): CodeIgniter\View\View->render('include/header/...', NULL, true)
#2 C:\xampp\htdocs\cd4\app\Views\yoklama.php(1): CodeIgniter\View\View->include('include/header/...')
#3 C:\xampp\htdocs\cd4\system\View\View.php(230): include('C:\\xampp\\htdocs...')
#4 C:\xampp\htdocs\cd4\system\View\View.php(232): CodeIgniter\View\View->CodeIgniter\View\{closure}()
#5 C:\xampp\htdocs\cd4\system\Common.php(1271): CodeIgniter\View\View->render('yoklama', Array, true)
#6 C:\xampp\htdocs\cd4\app\Controllers\Home.php(20): view('yoklama')
#7 C:\xampp\htdocs\cd4\system\CodeIgniter.php(928): App\Controllers\Home->yoklama_view()
#8 C:\xampp\htdocs\cd4\system\CodeIgniter.php(436): CodeIgniter\CodeIgniter->runController(Object(App\Controllers\Home))
#9 C:\xampp\htdocs\cd4\system\CodeIgniter.php(336): CodeIgniter\CodeIgniter->handleRequest(NULL, Object(Config\Cache), false)
#10 C:\xampp\htdocs\cd4\index.php(37): CodeIgniter\CodeIgniter->run()
#11 {main}
CRITICAL - 2022-01-22 16:59:55 --> Call to a member function getWriter() on null
#0 C:\xampp\htdocs\cd4\system\CodeIgniter.php(928): App\Controllers\Home->dene()
#1 C:\xampp\htdocs\cd4\system\CodeIgniter.php(436): CodeIgniter\CodeIgniter->runController(Object(App\Controllers\Home))
#2 C:\xampp\htdocs\cd4\system\CodeIgniter.php(336): CodeIgniter\CodeIgniter->handleRequest(NULL, Object(Config\Cache), false)
#3 C:\xampp\htdocs\cd4\index.php(37): CodeIgniter\CodeIgniter->run()
#4 {main}
CRITICAL - 2022-01-22 17:04:35 --> Call to a member function getWriter() on null
#0 C:\xampp\htdocs\cd4\system\CodeIgniter.php(928): App\Controllers\Home->dene()
#1 C:\xampp\htdocs\cd4\system\CodeIgniter.php(436): CodeIgniter\CodeIgniter->runController(Object(App\Controllers\Home))
#2 C:\xampp\htdocs\cd4\system\CodeIgniter.php(336): CodeIgniter\CodeIgniter->handleRequest(NULL, Object(Config\Cache), false)
#3 C:\xampp\htdocs\cd4\index.php(37): CodeIgniter\CodeIgniter->run()
#4 {main}
CRITICAL - 2022-01-22 17:09:57 --> Call to a member function getWriter() on null
#0 C:\xampp\htdocs\cd4\system\CodeIgniter.php(928): App\Controllers\Home->dene()
#1 C:\xampp\htdocs\cd4\system\CodeIgniter.php(436): CodeIgniter\CodeIgniter->runController(Object(App\Controllers\Home))
#2 C:\xampp\htdocs\cd4\system\CodeIgniter.php(336): CodeIgniter\CodeIgniter->handleRequest(NULL, Object(Config\Cache), false)
#3 C:\xampp\htdocs\cd4\index.php(37): CodeIgniter\CodeIgniter->run()
#4 {main}
CRITICAL - 2022-01-22 17:09:58 --> Call to a member function getWriter() on null
#0 C:\xampp\htdocs\cd4\system\CodeIgniter.php(928): App\Controllers\Home->dene()
#1 C:\xampp\htdocs\cd4\system\CodeIgniter.php(436): CodeIgniter\CodeIgniter->runController(Object(App\Controllers\Home))
#2 C:\xampp\htdocs\cd4\system\CodeIgniter.php(336): CodeIgniter\CodeIgniter->handleRequest(NULL, Object(Config\Cache), false)
#3 C:\xampp\htdocs\cd4\index.php(37): CodeIgniter\CodeIgniter->run()
#4 {main}
CRITICAL - 2022-01-22 17:09:58 --> Call to a member function getWriter() on null
#0 C:\xampp\htdocs\cd4\system\CodeIgniter.php(928): App\Controllers\Home->dene()
#1 C:\xampp\htdocs\cd4\system\CodeIgniter.php(436): CodeIgniter\CodeIgniter->runController(Object(App\Controllers\Home))
#2 C:\xampp\htdocs\cd4\system\CodeIgniter.php(336): CodeIgniter\CodeIgniter->handleRequest(NULL, Object(Config\Cache), false)
#3 C:\xampp\htdocs\cd4\index.php(37): CodeIgniter\CodeIgniter->run()
#4 {main}
CRITICAL - 2022-01-22 17:10:20 --> Call to a member function getWriter() on null
#0 C:\xampp\htdocs\cd4\system\CodeIgniter.php(928): App\Controllers\Home->dene()
#1 C:\xampp\htdocs\cd4\system\CodeIgniter.php(436): CodeIgniter\CodeIgniter->runController(Object(App\Controllers\Home))
#2 C:\xampp\htdocs\cd4\system\CodeIgniter.php(336): CodeIgniter\CodeIgniter->handleRequest(NULL, Object(Config\Cache), false)
#3 C:\xampp\htdocs\cd4\index.php(37): CodeIgniter\CodeIgniter->run()
#4 {main}
CRITICAL - 2022-01-22 17:10:31 --> Call to a member function getWriter() on null
#0 C:\xampp\htdocs\cd4\system\CodeIgniter.php(928): App\Controllers\Home->dene()
#1 C:\xampp\htdocs\cd4\system\CodeIgniter.php(436): CodeIgniter\CodeIgniter->runController(Object(App\Controllers\Home))
#2 C:\xampp\htdocs\cd4\system\CodeIgniter.php(336): CodeIgniter\CodeIgniter->handleRequest(NULL, Object(Config\Cache), false)
#3 C:\xampp\htdocs\cd4\index.php(37): CodeIgniter\CodeIgniter->run()
#4 {main}
CRITICAL - 2022-01-22 17:10:46 --> Call to a member function getWriter() on null
#0 C:\xampp\htdocs\cd4\system\CodeIgniter.php(928): App\Controllers\Home->dene()
#1 C:\xampp\htdocs\cd4\system\CodeIgniter.php(436): CodeIgniter\CodeIgniter->runController(Object(App\Controllers\Home))
#2 C:\xampp\htdocs\cd4\system\CodeIgniter.php(336): CodeIgniter\CodeIgniter->handleRequest(NULL, Object(Config\Cache), false)
#3 C:\xampp\htdocs\cd4\index.php(37): CodeIgniter\CodeIgniter->run()
#4 {main}
CRITICAL - 2022-01-22 17:10:49 --> Call to a member function getWriter() on null
#0 C:\xampp\htdocs\cd4\system\CodeIgniter.php(928): App\Controllers\Home->dene()
#1 C:\xampp\htdocs\cd4\system\CodeIgniter.php(436): CodeIgniter\CodeIgniter->runController(Object(App\Controllers\Home))
#2 C:\xampp\htdocs\cd4\system\CodeIgniter.php(336): CodeIgniter\CodeIgniter->handleRequest(NULL, Object(Config\Cache), false)
#3 C:\xampp\htdocs\cd4\index.php(37): CodeIgniter\CodeIgniter->run()
#4 {main}
CRITICAL - 2022-01-22 17:18:54 --> syntax error, unexpected 'namespace' (T_NAMESPACE), expecting identifier (T_STRING) or function (T_FUNCTION) or const (T_CONST) or \\ (T_NS_SEPARATOR)
#0 C:\xampp\htdocs\cd4\system\Autoloader\Autoloader.php(273): CodeIgniter\Autoloader\Autoloader->includeFile('C:\\xampp\\htdocs...')
#1 C:\xampp\htdocs\cd4\system\Autoloader\Autoloader.php(247): CodeIgniter\Autoloader\Autoloader->loadInNamespace('App\\Models\\Data...')
#2 [internal function]: CodeIgniter\Autoloader\Autoloader->loadClass('App\\Models\\Data...')
#3 C:\xampp\htdocs\cd4\app\Controllers\Home.php(28): spl_autoload_call('App\\Models\\Data...')
#4 C:\xampp\htdocs\cd4\system\CodeIgniter.php(928): App\Controllers\Home->dene()
#5 C:\xampp\htdocs\cd4\system\CodeIgniter.php(436): CodeIgniter\CodeIgniter->runController(Object(App\Controllers\Home))
#6 C:\xampp\htdocs\cd4\system\CodeIgniter.php(336): CodeIgniter\CodeIgniter->handleRequest(NULL, Object(Config\Cache), false)
#7 C:\xampp\htdocs\cd4\index.php(37): CodeIgniter\CodeIgniter->run()
#8 {main}
CRITICAL - 2022-01-22 17:19:05 --> Class 'App\Controllers\UserModel' not found
#0 C:\xampp\htdocs\cd4\system\CodeIgniter.php(928): App\Controllers\Home->dene()
#1 C:\xampp\htdocs\cd4\system\CodeIgniter.php(436): CodeIgniter\CodeIgniter->runController(Object(App\Controllers\Home))
#2 C:\xampp\htdocs\cd4\system\CodeIgniter.php(336): CodeIgniter\CodeIgniter->handleRequest(NULL, Object(Config\Cache), false)
#3 C:\xampp\htdocs\cd4\index.php(37): CodeIgniter\CodeIgniter->run()
#4 {main}
CRITICAL - 2022-01-22 17:19:08 --> Class 'App\Controllers\UserModel' not found
#0 C:\xampp\htdocs\cd4\system\CodeIgniter.php(928): App\Controllers\Home->dene()
#1 C:\xampp\htdocs\cd4\system\CodeIgniter.php(436): CodeIgniter\CodeIgniter->runController(Object(App\Controllers\Home))
#2 C:\xampp\htdocs\cd4\system\CodeIgniter.php(336): CodeIgniter\CodeIgniter->handleRequest(NULL, Object(Config\Cache), false)
#3 C:\xampp\htdocs\cd4\index.php(37): CodeIgniter\CodeIgniter->run()
#4 {main}
CRITICAL - 2022-01-22 17:20:22 --> Class 'App\Controllers\UserModel' not found
#0 C:\xampp\htdocs\cd4\system\CodeIgniter.php(928): App\Controllers\Home->dene()
#1 C:\xampp\htdocs\cd4\system\CodeIgniter.php(436): CodeIgniter\CodeIgniter->runController(Object(App\Controllers\Home))
#2 C:\xampp\htdocs\cd4\system\CodeIgniter.php(336): CodeIgniter\CodeIgniter->handleRequest(NULL, Object(Config\Cache), false)
#3 C:\xampp\htdocs\cd4\index.php(37): CodeIgniter\CodeIgniter->run()
#4 {main}
CRITICAL - 2022-01-22 17:20:22 --> Class 'App\Controllers\UserModel' not found
#0 C:\xampp\htdocs\cd4\system\CodeIgniter.php(928): App\Controllers\Home->dene()
#1 C:\xampp\htdocs\cd4\system\CodeIgniter.php(436): CodeIgniter\CodeIgniter->runController(Object(App\Controllers\Home))
#2 C:\xampp\htdocs\cd4\system\CodeIgniter.php(336): CodeIgniter\CodeIgniter->handleRequest(NULL, Object(Config\Cache), false)
#3 C:\xampp\htdocs\cd4\index.php(37): CodeIgniter\CodeIgniter->run()
#4 {main}
CRITICAL - 2022-01-22 17:20:24 --> Class 'App\Controllers\UserModel' not found
#0 C:\xampp\htdocs\cd4\system\CodeIgniter.php(928): App\Controllers\Home->dene()
#1 C:\xampp\htdocs\cd4\system\CodeIgniter.php(436): CodeIgniter\CodeIgniter->runController(Object(App\Controllers\Home))
#2 C:\xampp\htdocs\cd4\system\CodeIgniter.php(336): CodeIgniter\CodeIgniter->handleRequest(NULL, Object(Config\Cache), false)
#3 C:\xampp\htdocs\cd4\index.php(37): CodeIgniter\CodeIgniter->run()
#4 {main}
CRITICAL - 2022-01-22 17:20:42 --> Class 'App\Controllers\UserModel' not found
#0 C:\xampp\htdocs\cd4\system\CodeIgniter.php(928): App\Controllers\Home->dene()
#1 C:\xampp\htdocs\cd4\system\CodeIgniter.php(436): CodeIgniter\CodeIgniter->runController(Object(App\Controllers\Home))
#2 C:\xampp\htdocs\cd4\system\CodeIgniter.php(336): CodeIgniter\CodeIgniter->handleRequest(NULL, Object(Config\Cache), false)
#3 C:\xampp\htdocs\cd4\index.php(37): CodeIgniter\CodeIgniter->run()
#4 {main}
CRITICAL - 2022-01-22 17:20:48 --> Class 'App\Controllers\UserModel' not found
#0 C:\xampp\htdocs\cd4\system\CodeIgniter.php(928): App\Controllers\Home->dene()
#1 C:\xampp\htdocs\cd4\system\CodeIgniter.php(436): CodeIgniter\CodeIgniter->runController(Object(App\Controllers\Home))
#2 C:\xampp\htdocs\cd4\system\CodeIgniter.php(336): CodeIgniter\CodeIgniter->handleRequest(NULL, Object(Config\Cache), false)
#3 C:\xampp\htdocs\cd4\index.php(37): CodeIgniter\CodeIgniter->run()
#4 {main}
CRITICAL - 2022-01-22 17:20:52 --> Class 'App\Controllers\UserModel' not found
#0 C:\xampp\htdocs\cd4\system\CodeIgniter.php(928): App\Controllers\Home->dene()
#1 C:\xampp\htdocs\cd4\system\CodeIgniter.php(436): CodeIgniter\CodeIgniter->runController(Object(App\Controllers\Home))
#2 C:\xampp\htdocs\cd4\system\CodeIgniter.php(336): CodeIgniter\CodeIgniter->handleRequest(NULL, Object(Config\Cache), false)
#3 C:\xampp\htdocs\cd4\index.php(37): CodeIgniter\CodeIgniter->run()
#4 {main}
CRITICAL - 2022-01-22 17:37:09 --> syntax error, unexpected 'private' (T_PRIVATE), expecting end of file
#0 C:\xampp\htdocs\cd4\system\Router\Router.php(169): CodeIgniter\Router\Router->autoRoute('home/yoklama_vi...')
#1 C:\xampp\htdocs\cd4\system\CodeIgniter.php(809): CodeIgniter\Router\Router->handle('home/yoklama_vi...')
#2 C:\xampp\htdocs\cd4\system\CodeIgniter.php(389): CodeIgniter\CodeIgniter->tryToRouteIt(Object(CodeIgniter\Router\RouteCollection))
#3 C:\xampp\htdocs\cd4\system\CodeIgniter.php(336): CodeIgniter\CodeIgniter->handleRequest(NULL, Object(Config\Cache), false)
#4 C:\xampp\htdocs\cd4\index.php(37): CodeIgniter\CodeIgniter->run()
#5 {main}
CRITICAL - 2022-01-22 17:37:10 --> syntax error, unexpected 'private' (T_PRIVATE), expecting end of file
#0 C:\xampp\htdocs\cd4\system\Router\Router.php(169): CodeIgniter\Router\Router->autoRoute('home/ogrenci_ek...')
#1 C:\xampp\htdocs\cd4\system\CodeIgniter.php(809): CodeIgniter\Router\Router->handle('home/ogrenci_ek...')
#2 C:\xampp\htdocs\cd4\system\CodeIgniter.php(389): CodeIgniter\CodeIgniter->tryToRouteIt(Object(CodeIgniter\Router\RouteCollection))
#3 C:\xampp\htdocs\cd4\system\CodeIgniter.php(336): CodeIgniter\CodeIgniter->handleRequest(NULL, Object(Config\Cache), false)
#4 C:\xampp\htdocs\cd4\index.php(37): CodeIgniter\CodeIgniter->run()
#5 {main}
CRITICAL - 2022-01-22 17:37:11 --> syntax error, unexpected 'private' (T_PRIVATE), expecting end of file
#0 C:\xampp\htdocs\cd4\system\Router\Router.php(169): CodeIgniter\Router\Router->autoRoute('home/index')
#1 C:\xampp\htdocs\cd4\system\CodeIgniter.php(809): CodeIgniter\Router\Router->handle('home/index')
#2 C:\xampp\htdocs\cd4\system\CodeIgniter.php(389): CodeIgniter\CodeIgniter->tryToRouteIt(Object(CodeIgniter\Router\RouteCollection))
#3 C:\xampp\htdocs\cd4\system\CodeIgniter.php(336): CodeIgniter\CodeIgniter->handleRequest(NULL, Object(Config\Cache), false)
#4 C:\xampp\htdocs\cd4\index.php(37): CodeIgniter\CodeIgniter->run()
#5 {main}
CRITICAL - 2022-01-22 17:37:17 --> syntax error, unexpected 'private' (T_PRIVATE), expecting end of file
#0 C:\xampp\htdocs\cd4\system\Autoloader\Autoloader.php(273): CodeIgniter\Autoloader\Autoloader->includeFile('C:\\xampp\\htdocs...')
#1 C:\xampp\htdocs\cd4\system\Autoloader\Autoloader.php(247): CodeIgniter\Autoloader\Autoloader->loadInNamespace('App\\Controllers...')
#2 [internal function]: CodeIgniter\Autoloader\Autoloader->loadClass('App\\Controllers...')
#3 [internal function]: spl_autoload_call('App\\Controllers...')
#4 C:\xampp\htdocs\cd4\system\CodeIgniter.php(885): class_exists('\\App\\Controller...', true)
#5 C:\xampp\htdocs\cd4\system\CodeIgniter.php(421): CodeIgniter\CodeIgniter->startController()
#6 C:\xampp\htdocs\cd4\system\CodeIgniter.php(336): CodeIgniter\CodeIgniter->handleRequest(NULL, Object(Config\Cache), false)
#7 C:\xampp\htdocs\cd4\index.php(37): CodeIgniter\CodeIgniter->run()
#8 {main}
CRITICAL - 2022-01-22 17:37:34 --> syntax error, unexpected 'private' (T_PRIVATE), expecting end of file
#0 C:\xampp\htdocs\cd4\system\Router\Router.php(169): CodeIgniter\Router\Router->autoRoute('home/index')
#1 C:\xampp\htdocs\cd4\system\CodeIgniter.php(809): CodeIgniter\Router\Router->handle('home/index')
#2 C:\xampp\htdocs\cd4\system\CodeIgniter.php(389): CodeIgniter\CodeIgniter->tryToRouteIt(Object(CodeIgniter\Router\RouteCollection))
#3 C:\xampp\htdocs\cd4\system\CodeIgniter.php(336): CodeIgniter\CodeIgniter->handleRequest(NULL, Object(Config\Cache), false)
#4 C:\xampp\htdocs\cd4\index.php(37): CodeIgniter\CodeIgniter->run()
#5 {main}
CRITICAL - 2022-01-22 17:37:35 --> syntax error, unexpected 'private' (T_PRIVATE), expecting end of file
#0 C:\xampp\htdocs\cd4\system\Router\Router.php(169): CodeIgniter\Router\Router->autoRoute('home/index')
#1 C:\xampp\htdocs\cd4\system\CodeIgniter.php(809): CodeIgniter\Router\Router->handle('home/index')
#2 C:\xampp\htdocs\cd4\system\CodeIgniter.php(389): CodeIgniter\CodeIgniter->tryToRouteIt(Object(CodeIgniter\Router\RouteCollection))
#3 C:\xampp\htdocs\cd4\system\CodeIgniter.php(336): CodeIgniter\CodeIgniter->handleRequest(NULL, Object(Config\Cache), false)
#4 C:\xampp\htdocs\cd4\index.php(37): CodeIgniter\CodeIgniter->run()
#5 {main}
CRITICAL - 2022-01-22 17:37:35 --> syntax error, unexpected 'private' (T_PRIVATE), expecting end of file
#0 C:\xampp\htdocs\cd4\system\Router\Router.php(169): CodeIgniter\Router\Router->autoRoute('home/index')
#1 C:\xampp\htdocs\cd4\system\CodeIgniter.php(809): CodeIgniter\Router\Router->handle('home/index')
#2 C:\xampp\htdocs\cd4\system\CodeIgniter.php(389): CodeIgniter\CodeIgniter->tryToRouteIt(Object(CodeIgniter\Router\RouteCollection))
#3 C:\xampp\htdocs\cd4\system\CodeIgniter.php(336): CodeIgniter\CodeIgniter->handleRequest(NULL, Object(Config\Cache), false)
#4 C:\xampp\htdocs\cd4\index.php(37): CodeIgniter\CodeIgniter->run()
#5 {main}
CRITICAL - 2022-01-22 17:37:36 --> syntax error, unexpected 'private' (T_PRIVATE), expecting end of file
#0 C:\xampp\htdocs\cd4\system\Router\Router.php(169): CodeIgniter\Router\Router->autoRoute('home/index')
#1 C:\xampp\htdocs\cd4\system\CodeIgniter.php(809): CodeIgniter\Router\Router->handle('home/index')
#2 C:\xampp\htdocs\cd4\system\CodeIgniter.php(389): CodeIgniter\CodeIgniter->tryToRouteIt(Object(CodeIgniter\Router\RouteCollection))
#3 C:\xampp\htdocs\cd4\system\CodeIgniter.php(336): CodeIgniter\CodeIgniter->handleRequest(NULL, Object(Config\Cache), false)
#4 C:\xampp\htdocs\cd4\index.php(37): CodeIgniter\CodeIgniter->run()
#5 {main}
CRITICAL - 2022-01-22 17:37:51 --> syntax error, unexpected 'private' (T_PRIVATE), expecting end of file
#0 C:\xampp\htdocs\cd4\system\Router\Router.php(169): CodeIgniter\Router\Router->autoRoute('home/index')
#1 C:\xampp\htdocs\cd4\system\CodeIgniter.php(809): CodeIgniter\Router\Router->handle('home/index')
#2 C:\xampp\htdocs\cd4\system\CodeIgniter.php(389): CodeIgniter\CodeIgniter->tryToRouteIt(Object(CodeIgniter\Router\RouteCollection))
#3 C:\xampp\htdocs\cd4\system\CodeIgniter.php(336): CodeIgniter\CodeIgniter->handleRequest(NULL, Object(Config\Cache), false)
#4 C:\xampp\htdocs\cd4\index.php(37): CodeIgniter\CodeIgniter->run()
#5 {main}
CRITICAL - 2022-01-22 17:37:51 --> syntax error, unexpected 'private' (T_PRIVATE), expecting end of file
#0 C:\xampp\htdocs\cd4\system\Router\Router.php(169): CodeIgniter\Router\Router->autoRoute('home/index')
#1 C:\xampp\htdocs\cd4\system\CodeIgniter.php(809): CodeIgniter\Router\Router->handle('home/index')
#2 C:\xampp\htdocs\cd4\system\CodeIgniter.php(389): CodeIgniter\CodeIgniter->tryToRouteIt(Object(CodeIgniter\Router\RouteCollection))
#3 C:\xampp\htdocs\cd4\system\CodeIgniter.php(336): CodeIgniter\CodeIgniter->handleRequest(NULL, Object(Config\Cache), false)
#4 C:\xampp\htdocs\cd4\index.php(37): CodeIgniter\CodeIgniter->run()
#5 {main}
CRITICAL - 2022-01-22 17:37:56 --> syntax error, unexpected 'private' (T_PRIVATE), expecting end of file
#0 C:\xampp\htdocs\cd4\system\Router\Router.php(169): CodeIgniter\Router\Router->autoRoute('home/gunluk_yok...')
#1 C:\xampp\htdocs\cd4\system\CodeIgniter.php(809): CodeIgniter\Router\Router->handle('home/gunluk_yok...')
#2 C:\xampp\htdocs\cd4\system\CodeIgniter.php(389): CodeIgniter\CodeIgniter->tryToRouteIt(Object(CodeIgniter\Router\RouteCollection))
#3 C:\xampp\htdocs\cd4\system\CodeIgniter.php(336): CodeIgniter\CodeIgniter->handleRequest(NULL, Object(Config\Cache), false)
#4 C:\xampp\htdocs\cd4\index.php(37): CodeIgniter\CodeIgniter->run()
#5 {main}
CRITICAL - 2022-01-22 17:37:57 --> syntax error, unexpected 'private' (T_PRIVATE), expecting end of file
#0 C:\xampp\htdocs\cd4\system\Autoloader\Autoloader.php(273): CodeIgniter\Autoloader\Autoloader->includeFile('C:\\xampp\\htdocs...')
#1 C:\xampp\htdocs\cd4\system\Autoloader\Autoloader.php(247): CodeIgniter\Autoloader\Autoloader->loadInNamespace('App\\Controllers...')
#2 [internal function]: CodeIgniter\Autoloader\Autoloader->loadClass('App\\Controllers...')
#3 [internal function]: spl_autoload_call('App\\Controllers...')
#4 C:\xampp\htdocs\cd4\system\CodeIgniter.php(885): class_exists('\\App\\Controller...', true)
#5 C:\xampp\htdocs\cd4\system\CodeIgniter.php(421): CodeIgniter\CodeIgniter->startController()
#6 C:\xampp\htdocs\cd4\system\CodeIgniter.php(336): CodeIgniter\CodeIgniter->handleRequest(NULL, Object(Config\Cache), false)
#7 C:\xampp\htdocs\cd4\index.php(37): CodeIgniter\CodeIgniter->run()
#8 {main}
CRITICAL - 2022-01-22 17:37:57 --> syntax error, unexpected 'private' (T_PRIVATE), expecting end of file
#0 C:\xampp\htdocs\cd4\system\Autoloader\Autoloader.php(273): CodeIgniter\Autoloader\Autoloader->includeFile('C:\\xampp\\htdocs...')
#1 C:\xampp\htdocs\cd4\system\Autoloader\Autoloader.php(247): CodeIgniter\Autoloader\Autoloader->loadInNamespace('App\\Controllers...')
#2 [internal function]: CodeIgniter\Autoloader\Autoloader->loadClass('App\\Controllers...')
#3 [internal function]: spl_autoload_call('App\\Controllers...')
#4 C:\xampp\htdocs\cd4\system\CodeIgniter.php(885): class_exists('\\App\\Controller...', true)
#5 C:\xampp\htdocs\cd4\system\CodeIgniter.php(421): CodeIgniter\CodeIgniter->startController()
#6 C:\xampp\htdocs\cd4\system\CodeIgniter.php(336): CodeIgniter\CodeIgniter->handleRequest(NULL, Object(Config\Cache), false)
#7 C:\xampp\htdocs\cd4\index.php(37): CodeIgniter\CodeIgniter->run()
#8 {main}
CRITICAL - 2022-01-22 17:37:59 --> syntax error, unexpected 'private' (T_PRIVATE), expecting end of file
#0 C:\xampp\htdocs\cd4\system\Autoloader\Autoloader.php(273): CodeIgniter\Autoloader\Autoloader->includeFile('C:\\xampp\\htdocs...')
#1 C:\xampp\htdocs\cd4\system\Autoloader\Autoloader.php(247): CodeIgniter\Autoloader\Autoloader->loadInNamespace('App\\Controllers...')
#2 [internal function]: CodeIgniter\Autoloader\Autoloader->loadClass('App\\Controllers...')
#3 [internal function]: spl_autoload_call('App\\Controllers...')
#4 C:\xampp\htdocs\cd4\system\CodeIgniter.php(885): class_exists('\\App\\Controller...', true)
#5 C:\xampp\htdocs\cd4\system\CodeIgniter.php(421): CodeIgniter\CodeIgniter->startController()
#6 C:\xampp\htdocs\cd4\system\CodeIgniter.php(336): CodeIgniter\CodeIgniter->handleRequest(NULL, Object(Config\Cache), false)
#7 C:\xampp\htdocs\cd4\index.php(37): CodeIgniter\CodeIgniter->run()
#8 {main}
ERROR - 2022-01-22 17:45:30 --> Table 'tatakip.tatakip' doesn't exist
CRITICAL - 2022-01-22 17:45:30 --> Call to a member function getResult() on bool
#0 C:\xampp\htdocs\cd4\system\BaseModel.php(603): CodeIgniter\Model->doFindAll(0, 0)
#1 C:\xampp\htdocs\cd4\app\Controllers\Home.php(30): CodeIgniter\BaseModel->findAll()
#2 C:\xampp\htdocs\cd4\system\CodeIgniter.php(928): App\Controllers\Home->dene()
#3 C:\xampp\htdocs\cd4\system\CodeIgniter.php(436): CodeIgniter\CodeIgniter->runController(Object(App\Controllers\Home))
#4 C:\xampp\htdocs\cd4\system\CodeIgniter.php(336): CodeIgniter\CodeIgniter->handleRequest(NULL, Object(Config\Cache), false)
#5 C:\xampp\htdocs\cd4\index.php(37): CodeIgniter\CodeIgniter->run()
#6 {main}
ERROR - 2022-01-22 17:46:14 --> Table 'tatakip.tatakip' doesn't exist
CRITICAL - 2022-01-22 17:46:14 --> Call to a member function getResult() on bool
#0 C:\xampp\htdocs\cd4\system\BaseModel.php(603): CodeIgniter\Model->doFindAll(0, 0)
#1 C:\xampp\htdocs\cd4\app\Controllers\Home.php(30): CodeIgniter\BaseModel->findAll()
#2 C:\xampp\htdocs\cd4\system\CodeIgniter.php(928): App\Controllers\Home->dene()
#3 C:\xampp\htdocs\cd4\system\CodeIgniter.php(436): CodeIgniter\CodeIgniter->runController(Object(App\Controllers\Home))
#4 C:\xampp\htdocs\cd4\system\CodeIgniter.php(336): CodeIgniter\CodeIgniter->handleRequest(NULL, Object(Config\Cache), false)
#5 C:\xampp\htdocs\cd4\index.php(37): CodeIgniter\CodeIgniter->run()
#6 {main}
ERROR - 2022-01-22 17:46:17 --> Table 'tatakip.tatakip' doesn't exist
CRITICAL - 2022-01-22 17:46:17 --> Call to a member function getResult() on bool
#0 C:\xampp\htdocs\cd4\system\BaseModel.php(603): CodeIgniter\Model->doFindAll(0, 0)
#1 C:\xampp\htdocs\cd4\app\Controllers\Home.php(30): CodeIgniter\BaseModel->findAll()
#2 C:\xampp\htdocs\cd4\system\CodeIgniter.php(928): App\Controllers\Home->dene()
#3 C:\xampp\htdocs\cd4\system\CodeIgniter.php(436): CodeIgniter\CodeIgniter->runController(Object(App\Controllers\Home))
#4 C:\xampp\htdocs\cd4\system\CodeIgniter.php(336): CodeIgniter\CodeIgniter->handleRequest(NULL, Object(Config\Cache), false)
#5 C:\xampp\htdocs\cd4\index.php(37): CodeIgniter\CodeIgniter->run()
#6 {main}
CRITICAL - 2022-01-22 17:53:22 --> Invalid argument supplied for foreach()
#0 C:\xampp\htdocs\cd4\app\Views\goster.php(10): CodeIgniter\Debug\Exceptions->errorHandler(2, 'Invalid argumen...', 'C:\\xampp\\htdocs...', 10, Array)
#1 C:\xampp\htdocs\cd4\system\View\View.php(230): include('C:\\xampp\\htdocs...')
#2 C:\xampp\htdocs\cd4\system\View\View.php(232): CodeIgniter\View\View->CodeIgniter\View\{closure}()
#3 C:\xampp\htdocs\cd4\system\Common.php(1271): CodeIgniter\View\View->render('goster', Array, true)
#4 C:\xampp\htdocs\cd4\app\Controllers\Home.php(31): view('goster', Array)
#5 C:\xampp\htdocs\cd4\system\CodeIgniter.php(928): App\Controllers\Home->dene()
#6 C:\xampp\htdocs\cd4\system\CodeIgniter.php(436): CodeIgniter\CodeIgniter->runController(Object(App\Controllers\Home))
#7 C:\xampp\htdocs\cd4\system\CodeIgniter.php(336): CodeIgniter\CodeIgniter->handleRequest(NULL, Object(Config\Cache), false)
#8 C:\xampp\htdocs\cd4\index.php(37): CodeIgniter\CodeIgniter->run()
#9 {main}
CRITICAL - 2022-01-22 17:59:06 --> Invalid argument supplied for foreach()
#0 C:\xampp\htdocs\cd4\app\Views\gunluk_yoklama_liste2.php(44): CodeIgniter\Debug\Exceptions->errorHandler(2, 'Invalid argumen...', 'C:\\xampp\\htdocs...', 44, Array)
#1 C:\xampp\htdocs\cd4\system\View\View.php(230): include('C:\\xampp\\htdocs...')
#2 C:\xampp\htdocs\cd4\system\View\View.php(232): CodeIgniter\View\View->CodeIgniter\View\{closure}()
#3 C:\xampp\htdocs\cd4\system\Common.php(1271): CodeIgniter\View\View->render('gunluk_yoklama_...', Array, true)
#4 C:\xampp\htdocs\cd4\app\Controllers\Home.php(41): view('gunluk_yoklama_...')
#5 C:\xampp\htdocs\cd4\system\CodeIgniter.php(928): App\Controllers\Home->gunluk_yoklama_liste_view2('Rabita')
#6 C:\xampp\htdocs\cd4\system\CodeIgniter.php(436): CodeIgniter\CodeIgniter->runController(Object(App\Controllers\Home))
#7 C:\xampp\htdocs\cd4\system\CodeIgniter.php(336): CodeIgniter\CodeIgniter->handleRequest(NULL, Object(Config\Cache), false)
#8 C:\xampp\htdocs\cd4\index.php(37): CodeIgniter\CodeIgniter->run()
#9 {main}
CRITICAL - 2022-01-22 18:12:07 --> syntax error, unexpected '<', expecting end of file
#0 C:\xampp\htdocs\cd4\system\View\View.php(232): CodeIgniter\View\View->CodeIgniter\View\{closure}()
#1 C:\xampp\htdocs\cd4\system\Common.php(1271): CodeIgniter\View\View->render('gunluk_yoklama_...', Array, true)
#2 C:\xampp\htdocs\cd4\app\Controllers\Home.php(37): view('gunluk_yoklama_...', Array)
#3 C:\xampp\htdocs\cd4\system\CodeIgniter.php(928): App\Controllers\Home->gunluk_yoklama_liste_view('SabahNamazi')
#4 C:\xampp\htdocs\cd4\system\CodeIgniter.php(436): CodeIgniter\CodeIgniter->runController(Object(App\Controllers\Home))
#5 C:\xampp\htdocs\cd4\system\CodeIgniter.php(336): CodeIgniter\CodeIgniter->handleRequest(NULL, Object(Config\Cache), false)
#6 C:\xampp\htdocs\cd4\index.php(37): CodeIgniter\CodeIgniter->run()
#7 {main}
