CRITICAL - 2022-08-29 08:50:59 --> syntax error, unexpected variable "$row"
#0 C:\xampp\htdocs\catalcaferhatlartatakip\system\Router\Router.php(169): CodeIgniter\Router\Router->autoRoute('home/carsi_Anal...')
#1 C:\xampp\htdocs\catalcaferhatlartatakip\system\CodeIgniter.php(809): CodeIgniter\Router\Router->handle('home/carsi_Anal...')
#2 C:\xampp\htdocs\catalcaferhatlartatakip\system\CodeIgniter.php(389): CodeIgniter\CodeIgniter->tryToRouteIt(Object(CodeIgniter\Router\RouteCollection))
#3 C:\xampp\htdocs\catalcaferhatlartatakip\system\CodeIgniter.php(336): CodeIgniter\CodeIgniter->handleRequest(NULL, Object(Config\Cache), false)
#4 C:\xampp\htdocs\catalcaferhatlartatakip\index.php(37): CodeIgniter\CodeIgniter->run()
#5 {main}
CRITICAL - 2022-08-29 08:51:34 --> syntax error, unexpected variable "$row"
#0 C:\xampp\htdocs\catalcaferhatlartatakip\system\Router\Router.php(169): CodeIgniter\Router\Router->autoRoute('home/carsi_Anal...')
#1 C:\xampp\htdocs\catalcaferhatlartatakip\system\CodeIgniter.php(809): CodeIgniter\Router\Router->handle('home/carsi_Anal...')
#2 C:\xampp\htdocs\catalcaferhatlartatakip\system\CodeIgniter.php(389): CodeIgniter\CodeIgniter->tryToRouteIt(Object(CodeIgniter\Router\RouteCollection))
#3 C:\xampp\htdocs\catalcaferhatlartatakip\system\CodeIgniter.php(336): CodeIgniter\CodeIgniter->handleRequest(NULL, Object(Config\Cache), false)
#4 C:\xampp\htdocs\catalcaferhatlartatakip\index.php(37): CodeIgniter\CodeIgniter->run()
#5 {main}
CRITICAL - 2022-08-29 08:51:34 --> syntax error, unexpected variable "$row"
#0 C:\xampp\htdocs\catalcaferhatlartatakip\system\Router\Router.php(169): CodeIgniter\Router\Router->autoRoute('home/carsi_Anal...')
#1 C:\xampp\htdocs\catalcaferhatlartatakip\system\CodeIgniter.php(809): CodeIgniter\Router\Router->handle('home/carsi_Anal...')
#2 C:\xampp\htdocs\catalcaferhatlartatakip\system\CodeIgniter.php(389): CodeIgniter\CodeIgniter->tryToRouteIt(Object(CodeIgniter\Router\RouteCollection))
#3 C:\xampp\htdocs\catalcaferhatlartatakip\system\CodeIgniter.php(336): CodeIgniter\CodeIgniter->handleRequest(NULL, Object(Config\Cache), false)
#4 C:\xampp\htdocs\catalcaferhatlartatakip\index.php(37): CodeIgniter\CodeIgniter->run()
#5 {main}
CRITICAL - 2022-08-29 08:52:18 --> syntax error, unexpected variable "$row"
#0 C:\xampp\htdocs\catalcaferhatlartatakip\system\Router\Router.php(169): CodeIgniter\Router\Router->autoRoute('home/carsi_Anal...')
#1 C:\xampp\htdocs\catalcaferhatlartatakip\system\CodeIgniter.php(809): CodeIgniter\Router\Router->handle('home/carsi_Anal...')
#2 C:\xampp\htdocs\catalcaferhatlartatakip\system\CodeIgniter.php(389): CodeIgniter\CodeIgniter->tryToRouteIt(Object(CodeIgniter\Router\RouteCollection))
#3 C:\xampp\htdocs\catalcaferhatlartatakip\system\CodeIgniter.php(336): CodeIgniter\CodeIgniter->handleRequest(NULL, Object(Config\Cache), false)
#4 C:\xampp\htdocs\catalcaferhatlartatakip\index.php(37): CodeIgniter\CodeIgniter->run()
#5 {main}
CRITICAL - 2022-08-29 08:52:42 --> syntax error, unexpected variable "$row"
#0 C:\xampp\htdocs\catalcaferhatlartatakip\system\Router\Router.php(169): CodeIgniter\Router\Router->autoRoute('home/carsi_Anal...')
#1 C:\xampp\htdocs\catalcaferhatlartatakip\system\CodeIgniter.php(809): CodeIgniter\Router\Router->handle('home/carsi_Anal...')
#2 C:\xampp\htdocs\catalcaferhatlartatakip\system\CodeIgniter.php(389): CodeIgniter\CodeIgniter->tryToRouteIt(Object(CodeIgniter\Router\RouteCollection))
#3 C:\xampp\htdocs\catalcaferhatlartatakip\system\CodeIgniter.php(336): CodeIgniter\CodeIgniter->handleRequest(NULL, Object(Config\Cache), false)
#4 C:\xampp\htdocs\catalcaferhatlartatakip\index.php(37): CodeIgniter\CodeIgniter->run()
#5 {main}
CRITICAL - 2022-08-29 08:52:42 --> syntax error, unexpected variable "$row"
#0 C:\xampp\htdocs\catalcaferhatlartatakip\system\Router\Router.php(169): CodeIgniter\Router\Router->autoRoute('home/carsi_Anal...')
#1 C:\xampp\htdocs\catalcaferhatlartatakip\system\CodeIgniter.php(809): CodeIgniter\Router\Router->handle('home/carsi_Anal...')
#2 C:\xampp\htdocs\catalcaferhatlartatakip\system\CodeIgniter.php(389): CodeIgniter\CodeIgniter->tryToRouteIt(Object(CodeIgniter\Router\RouteCollection))
#3 C:\xampp\htdocs\catalcaferhatlartatakip\system\CodeIgniter.php(336): CodeIgniter\CodeIgniter->handleRequest(NULL, Object(Config\Cache), false)
#4 C:\xampp\htdocs\catalcaferhatlartatakip\index.php(37): CodeIgniter\CodeIgniter->run()
#5 {main}
CRITICAL - 2022-08-29 08:52:42 --> syntax error, unexpected variable "$row"
#0 C:\xampp\htdocs\catalcaferhatlartatakip\system\Router\Router.php(169): CodeIgniter\Router\Router->autoRoute('home/carsi_Anal...')
#1 C:\xampp\htdocs\catalcaferhatlartatakip\system\CodeIgniter.php(809): CodeIgniter\Router\Router->handle('home/carsi_Anal...')
#2 C:\xampp\htdocs\catalcaferhatlartatakip\system\CodeIgniter.php(389): CodeIgniter\CodeIgniter->tryToRouteIt(Object(CodeIgniter\Router\RouteCollection))
#3 C:\xampp\htdocs\catalcaferhatlartatakip\system\CodeIgniter.php(336): CodeIgniter\CodeIgniter->handleRequest(NULL, Object(Config\Cache), false)
#4 C:\xampp\htdocs\catalcaferhatlartatakip\index.php(37): CodeIgniter\CodeIgniter->run()
#5 {main}
CRITICAL - 2022-08-29 08:56:31 --> syntax error, unexpected variable "$row"
#0 C:\xampp\htdocs\catalcaferhatlartatakip\system\Router\Router.php(169): CodeIgniter\Router\Router->autoRoute('home/carsi_Anal...')
#1 C:\xampp\htdocs\catalcaferhatlartatakip\system\CodeIgniter.php(809): CodeIgniter\Router\Router->handle('home/carsi_Anal...')
#2 C:\xampp\htdocs\catalcaferhatlartatakip\system\CodeIgniter.php(389): CodeIgniter\CodeIgniter->tryToRouteIt(Object(CodeIgniter\Router\RouteCollection))
#3 C:\xampp\htdocs\catalcaferhatlartatakip\system\CodeIgniter.php(336): CodeIgniter\CodeIgniter->handleRequest(NULL, Object(Config\Cache), false)
#4 C:\xampp\htdocs\catalcaferhatlartatakip\index.php(37): CodeIgniter\CodeIgniter->run()
#5 {main}
CRITICAL - 2022-08-29 09:03:17 --> Undefined variable $dakika
#0 C:\xampp\htdocs\catalcaferhatlartatakip\app\Controllers\Home.php(943): CodeIgniter\Debug\Exceptions->errorHandler(2, 'Undefined varia...', 'C:\\xampp\\htdocs...', 943)
#1 C:\xampp\htdocs\catalcaferhatlartatakip\system\CodeIgniter.php(928): App\Controllers\Home->carsi_Analiz()
#2 C:\xampp\htdocs\catalcaferhatlartatakip\system\CodeIgniter.php(436): CodeIgniter\CodeIgniter->runController(Object(App\Controllers\Home))
#3 C:\xampp\htdocs\catalcaferhatlartatakip\system\CodeIgniter.php(336): CodeIgniter\CodeIgniter->handleRequest(NULL, Object(Config\Cache), false)
#4 C:\xampp\htdocs\catalcaferhatlartatakip\index.php(37): CodeIgniter\CodeIgniter->run()
#5 {main}
CRITICAL - 2022-08-29 10:08:01 --> Undefined variable $izinde
#0 C:\xampp\htdocs\catalcaferhatlartatakip\app\Views\hizmet.php(106): CodeIgniter\Debug\Exceptions->errorHandler(2, 'Undefined varia...', 'C:\\xampp\\htdocs...', 106)
#1 C:\xampp\htdocs\catalcaferhatlartatakip\system\View\View.php(230): include('C:\\xampp\\htdocs...')
#2 C:\xampp\htdocs\catalcaferhatlartatakip\system\View\View.php(232): CodeIgniter\View\View->CodeIgniter\View\{closure}()
#3 C:\xampp\htdocs\catalcaferhatlartatakip\system\Common.php(1271): CodeIgniter\View\View->render('hizmet', Array, true)
#4 C:\xampp\htdocs\catalcaferhatlartatakip\app\Controllers\Home.php(970): view('hizmet', Array)
#5 C:\xampp\htdocs\catalcaferhatlartatakip\system\CodeIgniter.php(928): App\Controllers\Home->hizmet_view()
#6 C:\xampp\htdocs\catalcaferhatlartatakip\system\CodeIgniter.php(436): CodeIgniter\CodeIgniter->runController(Object(App\Controllers\Home))
#7 C:\xampp\htdocs\catalcaferhatlartatakip\system\CodeIgniter.php(336): CodeIgniter\CodeIgniter->handleRequest(NULL, Object(Config\Cache), false)
#8 C:\xampp\htdocs\catalcaferhatlartatakip\index.php(37): CodeIgniter\CodeIgniter->run()
#9 {main}
CRITICAL - 2022-08-29 10:08:56 --> Undefined variable $izinde
#0 C:\xampp\htdocs\catalcaferhatlartatakip\app\Views\hizmet.php(106): CodeIgniter\Debug\Exceptions->errorHandler(2, 'Undefined varia...', 'C:\\xampp\\htdocs...', 106)
#1 C:\xampp\htdocs\catalcaferhatlartatakip\system\View\View.php(230): include('C:\\xampp\\htdocs...')
#2 C:\xampp\htdocs\catalcaferhatlartatakip\system\View\View.php(232): CodeIgniter\View\View->CodeIgniter\View\{closure}()
#3 C:\xampp\htdocs\catalcaferhatlartatakip\system\Common.php(1271): CodeIgniter\View\View->render('hizmet', Array, true)
#4 C:\xampp\htdocs\catalcaferhatlartatakip\app\Controllers\Home.php(970): view('hizmet', Array)
#5 C:\xampp\htdocs\catalcaferhatlartatakip\system\CodeIgniter.php(928): App\Controllers\Home->hizmet_view()
#6 C:\xampp\htdocs\catalcaferhatlartatakip\system\CodeIgniter.php(436): CodeIgniter\CodeIgniter->runController(Object(App\Controllers\Home))
#7 C:\xampp\htdocs\catalcaferhatlartatakip\system\CodeIgniter.php(336): CodeIgniter\CodeIgniter->handleRequest(NULL, Object(Config\Cache), false)
#8 C:\xampp\htdocs\catalcaferhatlartatakip\index.php(37): CodeIgniter\CodeIgniter->run()
#9 {main}
CRITICAL - 2022-08-29 10:42:58 --> Call to undefined function App\Controllers\findAll()
#0 C:\xampp\htdocs\catalcaferhatlartatakip\system\CodeIgniter.php(928): App\Controllers\Home->carsi_view()
#1 C:\xampp\htdocs\catalcaferhatlartatakip\system\CodeIgniter.php(436): CodeIgniter\CodeIgniter->runController(Object(App\Controllers\Home))
#2 C:\xampp\htdocs\catalcaferhatlartatakip\system\CodeIgniter.php(336): CodeIgniter\CodeIgniter->handleRequest(NULL, Object(Config\Cache), false)
#3 C:\xampp\htdocs\catalcaferhatlartatakip\index.php(37): CodeIgniter\CodeIgniter->run()
#4 {main}
ERROR - 2022-08-29 10:45:51 --> Column 'aciklama' cannot be null
CRITICAL - 2022-08-29 10:45:51 --> Undefined array key "aciklama"
#0 C:\xampp\htdocs\catalcaferhatlartatakip\app\Views\hizmet.php(110): CodeIgniter\Debug\Exceptions->errorHandler(2, 'Undefined array...', 'C:\\xampp\\htdocs...', 110)
#1 C:\xampp\htdocs\catalcaferhatlartatakip\system\View\View.php(230): include('C:\\xampp\\htdocs...')
#2 C:\xampp\htdocs\catalcaferhatlartatakip\system\View\View.php(232): CodeIgniter\View\View->CodeIgniter\View\{closure}()
#3 C:\xampp\htdocs\catalcaferhatlartatakip\system\Common.php(1271): CodeIgniter\View\View->render('hizmet', Array, true)
#4 C:\xampp\htdocs\catalcaferhatlartatakip\app\Controllers\Home.php(970): view('hizmet', Array)
#5 C:\xampp\htdocs\catalcaferhatlartatakip\system\CodeIgniter.php(928): App\Controllers\Home->hizmet_view()
#6 C:\xampp\htdocs\catalcaferhatlartatakip\system\CodeIgniter.php(436): CodeIgniter\CodeIgniter->runController(Object(App\Controllers\Home))
#7 C:\xampp\htdocs\catalcaferhatlartatakip\system\CodeIgniter.php(336): CodeIgniter\CodeIgniter->handleRequest(NULL, Object(Config\Cache), false)
#8 C:\xampp\htdocs\catalcaferhatlartatakip\index.php(37): CodeIgniter\CodeIgniter->run()
#9 {main}
CRITICAL - 2022-08-29 10:45:54 --> Undefined array key "aciklama"
#0 C:\xampp\htdocs\catalcaferhatlartatakip\app\Views\hizmet.php(110): CodeIgniter\Debug\Exceptions->errorHandler(2, 'Undefined array...', 'C:\\xampp\\htdocs...', 110)
#1 C:\xampp\htdocs\catalcaferhatlartatakip\system\View\View.php(230): include('C:\\xampp\\htdocs...')
#2 C:\xampp\htdocs\catalcaferhatlartatakip\system\View\View.php(232): CodeIgniter\View\View->CodeIgniter\View\{closure}()
#3 C:\xampp\htdocs\catalcaferhatlartatakip\system\Common.php(1271): CodeIgniter\View\View->render('hizmet', Array, true)
#4 C:\xampp\htdocs\catalcaferhatlartatakip\app\Controllers\Home.php(970): view('hizmet', Array)
#5 C:\xampp\htdocs\catalcaferhatlartatakip\system\CodeIgniter.php(928): App\Controllers\Home->hizmet_view()
#6 C:\xampp\htdocs\catalcaferhatlartatakip\system\CodeIgniter.php(436): CodeIgniter\CodeIgniter->runController(Object(App\Controllers\Home))
#7 C:\xampp\htdocs\catalcaferhatlartatakip\system\CodeIgniter.php(336): CodeIgniter\CodeIgniter->handleRequest(NULL, Object(Config\Cache), false)
#8 C:\xampp\htdocs\catalcaferhatlartatakip\index.php(37): CodeIgniter\CodeIgniter->run()
#9 {main}
CRITICAL - 2022-08-29 10:46:00 --> Undefined array key "aciklama"
#0 C:\xampp\htdocs\catalcaferhatlartatakip\app\Views\hizmet.php(110): CodeIgniter\Debug\Exceptions->errorHandler(2, 'Undefined array...', 'C:\\xampp\\htdocs...', 110)
#1 C:\xampp\htdocs\catalcaferhatlartatakip\system\View\View.php(230): include('C:\\xampp\\htdocs...')
#2 C:\xampp\htdocs\catalcaferhatlartatakip\system\View\View.php(232): CodeIgniter\View\View->CodeIgniter\View\{closure}()
#3 C:\xampp\htdocs\catalcaferhatlartatakip\system\Common.php(1271): CodeIgniter\View\View->render('hizmet', Array, true)
#4 C:\xampp\htdocs\catalcaferhatlartatakip\app\Controllers\Home.php(970): view('hizmet', Array)
#5 C:\xampp\htdocs\catalcaferhatlartatakip\system\CodeIgniter.php(928): App\Controllers\Home->hizmet_view()
#6 C:\xampp\htdocs\catalcaferhatlartatakip\system\CodeIgniter.php(436): CodeIgniter\CodeIgniter->runController(Object(App\Controllers\Home))
#7 C:\xampp\htdocs\catalcaferhatlartatakip\system\CodeIgniter.php(336): CodeIgniter\CodeIgniter->handleRequest(NULL, Object(Config\Cache), false)
#8 C:\xampp\htdocs\catalcaferhatlartatakip\index.php(37): CodeIgniter\CodeIgniter->run()
#9 {main}
CRITICAL - 2022-08-29 10:47:20 --> Undefined array key "aciklama"
#0 C:\xampp\htdocs\catalcaferhatlartatakip\app\Views\hizmet.php(110): CodeIgniter\Debug\Exceptions->errorHandler(2, 'Undefined array...', 'C:\\xampp\\htdocs...', 110)
#1 C:\xampp\htdocs\catalcaferhatlartatakip\system\View\View.php(230): include('C:\\xampp\\htdocs...')
#2 C:\xampp\htdocs\catalcaferhatlartatakip\system\View\View.php(232): CodeIgniter\View\View->CodeIgniter\View\{closure}()
#3 C:\xampp\htdocs\catalcaferhatlartatakip\system\Common.php(1271): CodeIgniter\View\View->render('hizmet', Array, true)
#4 C:\xampp\htdocs\catalcaferhatlartatakip\app\Controllers\Home.php(970): view('hizmet', Array)
#5 C:\xampp\htdocs\catalcaferhatlartatakip\system\CodeIgniter.php(928): App\Controllers\Home->hizmet_view()
#6 C:\xampp\htdocs\catalcaferhatlartatakip\system\CodeIgniter.php(436): CodeIgniter\CodeIgniter->runController(Object(App\Controllers\Home))
#7 C:\xampp\htdocs\catalcaferhatlartatakip\system\CodeIgniter.php(336): CodeIgniter\CodeIgniter->handleRequest(NULL, Object(Config\Cache), false)
#8 C:\xampp\htdocs\catalcaferhatlartatakip\index.php(37): CodeIgniter\CodeIgniter->run()
#9 {main}
CRITICAL - 2022-08-29 10:47:44 --> Undefined array key "aciklama"
#0 C:\xampp\htdocs\catalcaferhatlartatakip\app\Views\hizmet.php(110): CodeIgniter\Debug\Exceptions->errorHandler(2, 'Undefined array...', 'C:\\xampp\\htdocs...', 110)
#1 C:\xampp\htdocs\catalcaferhatlartatakip\system\View\View.php(230): include('C:\\xampp\\htdocs...')
#2 C:\xampp\htdocs\catalcaferhatlartatakip\system\View\View.php(232): CodeIgniter\View\View->CodeIgniter\View\{closure}()
#3 C:\xampp\htdocs\catalcaferhatlartatakip\system\Common.php(1271): CodeIgniter\View\View->render('hizmet', Array, true)
#4 C:\xampp\htdocs\catalcaferhatlartatakip\app\Controllers\Home.php(970): view('hizmet', Array)
#5 C:\xampp\htdocs\catalcaferhatlartatakip\system\CodeIgniter.php(928): App\Controllers\Home->hizmet_view()
#6 C:\xampp\htdocs\catalcaferhatlartatakip\system\CodeIgniter.php(436): CodeIgniter\CodeIgniter->runController(Object(App\Controllers\Home))
#7 C:\xampp\htdocs\catalcaferhatlartatakip\system\CodeIgniter.php(336): CodeIgniter\CodeIgniter->handleRequest(NULL, Object(Config\Cache), false)
#8 C:\xampp\htdocs\catalcaferhatlartatakip\index.php(37): CodeIgniter\CodeIgniter->run()
#9 {main}
ERROR - 2022-08-29 10:49:35 --> Column 'aciklama' cannot be null
CRITICAL - 2022-08-29 10:51:30 --> Trying to access array offset on value of type null
#0 C:\xampp\htdocs\catalcaferhatlartatakip\app\Controllers\Home.php(1004): CodeIgniter\Debug\Exceptions->errorHandler(2, 'Trying to acces...', 'C:\\xampp\\htdocs...', 1004)
#1 C:\xampp\htdocs\catalcaferhatlartatakip\system\CodeIgniter.php(928): App\Controllers\Home->hizmet_insert('23', '0', 'escupdate')
#2 C:\xampp\htdocs\catalcaferhatlartatakip\system\CodeIgniter.php(436): CodeIgniter\CodeIgniter->runController(Object(App\Controllers\Home))
#3 C:\xampp\htdocs\catalcaferhatlartatakip\system\CodeIgniter.php(336): CodeIgniter\CodeIgniter->handleRequest(NULL, Object(Config\Cache), false)
#4 C:\xampp\htdocs\catalcaferhatlartatakip\index.php(37): CodeIgniter\CodeIgniter->run()
#5 {main}
CRITICAL - 2022-08-29 10:51:36 --> Trying to access array offset on value of type null
#0 C:\xampp\htdocs\catalcaferhatlartatakip\app\Controllers\Home.php(1004): CodeIgniter\Debug\Exceptions->errorHandler(2, 'Trying to acces...', 'C:\\xampp\\htdocs...', 1004)
#1 C:\xampp\htdocs\catalcaferhatlartatakip\system\CodeIgniter.php(928): App\Controllers\Home->hizmet_insert('11', '0', 'escupdate')
#2 C:\xampp\htdocs\catalcaferhatlartatakip\system\CodeIgniter.php(436): CodeIgniter\CodeIgniter->runController(Object(App\Controllers\Home))
#3 C:\xampp\htdocs\catalcaferhatlartatakip\system\CodeIgniter.php(336): CodeIgniter\CodeIgniter->handleRequest(NULL, Object(Config\Cache), false)
#4 C:\xampp\htdocs\catalcaferhatlartatakip\index.php(37): CodeIgniter\CodeIgniter->run()
#5 {main}
CRITICAL - 2022-08-29 11:14:34 --> Undefined array key "aciklama"
#0 C:\xampp\htdocs\catalcaferhatlartatakip\app\Views\hizmet.php(114): CodeIgniter\Debug\Exceptions->errorHandler(2, 'Undefined array...', 'C:\\xampp\\htdocs...', 114)
#1 C:\xampp\htdocs\catalcaferhatlartatakip\system\View\View.php(230): include('C:\\xampp\\htdocs...')
#2 C:\xampp\htdocs\catalcaferhatlartatakip\system\View\View.php(232): CodeIgniter\View\View->CodeIgniter\View\{closure}()
#3 C:\xampp\htdocs\catalcaferhatlartatakip\system\Common.php(1271): CodeIgniter\View\View->render('hizmet', Array, true)
#4 C:\xampp\htdocs\catalcaferhatlartatakip\app\Controllers\Home.php(970): view('hizmet', Array)
#5 C:\xampp\htdocs\catalcaferhatlartatakip\system\CodeIgniter.php(928): App\Controllers\Home->hizmet_view()
#6 C:\xampp\htdocs\catalcaferhatlartatakip\system\CodeIgniter.php(436): CodeIgniter\CodeIgniter->runController(Object(App\Controllers\Home))
#7 C:\xampp\htdocs\catalcaferhatlartatakip\system\CodeIgniter.php(336): CodeIgniter\CodeIgniter->handleRequest(NULL, Object(Config\Cache), false)
#8 C:\xampp\htdocs\catalcaferhatlartatakip\index.php(37): CodeIgniter\CodeIgniter->run()
#9 {main}
CRITICAL - 2022-08-29 11:16:11 --> Undefined array key "aciklama"
#0 C:\xampp\htdocs\catalcaferhatlartatakip\app\Views\hizmet.php(114): CodeIgniter\Debug\Exceptions->errorHandler(2, 'Undefined array...', 'C:\\xampp\\htdocs...', 114)
#1 C:\xampp\htdocs\catalcaferhatlartatakip\system\View\View.php(230): include('C:\\xampp\\htdocs...')
#2 C:\xampp\htdocs\catalcaferhatlartatakip\system\View\View.php(232): CodeIgniter\View\View->CodeIgniter\View\{closure}()
#3 C:\xampp\htdocs\catalcaferhatlartatakip\system\Common.php(1271): CodeIgniter\View\View->render('hizmet', Array, true)
#4 C:\xampp\htdocs\catalcaferhatlartatakip\app\Controllers\Home.php(970): view('hizmet', Array)
#5 C:\xampp\htdocs\catalcaferhatlartatakip\system\CodeIgniter.php(928): App\Controllers\Home->hizmet_view()
#6 C:\xampp\htdocs\catalcaferhatlartatakip\system\CodeIgniter.php(436): CodeIgniter\CodeIgniter->runController(Object(App\Controllers\Home))
#7 C:\xampp\htdocs\catalcaferhatlartatakip\system\CodeIgniter.php(336): CodeIgniter\CodeIgniter->handleRequest(NULL, Object(Config\Cache), false)
#8 C:\xampp\htdocs\catalcaferhatlartatakip\index.php(37): CodeIgniter\CodeIgniter->run()
#9 {main}
CRITICAL - 2022-08-29 11:22:26 --> syntax error, unexpected token "(", expecting identifier or variable or "{" or "$"
#0 C:\xampp\htdocs\catalcaferhatlartatakip\system\Router\Router.php(169): CodeIgniter\Router\Router->autoRoute('home/yoklama_vi...')
#1 C:\xampp\htdocs\catalcaferhatlartatakip\system\CodeIgniter.php(809): CodeIgniter\Router\Router->handle('home/yoklama_vi...')
#2 C:\xampp\htdocs\catalcaferhatlartatakip\system\CodeIgniter.php(389): CodeIgniter\CodeIgniter->tryToRouteIt(Object(CodeIgniter\Router\RouteCollection))
#3 C:\xampp\htdocs\catalcaferhatlartatakip\system\CodeIgniter.php(336): CodeIgniter\CodeIgniter->handleRequest(NULL, Object(Config\Cache), false)
#4 C:\xampp\htdocs\catalcaferhatlartatakip\index.php(37): CodeIgniter\CodeIgniter->run()
#5 {main}
ERROR - 2022-08-29 11:52:39 --> Unknown column 'escnDate' in 'where clause'
CRITICAL - 2022-08-29 11:52:39 --> Call to a member function getResult() on bool
#0 C:\xampp\htdocs\catalcaferhatlartatakip\system\BaseModel.php(603): CodeIgniter\Model->doFindAll(0, 0)
#1 C:\xampp\htdocs\catalcaferhatlartatakip\app\Controllers\Home.php(944): CodeIgniter\BaseModel->findAll()
#2 C:\xampp\htdocs\catalcaferhatlartatakip\system\CodeIgniter.php(928): App\Controllers\Home->carsi_Analiz()
#3 C:\xampp\htdocs\catalcaferhatlartatakip\system\CodeIgniter.php(436): CodeIgniter\CodeIgniter->runController(Object(App\Controllers\Home))
#4 C:\xampp\htdocs\catalcaferhatlartatakip\system\CodeIgniter.php(336): CodeIgniter\CodeIgniter->handleRequest(NULL, Object(Config\Cache), false)
#5 C:\xampp\htdocs\catalcaferhatlartatakip\index.php(37): CodeIgniter\CodeIgniter->run()
#6 {main}
CRITICAL - 2022-08-29 13:13:44 --> Invalid file: hizmet_analiz.php
#0 C:\xampp\htdocs\catalcaferhatlartatakip\system\View\View.php(213): CodeIgniter\Exceptions\FrameworkException::forInvalidFile('hizmet_analiz.p...')
#1 C:\xampp\htdocs\catalcaferhatlartatakip\system\Common.php(1271): CodeIgniter\View\View->render('hizmet_analiz', Array, true)
#2 C:\xampp\htdocs\catalcaferhatlartatakip\app\Controllers\Home.php(1146): view('hizmet_analiz', Array)
#3 C:\xampp\htdocs\catalcaferhatlartatakip\system\CodeIgniter.php(928): App\Controllers\Home->hizmet_Analiz()
#4 C:\xampp\htdocs\catalcaferhatlartatakip\system\CodeIgniter.php(436): CodeIgniter\CodeIgniter->runController(Object(App\Controllers\Home))
#5 C:\xampp\htdocs\catalcaferhatlartatakip\system\CodeIgniter.php(336): CodeIgniter\CodeIgniter->handleRequest(NULL, Object(Config\Cache), false)
#6 C:\xampp\htdocs\catalcaferhatlartatakip\index.php(37): CodeIgniter\CodeIgniter->run()
#7 {main}
CRITICAL - 2022-08-29 13:17:27 --> Undefined array key "aciklama"
#0 C:\xampp\htdocs\catalcaferhatlartatakip\app\Views\hizmet_analiz.php(79): CodeIgniter\Debug\Exceptions->errorHandler(2, 'Undefined array...', 'C:\\xampp\\htdocs...', 79)
#1 C:\xampp\htdocs\catalcaferhatlartatakip\system\View\View.php(230): include('C:\\xampp\\htdocs...')
#2 C:\xampp\htdocs\catalcaferhatlartatakip\system\View\View.php(232): CodeIgniter\View\View->CodeIgniter\View\{closure}()
#3 C:\xampp\htdocs\catalcaferhatlartatakip\system\Common.php(1271): CodeIgniter\View\View->render('hizmet_analiz', Array, true)
#4 C:\xampp\htdocs\catalcaferhatlartatakip\app\Controllers\Home.php(1146): view('hizmet_analiz', Array)
#5 C:\xampp\htdocs\catalcaferhatlartatakip\system\CodeIgniter.php(928): App\Controllers\Home->hizmet_Analiz()
#6 C:\xampp\htdocs\catalcaferhatlartatakip\system\CodeIgniter.php(436): CodeIgniter\CodeIgniter->runController(Object(App\Controllers\Home))
#7 C:\xampp\htdocs\catalcaferhatlartatakip\system\CodeIgniter.php(336): CodeIgniter\CodeIgniter->handleRequest(NULL, Object(Config\Cache), false)
#8 C:\xampp\htdocs\catalcaferhatlartatakip\index.php(37): CodeIgniter\CodeIgniter->run()
#9 {main}
ERROR - 2022-08-29 14:45:55 --> You have an error in your SQL syntax; check the manual that corresponds to your MariaDB server version for the right syntax to use near '> '2022-08-26 09:53:56'
AND `date` <= '0000-00-00 00:00:00'' at line 4
CRITICAL - 2022-08-29 14:45:55 --> Call to a member function getResult() on bool
#0 C:\xampp\htdocs\catalcaferhatlartatakip\system\BaseModel.php(603): CodeIgniter\Model->doFindAll(0, 0)
#1 C:\xampp\htdocs\catalcaferhatlartatakip\app\Controllers\Home.php(990): CodeIgniter\BaseModel->findAll()
#2 C:\xampp\htdocs\catalcaferhatlartatakip\system\CodeIgniter.php(928): App\Controllers\Home->carsi_Analiz()
#3 C:\xampp\htdocs\catalcaferhatlartatakip\system\CodeIgniter.php(436): CodeIgniter\CodeIgniter->runController(Object(App\Controllers\Home))
#4 C:\xampp\htdocs\catalcaferhatlartatakip\system\CodeIgniter.php(336): CodeIgniter\CodeIgniter->handleRequest(NULL, Object(Config\Cache), false)
#5 C:\xampp\htdocs\catalcaferhatlartatakip\index.php(37): CodeIgniter\CodeIgniter->run()
#6 {main}
ERROR - 2022-08-29 14:47:03 --> You have an error in your SQL syntax; check the manual that corresponds to your MariaDB server version for the right syntax to use near '> '2022-08-26 09:53:56'
AND `tarih` <= '0000-00-00 00:00:00'' at line 4
CRITICAL - 2022-08-29 14:47:03 --> Call to a member function getResult() on bool
#0 C:\xampp\htdocs\catalcaferhatlartatakip\system\BaseModel.php(603): CodeIgniter\Model->doFindAll(0, 0)
#1 C:\xampp\htdocs\catalcaferhatlartatakip\app\Controllers\Home.php(990): CodeIgniter\BaseModel->findAll()
#2 C:\xampp\htdocs\catalcaferhatlartatakip\system\CodeIgniter.php(928): App\Controllers\Home->carsi_Analiz()
#3 C:\xampp\htdocs\catalcaferhatlartatakip\system\CodeIgniter.php(436): CodeIgniter\CodeIgniter->runController(Object(App\Controllers\Home))
#4 C:\xampp\htdocs\catalcaferhatlartatakip\system\CodeIgniter.php(336): CodeIgniter\CodeIgniter->handleRequest(NULL, Object(Config\Cache), false)
#5 C:\xampp\htdocs\catalcaferhatlartatakip\index.php(37): CodeIgniter\CodeIgniter->run()
#6 {main}
ERROR - 2022-08-29 14:47:04 --> You have an error in your SQL syntax; check the manual that corresponds to your MariaDB server version for the right syntax to use near '> '2022-08-26 09:53:56'
AND `tarih` <= '0000-00-00 00:00:00'' at line 4
CRITICAL - 2022-08-29 14:47:04 --> Call to a member function getResult() on bool
#0 C:\xampp\htdocs\catalcaferhatlartatakip\system\BaseModel.php(603): CodeIgniter\Model->doFindAll(0, 0)
#1 C:\xampp\htdocs\catalcaferhatlartatakip\app\Controllers\Home.php(990): CodeIgniter\BaseModel->findAll()
#2 C:\xampp\htdocs\catalcaferhatlartatakip\system\CodeIgniter.php(928): App\Controllers\Home->carsi_Analiz()
#3 C:\xampp\htdocs\catalcaferhatlartatakip\system\CodeIgniter.php(436): CodeIgniter\CodeIgniter->runController(Object(App\Controllers\Home))
#4 C:\xampp\htdocs\catalcaferhatlartatakip\system\CodeIgniter.php(336): CodeIgniter\CodeIgniter->handleRequest(NULL, Object(Config\Cache), false)
#5 C:\xampp\htdocs\catalcaferhatlartatakip\index.php(37): CodeIgniter\CodeIgniter->run()
#6 {main}
ERROR - 2022-08-29 14:47:04 --> You have an error in your SQL syntax; check the manual that corresponds to your MariaDB server version for the right syntax to use near '> '2022-08-26 09:53:56'
AND `tarih` <= '0000-00-00 00:00:00'' at line 4
CRITICAL - 2022-08-29 14:47:04 --> Call to a member function getResult() on bool
#0 C:\xampp\htdocs\catalcaferhatlartatakip\system\BaseModel.php(603): CodeIgniter\Model->doFindAll(0, 0)
#1 C:\xampp\htdocs\catalcaferhatlartatakip\app\Controllers\Home.php(990): CodeIgniter\BaseModel->findAll()
#2 C:\xampp\htdocs\catalcaferhatlartatakip\system\CodeIgniter.php(928): App\Controllers\Home->carsi_Analiz()
#3 C:\xampp\htdocs\catalcaferhatlartatakip\system\CodeIgniter.php(436): CodeIgniter\CodeIgniter->runController(Object(App\Controllers\Home))
#4 C:\xampp\htdocs\catalcaferhatlartatakip\system\CodeIgniter.php(336): CodeIgniter\CodeIgniter->handleRequest(NULL, Object(Config\Cache), false)
#5 C:\xampp\htdocs\catalcaferhatlartatakip\index.php(37): CodeIgniter\CodeIgniter->run()
#6 {main}
ERROR - 2022-08-29 14:47:05 --> You have an error in your SQL syntax; check the manual that corresponds to your MariaDB server version for the right syntax to use near '> '2022-08-26 09:53:56'
AND `tarih` <= '0000-00-00 00:00:00'' at line 4
CRITICAL - 2022-08-29 14:47:05 --> Call to a member function getResult() on bool
#0 C:\xampp\htdocs\catalcaferhatlartatakip\system\BaseModel.php(603): CodeIgniter\Model->doFindAll(0, 0)
#1 C:\xampp\htdocs\catalcaferhatlartatakip\app\Controllers\Home.php(990): CodeIgniter\BaseModel->findAll()
#2 C:\xampp\htdocs\catalcaferhatlartatakip\system\CodeIgniter.php(928): App\Controllers\Home->carsi_Analiz()
#3 C:\xampp\htdocs\catalcaferhatlartatakip\system\CodeIgniter.php(436): CodeIgniter\CodeIgniter->runController(Object(App\Controllers\Home))
#4 C:\xampp\htdocs\catalcaferhatlartatakip\system\CodeIgniter.php(336): CodeIgniter\CodeIgniter->handleRequest(NULL, Object(Config\Cache), false)
#5 C:\xampp\htdocs\catalcaferhatlartatakip\index.php(37): CodeIgniter\CodeIgniter->run()
#6 {main}
ERROR - 2022-08-29 14:47:05 --> You have an error in your SQL syntax; check the manual that corresponds to your MariaDB server version for the right syntax to use near '> '2022-08-26 09:53:56'
AND `tarih` <= '0000-00-00 00:00:00'' at line 4
CRITICAL - 2022-08-29 14:47:05 --> Call to a member function getResult() on bool
#0 C:\xampp\htdocs\catalcaferhatlartatakip\system\BaseModel.php(603): CodeIgniter\Model->doFindAll(0, 0)
#1 C:\xampp\htdocs\catalcaferhatlartatakip\app\Controllers\Home.php(990): CodeIgniter\BaseModel->findAll()
#2 C:\xampp\htdocs\catalcaferhatlartatakip\system\CodeIgniter.php(928): App\Controllers\Home->carsi_Analiz()
#3 C:\xampp\htdocs\catalcaferhatlartatakip\system\CodeIgniter.php(436): CodeIgniter\CodeIgniter->runController(Object(App\Controllers\Home))
#4 C:\xampp\htdocs\catalcaferhatlartatakip\system\CodeIgniter.php(336): CodeIgniter\CodeIgniter->handleRequest(NULL, Object(Config\Cache), false)
#5 C:\xampp\htdocs\catalcaferhatlartatakip\index.php(37): CodeIgniter\CodeIgniter->run()
#6 {main}
ERROR - 2022-08-29 14:47:05 --> You have an error in your SQL syntax; check the manual that corresponds to your MariaDB server version for the right syntax to use near '> '2022-08-26 09:53:56'
AND `tarih` <= '0000-00-00 00:00:00'' at line 4
CRITICAL - 2022-08-29 14:47:05 --> Call to a member function getResult() on bool
#0 C:\xampp\htdocs\catalcaferhatlartatakip\system\BaseModel.php(603): CodeIgniter\Model->doFindAll(0, 0)
#1 C:\xampp\htdocs\catalcaferhatlartatakip\app\Controllers\Home.php(990): CodeIgniter\BaseModel->findAll()
#2 C:\xampp\htdocs\catalcaferhatlartatakip\system\CodeIgniter.php(928): App\Controllers\Home->carsi_Analiz()
#3 C:\xampp\htdocs\catalcaferhatlartatakip\system\CodeIgniter.php(436): CodeIgniter\CodeIgniter->runController(Object(App\Controllers\Home))
#4 C:\xampp\htdocs\catalcaferhatlartatakip\system\CodeIgniter.php(336): CodeIgniter\CodeIgniter->handleRequest(NULL, Object(Config\Cache), false)
#5 C:\xampp\htdocs\catalcaferhatlartatakip\index.php(37): CodeIgniter\CodeIgniter->run()
#6 {main}
ERROR - 2022-08-29 14:47:05 --> You have an error in your SQL syntax; check the manual that corresponds to your MariaDB server version for the right syntax to use near '> '2022-08-26 09:53:56'
AND `tarih` <= '0000-00-00 00:00:00'' at line 4
CRITICAL - 2022-08-29 14:47:05 --> Call to a member function getResult() on bool
#0 C:\xampp\htdocs\catalcaferhatlartatakip\system\BaseModel.php(603): CodeIgniter\Model->doFindAll(0, 0)
#1 C:\xampp\htdocs\catalcaferhatlartatakip\app\Controllers\Home.php(990): CodeIgniter\BaseModel->findAll()
#2 C:\xampp\htdocs\catalcaferhatlartatakip\system\CodeIgniter.php(928): App\Controllers\Home->carsi_Analiz()
#3 C:\xampp\htdocs\catalcaferhatlartatakip\system\CodeIgniter.php(436): CodeIgniter\CodeIgniter->runController(Object(App\Controllers\Home))
#4 C:\xampp\htdocs\catalcaferhatlartatakip\system\CodeIgniter.php(336): CodeIgniter\CodeIgniter->handleRequest(NULL, Object(Config\Cache), false)
#5 C:\xampp\htdocs\catalcaferhatlartatakip\index.php(37): CodeIgniter\CodeIgniter->run()
#6 {main}
ERROR - 2022-08-29 14:47:06 --> You have an error in your SQL syntax; check the manual that corresponds to your MariaDB server version for the right syntax to use near '> '2022-08-26 09:53:56'
AND `tarih` <= '0000-00-00 00:00:00'' at line 4
CRITICAL - 2022-08-29 14:47:06 --> Call to a member function getResult() on bool
#0 C:\xampp\htdocs\catalcaferhatlartatakip\system\BaseModel.php(603): CodeIgniter\Model->doFindAll(0, 0)
#1 C:\xampp\htdocs\catalcaferhatlartatakip\app\Controllers\Home.php(990): CodeIgniter\BaseModel->findAll()
#2 C:\xampp\htdocs\catalcaferhatlartatakip\system\CodeIgniter.php(928): App\Controllers\Home->carsi_Analiz()
#3 C:\xampp\htdocs\catalcaferhatlartatakip\system\CodeIgniter.php(436): CodeIgniter\CodeIgniter->runController(Object(App\Controllers\Home))
#4 C:\xampp\htdocs\catalcaferhatlartatakip\system\CodeIgniter.php(336): CodeIgniter\CodeIgniter->handleRequest(NULL, Object(Config\Cache), false)
#5 C:\xampp\htdocs\catalcaferhatlartatakip\index.php(37): CodeIgniter\CodeIgniter->run()
#6 {main}
ERROR - 2022-08-29 14:47:06 --> You have an error in your SQL syntax; check the manual that corresponds to your MariaDB server version for the right syntax to use near '> '2022-08-26 09:53:56'
AND `tarih` <= '0000-00-00 00:00:00'' at line 4
CRITICAL - 2022-08-29 14:47:06 --> Call to a member function getResult() on bool
#0 C:\xampp\htdocs\catalcaferhatlartatakip\system\BaseModel.php(603): CodeIgniter\Model->doFindAll(0, 0)
#1 C:\xampp\htdocs\catalcaferhatlartatakip\app\Controllers\Home.php(990): CodeIgniter\BaseModel->findAll()
#2 C:\xampp\htdocs\catalcaferhatlartatakip\system\CodeIgniter.php(928): App\Controllers\Home->carsi_Analiz()
#3 C:\xampp\htdocs\catalcaferhatlartatakip\system\CodeIgniter.php(436): CodeIgniter\CodeIgniter->runController(Object(App\Controllers\Home))
#4 C:\xampp\htdocs\catalcaferhatlartatakip\system\CodeIgniter.php(336): CodeIgniter\CodeIgniter->handleRequest(NULL, Object(Config\Cache), false)
#5 C:\xampp\htdocs\catalcaferhatlartatakip\index.php(37): CodeIgniter\CodeIgniter->run()
#6 {main}
ERROR - 2022-08-29 14:47:08 --> You have an error in your SQL syntax; check the manual that corresponds to your MariaDB server version for the right syntax to use near '> '2022-08-26 09:53:56'
AND `tarih` <= '0000-00-00 00:00:00'' at line 4
CRITICAL - 2022-08-29 14:47:08 --> Call to a member function getResult() on bool
#0 C:\xampp\htdocs\catalcaferhatlartatakip\system\BaseModel.php(603): CodeIgniter\Model->doFindAll(0, 0)
#1 C:\xampp\htdocs\catalcaferhatlartatakip\app\Controllers\Home.php(990): CodeIgniter\BaseModel->findAll()
#2 C:\xampp\htdocs\catalcaferhatlartatakip\system\CodeIgniter.php(928): App\Controllers\Home->carsi_Analiz()
#3 C:\xampp\htdocs\catalcaferhatlartatakip\system\CodeIgniter.php(436): CodeIgniter\CodeIgniter->runController(Object(App\Controllers\Home))
#4 C:\xampp\htdocs\catalcaferhatlartatakip\system\CodeIgniter.php(336): CodeIgniter\CodeIgniter->handleRequest(NULL, Object(Config\Cache), false)
#5 C:\xampp\htdocs\catalcaferhatlartatakip\index.php(37): CodeIgniter\CodeIgniter->run()
#6 {main}
ERROR - 2022-08-29 14:47:08 --> You have an error in your SQL syntax; check the manual that corresponds to your MariaDB server version for the right syntax to use near '> '2022-08-26 09:53:56'
AND `tarih` <= '0000-00-00 00:00:00'' at line 4
CRITICAL - 2022-08-29 14:47:08 --> Call to a member function getResult() on bool
#0 C:\xampp\htdocs\catalcaferhatlartatakip\system\BaseModel.php(603): CodeIgniter\Model->doFindAll(0, 0)
#1 C:\xampp\htdocs\catalcaferhatlartatakip\app\Controllers\Home.php(990): CodeIgniter\BaseModel->findAll()
#2 C:\xampp\htdocs\catalcaferhatlartatakip\system\CodeIgniter.php(928): App\Controllers\Home->carsi_Analiz()
#3 C:\xampp\htdocs\catalcaferhatlartatakip\system\CodeIgniter.php(436): CodeIgniter\CodeIgniter->runController(Object(App\Controllers\Home))
#4 C:\xampp\htdocs\catalcaferhatlartatakip\system\CodeIgniter.php(336): CodeIgniter\CodeIgniter->handleRequest(NULL, Object(Config\Cache), false)
#5 C:\xampp\htdocs\catalcaferhatlartatakip\index.php(37): CodeIgniter\CodeIgniter->run()
#6 {main}
ERROR - 2022-08-29 14:47:08 --> You have an error in your SQL syntax; check the manual that corresponds to your MariaDB server version for the right syntax to use near '> '2022-08-26 09:53:56'
AND `tarih` <= '0000-00-00 00:00:00'' at line 4
CRITICAL - 2022-08-29 14:47:08 --> Call to a member function getResult() on bool
#0 C:\xampp\htdocs\catalcaferhatlartatakip\system\BaseModel.php(603): CodeIgniter\Model->doFindAll(0, 0)
#1 C:\xampp\htdocs\catalcaferhatlartatakip\app\Controllers\Home.php(990): CodeIgniter\BaseModel->findAll()
#2 C:\xampp\htdocs\catalcaferhatlartatakip\system\CodeIgniter.php(928): App\Controllers\Home->carsi_Analiz()
#3 C:\xampp\htdocs\catalcaferhatlartatakip\system\CodeIgniter.php(436): CodeIgniter\CodeIgniter->runController(Object(App\Controllers\Home))
#4 C:\xampp\htdocs\catalcaferhatlartatakip\system\CodeIgniter.php(336): CodeIgniter\CodeIgniter->handleRequest(NULL, Object(Config\Cache), false)
#5 C:\xampp\htdocs\catalcaferhatlartatakip\index.php(37): CodeIgniter\CodeIgniter->run()
#6 {main}
ERROR - 2022-08-29 14:47:08 --> You have an error in your SQL syntax; check the manual that corresponds to your MariaDB server version for the right syntax to use near '> '2022-08-26 09:53:56'
AND `tarih` <= '0000-00-00 00:00:00'' at line 4
CRITICAL - 2022-08-29 14:47:08 --> Call to a member function getResult() on bool
#0 C:\xampp\htdocs\catalcaferhatlartatakip\system\BaseModel.php(603): CodeIgniter\Model->doFindAll(0, 0)
#1 C:\xampp\htdocs\catalcaferhatlartatakip\app\Controllers\Home.php(990): CodeIgniter\BaseModel->findAll()
#2 C:\xampp\htdocs\catalcaferhatlartatakip\system\CodeIgniter.php(928): App\Controllers\Home->carsi_Analiz()
#3 C:\xampp\htdocs\catalcaferhatlartatakip\system\CodeIgniter.php(436): CodeIgniter\CodeIgniter->runController(Object(App\Controllers\Home))
#4 C:\xampp\htdocs\catalcaferhatlartatakip\system\CodeIgniter.php(336): CodeIgniter\CodeIgniter->handleRequest(NULL, Object(Config\Cache), false)
#5 C:\xampp\htdocs\catalcaferhatlartatakip\index.php(37): CodeIgniter\CodeIgniter->run()
#6 {main}
ERROR - 2022-08-29 14:47:08 --> You have an error in your SQL syntax; check the manual that corresponds to your MariaDB server version for the right syntax to use near '> '2022-08-26 09:53:56'
AND `tarih` <= '0000-00-00 00:00:00'' at line 4
CRITICAL - 2022-08-29 14:47:08 --> Call to a member function getResult() on bool
#0 C:\xampp\htdocs\catalcaferhatlartatakip\system\BaseModel.php(603): CodeIgniter\Model->doFindAll(0, 0)
#1 C:\xampp\htdocs\catalcaferhatlartatakip\app\Controllers\Home.php(990): CodeIgniter\BaseModel->findAll()
#2 C:\xampp\htdocs\catalcaferhatlartatakip\system\CodeIgniter.php(928): App\Controllers\Home->carsi_Analiz()
#3 C:\xampp\htdocs\catalcaferhatlartatakip\system\CodeIgniter.php(436): CodeIgniter\CodeIgniter->runController(Object(App\Controllers\Home))
#4 C:\xampp\htdocs\catalcaferhatlartatakip\system\CodeIgniter.php(336): CodeIgniter\CodeIgniter->handleRequest(NULL, Object(Config\Cache), false)
#5 C:\xampp\htdocs\catalcaferhatlartatakip\index.php(37): CodeIgniter\CodeIgniter->run()
#6 {main}
ERROR - 2022-08-29 14:47:09 --> You have an error in your SQL syntax; check the manual that corresponds to your MariaDB server version for the right syntax to use near '> '2022-08-26 09:53:56'
AND `tarih` <= '0000-00-00 00:00:00'' at line 4
CRITICAL - 2022-08-29 14:47:09 --> Call to a member function getResult() on bool
#0 C:\xampp\htdocs\catalcaferhatlartatakip\system\BaseModel.php(603): CodeIgniter\Model->doFindAll(0, 0)
#1 C:\xampp\htdocs\catalcaferhatlartatakip\app\Controllers\Home.php(990): CodeIgniter\BaseModel->findAll()
#2 C:\xampp\htdocs\catalcaferhatlartatakip\system\CodeIgniter.php(928): App\Controllers\Home->carsi_Analiz()
#3 C:\xampp\htdocs\catalcaferhatlartatakip\system\CodeIgniter.php(436): CodeIgniter\CodeIgniter->runController(Object(App\Controllers\Home))
#4 C:\xampp\htdocs\catalcaferhatlartatakip\system\CodeIgniter.php(336): CodeIgniter\CodeIgniter->handleRequest(NULL, Object(Config\Cache), false)
#5 C:\xampp\htdocs\catalcaferhatlartatakip\index.php(37): CodeIgniter\CodeIgniter->run()
#6 {main}
ERROR - 2022-08-29 14:47:09 --> You have an error in your SQL syntax; check the manual that corresponds to your MariaDB server version for the right syntax to use near '> '2022-08-26 09:53:56'
AND `tarih` <= '0000-00-00 00:00:00'' at line 4
CRITICAL - 2022-08-29 14:47:09 --> Call to a member function getResult() on bool
#0 C:\xampp\htdocs\catalcaferhatlartatakip\system\BaseModel.php(603): CodeIgniter\Model->doFindAll(0, 0)
#1 C:\xampp\htdocs\catalcaferhatlartatakip\app\Controllers\Home.php(990): CodeIgniter\BaseModel->findAll()
#2 C:\xampp\htdocs\catalcaferhatlartatakip\system\CodeIgniter.php(928): App\Controllers\Home->carsi_Analiz()
#3 C:\xampp\htdocs\catalcaferhatlartatakip\system\CodeIgniter.php(436): CodeIgniter\CodeIgniter->runController(Object(App\Controllers\Home))
#4 C:\xampp\htdocs\catalcaferhatlartatakip\system\CodeIgniter.php(336): CodeIgniter\CodeIgniter->handleRequest(NULL, Object(Config\Cache), false)
#5 C:\xampp\htdocs\catalcaferhatlartatakip\index.php(37): CodeIgniter\CodeIgniter->run()
#6 {main}
ERROR - 2022-08-29 14:47:09 --> You have an error in your SQL syntax; check the manual that corresponds to your MariaDB server version for the right syntax to use near '> '2022-08-26 09:53:56'
AND `tarih` <= '0000-00-00 00:00:00'' at line 4
CRITICAL - 2022-08-29 14:47:09 --> Call to a member function getResult() on bool
#0 C:\xampp\htdocs\catalcaferhatlartatakip\system\BaseModel.php(603): CodeIgniter\Model->doFindAll(0, 0)
#1 C:\xampp\htdocs\catalcaferhatlartatakip\app\Controllers\Home.php(990): CodeIgniter\BaseModel->findAll()
#2 C:\xampp\htdocs\catalcaferhatlartatakip\system\CodeIgniter.php(928): App\Controllers\Home->carsi_Analiz()
#3 C:\xampp\htdocs\catalcaferhatlartatakip\system\CodeIgniter.php(436): CodeIgniter\CodeIgniter->runController(Object(App\Controllers\Home))
#4 C:\xampp\htdocs\catalcaferhatlartatakip\system\CodeIgniter.php(336): CodeIgniter\CodeIgniter->handleRequest(NULL, Object(Config\Cache), false)
#5 C:\xampp\htdocs\catalcaferhatlartatakip\index.php(37): CodeIgniter\CodeIgniter->run()
#6 {main}
ERROR - 2022-08-29 14:47:09 --> You have an error in your SQL syntax; check the manual that corresponds to your MariaDB server version for the right syntax to use near '> '2022-08-26 09:53:56'
AND `tarih` <= '0000-00-00 00:00:00'' at line 4
CRITICAL - 2022-08-29 14:47:09 --> Call to a member function getResult() on bool
#0 C:\xampp\htdocs\catalcaferhatlartatakip\system\BaseModel.php(603): CodeIgniter\Model->doFindAll(0, 0)
#1 C:\xampp\htdocs\catalcaferhatlartatakip\app\Controllers\Home.php(990): CodeIgniter\BaseModel->findAll()
#2 C:\xampp\htdocs\catalcaferhatlartatakip\system\CodeIgniter.php(928): App\Controllers\Home->carsi_Analiz()
#3 C:\xampp\htdocs\catalcaferhatlartatakip\system\CodeIgniter.php(436): CodeIgniter\CodeIgniter->runController(Object(App\Controllers\Home))
#4 C:\xampp\htdocs\catalcaferhatlartatakip\system\CodeIgniter.php(336): CodeIgniter\CodeIgniter->handleRequest(NULL, Object(Config\Cache), false)
#5 C:\xampp\htdocs\catalcaferhatlartatakip\index.php(37): CodeIgniter\CodeIgniter->run()
#6 {main}
ERROR - 2022-08-29 14:47:09 --> You have an error in your SQL syntax; check the manual that corresponds to your MariaDB server version for the right syntax to use near '> '2022-08-26 09:53:56'
AND `tarih` <= '0000-00-00 00:00:00'' at line 4
CRITICAL - 2022-08-29 14:47:09 --> Call to a member function getResult() on bool
#0 C:\xampp\htdocs\catalcaferhatlartatakip\system\BaseModel.php(603): CodeIgniter\Model->doFindAll(0, 0)
#1 C:\xampp\htdocs\catalcaferhatlartatakip\app\Controllers\Home.php(990): CodeIgniter\BaseModel->findAll()
#2 C:\xampp\htdocs\catalcaferhatlartatakip\system\CodeIgniter.php(928): App\Controllers\Home->carsi_Analiz()
#3 C:\xampp\htdocs\catalcaferhatlartatakip\system\CodeIgniter.php(436): CodeIgniter\CodeIgniter->runController(Object(App\Controllers\Home))
#4 C:\xampp\htdocs\catalcaferhatlartatakip\system\CodeIgniter.php(336): CodeIgniter\CodeIgniter->handleRequest(NULL, Object(Config\Cache), false)
#5 C:\xampp\htdocs\catalcaferhatlartatakip\index.php(37): CodeIgniter\CodeIgniter->run()
#6 {main}
ERROR - 2022-08-29 14:47:09 --> You have an error in your SQL syntax; check the manual that corresponds to your MariaDB server version for the right syntax to use near '> '2022-08-26 09:53:56'
AND `tarih` <= '0000-00-00 00:00:00'' at line 4
CRITICAL - 2022-08-29 14:47:09 --> Call to a member function getResult() on bool
#0 C:\xampp\htdocs\catalcaferhatlartatakip\system\BaseModel.php(603): CodeIgniter\Model->doFindAll(0, 0)
#1 C:\xampp\htdocs\catalcaferhatlartatakip\app\Controllers\Home.php(990): CodeIgniter\BaseModel->findAll()
#2 C:\xampp\htdocs\catalcaferhatlartatakip\system\CodeIgniter.php(928): App\Controllers\Home->carsi_Analiz()
#3 C:\xampp\htdocs\catalcaferhatlartatakip\system\CodeIgniter.php(436): CodeIgniter\CodeIgniter->runController(Object(App\Controllers\Home))
#4 C:\xampp\htdocs\catalcaferhatlartatakip\system\CodeIgniter.php(336): CodeIgniter\CodeIgniter->handleRequest(NULL, Object(Config\Cache), false)
#5 C:\xampp\htdocs\catalcaferhatlartatakip\index.php(37): CodeIgniter\CodeIgniter->run()
#6 {main}
ERROR - 2022-08-29 14:47:10 --> You have an error in your SQL syntax; check the manual that corresponds to your MariaDB server version for the right syntax to use near '> '2022-08-26 09:53:56'
AND `tarih` <= '0000-00-00 00:00:00'' at line 4
CRITICAL - 2022-08-29 14:47:10 --> Call to a member function getResult() on bool
#0 C:\xampp\htdocs\catalcaferhatlartatakip\system\BaseModel.php(603): CodeIgniter\Model->doFindAll(0, 0)
#1 C:\xampp\htdocs\catalcaferhatlartatakip\app\Controllers\Home.php(990): CodeIgniter\BaseModel->findAll()
#2 C:\xampp\htdocs\catalcaferhatlartatakip\system\CodeIgniter.php(928): App\Controllers\Home->carsi_Analiz()
#3 C:\xampp\htdocs\catalcaferhatlartatakip\system\CodeIgniter.php(436): CodeIgniter\CodeIgniter->runController(Object(App\Controllers\Home))
#4 C:\xampp\htdocs\catalcaferhatlartatakip\system\CodeIgniter.php(336): CodeIgniter\CodeIgniter->handleRequest(NULL, Object(Config\Cache), false)
#5 C:\xampp\htdocs\catalcaferhatlartatakip\index.php(37): CodeIgniter\CodeIgniter->run()
#6 {main}
ERROR - 2022-08-29 14:47:10 --> You have an error in your SQL syntax; check the manual that corresponds to your MariaDB server version for the right syntax to use near '> '2022-08-26 09:53:56'
AND `tarih` <= '0000-00-00 00:00:00'' at line 4
CRITICAL - 2022-08-29 14:47:10 --> Call to a member function getResult() on bool
#0 C:\xampp\htdocs\catalcaferhatlartatakip\system\BaseModel.php(603): CodeIgniter\Model->doFindAll(0, 0)
#1 C:\xampp\htdocs\catalcaferhatlartatakip\app\Controllers\Home.php(990): CodeIgniter\BaseModel->findAll()
#2 C:\xampp\htdocs\catalcaferhatlartatakip\system\CodeIgniter.php(928): App\Controllers\Home->carsi_Analiz()
#3 C:\xampp\htdocs\catalcaferhatlartatakip\system\CodeIgniter.php(436): CodeIgniter\CodeIgniter->runController(Object(App\Controllers\Home))
#4 C:\xampp\htdocs\catalcaferhatlartatakip\system\CodeIgniter.php(336): CodeIgniter\CodeIgniter->handleRequest(NULL, Object(Config\Cache), false)
#5 C:\xampp\htdocs\catalcaferhatlartatakip\index.php(37): CodeIgniter\CodeIgniter->run()
#6 {main}
ERROR - 2022-08-29 14:47:10 --> You have an error in your SQL syntax; check the manual that corresponds to your MariaDB server version for the right syntax to use near '> '2022-08-26 09:53:56'
AND `tarih` <= '0000-00-00 00:00:00'' at line 4
CRITICAL - 2022-08-29 14:47:10 --> Call to a member function getResult() on bool
#0 C:\xampp\htdocs\catalcaferhatlartatakip\system\BaseModel.php(603): CodeIgniter\Model->doFindAll(0, 0)
#1 C:\xampp\htdocs\catalcaferhatlartatakip\app\Controllers\Home.php(990): CodeIgniter\BaseModel->findAll()
#2 C:\xampp\htdocs\catalcaferhatlartatakip\system\CodeIgniter.php(928): App\Controllers\Home->carsi_Analiz()
#3 C:\xampp\htdocs\catalcaferhatlartatakip\system\CodeIgniter.php(436): CodeIgniter\CodeIgniter->runController(Object(App\Controllers\Home))
#4 C:\xampp\htdocs\catalcaferhatlartatakip\system\CodeIgniter.php(336): CodeIgniter\CodeIgniter->handleRequest(NULL, Object(Config\Cache), false)
#5 C:\xampp\htdocs\catalcaferhatlartatakip\index.php(37): CodeIgniter\CodeIgniter->run()
#6 {main}
ERROR - 2022-08-29 14:48:23 --> You have an error in your SQL syntax; check the manual that corresponds to your MariaDB server version for the right syntax to use near '> '2022-08-26 09:53:56'
AND `tarih` <= '0000-00-00 00:00:00'' at line 4
CRITICAL - 2022-08-29 14:48:23 --> Call to a member function getResult() on bool
#0 C:\xampp\htdocs\catalcaferhatlartatakip\system\BaseModel.php(603): CodeIgniter\Model->doFindAll(0, 0)
#1 C:\xampp\htdocs\catalcaferhatlartatakip\app\Controllers\Home.php(990): CodeIgniter\BaseModel->findAll()
#2 C:\xampp\htdocs\catalcaferhatlartatakip\system\CodeIgniter.php(928): App\Controllers\Home->carsi_Analiz()
#3 C:\xampp\htdocs\catalcaferhatlartatakip\system\CodeIgniter.php(436): CodeIgniter\CodeIgniter->runController(Object(App\Controllers\Home))
#4 C:\xampp\htdocs\catalcaferhatlartatakip\system\CodeIgniter.php(336): CodeIgniter\CodeIgniter->handleRequest(NULL, Object(Config\Cache), false)
#5 C:\xampp\htdocs\catalcaferhatlartatakip\index.php(37): CodeIgniter\CodeIgniter->run()
#6 {main}
ERROR - 2022-08-29 14:51:09 --> You have an error in your SQL syntax; check the manual that corresponds to your MariaDB server version for the right syntax to use near '> '2022.08.29'
AND `tarih` <= '2022.08.29'' at line 4
CRITICAL - 2022-08-29 14:51:09 --> Call to a member function getResult() on bool
#0 C:\xampp\htdocs\catalcaferhatlartatakip\system\BaseModel.php(603): CodeIgniter\Model->doFindAll(0, 0)
#1 C:\xampp\htdocs\catalcaferhatlartatakip\app\Controllers\Home.php(994): CodeIgniter\BaseModel->findAll()
#2 C:\xampp\htdocs\catalcaferhatlartatakip\system\CodeIgniter.php(928): App\Controllers\Home->carsi_Analiz()
#3 C:\xampp\htdocs\catalcaferhatlartatakip\system\CodeIgniter.php(436): CodeIgniter\CodeIgniter->runController(Object(App\Controllers\Home))
#4 C:\xampp\htdocs\catalcaferhatlartatakip\system\CodeIgniter.php(336): CodeIgniter\CodeIgniter->handleRequest(NULL, Object(Config\Cache), false)
#5 C:\xampp\htdocs\catalcaferhatlartatakip\index.php(37): CodeIgniter\CodeIgniter->run()
#6 {main}
ERROR - 2022-08-29 14:51:09 --> You have an error in your SQL syntax; check the manual that corresponds to your MariaDB server version for the right syntax to use near '> '2022.08.29'
AND `tarih` <= '2022.08.29'' at line 4
CRITICAL - 2022-08-29 14:51:09 --> Call to a member function getResult() on bool
#0 C:\xampp\htdocs\catalcaferhatlartatakip\system\BaseModel.php(603): CodeIgniter\Model->doFindAll(0, 0)
#1 C:\xampp\htdocs\catalcaferhatlartatakip\app\Controllers\Home.php(994): CodeIgniter\BaseModel->findAll()
#2 C:\xampp\htdocs\catalcaferhatlartatakip\system\CodeIgniter.php(928): App\Controllers\Home->carsi_Analiz()
#3 C:\xampp\htdocs\catalcaferhatlartatakip\system\CodeIgniter.php(436): CodeIgniter\CodeIgniter->runController(Object(App\Controllers\Home))
#4 C:\xampp\htdocs\catalcaferhatlartatakip\system\CodeIgniter.php(336): CodeIgniter\CodeIgniter->handleRequest(NULL, Object(Config\Cache), false)
#5 C:\xampp\htdocs\catalcaferhatlartatakip\index.php(37): CodeIgniter\CodeIgniter->run()
#6 {main}
ERROR - 2022-08-29 14:51:10 --> You have an error in your SQL syntax; check the manual that corresponds to your MariaDB server version for the right syntax to use near '> '2022.08.29'
AND `tarih` <= '2022.08.29'' at line 4
CRITICAL - 2022-08-29 14:51:10 --> Call to a member function getResult() on bool
#0 C:\xampp\htdocs\catalcaferhatlartatakip\system\BaseModel.php(603): CodeIgniter\Model->doFindAll(0, 0)
#1 C:\xampp\htdocs\catalcaferhatlartatakip\app\Controllers\Home.php(994): CodeIgniter\BaseModel->findAll()
#2 C:\xampp\htdocs\catalcaferhatlartatakip\system\CodeIgniter.php(928): App\Controllers\Home->carsi_Analiz()
#3 C:\xampp\htdocs\catalcaferhatlartatakip\system\CodeIgniter.php(436): CodeIgniter\CodeIgniter->runController(Object(App\Controllers\Home))
#4 C:\xampp\htdocs\catalcaferhatlartatakip\system\CodeIgniter.php(336): CodeIgniter\CodeIgniter->handleRequest(NULL, Object(Config\Cache), false)
#5 C:\xampp\htdocs\catalcaferhatlartatakip\index.php(37): CodeIgniter\CodeIgniter->run()
#6 {main}
ERROR - 2022-08-29 14:51:10 --> You have an error in your SQL syntax; check the manual that corresponds to your MariaDB server version for the right syntax to use near '> '2022.08.29'
AND `tarih` <= '2022.08.29'' at line 4
CRITICAL - 2022-08-29 14:51:10 --> Call to a member function getResult() on bool
#0 C:\xampp\htdocs\catalcaferhatlartatakip\system\BaseModel.php(603): CodeIgniter\Model->doFindAll(0, 0)
#1 C:\xampp\htdocs\catalcaferhatlartatakip\app\Controllers\Home.php(994): CodeIgniter\BaseModel->findAll()
#2 C:\xampp\htdocs\catalcaferhatlartatakip\system\CodeIgniter.php(928): App\Controllers\Home->carsi_Analiz()
#3 C:\xampp\htdocs\catalcaferhatlartatakip\system\CodeIgniter.php(436): CodeIgniter\CodeIgniter->runController(Object(App\Controllers\Home))
#4 C:\xampp\htdocs\catalcaferhatlartatakip\system\CodeIgniter.php(336): CodeIgniter\CodeIgniter->handleRequest(NULL, Object(Config\Cache), false)
#5 C:\xampp\htdocs\catalcaferhatlartatakip\index.php(37): CodeIgniter\CodeIgniter->run()
#6 {main}
ERROR - 2022-08-29 14:51:30 --> You have an error in your SQL syntax; check the manual that corresponds to your MariaDB server version for the right syntax to use near '> '2022.08.29'' at line 4
CRITICAL - 2022-08-29 14:51:30 --> Call to a member function getResult() on bool
#0 C:\xampp\htdocs\catalcaferhatlartatakip\system\BaseModel.php(603): CodeIgniter\Model->doFindAll(0, 0)
#1 C:\xampp\htdocs\catalcaferhatlartatakip\app\Controllers\Home.php(994): CodeIgniter\BaseModel->findAll()
#2 C:\xampp\htdocs\catalcaferhatlartatakip\system\CodeIgniter.php(928): App\Controllers\Home->carsi_Analiz()
#3 C:\xampp\htdocs\catalcaferhatlartatakip\system\CodeIgniter.php(436): CodeIgniter\CodeIgniter->runController(Object(App\Controllers\Home))
#4 C:\xampp\htdocs\catalcaferhatlartatakip\system\CodeIgniter.php(336): CodeIgniter\CodeIgniter->handleRequest(NULL, Object(Config\Cache), false)
#5 C:\xampp\htdocs\catalcaferhatlartatakip\index.php(37): CodeIgniter\CodeIgniter->run()
#6 {main}
CRITICAL - 2022-08-29 14:53:12 --> syntax error, unexpected floating-point number ".1997", expecting ")"
#0 C:\xampp\htdocs\catalcaferhatlartatakip\system\Router\Router.php(169): CodeIgniter\Router\Router->autoRoute('home/carsi_Anal...')
#1 C:\xampp\htdocs\catalcaferhatlartatakip\system\CodeIgniter.php(809): CodeIgniter\Router\Router->handle('home/carsi_Anal...')
#2 C:\xampp\htdocs\catalcaferhatlartatakip\system\CodeIgniter.php(389): CodeIgniter\CodeIgniter->tryToRouteIt(Object(CodeIgniter\Router\RouteCollection))
#3 C:\xampp\htdocs\catalcaferhatlartatakip\system\CodeIgniter.php(336): CodeIgniter\CodeIgniter->handleRequest(NULL, Object(Config\Cache), false)
#4 C:\xampp\htdocs\catalcaferhatlartatakip\index.php(37): CodeIgniter\CodeIgniter->run()
#5 {main}
CRITICAL - 2022-08-29 14:53:12 --> syntax error, unexpected floating-point number ".1997", expecting ")"
#0 C:\xampp\htdocs\catalcaferhatlartatakip\system\Router\Router.php(169): CodeIgniter\Router\Router->autoRoute('home/carsi_Anal...')
#1 C:\xampp\htdocs\catalcaferhatlartatakip\system\CodeIgniter.php(809): CodeIgniter\Router\Router->handle('home/carsi_Anal...')
#2 C:\xampp\htdocs\catalcaferhatlartatakip\system\CodeIgniter.php(389): CodeIgniter\CodeIgniter->tryToRouteIt(Object(CodeIgniter\Router\RouteCollection))
#3 C:\xampp\htdocs\catalcaferhatlartatakip\system\CodeIgniter.php(336): CodeIgniter\CodeIgniter->handleRequest(NULL, Object(Config\Cache), false)
#4 C:\xampp\htdocs\catalcaferhatlartatakip\index.php(37): CodeIgniter\CodeIgniter->run()
#5 {main}
CRITICAL - 2022-08-29 14:53:13 --> syntax error, unexpected floating-point number ".1997", expecting ")"
#0 C:\xampp\htdocs\catalcaferhatlartatakip\system\Router\Router.php(169): CodeIgniter\Router\Router->autoRoute('home/carsi_Anal...')
#1 C:\xampp\htdocs\catalcaferhatlartatakip\system\CodeIgniter.php(809): CodeIgniter\Router\Router->handle('home/carsi_Anal...')
#2 C:\xampp\htdocs\catalcaferhatlartatakip\system\CodeIgniter.php(389): CodeIgniter\CodeIgniter->tryToRouteIt(Object(CodeIgniter\Router\RouteCollection))
#3 C:\xampp\htdocs\catalcaferhatlartatakip\system\CodeIgniter.php(336): CodeIgniter\CodeIgniter->handleRequest(NULL, Object(Config\Cache), false)
#4 C:\xampp\htdocs\catalcaferhatlartatakip\index.php(37): CodeIgniter\CodeIgniter->run()
#5 {main}
ERROR - 2022-08-29 14:53:25 --> You have an error in your SQL syntax; check the manual that corresponds to your MariaDB server version for the right syntax to use near '> '25.09.1997'
AND `tarih` <= '25.09.2025'' at line 4
CRITICAL - 2022-08-29 14:53:25 --> Call to a member function getResult() on bool
#0 C:\xampp\htdocs\catalcaferhatlartatakip\system\BaseModel.php(603): CodeIgniter\Model->doFindAll(0, 0)
#1 C:\xampp\htdocs\catalcaferhatlartatakip\app\Controllers\Home.php(994): CodeIgniter\BaseModel->findAll()
#2 C:\xampp\htdocs\catalcaferhatlartatakip\system\CodeIgniter.php(928): App\Controllers\Home->carsi_Analiz()
#3 C:\xampp\htdocs\catalcaferhatlartatakip\system\CodeIgniter.php(436): CodeIgniter\CodeIgniter->runController(Object(App\Controllers\Home))
#4 C:\xampp\htdocs\catalcaferhatlartatakip\system\CodeIgniter.php(336): CodeIgniter\CodeIgniter->handleRequest(NULL, Object(Config\Cache), false)
#5 C:\xampp\htdocs\catalcaferhatlartatakip\index.php(37): CodeIgniter\CodeIgniter->run()
#6 {main}
ERROR - 2022-08-29 14:53:26 --> You have an error in your SQL syntax; check the manual that corresponds to your MariaDB server version for the right syntax to use near '> '25.09.1997'
AND `tarih` <= '25.09.2025'' at line 4
CRITICAL - 2022-08-29 14:53:26 --> Call to a member function getResult() on bool
#0 C:\xampp\htdocs\catalcaferhatlartatakip\system\BaseModel.php(603): CodeIgniter\Model->doFindAll(0, 0)
#1 C:\xampp\htdocs\catalcaferhatlartatakip\app\Controllers\Home.php(994): CodeIgniter\BaseModel->findAll()
#2 C:\xampp\htdocs\catalcaferhatlartatakip\system\CodeIgniter.php(928): App\Controllers\Home->carsi_Analiz()
#3 C:\xampp\htdocs\catalcaferhatlartatakip\system\CodeIgniter.php(436): CodeIgniter\CodeIgniter->runController(Object(App\Controllers\Home))
#4 C:\xampp\htdocs\catalcaferhatlartatakip\system\CodeIgniter.php(336): CodeIgniter\CodeIgniter->handleRequest(NULL, Object(Config\Cache), false)
#5 C:\xampp\htdocs\catalcaferhatlartatakip\index.php(37): CodeIgniter\CodeIgniter->run()
#6 {main}
ERROR - 2022-08-29 14:53:26 --> You have an error in your SQL syntax; check the manual that corresponds to your MariaDB server version for the right syntax to use near '> '25.09.1997'
AND `tarih` <= '25.09.2025'' at line 4
CRITICAL - 2022-08-29 14:53:26 --> Call to a member function getResult() on bool
#0 C:\xampp\htdocs\catalcaferhatlartatakip\system\BaseModel.php(603): CodeIgniter\Model->doFindAll(0, 0)
#1 C:\xampp\htdocs\catalcaferhatlartatakip\app\Controllers\Home.php(994): CodeIgniter\BaseModel->findAll()
#2 C:\xampp\htdocs\catalcaferhatlartatakip\system\CodeIgniter.php(928): App\Controllers\Home->carsi_Analiz()
#3 C:\xampp\htdocs\catalcaferhatlartatakip\system\CodeIgniter.php(436): CodeIgniter\CodeIgniter->runController(Object(App\Controllers\Home))
#4 C:\xampp\htdocs\catalcaferhatlartatakip\system\CodeIgniter.php(336): CodeIgniter\CodeIgniter->handleRequest(NULL, Object(Config\Cache), false)
#5 C:\xampp\htdocs\catalcaferhatlartatakip\index.php(37): CodeIgniter\CodeIgniter->run()
#6 {main}
ERROR - 2022-08-29 14:57:09 --> You have an error in your SQL syntax; check the manual that corresponds to your MariaDB server version for the right syntax to use near '> '2022.08.29'
AND `tarih` <= '2022/08/29'' at line 4
CRITICAL - 2022-08-29 14:57:09 --> Call to a member function getResult() on bool
#0 C:\xampp\htdocs\catalcaferhatlartatakip\system\BaseModel.php(603): CodeIgniter\Model->doFindAll(0, 0)
#1 C:\xampp\htdocs\catalcaferhatlartatakip\app\Controllers\Home.php(995): CodeIgniter\BaseModel->findAll()
#2 C:\xampp\htdocs\catalcaferhatlartatakip\system\CodeIgniter.php(928): App\Controllers\Home->carsi_Analiz()
#3 C:\xampp\htdocs\catalcaferhatlartatakip\system\CodeIgniter.php(436): CodeIgniter\CodeIgniter->runController(Object(App\Controllers\Home))
#4 C:\xampp\htdocs\catalcaferhatlartatakip\system\CodeIgniter.php(336): CodeIgniter\CodeIgniter->handleRequest(NULL, Object(Config\Cache), false)
#5 C:\xampp\htdocs\catalcaferhatlartatakip\index.php(37): CodeIgniter\CodeIgniter->run()
#6 {main}
ERROR - 2022-08-29 14:57:10 --> You have an error in your SQL syntax; check the manual that corresponds to your MariaDB server version for the right syntax to use near '> '2022.08.29'
AND `tarih` <= '2022/08/29'' at line 4
CRITICAL - 2022-08-29 14:57:10 --> Call to a member function getResult() on bool
#0 C:\xampp\htdocs\catalcaferhatlartatakip\system\BaseModel.php(603): CodeIgniter\Model->doFindAll(0, 0)
#1 C:\xampp\htdocs\catalcaferhatlartatakip\app\Controllers\Home.php(995): CodeIgniter\BaseModel->findAll()
#2 C:\xampp\htdocs\catalcaferhatlartatakip\system\CodeIgniter.php(928): App\Controllers\Home->carsi_Analiz()
#3 C:\xampp\htdocs\catalcaferhatlartatakip\system\CodeIgniter.php(436): CodeIgniter\CodeIgniter->runController(Object(App\Controllers\Home))
#4 C:\xampp\htdocs\catalcaferhatlartatakip\system\CodeIgniter.php(336): CodeIgniter\CodeIgniter->handleRequest(NULL, Object(Config\Cache), false)
#5 C:\xampp\htdocs\catalcaferhatlartatakip\index.php(37): CodeIgniter\CodeIgniter->run()
#6 {main}
ERROR - 2022-08-29 14:57:10 --> You have an error in your SQL syntax; check the manual that corresponds to your MariaDB server version for the right syntax to use near '> '2022.08.29'
AND `tarih` <= '2022/08/29'' at line 4
CRITICAL - 2022-08-29 14:57:10 --> Call to a member function getResult() on bool
#0 C:\xampp\htdocs\catalcaferhatlartatakip\system\BaseModel.php(603): CodeIgniter\Model->doFindAll(0, 0)
#1 C:\xampp\htdocs\catalcaferhatlartatakip\app\Controllers\Home.php(995): CodeIgniter\BaseModel->findAll()
#2 C:\xampp\htdocs\catalcaferhatlartatakip\system\CodeIgniter.php(928): App\Controllers\Home->carsi_Analiz()
#3 C:\xampp\htdocs\catalcaferhatlartatakip\system\CodeIgniter.php(436): CodeIgniter\CodeIgniter->runController(Object(App\Controllers\Home))
#4 C:\xampp\htdocs\catalcaferhatlartatakip\system\CodeIgniter.php(336): CodeIgniter\CodeIgniter->handleRequest(NULL, Object(Config\Cache), false)
#5 C:\xampp\htdocs\catalcaferhatlartatakip\index.php(37): CodeIgniter\CodeIgniter->run()
#6 {main}
ERROR - 2022-08-29 14:57:10 --> You have an error in your SQL syntax; check the manual that corresponds to your MariaDB server version for the right syntax to use near '> '2022.08.29'
AND `tarih` <= '2022/08/29'' at line 4
CRITICAL - 2022-08-29 14:57:10 --> Call to a member function getResult() on bool
#0 C:\xampp\htdocs\catalcaferhatlartatakip\system\BaseModel.php(603): CodeIgniter\Model->doFindAll(0, 0)
#1 C:\xampp\htdocs\catalcaferhatlartatakip\app\Controllers\Home.php(995): CodeIgniter\BaseModel->findAll()
#2 C:\xampp\htdocs\catalcaferhatlartatakip\system\CodeIgniter.php(928): App\Controllers\Home->carsi_Analiz()
#3 C:\xampp\htdocs\catalcaferhatlartatakip\system\CodeIgniter.php(436): CodeIgniter\CodeIgniter->runController(Object(App\Controllers\Home))
#4 C:\xampp\htdocs\catalcaferhatlartatakip\system\CodeIgniter.php(336): CodeIgniter\CodeIgniter->handleRequest(NULL, Object(Config\Cache), false)
#5 C:\xampp\htdocs\catalcaferhatlartatakip\index.php(37): CodeIgniter\CodeIgniter->run()
#6 {main}
ERROR - 2022-08-29 14:57:10 --> You have an error in your SQL syntax; check the manual that corresponds to your MariaDB server version for the right syntax to use near '> '2022.08.29'
AND `tarih` <= '2022/08/29'' at line 4
CRITICAL - 2022-08-29 14:57:10 --> Call to a member function getResult() on bool
#0 C:\xampp\htdocs\catalcaferhatlartatakip\system\BaseModel.php(603): CodeIgniter\Model->doFindAll(0, 0)
#1 C:\xampp\htdocs\catalcaferhatlartatakip\app\Controllers\Home.php(995): CodeIgniter\BaseModel->findAll()
#2 C:\xampp\htdocs\catalcaferhatlartatakip\system\CodeIgniter.php(928): App\Controllers\Home->carsi_Analiz()
#3 C:\xampp\htdocs\catalcaferhatlartatakip\system\CodeIgniter.php(436): CodeIgniter\CodeIgniter->runController(Object(App\Controllers\Home))
#4 C:\xampp\htdocs\catalcaferhatlartatakip\system\CodeIgniter.php(336): CodeIgniter\CodeIgniter->handleRequest(NULL, Object(Config\Cache), false)
#5 C:\xampp\htdocs\catalcaferhatlartatakip\index.php(37): CodeIgniter\CodeIgniter->run()
#6 {main}
CRITICAL - 2022-08-29 15:10:25 --> Can't use method return value in write context
#0 [internal function]: CodeIgniter\Debug\Exceptions->shutdownHandler()
#1 {main}
CRITICAL - 2022-08-29 15:10:44 --> Can't use method return value in write context
#0 [internal function]: CodeIgniter\Debug\Exceptions->shutdownHandler()
#1 {main}
CRITICAL - 2022-08-29 15:26:32 --> Undefined variable $session
#0 C:\xampp\htdocs\catalcaferhatlartatakip\app\Controllers\Home.php(25): CodeIgniter\Debug\Exceptions->errorHandler(2, 'Undefined varia...', 'C:\\xampp\\htdocs...', 25)
#1 C:\xampp\htdocs\catalcaferhatlartatakip\system\CodeIgniter.php(928): App\Controllers\Home->index()
#2 C:\xampp\htdocs\catalcaferhatlartatakip\system\CodeIgniter.php(436): CodeIgniter\CodeIgniter->runController(Object(App\Controllers\Home))
#3 C:\xampp\htdocs\catalcaferhatlartatakip\system\CodeIgniter.php(336): CodeIgniter\CodeIgniter->handleRequest(NULL, Object(Config\Cache), false)
#4 C:\xampp\htdocs\catalcaferhatlartatakip\index.php(37): CodeIgniter\CodeIgniter->run()
#5 {main}
CRITICAL - 2022-08-29 15:29:36 --> Undefined variable $session
#0 C:\xampp\htdocs\catalcaferhatlartatakip\app\Views\home.php(3): CodeIgniter\Debug\Exceptions->errorHandler(2, 'Undefined varia...', 'C:\\xampp\\htdocs...', 3)
#1 C:\xampp\htdocs\catalcaferhatlartatakip\system\View\View.php(230): include('C:\\xampp\\htdocs...')
#2 C:\xampp\htdocs\catalcaferhatlartatakip\system\View\View.php(232): CodeIgniter\View\View->CodeIgniter\View\{closure}()
#3 C:\xampp\htdocs\catalcaferhatlartatakip\system\Common.php(1271): CodeIgniter\View\View->render('home', Array, true)
#4 C:\xampp\htdocs\catalcaferhatlartatakip\app\Controllers\Home.php(75): view('home', Array)
#5 C:\xampp\htdocs\catalcaferhatlartatakip\system\CodeIgniter.php(928): App\Controllers\Home->index()
#6 C:\xampp\htdocs\catalcaferhatlartatakip\system\CodeIgniter.php(436): CodeIgniter\CodeIgniter->runController(Object(App\Controllers\Home))
#7 C:\xampp\htdocs\catalcaferhatlartatakip\system\CodeIgniter.php(336): CodeIgniter\CodeIgniter->handleRequest(NULL, Object(Config\Cache), false)
#8 C:\xampp\htdocs\catalcaferhatlartatakip\index.php(37): CodeIgniter\CodeIgniter->run()
#9 {main}
CRITICAL - 2022-08-29 17:49:41 --> Undefined variable $modelhistory
#0 C:\xampp\htdocs\catalcaferhatlartatakip\app\Controllers\Home.php(734): CodeIgniter\Debug\Exceptions->errorHandler(2, 'Undefined varia...', 'C:\\xampp\\htdocs...', 734)
#1 C:\xampp\htdocs\catalcaferhatlartatakip\system\CodeIgniter.php(928): App\Controllers\Home->program_delete('121', 'Deneme Dersi')
#2 C:\xampp\htdocs\catalcaferhatlartatakip\system\CodeIgniter.php(436): CodeIgniter\CodeIgniter->runController(Object(App\Controllers\Home))
#3 C:\xampp\htdocs\catalcaferhatlartatakip\system\CodeIgniter.php(336): CodeIgniter\CodeIgniter->handleRequest(NULL, Object(Config\Cache), false)
#4 C:\xampp\htdocs\catalcaferhatlartatakip\index.php(37): CodeIgniter\CodeIgniter->run()
#5 {main}
CRITICAL - 2022-08-29 17:50:24 --> Undefined variable $modelhistory
#0 C:\xampp\htdocs\catalcaferhatlartatakip\app\Controllers\Home.php(734): CodeIgniter\Debug\Exceptions->errorHandler(2, 'Undefined varia...', 'C:\\xampp\\htdocs...', 734)
#1 C:\xampp\htdocs\catalcaferhatlartatakip\system\CodeIgniter.php(928): App\Controllers\Home->program_delete('121', 'Deneme Dersi')
#2 C:\xampp\htdocs\catalcaferhatlartatakip\system\CodeIgniter.php(436): CodeIgniter\CodeIgniter->runController(Object(App\Controllers\Home))
#3 C:\xampp\htdocs\catalcaferhatlartatakip\system\CodeIgniter.php(336): CodeIgniter\CodeIgniter->handleRequest(NULL, Object(Config\Cache), false)
#4 C:\xampp\htdocs\catalcaferhatlartatakip\index.php(37): CodeIgniter\CodeIgniter->run()
#5 {main}
CRITICAL - 2022-08-29 17:50:44 --> Undefined variable $modelhistory
#0 C:\xampp\htdocs\catalcaferhatlartatakip\app\Controllers\Home.php(734): CodeIgniter\Debug\Exceptions->errorHandler(2, 'Undefined varia...', 'C:\\xampp\\htdocs...', 734)
#1 C:\xampp\htdocs\catalcaferhatlartatakip\system\CodeIgniter.php(928): App\Controllers\Home->program_delete('123', '\xC3\x96ylesine')
#2 C:\xampp\htdocs\catalcaferhatlartatakip\system\CodeIgniter.php(436): CodeIgniter\CodeIgniter->runController(Object(App\Controllers\Home))
#3 C:\xampp\htdocs\catalcaferhatlartatakip\system\CodeIgniter.php(336): CodeIgniter\CodeIgniter->handleRequest(NULL, Object(Config\Cache), false)
#4 C:\xampp\htdocs\catalcaferhatlartatakip\index.php(37): CodeIgniter\CodeIgniter->run()
#5 {main}
ERROR - 2022-08-29 21:39:04 --> Unknown column 'grup' in 'where clause'
CRITICAL - 2022-08-29 21:39:04 --> Call to a member function getResult() on bool
#0 C:\xampp\htdocs\catalcaferhatlartatakip\system\BaseModel.php(603): CodeIgniter\Model->doFindAll(0, 0)
#1 C:\xampp\htdocs\catalcaferhatlartatakip\app\Controllers\Home.php(1246): CodeIgniter\BaseModel->findAll()
#2 C:\xampp\htdocs\catalcaferhatlartatakip\system\CodeIgniter.php(928): App\Controllers\Home->grup_Analiz()
#3 C:\xampp\htdocs\catalcaferhatlartatakip\system\CodeIgniter.php(436): CodeIgniter\CodeIgniter->runController(Object(App\Controllers\Home))
#4 C:\xampp\htdocs\catalcaferhatlartatakip\system\CodeIgniter.php(336): CodeIgniter\CodeIgniter->handleRequest(NULL, Object(Config\Cache), false)
#5 C:\xampp\htdocs\catalcaferhatlartatakip\index.php(37): CodeIgniter\CodeIgniter->run()
#6 {main}
ERROR - 2022-08-29 21:39:25 --> Unknown column 'grup' in 'where clause'
CRITICAL - 2022-08-29 21:39:25 --> Call to a member function getResult() on bool
#0 C:\xampp\htdocs\catalcaferhatlartatakip\system\BaseModel.php(603): CodeIgniter\Model->doFindAll(0, 0)
#1 C:\xampp\htdocs\catalcaferhatlartatakip\app\Controllers\Home.php(1246): CodeIgniter\BaseModel->findAll()
#2 C:\xampp\htdocs\catalcaferhatlartatakip\system\CodeIgniter.php(928): App\Controllers\Home->grup_Analiz()
#3 C:\xampp\htdocs\catalcaferhatlartatakip\system\CodeIgniter.php(436): CodeIgniter\CodeIgniter->runController(Object(App\Controllers\Home))
#4 C:\xampp\htdocs\catalcaferhatlartatakip\system\CodeIgniter.php(336): CodeIgniter\CodeIgniter->handleRequest(NULL, Object(Config\Cache), false)
#5 C:\xampp\htdocs\catalcaferhatlartatakip\index.php(37): CodeIgniter\CodeIgniter->run()
#6 {main}
ERROR - 2022-08-29 21:39:26 --> Unknown column 'grup' in 'where clause'
CRITICAL - 2022-08-29 21:39:26 --> Call to a member function getResult() on bool
#0 C:\xampp\htdocs\catalcaferhatlartatakip\system\BaseModel.php(603): CodeIgniter\Model->doFindAll(0, 0)
#1 C:\xampp\htdocs\catalcaferhatlartatakip\app\Controllers\Home.php(1246): CodeIgniter\BaseModel->findAll()
#2 C:\xampp\htdocs\catalcaferhatlartatakip\system\CodeIgniter.php(928): App\Controllers\Home->grup_Analiz()
#3 C:\xampp\htdocs\catalcaferhatlartatakip\system\CodeIgniter.php(436): CodeIgniter\CodeIgniter->runController(Object(App\Controllers\Home))
#4 C:\xampp\htdocs\catalcaferhatlartatakip\system\CodeIgniter.php(336): CodeIgniter\CodeIgniter->handleRequest(NULL, Object(Config\Cache), false)
#5 C:\xampp\htdocs\catalcaferhatlartatakip\index.php(37): CodeIgniter\CodeIgniter->run()
#6 {main}
ERROR - 2022-08-29 21:40:49 --> Unknown column 'grup' in 'where clause'
CRITICAL - 2022-08-29 21:40:49 --> Call to a member function getResult() on bool
#0 C:\xampp\htdocs\catalcaferhatlartatakip\system\BaseModel.php(603): CodeIgniter\Model->doFindAll(0, 0)
#1 C:\xampp\htdocs\catalcaferhatlartatakip\app\Controllers\Home.php(1246): CodeIgniter\BaseModel->findAll()
#2 C:\xampp\htdocs\catalcaferhatlartatakip\system\CodeIgniter.php(928): App\Controllers\Home->grup_Analiz()
#3 C:\xampp\htdocs\catalcaferhatlartatakip\system\CodeIgniter.php(436): CodeIgniter\CodeIgniter->runController(Object(App\Controllers\Home))
#4 C:\xampp\htdocs\catalcaferhatlartatakip\system\CodeIgniter.php(336): CodeIgniter\CodeIgniter->handleRequest(NULL, Object(Config\Cache), false)
#5 C:\xampp\htdocs\catalcaferhatlartatakip\index.php(37): CodeIgniter\CodeIgniter->run()
#6 {main}
CRITICAL - 2022-08-29 21:46:14 --> syntax error, unexpected floating-point number ".1", expecting ")"
#0 C:\xampp\htdocs\catalcaferhatlartatakip\system\View\View.php(232): CodeIgniter\View\View->CodeIgniter\View\{closure}()
#1 C:\xampp\htdocs\catalcaferhatlartatakip\system\Common.php(1271): CodeIgniter\View\View->render('grup_analiz', Array, true)
#2 C:\xampp\htdocs\catalcaferhatlartatakip\app\Controllers\Home.php(1271): view('grup_analiz', Array)
#3 C:\xampp\htdocs\catalcaferhatlartatakip\system\CodeIgniter.php(928): App\Controllers\Home->grup_Analiz()
#4 C:\xampp\htdocs\catalcaferhatlartatakip\system\CodeIgniter.php(436): CodeIgniter\CodeIgniter->runController(Object(App\Controllers\Home))
#5 C:\xampp\htdocs\catalcaferhatlartatakip\system\CodeIgniter.php(336): CodeIgniter\CodeIgniter->handleRequest(NULL, Object(Config\Cache), false)
#6 C:\xampp\htdocs\catalcaferhatlartatakip\index.php(37): CodeIgniter\CodeIgniter->run()
#7 {main}
CRITICAL - 2022-08-29 21:46:36 --> syntax error, unexpected integer "1", expecting ")"
#0 C:\xampp\htdocs\catalcaferhatlartatakip\system\View\View.php(232): CodeIgniter\View\View->CodeIgniter\View\{closure}()
#1 C:\xampp\htdocs\catalcaferhatlartatakip\system\Common.php(1271): CodeIgniter\View\View->render('grup_analiz', Array, true)
#2 C:\xampp\htdocs\catalcaferhatlartatakip\app\Controllers\Home.php(1271): view('grup_analiz', Array)
#3 C:\xampp\htdocs\catalcaferhatlartatakip\system\CodeIgniter.php(928): App\Controllers\Home->grup_Analiz()
#4 C:\xampp\htdocs\catalcaferhatlartatakip\system\CodeIgniter.php(436): CodeIgniter\CodeIgniter->runController(Object(App\Controllers\Home))
#5 C:\xampp\htdocs\catalcaferhatlartatakip\system\CodeIgniter.php(336): CodeIgniter\CodeIgniter->handleRequest(NULL, Object(Config\Cache), false)
#6 C:\xampp\htdocs\catalcaferhatlartatakip\index.php(37): CodeIgniter\CodeIgniter->run()
#7 {main}
