CRITICAL - 2022-08-18 08:49:26 --> Cannot use [] for reading
#0 [internal function]: CodeIgniter\Debug\Exceptions->shutdownHandler()
#1 {main}
CRITICAL - 2022-08-18 08:49:47 --> Cannot use [] for reading
#0 [internal function]: CodeIgniter\Debug\Exceptions->shutdownHandler()
#1 {main}
CRITICAL - 2022-08-18 08:50:05 --> Undefined array key "p_id"
#0 C:\xampp\htdocs\catalcaferhatlartatakip\app\Controllers\Home.php(200): CodeIgniter\Debug\Exceptions->errorHandler(2, 'Undefined array...', 'C:\\xampp\\htdocs...', 200)
#1 C:\xampp\htdocs\catalcaferhatlartatakip\system\CodeIgniter.php(928): App\Controllers\Home->yoklama_view()
#2 C:\xampp\htdocs\catalcaferhatlartatakip\system\CodeIgniter.php(436): CodeIgniter\CodeIgniter->runController(Object(App\Controllers\Home))
#3 C:\xampp\htdocs\catalcaferhatlartatakip\system\CodeIgniter.php(336): CodeIgniter\CodeIgniter->handleRequest(NULL, Object(Config\Cache), false)
#4 C:\xampp\htdocs\catalcaferhatlartatakip\index.php(37): CodeIgniter\CodeIgniter->run()
#5 {main}
CRITICAL - 2022-08-18 08:50:05 --> Undefined array key "p_id"
#0 C:\xampp\htdocs\catalcaferhatlartatakip\app\Controllers\Home.php(200): CodeIgniter\Debug\Exceptions->errorHandler(2, 'Undefined array...', 'C:\\xampp\\htdocs...', 200)
#1 C:\xampp\htdocs\catalcaferhatlartatakip\system\CodeIgniter.php(928): App\Controllers\Home->yoklama_view()
#2 C:\xampp\htdocs\catalcaferhatlartatakip\system\CodeIgniter.php(436): CodeIgniter\CodeIgniter->runController(Object(App\Controllers\Home))
#3 C:\xampp\htdocs\catalcaferhatlartatakip\system\CodeIgniter.php(336): CodeIgniter\CodeIgniter->handleRequest(NULL, Object(Config\Cache), false)
#4 C:\xampp\htdocs\catalcaferhatlartatakip\index.php(37): CodeIgniter\CodeIgniter->run()
#5 {main}
CRITICAL - 2022-08-18 08:51:07 --> Undefined array key "p_id"
#0 C:\xampp\htdocs\catalcaferhatlartatakip\app\Controllers\Home.php(200): CodeIgniter\Debug\Exceptions->errorHandler(2, 'Undefined array...', 'C:\\xampp\\htdocs...', 200)
#1 C:\xampp\htdocs\catalcaferhatlartatakip\system\CodeIgniter.php(928): App\Controllers\Home->yoklama_view()
#2 C:\xampp\htdocs\catalcaferhatlartatakip\system\CodeIgniter.php(436): CodeIgniter\CodeIgniter->runController(Object(App\Controllers\Home))
#3 C:\xampp\htdocs\catalcaferhatlartatakip\system\CodeIgniter.php(336): CodeIgniter\CodeIgniter->handleRequest(NULL, Object(Config\Cache), false)
#4 C:\xampp\htdocs\catalcaferhatlartatakip\index.php(37): CodeIgniter\CodeIgniter->run()
#5 {main}
CRITICAL - 2022-08-18 08:51:08 --> Undefined array key "p_id"
#0 C:\xampp\htdocs\catalcaferhatlartatakip\app\Controllers\Home.php(200): CodeIgniter\Debug\Exceptions->errorHandler(2, 'Undefined array...', 'C:\\xampp\\htdocs...', 200)
#1 C:\xampp\htdocs\catalcaferhatlartatakip\system\CodeIgniter.php(928): App\Controllers\Home->yoklama_view()
#2 C:\xampp\htdocs\catalcaferhatlartatakip\system\CodeIgniter.php(436): CodeIgniter\CodeIgniter->runController(Object(App\Controllers\Home))
#3 C:\xampp\htdocs\catalcaferhatlartatakip\system\CodeIgniter.php(336): CodeIgniter\CodeIgniter->handleRequest(NULL, Object(Config\Cache), false)
#4 C:\xampp\htdocs\catalcaferhatlartatakip\index.php(37): CodeIgniter\CodeIgniter->run()
#5 {main}
CRITICAL - 2022-08-18 08:51:08 --> Undefined array key "p_id"
#0 C:\xampp\htdocs\catalcaferhatlartatakip\app\Controllers\Home.php(200): CodeIgniter\Debug\Exceptions->errorHandler(2, 'Undefined array...', 'C:\\xampp\\htdocs...', 200)
#1 C:\xampp\htdocs\catalcaferhatlartatakip\system\CodeIgniter.php(928): App\Controllers\Home->yoklama_view()
#2 C:\xampp\htdocs\catalcaferhatlartatakip\system\CodeIgniter.php(436): CodeIgniter\CodeIgniter->runController(Object(App\Controllers\Home))
#3 C:\xampp\htdocs\catalcaferhatlartatakip\system\CodeIgniter.php(336): CodeIgniter\CodeIgniter->handleRequest(NULL, Object(Config\Cache), false)
#4 C:\xampp\htdocs\catalcaferhatlartatakip\index.php(37): CodeIgniter\CodeIgniter->run()
#5 {main}
CRITICAL - 2022-08-18 08:51:14 --> Undefined array key "p_id"
#0 C:\xampp\htdocs\catalcaferhatlartatakip\app\Controllers\Home.php(200): CodeIgniter\Debug\Exceptions->errorHandler(2, 'Undefined array...', 'C:\\xampp\\htdocs...', 200)
#1 C:\xampp\htdocs\catalcaferhatlartatakip\system\CodeIgniter.php(928): App\Controllers\Home->yoklama_view()
#2 C:\xampp\htdocs\catalcaferhatlartatakip\system\CodeIgniter.php(436): CodeIgniter\CodeIgniter->runController(Object(App\Controllers\Home))
#3 C:\xampp\htdocs\catalcaferhatlartatakip\system\CodeIgniter.php(336): CodeIgniter\CodeIgniter->handleRequest(NULL, Object(Config\Cache), false)
#4 C:\xampp\htdocs\catalcaferhatlartatakip\index.php(37): CodeIgniter\CodeIgniter->run()
#5 {main}
CRITICAL - 2022-08-18 08:51:14 --> Undefined array key "p_id"
#0 C:\xampp\htdocs\catalcaferhatlartatakip\app\Controllers\Home.php(200): CodeIgniter\Debug\Exceptions->errorHandler(2, 'Undefined array...', 'C:\\xampp\\htdocs...', 200)
#1 C:\xampp\htdocs\catalcaferhatlartatakip\system\CodeIgniter.php(928): App\Controllers\Home->yoklama_view()
#2 C:\xampp\htdocs\catalcaferhatlartatakip\system\CodeIgniter.php(436): CodeIgniter\CodeIgniter->runController(Object(App\Controllers\Home))
#3 C:\xampp\htdocs\catalcaferhatlartatakip\system\CodeIgniter.php(336): CodeIgniter\CodeIgniter->handleRequest(NULL, Object(Config\Cache), false)
#4 C:\xampp\htdocs\catalcaferhatlartatakip\index.php(37): CodeIgniter\CodeIgniter->run()
#5 {main}
CRITICAL - 2022-08-18 08:51:14 --> Undefined array key "p_id"
#0 C:\xampp\htdocs\catalcaferhatlartatakip\app\Controllers\Home.php(200): CodeIgniter\Debug\Exceptions->errorHandler(2, 'Undefined array...', 'C:\\xampp\\htdocs...', 200)
#1 C:\xampp\htdocs\catalcaferhatlartatakip\system\CodeIgniter.php(928): App\Controllers\Home->yoklama_view()
#2 C:\xampp\htdocs\catalcaferhatlartatakip\system\CodeIgniter.php(436): CodeIgniter\CodeIgniter->runController(Object(App\Controllers\Home))
#3 C:\xampp\htdocs\catalcaferhatlartatakip\system\CodeIgniter.php(336): CodeIgniter\CodeIgniter->handleRequest(NULL, Object(Config\Cache), false)
#4 C:\xampp\htdocs\catalcaferhatlartatakip\index.php(37): CodeIgniter\CodeIgniter->run()
#5 {main}
CRITICAL - 2022-08-18 08:51:39 --> Attempt to read property "p_id" on array
#0 C:\xampp\htdocs\catalcaferhatlartatakip\app\Controllers\Home.php(200): CodeIgniter\Debug\Exceptions->errorHandler(2, 'Attempt to read...', 'C:\\xampp\\htdocs...', 200)
#1 C:\xampp\htdocs\catalcaferhatlartatakip\system\CodeIgniter.php(928): App\Controllers\Home->yoklama_view()
#2 C:\xampp\htdocs\catalcaferhatlartatakip\system\CodeIgniter.php(436): CodeIgniter\CodeIgniter->runController(Object(App\Controllers\Home))
#3 C:\xampp\htdocs\catalcaferhatlartatakip\system\CodeIgniter.php(336): CodeIgniter\CodeIgniter->handleRequest(NULL, Object(Config\Cache), false)
#4 C:\xampp\htdocs\catalcaferhatlartatakip\index.php(37): CodeIgniter\CodeIgniter->run()
#5 {main}
CRITICAL - 2022-08-18 08:52:56 --> Cannot use [] for reading
#0 C:\xampp\htdocs\catalcaferhatlartatakip\system\CodeIgniter.php(928): App\Controllers\Home->yoklama_view()
#1 C:\xampp\htdocs\catalcaferhatlartatakip\system\CodeIgniter.php(436): CodeIgniter\CodeIgniter->runController(Object(App\Controllers\Home))
#2 C:\xampp\htdocs\catalcaferhatlartatakip\system\CodeIgniter.php(336): CodeIgniter\CodeIgniter->handleRequest(NULL, Object(Config\Cache), false)
#3 C:\xampp\htdocs\catalcaferhatlartatakip\index.php(37): CodeIgniter\CodeIgniter->run()
#4 {main}
CRITICAL - 2022-08-18 08:52:57 --> Cannot use [] for reading
#0 C:\xampp\htdocs\catalcaferhatlartatakip\system\CodeIgniter.php(928): App\Controllers\Home->yoklama_view()
#1 C:\xampp\htdocs\catalcaferhatlartatakip\system\CodeIgniter.php(436): CodeIgniter\CodeIgniter->runController(Object(App\Controllers\Home))
#2 C:\xampp\htdocs\catalcaferhatlartatakip\system\CodeIgniter.php(336): CodeIgniter\CodeIgniter->handleRequest(NULL, Object(Config\Cache), false)
#3 C:\xampp\htdocs\catalcaferhatlartatakip\index.php(37): CodeIgniter\CodeIgniter->run()
#4 {main}
CRITICAL - 2022-08-18 08:52:57 --> Cannot use [] for reading
#0 C:\xampp\htdocs\catalcaferhatlartatakip\system\CodeIgniter.php(928): App\Controllers\Home->yoklama_view()
#1 C:\xampp\htdocs\catalcaferhatlartatakip\system\CodeIgniter.php(436): CodeIgniter\CodeIgniter->runController(Object(App\Controllers\Home))
#2 C:\xampp\htdocs\catalcaferhatlartatakip\system\CodeIgniter.php(336): CodeIgniter\CodeIgniter->handleRequest(NULL, Object(Config\Cache), false)
#3 C:\xampp\htdocs\catalcaferhatlartatakip\index.php(37): CodeIgniter\CodeIgniter->run()
#4 {main}
CRITICAL - 2022-08-18 08:52:57 --> Cannot use [] for reading
#0 C:\xampp\htdocs\catalcaferhatlartatakip\system\CodeIgniter.php(928): App\Controllers\Home->yoklama_view()
#1 C:\xampp\htdocs\catalcaferhatlartatakip\system\CodeIgniter.php(436): CodeIgniter\CodeIgniter->runController(Object(App\Controllers\Home))
#2 C:\xampp\htdocs\catalcaferhatlartatakip\system\CodeIgniter.php(336): CodeIgniter\CodeIgniter->handleRequest(NULL, Object(Config\Cache), false)
#3 C:\xampp\htdocs\catalcaferhatlartatakip\index.php(37): CodeIgniter\CodeIgniter->run()
#4 {main}
CRITICAL - 2022-08-18 08:55:31 --> Cannot use temporary expression in write context
#0 [internal function]: CodeIgniter\Debug\Exceptions->shutdownHandler()
#1 {main}
CRITICAL - 2022-08-18 08:55:44 --> Cannot use temporary expression in write context
#0 [internal function]: CodeIgniter\Debug\Exceptions->shutdownHandler()
#1 {main}
CRITICAL - 2022-08-18 08:55:45 --> Cannot use temporary expression in write context
#0 [internal function]: CodeIgniter\Debug\Exceptions->shutdownHandler()
#1 {main}
CRITICAL - 2022-08-18 08:55:45 --> Cannot use temporary expression in write context
#0 [internal function]: CodeIgniter\Debug\Exceptions->shutdownHandler()
#1 {main}
CRITICAL - 2022-08-18 14:28:27 --> Undefined array key "id"
#0 C:\xampp\htdocs\catalcaferhatlartatakip\app\Controllers\Home.php(203): CodeIgniter\Debug\Exceptions->errorHandler(2, 'Undefined array...', 'C:\\xampp\\htdocs...', 203)
#1 C:\xampp\htdocs\catalcaferhatlartatakip\system\CodeIgniter.php(928): App\Controllers\Home->yoklama_view()
#2 C:\xampp\htdocs\catalcaferhatlartatakip\system\CodeIgniter.php(436): CodeIgniter\CodeIgniter->runController(Object(App\Controllers\Home))
#3 C:\xampp\htdocs\catalcaferhatlartatakip\system\CodeIgniter.php(336): CodeIgniter\CodeIgniter->handleRequest(NULL, Object(Config\Cache), false)
#4 C:\xampp\htdocs\catalcaferhatlartatakip\index.php(37): CodeIgniter\CodeIgniter->run()
#5 {main}
CRITICAL - 2022-08-18 14:45:21 --> syntax error, unexpected token "}"
#0 C:\xampp\htdocs\catalcaferhatlartatakip\system\Router\Router.php(169): CodeIgniter\Router\Router->autoRoute('home/yoklama_vi...')
#1 C:\xampp\htdocs\catalcaferhatlartatakip\system\CodeIgniter.php(809): CodeIgniter\Router\Router->handle('home/yoklama_vi...')
#2 C:\xampp\htdocs\catalcaferhatlartatakip\system\CodeIgniter.php(389): CodeIgniter\CodeIgniter->tryToRouteIt(Object(CodeIgniter\Router\RouteCollection))
#3 C:\xampp\htdocs\catalcaferhatlartatakip\system\CodeIgniter.php(336): CodeIgniter\CodeIgniter->handleRequest(NULL, Object(Config\Cache), false)
#4 C:\xampp\htdocs\catalcaferhatlartatakip\index.php(37): CodeIgniter\CodeIgniter->run()
#5 {main}
CRITICAL - 2022-08-18 14:53:47 --> Undefined array key 1
#0 C:\xampp\htdocs\catalcaferhatlartatakip\app\Controllers\Home.php(205): CodeIgniter\Debug\Exceptions->errorHandler(2, 'Undefined array...', 'C:\\xampp\\htdocs...', 205)
#1 C:\xampp\htdocs\catalcaferhatlartatakip\system\CodeIgniter.php(928): App\Controllers\Home->yoklama_view()
#2 C:\xampp\htdocs\catalcaferhatlartatakip\system\CodeIgniter.php(436): CodeIgniter\CodeIgniter->runController(Object(App\Controllers\Home))
#3 C:\xampp\htdocs\catalcaferhatlartatakip\system\CodeIgniter.php(336): CodeIgniter\CodeIgniter->handleRequest(NULL, Object(Config\Cache), false)
#4 C:\xampp\htdocs\catalcaferhatlartatakip\index.php(37): CodeIgniter\CodeIgniter->run()
#5 {main}
CRITICAL - 2022-08-18 16:13:00 --> Undefined array key "alinmis"
#0 C:\xampp\htdocs\catalcaferhatlartatakip\app\Controllers\Home.php(199): CodeIgniter\Debug\Exceptions->errorHandler(2, 'Undefined array...', 'C:\\xampp\\htdocs...', 199)
#1 C:\xampp\htdocs\catalcaferhatlartatakip\system\CodeIgniter.php(928): App\Controllers\Home->yoklama_view()
#2 C:\xampp\htdocs\catalcaferhatlartatakip\system\CodeIgniter.php(436): CodeIgniter\CodeIgniter->runController(Object(App\Controllers\Home))
#3 C:\xampp\htdocs\catalcaferhatlartatakip\system\CodeIgniter.php(336): CodeIgniter\CodeIgniter->handleRequest(NULL, Object(Config\Cache), false)
#4 C:\xampp\htdocs\catalcaferhatlartatakip\index.php(37): CodeIgniter\CodeIgniter->run()
#5 {main}
CRITICAL - 2022-08-18 16:13:12 --> Undefined array key "alinmis"
#0 C:\xampp\htdocs\catalcaferhatlartatakip\app\Controllers\Home.php(199): CodeIgniter\Debug\Exceptions->errorHandler(2, 'Undefined array...', 'C:\\xampp\\htdocs...', 199)
#1 C:\xampp\htdocs\catalcaferhatlartatakip\system\CodeIgniter.php(928): App\Controllers\Home->yoklama_view()
#2 C:\xampp\htdocs\catalcaferhatlartatakip\system\CodeIgniter.php(436): CodeIgniter\CodeIgniter->runController(Object(App\Controllers\Home))
#3 C:\xampp\htdocs\catalcaferhatlartatakip\system\CodeIgniter.php(336): CodeIgniter\CodeIgniter->handleRequest(NULL, Object(Config\Cache), false)
#4 C:\xampp\htdocs\catalcaferhatlartatakip\index.php(37): CodeIgniter\CodeIgniter->run()
#5 {main}
CRITICAL - 2022-08-18 16:14:26 --> Undefined array key "alinmamis"
#0 C:\xampp\htdocs\catalcaferhatlartatakip\app\Controllers\Home.php(212): CodeIgniter\Debug\Exceptions->errorHandler(2, 'Undefined array...', 'C:\\xampp\\htdocs...', 212)
#1 C:\xampp\htdocs\catalcaferhatlartatakip\system\CodeIgniter.php(928): App\Controllers\Home->yoklama_view()
#2 C:\xampp\htdocs\catalcaferhatlartatakip\system\CodeIgniter.php(436): CodeIgniter\CodeIgniter->runController(Object(App\Controllers\Home))
#3 C:\xampp\htdocs\catalcaferhatlartatakip\system\CodeIgniter.php(336): CodeIgniter\CodeIgniter->handleRequest(NULL, Object(Config\Cache), false)
#4 C:\xampp\htdocs\catalcaferhatlartatakip\index.php(37): CodeIgniter\CodeIgniter->run()
#5 {main}
CRITICAL - 2022-08-18 16:14:33 --> Undefined array key "alinmamis"
#0 C:\xampp\htdocs\catalcaferhatlartatakip\app\Controllers\Home.php(212): CodeIgniter\Debug\Exceptions->errorHandler(2, 'Undefined array...', 'C:\\xampp\\htdocs...', 212)
#1 C:\xampp\htdocs\catalcaferhatlartatakip\system\CodeIgniter.php(928): App\Controllers\Home->yoklama_view()
#2 C:\xampp\htdocs\catalcaferhatlartatakip\system\CodeIgniter.php(436): CodeIgniter\CodeIgniter->runController(Object(App\Controllers\Home))
#3 C:\xampp\htdocs\catalcaferhatlartatakip\system\CodeIgniter.php(336): CodeIgniter\CodeIgniter->handleRequest(NULL, Object(Config\Cache), false)
#4 C:\xampp\htdocs\catalcaferhatlartatakip\index.php(37): CodeIgniter\CodeIgniter->run()
#5 {main}
CRITICAL - 2022-08-18 16:14:33 --> Undefined array key "alinmamis"
#0 C:\xampp\htdocs\catalcaferhatlartatakip\app\Controllers\Home.php(212): CodeIgniter\Debug\Exceptions->errorHandler(2, 'Undefined array...', 'C:\\xampp\\htdocs...', 212)
#1 C:\xampp\htdocs\catalcaferhatlartatakip\system\CodeIgniter.php(928): App\Controllers\Home->yoklama_view()
#2 C:\xampp\htdocs\catalcaferhatlartatakip\system\CodeIgniter.php(436): CodeIgniter\CodeIgniter->runController(Object(App\Controllers\Home))
#3 C:\xampp\htdocs\catalcaferhatlartatakip\system\CodeIgniter.php(336): CodeIgniter\CodeIgniter->handleRequest(NULL, Object(Config\Cache), false)
#4 C:\xampp\htdocs\catalcaferhatlartatakip\index.php(37): CodeIgniter\CodeIgniter->run()
#5 {main}
CRITICAL - 2022-08-18 16:14:34 --> Undefined array key "alinmamis"
#0 C:\xampp\htdocs\catalcaferhatlartatakip\app\Controllers\Home.php(212): CodeIgniter\Debug\Exceptions->errorHandler(2, 'Undefined array...', 'C:\\xampp\\htdocs...', 212)
#1 C:\xampp\htdocs\catalcaferhatlartatakip\system\CodeIgniter.php(928): App\Controllers\Home->yoklama_view()
#2 C:\xampp\htdocs\catalcaferhatlartatakip\system\CodeIgniter.php(436): CodeIgniter\CodeIgniter->runController(Object(App\Controllers\Home))
#3 C:\xampp\htdocs\catalcaferhatlartatakip\system\CodeIgniter.php(336): CodeIgniter\CodeIgniter->handleRequest(NULL, Object(Config\Cache), false)
#4 C:\xampp\htdocs\catalcaferhatlartatakip\index.php(37): CodeIgniter\CodeIgniter->run()
#5 {main}
CRITICAL - 2022-08-18 16:14:47 --> Undefined array key "alinmamis"
#0 C:\xampp\htdocs\catalcaferhatlartatakip\app\Controllers\Home.php(212): CodeIgniter\Debug\Exceptions->errorHandler(2, 'Undefined array...', 'C:\\xampp\\htdocs...', 212)
#1 C:\xampp\htdocs\catalcaferhatlartatakip\system\CodeIgniter.php(928): App\Controllers\Home->yoklama_view()
#2 C:\xampp\htdocs\catalcaferhatlartatakip\system\CodeIgniter.php(436): CodeIgniter\CodeIgniter->runController(Object(App\Controllers\Home))
#3 C:\xampp\htdocs\catalcaferhatlartatakip\system\CodeIgniter.php(336): CodeIgniter\CodeIgniter->handleRequest(NULL, Object(Config\Cache), false)
#4 C:\xampp\htdocs\catalcaferhatlartatakip\index.php(37): CodeIgniter\CodeIgniter->run()
#5 {main}
CRITICAL - 2022-08-18 16:14:48 --> Undefined array key "alinmamis"
#0 C:\xampp\htdocs\catalcaferhatlartatakip\app\Controllers\Home.php(212): CodeIgniter\Debug\Exceptions->errorHandler(2, 'Undefined array...', 'C:\\xampp\\htdocs...', 212)
#1 C:\xampp\htdocs\catalcaferhatlartatakip\system\CodeIgniter.php(928): App\Controllers\Home->yoklama_view()
#2 C:\xampp\htdocs\catalcaferhatlartatakip\system\CodeIgniter.php(436): CodeIgniter\CodeIgniter->runController(Object(App\Controllers\Home))
#3 C:\xampp\htdocs\catalcaferhatlartatakip\system\CodeIgniter.php(336): CodeIgniter\CodeIgniter->handleRequest(NULL, Object(Config\Cache), false)
#4 C:\xampp\htdocs\catalcaferhatlartatakip\index.php(37): CodeIgniter\CodeIgniter->run()
#5 {main}
CRITICAL - 2022-08-18 16:14:48 --> Undefined array key "alinmamis"
#0 C:\xampp\htdocs\catalcaferhatlartatakip\app\Controllers\Home.php(212): CodeIgniter\Debug\Exceptions->errorHandler(2, 'Undefined array...', 'C:\\xampp\\htdocs...', 212)
#1 C:\xampp\htdocs\catalcaferhatlartatakip\system\CodeIgniter.php(928): App\Controllers\Home->yoklama_view()
#2 C:\xampp\htdocs\catalcaferhatlartatakip\system\CodeIgniter.php(436): CodeIgniter\CodeIgniter->runController(Object(App\Controllers\Home))
#3 C:\xampp\htdocs\catalcaferhatlartatakip\system\CodeIgniter.php(336): CodeIgniter\CodeIgniter->handleRequest(NULL, Object(Config\Cache), false)
#4 C:\xampp\htdocs\catalcaferhatlartatakip\index.php(37): CodeIgniter\CodeIgniter->run()
#5 {main}
CRITICAL - 2022-08-18 16:20:34 --> Cannot access offset of type string on string
#0 C:\xampp\htdocs\catalcaferhatlartatakip\system\View\View.php(230): include()
#1 C:\xampp\htdocs\catalcaferhatlartatakip\system\View\View.php(232): CodeIgniter\View\View->CodeIgniter\View\{closure}()
#2 C:\xampp\htdocs\catalcaferhatlartatakip\system\Common.php(1271): CodeIgniter\View\View->render('yoklama', Array, true)
#3 C:\xampp\htdocs\catalcaferhatlartatakip\app\Controllers\Home.php(213): view('yoklama', Array)
#4 C:\xampp\htdocs\catalcaferhatlartatakip\system\CodeIgniter.php(928): App\Controllers\Home->yoklama_view()
#5 C:\xampp\htdocs\catalcaferhatlartatakip\system\CodeIgniter.php(436): CodeIgniter\CodeIgniter->runController(Object(App\Controllers\Home))
#6 C:\xampp\htdocs\catalcaferhatlartatakip\system\CodeIgniter.php(336): CodeIgniter\CodeIgniter->handleRequest(NULL, Object(Config\Cache), false)
#7 C:\xampp\htdocs\catalcaferhatlartatakip\index.php(37): CodeIgniter\CodeIgniter->run()
#8 {main}
CRITICAL - 2022-08-18 16:33:40 --> Array to string conversion
#0 [internal function]: CodeIgniter\Debug\Exceptions->errorHandler(2, 'Array to string...', 'C:\\xampp\\htdocs...', 213)
#1 C:\xampp\htdocs\catalcaferhatlartatakip\app\Controllers\Home.php(213): array_diff(Array, Array)
#2 C:\xampp\htdocs\catalcaferhatlartatakip\system\CodeIgniter.php(928): App\Controllers\Home->yoklama_view()
#3 C:\xampp\htdocs\catalcaferhatlartatakip\system\CodeIgniter.php(436): CodeIgniter\CodeIgniter->runController(Object(App\Controllers\Home))
#4 C:\xampp\htdocs\catalcaferhatlartatakip\system\CodeIgniter.php(336): CodeIgniter\CodeIgniter->handleRequest(NULL, Object(Config\Cache), false)
#5 C:\xampp\htdocs\catalcaferhatlartatakip\index.php(37): CodeIgniter\CodeIgniter->run()
#6 {main}
CRITICAL - 2022-08-18 16:33:42 --> Array to string conversion
#0 [internal function]: CodeIgniter\Debug\Exceptions->errorHandler(2, 'Array to string...', 'C:\\xampp\\htdocs...', 213)
#1 C:\xampp\htdocs\catalcaferhatlartatakip\app\Controllers\Home.php(213): array_diff(Array, Array)
#2 C:\xampp\htdocs\catalcaferhatlartatakip\system\CodeIgniter.php(928): App\Controllers\Home->yoklama_view()
#3 C:\xampp\htdocs\catalcaferhatlartatakip\system\CodeIgniter.php(436): CodeIgniter\CodeIgniter->runController(Object(App\Controllers\Home))
#4 C:\xampp\htdocs\catalcaferhatlartatakip\system\CodeIgniter.php(336): CodeIgniter\CodeIgniter->handleRequest(NULL, Object(Config\Cache), false)
#5 C:\xampp\htdocs\catalcaferhatlartatakip\index.php(37): CodeIgniter\CodeIgniter->run()
#6 {main}
CRITICAL - 2022-08-18 16:34:41 --> Array to string conversion
#0 [internal function]: CodeIgniter\Debug\Exceptions->errorHandler(2, 'Array to string...', 'C:\\xampp\\htdocs...', 213)
#1 C:\xampp\htdocs\catalcaferhatlartatakip\app\Controllers\Home.php(213): array_diff(Array, Array)
#2 C:\xampp\htdocs\catalcaferhatlartatakip\system\CodeIgniter.php(928): App\Controllers\Home->yoklama_view()
#3 C:\xampp\htdocs\catalcaferhatlartatakip\system\CodeIgniter.php(436): CodeIgniter\CodeIgniter->runController(Object(App\Controllers\Home))
#4 C:\xampp\htdocs\catalcaferhatlartatakip\system\CodeIgniter.php(336): CodeIgniter\CodeIgniter->handleRequest(NULL, Object(Config\Cache), false)
#5 C:\xampp\htdocs\catalcaferhatlartatakip\index.php(37): CodeIgniter\CodeIgniter->run()
#6 {main}
CRITICAL - 2022-08-18 16:34:42 --> Array to string conversion
#0 [internal function]: CodeIgniter\Debug\Exceptions->errorHandler(2, 'Array to string...', 'C:\\xampp\\htdocs...', 213)
#1 C:\xampp\htdocs\catalcaferhatlartatakip\app\Controllers\Home.php(213): array_diff(Array, Array)
#2 C:\xampp\htdocs\catalcaferhatlartatakip\system\CodeIgniter.php(928): App\Controllers\Home->yoklama_view()
#3 C:\xampp\htdocs\catalcaferhatlartatakip\system\CodeIgniter.php(436): CodeIgniter\CodeIgniter->runController(Object(App\Controllers\Home))
#4 C:\xampp\htdocs\catalcaferhatlartatakip\system\CodeIgniter.php(336): CodeIgniter\CodeIgniter->handleRequest(NULL, Object(Config\Cache), false)
#5 C:\xampp\htdocs\catalcaferhatlartatakip\index.php(37): CodeIgniter\CodeIgniter->run()
#6 {main}
CRITICAL - 2022-08-18 16:34:42 --> Array to string conversion
#0 [internal function]: CodeIgniter\Debug\Exceptions->errorHandler(2, 'Array to string...', 'C:\\xampp\\htdocs...', 213)
#1 C:\xampp\htdocs\catalcaferhatlartatakip\app\Controllers\Home.php(213): array_diff(Array, Array)
#2 C:\xampp\htdocs\catalcaferhatlartatakip\system\CodeIgniter.php(928): App\Controllers\Home->yoklama_view()
#3 C:\xampp\htdocs\catalcaferhatlartatakip\system\CodeIgniter.php(436): CodeIgniter\CodeIgniter->runController(Object(App\Controllers\Home))
#4 C:\xampp\htdocs\catalcaferhatlartatakip\system\CodeIgniter.php(336): CodeIgniter\CodeIgniter->handleRequest(NULL, Object(Config\Cache), false)
#5 C:\xampp\htdocs\catalcaferhatlartatakip\index.php(37): CodeIgniter\CodeIgniter->run()
#6 {main}
CRITICAL - 2022-08-18 16:34:44 --> Array to string conversion
#0 [internal function]: CodeIgniter\Debug\Exceptions->errorHandler(2, 'Array to string...', 'C:\\xampp\\htdocs...', 213)
#1 C:\xampp\htdocs\catalcaferhatlartatakip\app\Controllers\Home.php(213): array_diff(Array, Array)
#2 C:\xampp\htdocs\catalcaferhatlartatakip\system\CodeIgniter.php(928): App\Controllers\Home->yoklama_view()
#3 C:\xampp\htdocs\catalcaferhatlartatakip\system\CodeIgniter.php(436): CodeIgniter\CodeIgniter->runController(Object(App\Controllers\Home))
#4 C:\xampp\htdocs\catalcaferhatlartatakip\system\CodeIgniter.php(336): CodeIgniter\CodeIgniter->handleRequest(NULL, Object(Config\Cache), false)
#5 C:\xampp\htdocs\catalcaferhatlartatakip\index.php(37): CodeIgniter\CodeIgniter->run()
#6 {main}
CRITICAL - 2022-08-18 16:35:55 --> Array to string conversion
#0 [internal function]: CodeIgniter\Debug\Exceptions->errorHandler(2, 'Array to string...', 'C:\\xampp\\htdocs...', 214)
#1 C:\xampp\htdocs\catalcaferhatlartatakip\app\Controllers\Home.php(214): array_diff(Array, Array)
#2 C:\xampp\htdocs\catalcaferhatlartatakip\system\CodeIgniter.php(928): App\Controllers\Home->yoklama_view()
#3 C:\xampp\htdocs\catalcaferhatlartatakip\system\CodeIgniter.php(436): CodeIgniter\CodeIgniter->runController(Object(App\Controllers\Home))
#4 C:\xampp\htdocs\catalcaferhatlartatakip\system\CodeIgniter.php(336): CodeIgniter\CodeIgniter->handleRequest(NULL, Object(Config\Cache), false)
#5 C:\xampp\htdocs\catalcaferhatlartatakip\index.php(37): CodeIgniter\CodeIgniter->run()
#6 {main}
CRITICAL - 2022-08-18 16:35:56 --> Array to string conversion
#0 [internal function]: CodeIgniter\Debug\Exceptions->errorHandler(2, 'Array to string...', 'C:\\xampp\\htdocs...', 214)
#1 C:\xampp\htdocs\catalcaferhatlartatakip\app\Controllers\Home.php(214): array_diff(Array, Array)
#2 C:\xampp\htdocs\catalcaferhatlartatakip\system\CodeIgniter.php(928): App\Controllers\Home->yoklama_view()
#3 C:\xampp\htdocs\catalcaferhatlartatakip\system\CodeIgniter.php(436): CodeIgniter\CodeIgniter->runController(Object(App\Controllers\Home))
#4 C:\xampp\htdocs\catalcaferhatlartatakip\system\CodeIgniter.php(336): CodeIgniter\CodeIgniter->handleRequest(NULL, Object(Config\Cache), false)
#5 C:\xampp\htdocs\catalcaferhatlartatakip\index.php(37): CodeIgniter\CodeIgniter->run()
#6 {main}
CRITICAL - 2022-08-18 16:39:44 --> syntax error, unexpected identifier "print_r", expecting "," or ";"
#0 C:\xampp\htdocs\catalcaferhatlartatakip\system\Router\Router.php(169): CodeIgniter\Router\Router->autoRoute('home/yoklama_vi...')
#1 C:\xampp\htdocs\catalcaferhatlartatakip\system\CodeIgniter.php(809): CodeIgniter\Router\Router->handle('home/yoklama_vi...')
#2 C:\xampp\htdocs\catalcaferhatlartatakip\system\CodeIgniter.php(389): CodeIgniter\CodeIgniter->tryToRouteIt(Object(CodeIgniter\Router\RouteCollection))
#3 C:\xampp\htdocs\catalcaferhatlartatakip\system\CodeIgniter.php(336): CodeIgniter\CodeIgniter->handleRequest(NULL, Object(Config\Cache), false)
#4 C:\xampp\htdocs\catalcaferhatlartatakip\index.php(37): CodeIgniter\CodeIgniter->run()
#5 {main}
CRITICAL - 2022-08-18 16:40:55 --> Undefined array key "aktif_programlar"
#0 C:\xampp\htdocs\catalcaferhatlartatakip\app\Controllers\Home.php(203): CodeIgniter\Debug\Exceptions->errorHandler(2, 'Undefined array...', 'C:\\xampp\\htdocs...', 203)
#1 C:\xampp\htdocs\catalcaferhatlartatakip\system\CodeIgniter.php(928): App\Controllers\Home->yoklama_view()
#2 C:\xampp\htdocs\catalcaferhatlartatakip\system\CodeIgniter.php(436): CodeIgniter\CodeIgniter->runController(Object(App\Controllers\Home))
#3 C:\xampp\htdocs\catalcaferhatlartatakip\system\CodeIgniter.php(336): CodeIgniter\CodeIgniter->handleRequest(NULL, Object(Config\Cache), false)
#4 C:\xampp\htdocs\catalcaferhatlartatakip\index.php(37): CodeIgniter\CodeIgniter->run()
#5 {main}
CRITICAL - 2022-08-18 16:41:08 --> print_r() expects at least 1 argument, 0 given
#0 C:\xampp\htdocs\catalcaferhatlartatakip\app\Controllers\Home.php(209): print_r()
#1 C:\xampp\htdocs\catalcaferhatlartatakip\system\CodeIgniter.php(928): App\Controllers\Home->yoklama_view()
#2 C:\xampp\htdocs\catalcaferhatlartatakip\system\CodeIgniter.php(436): CodeIgniter\CodeIgniter->runController(Object(App\Controllers\Home))
#3 C:\xampp\htdocs\catalcaferhatlartatakip\system\CodeIgniter.php(336): CodeIgniter\CodeIgniter->handleRequest(NULL, Object(Config\Cache), false)
#4 C:\xampp\htdocs\catalcaferhatlartatakip\index.php(37): CodeIgniter\CodeIgniter->run()
#5 {main}
CRITICAL - 2022-08-18 16:41:18 --> print_r() expects at least 1 argument, 0 given
#0 C:\xampp\htdocs\catalcaferhatlartatakip\app\Controllers\Home.php(208): print_r()
#1 C:\xampp\htdocs\catalcaferhatlartatakip\system\CodeIgniter.php(928): App\Controllers\Home->yoklama_view()
#2 C:\xampp\htdocs\catalcaferhatlartatakip\system\CodeIgniter.php(436): CodeIgniter\CodeIgniter->runController(Object(App\Controllers\Home))
#3 C:\xampp\htdocs\catalcaferhatlartatakip\system\CodeIgniter.php(336): CodeIgniter\CodeIgniter->handleRequest(NULL, Object(Config\Cache), false)
#4 C:\xampp\htdocs\catalcaferhatlartatakip\index.php(37): CodeIgniter\CodeIgniter->run()
#5 {main}
CRITICAL - 2022-08-18 16:41:19 --> print_r() expects at least 1 argument, 0 given
#0 C:\xampp\htdocs\catalcaferhatlartatakip\app\Controllers\Home.php(208): print_r()
#1 C:\xampp\htdocs\catalcaferhatlartatakip\system\CodeIgniter.php(928): App\Controllers\Home->yoklama_view()
#2 C:\xampp\htdocs\catalcaferhatlartatakip\system\CodeIgniter.php(436): CodeIgniter\CodeIgniter->runController(Object(App\Controllers\Home))
#3 C:\xampp\htdocs\catalcaferhatlartatakip\system\CodeIgniter.php(336): CodeIgniter\CodeIgniter->handleRequest(NULL, Object(Config\Cache), false)
#4 C:\xampp\htdocs\catalcaferhatlartatakip\index.php(37): CodeIgniter\CodeIgniter->run()
#5 {main}
CRITICAL - 2022-08-18 16:41:19 --> print_r() expects at least 1 argument, 0 given
#0 C:\xampp\htdocs\catalcaferhatlartatakip\app\Controllers\Home.php(208): print_r()
#1 C:\xampp\htdocs\catalcaferhatlartatakip\system\CodeIgniter.php(928): App\Controllers\Home->yoklama_view()
#2 C:\xampp\htdocs\catalcaferhatlartatakip\system\CodeIgniter.php(436): CodeIgniter\CodeIgniter->runController(Object(App\Controllers\Home))
#3 C:\xampp\htdocs\catalcaferhatlartatakip\system\CodeIgniter.php(336): CodeIgniter\CodeIgniter->handleRequest(NULL, Object(Config\Cache), false)
#4 C:\xampp\htdocs\catalcaferhatlartatakip\index.php(37): CodeIgniter\CodeIgniter->run()
#5 {main}
CRITICAL - 2022-08-18 16:41:19 --> print_r() expects at least 1 argument, 0 given
#0 C:\xampp\htdocs\catalcaferhatlartatakip\app\Controllers\Home.php(208): print_r()
#1 C:\xampp\htdocs\catalcaferhatlartatakip\system\CodeIgniter.php(928): App\Controllers\Home->yoklama_view()
#2 C:\xampp\htdocs\catalcaferhatlartatakip\system\CodeIgniter.php(436): CodeIgniter\CodeIgniter->runController(Object(App\Controllers\Home))
#3 C:\xampp\htdocs\catalcaferhatlartatakip\system\CodeIgniter.php(336): CodeIgniter\CodeIgniter->handleRequest(NULL, Object(Config\Cache), false)
#4 C:\xampp\htdocs\catalcaferhatlartatakip\index.php(37): CodeIgniter\CodeIgniter->run()
#5 {main}
CRITICAL - 2022-08-18 17:09:14 --> Undefined array key "aktşf_program"
#0 C:\xampp\htdocs\catalcaferhatlartatakip\app\Controllers\Home.php(210): CodeIgniter\Debug\Exceptions->errorHandler(2, 'Undefined array...', 'C:\\xampp\\htdocs...', 210)
#1 C:\xampp\htdocs\catalcaferhatlartatakip\system\CodeIgniter.php(928): App\Controllers\Home->yoklama_view()
#2 C:\xampp\htdocs\catalcaferhatlartatakip\system\CodeIgniter.php(436): CodeIgniter\CodeIgniter->runController(Object(App\Controllers\Home))
#3 C:\xampp\htdocs\catalcaferhatlartatakip\system\CodeIgniter.php(336): CodeIgniter\CodeIgniter->handleRequest(NULL, Object(Config\Cache), false)
#4 C:\xampp\htdocs\catalcaferhatlartatakip\index.php(37): CodeIgniter\CodeIgniter->run()
#5 {main}
CRITICAL - 2022-08-18 17:09:55 --> Undefined array key "p_id"
#0 C:\xampp\htdocs\catalcaferhatlartatakip\app\Controllers\Home.php(210): CodeIgniter\Debug\Exceptions->errorHandler(2, 'Undefined array...', 'C:\\xampp\\htdocs...', 210)
#1 C:\xampp\htdocs\catalcaferhatlartatakip\system\CodeIgniter.php(928): App\Controllers\Home->yoklama_view()
#2 C:\xampp\htdocs\catalcaferhatlartatakip\system\CodeIgniter.php(436): CodeIgniter\CodeIgniter->runController(Object(App\Controllers\Home))
#3 C:\xampp\htdocs\catalcaferhatlartatakip\system\CodeIgniter.php(336): CodeIgniter\CodeIgniter->handleRequest(NULL, Object(Config\Cache), false)
#4 C:\xampp\htdocs\catalcaferhatlartatakip\index.php(37): CodeIgniter\CodeIgniter->run()
#5 {main}
CRITICAL - 2022-08-18 17:09:56 --> Undefined array key "p_id"
#0 C:\xampp\htdocs\catalcaferhatlartatakip\app\Controllers\Home.php(210): CodeIgniter\Debug\Exceptions->errorHandler(2, 'Undefined array...', 'C:\\xampp\\htdocs...', 210)
#1 C:\xampp\htdocs\catalcaferhatlartatakip\system\CodeIgniter.php(928): App\Controllers\Home->yoklama_view()
#2 C:\xampp\htdocs\catalcaferhatlartatakip\system\CodeIgniter.php(436): CodeIgniter\CodeIgniter->runController(Object(App\Controllers\Home))
#3 C:\xampp\htdocs\catalcaferhatlartatakip\system\CodeIgniter.php(336): CodeIgniter\CodeIgniter->handleRequest(NULL, Object(Config\Cache), false)
#4 C:\xampp\htdocs\catalcaferhatlartatakip\index.php(37): CodeIgniter\CodeIgniter->run()
#5 {main}
CRITICAL - 2022-08-18 17:09:56 --> Undefined array key "p_id"
#0 C:\xampp\htdocs\catalcaferhatlartatakip\app\Controllers\Home.php(210): CodeIgniter\Debug\Exceptions->errorHandler(2, 'Undefined array...', 'C:\\xampp\\htdocs...', 210)
#1 C:\xampp\htdocs\catalcaferhatlartatakip\system\CodeIgniter.php(928): App\Controllers\Home->yoklama_view()
#2 C:\xampp\htdocs\catalcaferhatlartatakip\system\CodeIgniter.php(436): CodeIgniter\CodeIgniter->runController(Object(App\Controllers\Home))
#3 C:\xampp\htdocs\catalcaferhatlartatakip\system\CodeIgniter.php(336): CodeIgniter\CodeIgniter->handleRequest(NULL, Object(Config\Cache), false)
#4 C:\xampp\htdocs\catalcaferhatlartatakip\index.php(37): CodeIgniter\CodeIgniter->run()
#5 {main}
CRITICAL - 2022-08-18 17:09:56 --> Undefined array key "p_id"
#0 C:\xampp\htdocs\catalcaferhatlartatakip\app\Controllers\Home.php(210): CodeIgniter\Debug\Exceptions->errorHandler(2, 'Undefined array...', 'C:\\xampp\\htdocs...', 210)
#1 C:\xampp\htdocs\catalcaferhatlartatakip\system\CodeIgniter.php(928): App\Controllers\Home->yoklama_view()
#2 C:\xampp\htdocs\catalcaferhatlartatakip\system\CodeIgniter.php(436): CodeIgniter\CodeIgniter->runController(Object(App\Controllers\Home))
#3 C:\xampp\htdocs\catalcaferhatlartatakip\system\CodeIgniter.php(336): CodeIgniter\CodeIgniter->handleRequest(NULL, Object(Config\Cache), false)
#4 C:\xampp\htdocs\catalcaferhatlartatakip\index.php(37): CodeIgniter\CodeIgniter->run()
#5 {main}
CRITICAL - 2022-08-18 17:12:29 --> Undefined array key "p_id"
#0 C:\xampp\htdocs\catalcaferhatlartatakip\app\Controllers\Home.php(210): CodeIgniter\Debug\Exceptions->errorHandler(2, 'Undefined array...', 'C:\\xampp\\htdocs...', 210)
#1 C:\xampp\htdocs\catalcaferhatlartatakip\system\CodeIgniter.php(928): App\Controllers\Home->yoklama_view()
#2 C:\xampp\htdocs\catalcaferhatlartatakip\system\CodeIgniter.php(436): CodeIgniter\CodeIgniter->runController(Object(App\Controllers\Home))
#3 C:\xampp\htdocs\catalcaferhatlartatakip\system\CodeIgniter.php(336): CodeIgniter\CodeIgniter->handleRequest(NULL, Object(Config\Cache), false)
#4 C:\xampp\htdocs\catalcaferhatlartatakip\index.php(37): CodeIgniter\CodeIgniter->run()
#5 {main}
CRITICAL - 2022-08-18 17:18:01 --> Undefined array key 3
#0 C:\xampp\htdocs\catalcaferhatlartatakip\app\Controllers\Home.php(203): CodeIgniter\Debug\Exceptions->errorHandler(2, 'Undefined array...', 'C:\\xampp\\htdocs...', 203)
#1 C:\xampp\htdocs\catalcaferhatlartatakip\system\CodeIgniter.php(928): App\Controllers\Home->yoklama_view()
#2 C:\xampp\htdocs\catalcaferhatlartatakip\system\CodeIgniter.php(436): CodeIgniter\CodeIgniter->runController(Object(App\Controllers\Home))
#3 C:\xampp\htdocs\catalcaferhatlartatakip\system\CodeIgniter.php(336): CodeIgniter\CodeIgniter->handleRequest(NULL, Object(Config\Cache), false)
#4 C:\xampp\htdocs\catalcaferhatlartatakip\index.php(37): CodeIgniter\CodeIgniter->run()
#5 {main}
CRITICAL - 2022-08-18 17:18:04 --> Undefined array key 3
#0 C:\xampp\htdocs\catalcaferhatlartatakip\app\Controllers\Home.php(203): CodeIgniter\Debug\Exceptions->errorHandler(2, 'Undefined array...', 'C:\\xampp\\htdocs...', 203)
#1 C:\xampp\htdocs\catalcaferhatlartatakip\system\CodeIgniter.php(928): App\Controllers\Home->yoklama_view()
#2 C:\xampp\htdocs\catalcaferhatlartatakip\system\CodeIgniter.php(436): CodeIgniter\CodeIgniter->runController(Object(App\Controllers\Home))
#3 C:\xampp\htdocs\catalcaferhatlartatakip\system\CodeIgniter.php(336): CodeIgniter\CodeIgniter->handleRequest(NULL, Object(Config\Cache), false)
#4 C:\xampp\htdocs\catalcaferhatlartatakip\index.php(37): CodeIgniter\CodeIgniter->run()
#5 {main}
