CRITICAL - 2022-01-31 22:01:39 --> The framework needs the following extension(s) installed and loaded: intl.
#0 /home/u0521406/public_html/system/CodeIgniter.php(228): CodeIgniter\Exceptions\FrameworkException::forMissingExtension('intl')
#1 /home/u0521406/public_html/system/CodeIgniter.php(180): CodeIgniter\CodeIgniter->resolvePlatformExtensions()
#2 /home/u0521406/public_html/system/bootstrap.php(157): CodeIgniter\CodeIgniter->initialize()
#3 /home/u0521406/public_html/index.php(28): require('/home/u0521406/...')
#4 {main}
CRITICAL - 2022-01-31 22:01:48 --> The framework needs the following extension(s) installed and loaded: intl.
#0 /home/u0521406/public_html/system/CodeIgniter.php(228): CodeIgniter\Exceptions\FrameworkException::forMissingExtension('intl')
#1 /home/u0521406/public_html/system/CodeIgniter.php(180): CodeIgniter\CodeIgniter->resolvePlatformExtensions()
#2 /home/u0521406/public_html/system/bootstrap.php(157): CodeIgniter\CodeIgniter->initialize()
#3 /home/u0521406/public_html/index.php(28): require('/home/u0521406/...')
#4 {main}
CRITICAL - 2022-01-31 22:01:49 --> The framework needs the following extension(s) installed and loaded: intl.
#0 /home/u0521406/public_html/system/CodeIgniter.php(228): CodeIgniter\Exceptions\FrameworkException::forMissingExtension('intl')
#1 /home/u0521406/public_html/system/CodeIgniter.php(180): CodeIgniter\CodeIgniter->resolvePlatformExtensions()
#2 /home/u0521406/public_html/system/bootstrap.php(157): CodeIgniter\CodeIgniter->initialize()
#3 /home/u0521406/public_html/index.php(28): require('/home/u0521406/...')
#4 {main}
CRITICAL - 2022-01-31 22:01:50 --> The framework needs the following extension(s) installed and loaded: intl.
#0 /home/u0521406/public_html/system/CodeIgniter.php(228): CodeIgniter\Exceptions\FrameworkException::forMissingExtension('intl')
#1 /home/u0521406/public_html/system/CodeIgniter.php(180): CodeIgniter\CodeIgniter->resolvePlatformExtensions()
#2 /home/u0521406/public_html/system/bootstrap.php(157): CodeIgniter\CodeIgniter->initialize()
#3 /home/u0521406/public_html/index.php(28): require('/home/u0521406/...')
#4 {main}
CRITICAL - 2022-01-31 22:01:50 --> The framework needs the following extension(s) installed and loaded: intl.
#0 /home/u0521406/public_html/system/CodeIgniter.php(228): CodeIgniter\Exceptions\FrameworkException::forMissingExtension('intl')
#1 /home/u0521406/public_html/system/CodeIgniter.php(180): CodeIgniter\CodeIgniter->resolvePlatformExtensions()
#2 /home/u0521406/public_html/system/bootstrap.php(157): CodeIgniter\CodeIgniter->initialize()
#3 /home/u0521406/public_html/index.php(28): require('/home/u0521406/...')
#4 {main}
CRITICAL - 2022-01-31 22:01:50 --> The framework needs the following extension(s) installed and loaded: intl.
#0 /home/u0521406/public_html/system/CodeIgniter.php(228): CodeIgniter\Exceptions\FrameworkException::forMissingExtension('intl')
#1 /home/u0521406/public_html/system/CodeIgniter.php(180): CodeIgniter\CodeIgniter->resolvePlatformExtensions()
#2 /home/u0521406/public_html/system/bootstrap.php(157): CodeIgniter\CodeIgniter->initialize()
#3 /home/u0521406/public_html/index.php(28): require('/home/u0521406/...')
#4 {main}
CRITICAL - 2022-01-31 22:03:44 --> The framework needs the following extension(s) installed and loaded: intl.
#0 /home/u0521406/public_html/system/CodeIgniter.php(228): CodeIgniter\Exceptions\FrameworkException::forMissingExtension('intl')
#1 /home/u0521406/public_html/system/CodeIgniter.php(180): CodeIgniter\CodeIgniter->resolvePlatformExtensions()
#2 /home/u0521406/public_html/system/bootstrap.php(157): CodeIgniter\CodeIgniter->initialize()
#3 /home/u0521406/public_html/index.php(28): require('/home/u0521406/...')
#4 {main}
CRITICAL - 2022-01-31 22:03:45 --> The framework needs the following extension(s) installed and loaded: intl.
#0 /home/u0521406/public_html/system/CodeIgniter.php(228): CodeIgniter\Exceptions\FrameworkException::forMissingExtension('intl')
#1 /home/u0521406/public_html/system/CodeIgniter.php(180): CodeIgniter\CodeIgniter->resolvePlatformExtensions()
#2 /home/u0521406/public_html/system/bootstrap.php(157): CodeIgniter\CodeIgniter->initialize()
#3 /home/u0521406/public_html/index.php(28): require('/home/u0521406/...')
#4 {main}
CRITICAL - 2022-01-31 22:03:46 --> The framework needs the following extension(s) installed and loaded: intl.
#0 /home/u0521406/public_html/system/CodeIgniter.php(228): CodeIgniter\Exceptions\FrameworkException::forMissingExtension('intl')
#1 /home/u0521406/public_html/system/CodeIgniter.php(180): CodeIgniter\CodeIgniter->resolvePlatformExtensions()
#2 /home/u0521406/public_html/system/bootstrap.php(157): CodeIgniter\CodeIgniter->initialize()
#3 /home/u0521406/public_html/index.php(28): require('/home/u0521406/...')
#4 {main}
CRITICAL - 2022-01-31 22:03:46 --> The framework needs the following extension(s) installed and loaded: intl.
#0 /home/u0521406/public_html/system/CodeIgniter.php(228): CodeIgniter\Exceptions\FrameworkException::forMissingExtension('intl')
#1 /home/u0521406/public_html/system/CodeIgniter.php(180): CodeIgniter\CodeIgniter->resolvePlatformExtensions()
#2 /home/u0521406/public_html/system/bootstrap.php(157): CodeIgniter\CodeIgniter->initialize()
#3 /home/u0521406/public_html/index.php(28): require('/home/u0521406/...')
#4 {main}
CRITICAL - 2022-01-31 22:03:46 --> The framework needs the following extension(s) installed and loaded: intl.
#0 /home/u0521406/public_html/system/CodeIgniter.php(228): CodeIgniter\Exceptions\FrameworkException::forMissingExtension('intl')
#1 /home/u0521406/public_html/system/CodeIgniter.php(180): CodeIgniter\CodeIgniter->resolvePlatformExtensions()
#2 /home/u0521406/public_html/system/bootstrap.php(157): CodeIgniter\CodeIgniter->initialize()
#3 /home/u0521406/public_html/index.php(28): require('/home/u0521406/...')
#4 {main}
CRITICAL - 2022-01-31 22:03:46 --> The framework needs the following extension(s) installed and loaded: intl.
#0 /home/u0521406/public_html/system/CodeIgniter.php(228): CodeIgniter\Exceptions\FrameworkException::forMissingExtension('intl')
#1 /home/u0521406/public_html/system/CodeIgniter.php(180): CodeIgniter\CodeIgniter->resolvePlatformExtensions()
#2 /home/u0521406/public_html/system/bootstrap.php(157): CodeIgniter\CodeIgniter->initialize()
#3 /home/u0521406/public_html/index.php(28): require('/home/u0521406/...')
#4 {main}
CRITICAL - 2022-01-31 22:04:24 --> The framework needs the following extension(s) installed and loaded: intl.
#0 /home/u0521406/public_html/system/CodeIgniter.php(228): CodeIgniter\Exceptions\FrameworkException::forMissingExtension('intl')
#1 /home/u0521406/public_html/system/CodeIgniter.php(180): CodeIgniter\CodeIgniter->resolvePlatformExtensions()
#2 /home/u0521406/public_html/system/bootstrap.php(157): CodeIgniter\CodeIgniter->initialize()
#3 /home/u0521406/public_html/index.php(28): require('/home/u0521406/...')
#4 {main}
CRITICAL - 2022-01-31 22:04:25 --> The framework needs the following extension(s) installed and loaded: intl.
#0 /home/u0521406/public_html/system/CodeIgniter.php(228): CodeIgniter\Exceptions\FrameworkException::forMissingExtension('intl')
#1 /home/u0521406/public_html/system/CodeIgniter.php(180): CodeIgniter\CodeIgniter->resolvePlatformExtensions()
#2 /home/u0521406/public_html/system/bootstrap.php(157): CodeIgniter\CodeIgniter->initialize()
#3 /home/u0521406/public_html/index.php(28): require('/home/u0521406/...')
#4 {main}
CRITICAL - 2022-01-31 22:04:25 --> The framework needs the following extension(s) installed and loaded: intl.
#0 /home/u0521406/public_html/system/CodeIgniter.php(228): CodeIgniter\Exceptions\FrameworkException::forMissingExtension('intl')
#1 /home/u0521406/public_html/system/CodeIgniter.php(180): CodeIgniter\CodeIgniter->resolvePlatformExtensions()
#2 /home/u0521406/public_html/system/bootstrap.php(157): CodeIgniter\CodeIgniter->initialize()
#3 /home/u0521406/public_html/index.php(28): require('/home/u0521406/...')
#4 {main}
CRITICAL - 2022-01-31 22:04:26 --> The framework needs the following extension(s) installed and loaded: intl.
#0 /home/u0521406/public_html/system/CodeIgniter.php(228): CodeIgniter\Exceptions\FrameworkException::forMissingExtension('intl')
#1 /home/u0521406/public_html/system/CodeIgniter.php(180): CodeIgniter\CodeIgniter->resolvePlatformExtensions()
#2 /home/u0521406/public_html/system/bootstrap.php(157): CodeIgniter\CodeIgniter->initialize()
#3 /home/u0521406/public_html/index.php(28): require('/home/u0521406/...')
#4 {main}
CRITICAL - 2022-01-31 22:04:26 --> The framework needs the following extension(s) installed and loaded: intl.
#0 /home/u0521406/public_html/system/CodeIgniter.php(228): CodeIgniter\Exceptions\FrameworkException::forMissingExtension('intl')
#1 /home/u0521406/public_html/system/CodeIgniter.php(180): CodeIgniter\CodeIgniter->resolvePlatformExtensions()
#2 /home/u0521406/public_html/system/bootstrap.php(157): CodeIgniter\CodeIgniter->initialize()
#3 /home/u0521406/public_html/index.php(28): require('/home/u0521406/...')
#4 {main}
CRITICAL - 2022-01-31 22:04:26 --> The framework needs the following extension(s) installed and loaded: intl.
#0 /home/u0521406/public_html/system/CodeIgniter.php(228): CodeIgniter\Exceptions\FrameworkException::forMissingExtension('intl')
#1 /home/u0521406/public_html/system/CodeIgniter.php(180): CodeIgniter\CodeIgniter->resolvePlatformExtensions()
#2 /home/u0521406/public_html/system/bootstrap.php(157): CodeIgniter\CodeIgniter->initialize()
#3 /home/u0521406/public_html/index.php(28): require('/home/u0521406/...')
#4 {main}
CRITICAL - 2022-01-31 22:04:26 --> The framework needs the following extension(s) installed and loaded: intl.
#0 /home/u0521406/public_html/system/CodeIgniter.php(228): CodeIgniter\Exceptions\FrameworkException::forMissingExtension('intl')
#1 /home/u0521406/public_html/system/CodeIgniter.php(180): CodeIgniter\CodeIgniter->resolvePlatformExtensions()
#2 /home/u0521406/public_html/system/bootstrap.php(157): CodeIgniter\CodeIgniter->initialize()
#3 /home/u0521406/public_html/index.php(28): require('/home/u0521406/...')
#4 {main}
CRITICAL - 2022-01-31 22:04:27 --> The framework needs the following extension(s) installed and loaded: intl.
#0 /home/u0521406/public_html/system/CodeIgniter.php(228): CodeIgniter\Exceptions\FrameworkException::forMissingExtension('intl')
#1 /home/u0521406/public_html/system/CodeIgniter.php(180): CodeIgniter\CodeIgniter->resolvePlatformExtensions()
#2 /home/u0521406/public_html/system/bootstrap.php(157): CodeIgniter\CodeIgniter->initialize()
#3 /home/u0521406/public_html/index.php(28): require('/home/u0521406/...')
#4 {main}
CRITICAL - 2022-01-31 22:04:27 --> The framework needs the following extension(s) installed and loaded: intl.
#0 /home/u0521406/public_html/system/CodeIgniter.php(228): CodeIgniter\Exceptions\FrameworkException::forMissingExtension('intl')
#1 /home/u0521406/public_html/system/CodeIgniter.php(180): CodeIgniter\CodeIgniter->resolvePlatformExtensions()
#2 /home/u0521406/public_html/system/bootstrap.php(157): CodeIgniter\CodeIgniter->initialize()
#3 /home/u0521406/public_html/index.php(28): require('/home/u0521406/...')
#4 {main}
CRITICAL - 2022-01-31 22:04:27 --> The framework needs the following extension(s) installed and loaded: intl.
#0 /home/u0521406/public_html/system/CodeIgniter.php(228): CodeIgniter\Exceptions\FrameworkException::forMissingExtension('intl')
#1 /home/u0521406/public_html/system/CodeIgniter.php(180): CodeIgniter\CodeIgniter->resolvePlatformExtensions()
#2 /home/u0521406/public_html/system/bootstrap.php(157): CodeIgniter\CodeIgniter->initialize()
#3 /home/u0521406/public_html/index.php(28): require('/home/u0521406/...')
#4 {main}
CRITICAL - 2022-01-31 22:04:27 --> The framework needs the following extension(s) installed and loaded: intl.
#0 /home/u0521406/public_html/system/CodeIgniter.php(228): CodeIgniter\Exceptions\FrameworkException::forMissingExtension('intl')
#1 /home/u0521406/public_html/system/CodeIgniter.php(180): CodeIgniter\CodeIgniter->resolvePlatformExtensions()
#2 /home/u0521406/public_html/system/bootstrap.php(157): CodeIgniter\CodeIgniter->initialize()
#3 /home/u0521406/public_html/index.php(28): require('/home/u0521406/...')
#4 {main}
CRITICAL - 2022-01-31 22:04:28 --> The framework needs the following extension(s) installed and loaded: intl.
#0 /home/u0521406/public_html/system/CodeIgniter.php(228): CodeIgniter\Exceptions\FrameworkException::forMissingExtension('intl')
#1 /home/u0521406/public_html/system/CodeIgniter.php(180): CodeIgniter\CodeIgniter->resolvePlatformExtensions()
#2 /home/u0521406/public_html/system/bootstrap.php(157): CodeIgniter\CodeIgniter->initialize()
#3 /home/u0521406/public_html/index.php(28): require('/home/u0521406/...')
#4 {main}
CRITICAL - 2022-01-31 22:04:28 --> The framework needs the following extension(s) installed and loaded: intl.
#0 /home/u0521406/public_html/system/CodeIgniter.php(228): CodeIgniter\Exceptions\FrameworkException::forMissingExtension('intl')
#1 /home/u0521406/public_html/system/CodeIgniter.php(180): CodeIgniter\CodeIgniter->resolvePlatformExtensions()
#2 /home/u0521406/public_html/system/bootstrap.php(157): CodeIgniter\CodeIgniter->initialize()
#3 /home/u0521406/public_html/index.php(28): require('/home/u0521406/...')
#4 {main}
CRITICAL - 2022-01-31 22:04:28 --> The framework needs the following extension(s) installed and loaded: intl.
#0 /home/u0521406/public_html/system/CodeIgniter.php(228): CodeIgniter\Exceptions\FrameworkException::forMissingExtension('intl')
#1 /home/u0521406/public_html/system/CodeIgniter.php(180): CodeIgniter\CodeIgniter->resolvePlatformExtensions()
#2 /home/u0521406/public_html/system/bootstrap.php(157): CodeIgniter\CodeIgniter->initialize()
#3 /home/u0521406/public_html/index.php(28): require('/home/u0521406/...')
#4 {main}
CRITICAL - 2022-01-31 22:04:28 --> The framework needs the following extension(s) installed and loaded: intl.
#0 /home/u0521406/public_html/system/CodeIgniter.php(228): CodeIgniter\Exceptions\FrameworkException::forMissingExtension('intl')
#1 /home/u0521406/public_html/system/CodeIgniter.php(180): CodeIgniter\CodeIgniter->resolvePlatformExtensions()
#2 /home/u0521406/public_html/system/bootstrap.php(157): CodeIgniter\CodeIgniter->initialize()
#3 /home/u0521406/public_html/index.php(28): require('/home/u0521406/...')
#4 {main}
CRITICAL - 2022-01-31 22:04:28 --> The framework needs the following extension(s) installed and loaded: intl.
#0 /home/u0521406/public_html/system/CodeIgniter.php(228): CodeIgniter\Exceptions\FrameworkException::forMissingExtension('intl')
#1 /home/u0521406/public_html/system/CodeIgniter.php(180): CodeIgniter\CodeIgniter->resolvePlatformExtensions()
#2 /home/u0521406/public_html/system/bootstrap.php(157): CodeIgniter\CodeIgniter->initialize()
#3 /home/u0521406/public_html/index.php(28): require('/home/u0521406/...')
#4 {main}
CRITICAL - 2022-01-31 22:04:29 --> The framework needs the following extension(s) installed and loaded: intl.
#0 /home/u0521406/public_html/system/CodeIgniter.php(228): CodeIgniter\Exceptions\FrameworkException::forMissingExtension('intl')
#1 /home/u0521406/public_html/system/CodeIgniter.php(180): CodeIgniter\CodeIgniter->resolvePlatformExtensions()
#2 /home/u0521406/public_html/system/bootstrap.php(157): CodeIgniter\CodeIgniter->initialize()
#3 /home/u0521406/public_html/index.php(28): require('/home/u0521406/...')
#4 {main}
CRITICAL - 2022-01-31 22:04:29 --> The framework needs the following extension(s) installed and loaded: intl.
#0 /home/u0521406/public_html/system/CodeIgniter.php(228): CodeIgniter\Exceptions\FrameworkException::forMissingExtension('intl')
#1 /home/u0521406/public_html/system/CodeIgniter.php(180): CodeIgniter\CodeIgniter->resolvePlatformExtensions()
#2 /home/u0521406/public_html/system/bootstrap.php(157): CodeIgniter\CodeIgniter->initialize()
#3 /home/u0521406/public_html/index.php(28): require('/home/u0521406/...')
#4 {main}
CRITICAL - 2022-01-31 22:04:29 --> The framework needs the following extension(s) installed and loaded: intl.
#0 /home/u0521406/public_html/system/CodeIgniter.php(228): CodeIgniter\Exceptions\FrameworkException::forMissingExtension('intl')
#1 /home/u0521406/public_html/system/CodeIgniter.php(180): CodeIgniter\CodeIgniter->resolvePlatformExtensions()
#2 /home/u0521406/public_html/system/bootstrap.php(157): CodeIgniter\CodeIgniter->initialize()
#3 /home/u0521406/public_html/index.php(28): require('/home/u0521406/...')
#4 {main}
CRITICAL - 2022-01-31 22:07:28 --> The framework needs the following extension(s) installed and loaded: intl.
#0 /home/u0521406/public_html/system/CodeIgniter.php(228): CodeIgniter\Exceptions\FrameworkException::forMissingExtension('intl')
#1 /home/u0521406/public_html/system/CodeIgniter.php(180): CodeIgniter\CodeIgniter->resolvePlatformExtensions()
#2 /home/u0521406/public_html/system/bootstrap.php(157): CodeIgniter\CodeIgniter->initialize()
#3 /home/u0521406/public_html/index.php(28): require('/home/u0521406/...')
#4 {main}
CRITICAL - 2022-01-31 22:07:28 --> The framework needs the following extension(s) installed and loaded: intl.
#0 /home/u0521406/public_html/system/CodeIgniter.php(228): CodeIgniter\Exceptions\FrameworkException::forMissingExtension('intl')
#1 /home/u0521406/public_html/system/CodeIgniter.php(180): CodeIgniter\CodeIgniter->resolvePlatformExtensions()
#2 /home/u0521406/public_html/system/bootstrap.php(157): CodeIgniter\CodeIgniter->initialize()
#3 /home/u0521406/public_html/index.php(28): require('/home/u0521406/...')
#4 {main}
CRITICAL - 2022-01-31 22:07:29 --> The framework needs the following extension(s) installed and loaded: intl.
#0 /home/u0521406/public_html/system/CodeIgniter.php(228): CodeIgniter\Exceptions\FrameworkException::forMissingExtension('intl')
#1 /home/u0521406/public_html/system/CodeIgniter.php(180): CodeIgniter\CodeIgniter->resolvePlatformExtensions()
#2 /home/u0521406/public_html/system/bootstrap.php(157): CodeIgniter\CodeIgniter->initialize()
#3 /home/u0521406/public_html/index.php(28): require('/home/u0521406/...')
#4 {main}
CRITICAL - 2022-01-31 22:07:29 --> The framework needs the following extension(s) installed and loaded: intl.
#0 /home/u0521406/public_html/system/CodeIgniter.php(228): CodeIgniter\Exceptions\FrameworkException::forMissingExtension('intl')
#1 /home/u0521406/public_html/system/CodeIgniter.php(180): CodeIgniter\CodeIgniter->resolvePlatformExtensions()
#2 /home/u0521406/public_html/system/bootstrap.php(157): CodeIgniter\CodeIgniter->initialize()
#3 /home/u0521406/public_html/index.php(28): require('/home/u0521406/...')
#4 {main}
CRITICAL - 2022-01-31 22:07:29 --> The framework needs the following extension(s) installed and loaded: intl.
#0 /home/u0521406/public_html/system/CodeIgniter.php(228): CodeIgniter\Exceptions\FrameworkException::forMissingExtension('intl')
#1 /home/u0521406/public_html/system/CodeIgniter.php(180): CodeIgniter\CodeIgniter->resolvePlatformExtensions()
#2 /home/u0521406/public_html/system/bootstrap.php(157): CodeIgniter\CodeIgniter->initialize()
#3 /home/u0521406/public_html/index.php(28): require('/home/u0521406/...')
#4 {main}
CRITICAL - 2022-01-31 22:07:29 --> The framework needs the following extension(s) installed and loaded: intl.
#0 /home/u0521406/public_html/system/CodeIgniter.php(228): CodeIgniter\Exceptions\FrameworkException::forMissingExtension('intl')
#1 /home/u0521406/public_html/system/CodeIgniter.php(180): CodeIgniter\CodeIgniter->resolvePlatformExtensions()
#2 /home/u0521406/public_html/system/bootstrap.php(157): CodeIgniter\CodeIgniter->initialize()
#3 /home/u0521406/public_html/index.php(28): require('/home/u0521406/...')
#4 {main}
CRITICAL - 2022-01-31 22:10:33 --> The framework needs the following extension(s) installed and loaded: intl.
#0 /home/u0521406/public_html/system/CodeIgniter.php(228): CodeIgniter\Exceptions\FrameworkException::forMissingExtension('intl')
#1 /home/u0521406/public_html/system/CodeIgniter.php(180): CodeIgniter\CodeIgniter->resolvePlatformExtensions()
#2 /home/u0521406/public_html/system/bootstrap.php(157): CodeIgniter\CodeIgniter->initialize()
#3 /home/u0521406/public_html/index.php(28): require('/home/u0521406/...')
#4 {main}
CRITICAL - 2022-01-31 22:10:33 --> The framework needs the following extension(s) installed and loaded: intl.
#0 /home/u0521406/public_html/system/CodeIgniter.php(228): CodeIgniter\Exceptions\FrameworkException::forMissingExtension('intl')
#1 /home/u0521406/public_html/system/CodeIgniter.php(180): CodeIgniter\CodeIgniter->resolvePlatformExtensions()
#2 /home/u0521406/public_html/system/bootstrap.php(157): CodeIgniter\CodeIgniter->initialize()
#3 /home/u0521406/public_html/index.php(28): require('/home/u0521406/...')
#4 {main}
CRITICAL - 2022-01-31 22:10:33 --> The framework needs the following extension(s) installed and loaded: intl.
#0 /home/u0521406/public_html/system/CodeIgniter.php(228): CodeIgniter\Exceptions\FrameworkException::forMissingExtension('intl')
#1 /home/u0521406/public_html/system/CodeIgniter.php(180): CodeIgniter\CodeIgniter->resolvePlatformExtensions()
#2 /home/u0521406/public_html/system/bootstrap.php(157): CodeIgniter\CodeIgniter->initialize()
#3 /home/u0521406/public_html/index.php(28): require('/home/u0521406/...')
#4 {main}
CRITICAL - 2022-01-31 22:31:07 --> The framework needs the following extension(s) installed and loaded: intl.
#0 /home/u0521406/public_html/system/CodeIgniter.php(228): CodeIgniter\Exceptions\FrameworkException::forMissingExtension('intl')
#1 /home/u0521406/public_html/system/CodeIgniter.php(180): CodeIgniter\CodeIgniter->resolvePlatformExtensions()
#2 /home/u0521406/public_html/system/bootstrap.php(157): CodeIgniter\CodeIgniter->initialize()
#3 /home/u0521406/public_html/index.php(28): require('/home/u0521406/...')
#4 {main}
CRITICAL - 2022-01-31 22:34:07 --> The framework needs the following extension(s) installed and loaded: intl.
#0 /home/u0521406/public_html/system/CodeIgniter.php(228): CodeIgniter\Exceptions\FrameworkException::forMissingExtension('intl')
#1 /home/u0521406/public_html/system/CodeIgniter.php(180): CodeIgniter\CodeIgniter->resolvePlatformExtensions()
#2 /home/u0521406/public_html/system/bootstrap.php(157): CodeIgniter\CodeIgniter->initialize()
#3 /home/u0521406/public_html/index.php(28): require('/home/u0521406/...')
#4 {main}
CRITICAL - 2022-01-31 22:34:08 --> The framework needs the following extension(s) installed and loaded: intl.
#0 /home/u0521406/public_html/system/CodeIgniter.php(228): CodeIgniter\Exceptions\FrameworkException::forMissingExtension('intl')
#1 /home/u0521406/public_html/system/CodeIgniter.php(180): CodeIgniter\CodeIgniter->resolvePlatformExtensions()
#2 /home/u0521406/public_html/system/bootstrap.php(157): CodeIgniter\CodeIgniter->initialize()
#3 /home/u0521406/public_html/index.php(28): require('/home/u0521406/...')
#4 {main}
CRITICAL - 2022-01-31 22:34:09 --> The framework needs the following extension(s) installed and loaded: intl.
#0 /home/u0521406/public_html/system/CodeIgniter.php(228): CodeIgniter\Exceptions\FrameworkException::forMissingExtension('intl')
#1 /home/u0521406/public_html/system/CodeIgniter.php(180): CodeIgniter\CodeIgniter->resolvePlatformExtensions()
#2 /home/u0521406/public_html/system/bootstrap.php(157): CodeIgniter\CodeIgniter->initialize()
#3 /home/u0521406/public_html/index.php(28): require('/home/u0521406/...')
#4 {main}
CRITICAL - 2022-01-31 22:34:10 --> The framework needs the following extension(s) installed and loaded: intl.
#0 /home/u0521406/public_html/system/CodeIgniter.php(228): CodeIgniter\Exceptions\FrameworkException::forMissingExtension('intl')
#1 /home/u0521406/public_html/system/CodeIgniter.php(180): CodeIgniter\CodeIgniter->resolvePlatformExtensions()
#2 /home/u0521406/public_html/system/bootstrap.php(157): CodeIgniter\CodeIgniter->initialize()
#3 /home/u0521406/public_html/index.php(28): require('/home/u0521406/...')
#4 {main}
CRITICAL - 2022-01-31 22:34:11 --> The framework needs the following extension(s) installed and loaded: intl.
#0 /home/u0521406/public_html/system/CodeIgniter.php(228): CodeIgniter\Exceptions\FrameworkException::forMissingExtension('intl')
#1 /home/u0521406/public_html/system/CodeIgniter.php(180): CodeIgniter\CodeIgniter->resolvePlatformExtensions()
#2 /home/u0521406/public_html/system/bootstrap.php(157): CodeIgniter\CodeIgniter->initialize()
#3 /home/u0521406/public_html/index.php(28): require('/home/u0521406/...')
#4 {main}
CRITICAL - 2022-01-31 22:36:32 --> The framework needs the following extension(s) installed and loaded: intl.
#0 /home/u0521406/public_html/system/CodeIgniter.php(228): CodeIgniter\Exceptions\FrameworkException::forMissingExtension('intl')
#1 /home/u0521406/public_html/system/CodeIgniter.php(180): CodeIgniter\CodeIgniter->resolvePlatformExtensions()
#2 /home/u0521406/public_html/system/bootstrap.php(157): CodeIgniter\CodeIgniter->initialize()
#3 /home/u0521406/public_html/index.php(28): require('/home/u0521406/...')
#4 {main}
CRITICAL - 2022-01-31 22:36:49 --> The framework needs the following extension(s) installed and loaded: intl.
#0 /home/u0521406/public_html/system/CodeIgniter.php(228): CodeIgniter\Exceptions\FrameworkException::forMissingExtension('intl')
#1 /home/u0521406/public_html/system/CodeIgniter.php(180): CodeIgniter\CodeIgniter->resolvePlatformExtensions()
#2 /home/u0521406/public_html/system/bootstrap.php(157): CodeIgniter\CodeIgniter->initialize()
#3 /home/u0521406/public_html/index.php(28): require('/home/u0521406/...')
#4 {main}
CRITICAL - 2022-01-31 22:36:50 --> The framework needs the following extension(s) installed and loaded: intl.
#0 /home/u0521406/public_html/system/CodeIgniter.php(228): CodeIgniter\Exceptions\FrameworkException::forMissingExtension('intl')
#1 /home/u0521406/public_html/system/CodeIgniter.php(180): CodeIgniter\CodeIgniter->resolvePlatformExtensions()
#2 /home/u0521406/public_html/system/bootstrap.php(157): CodeIgniter\CodeIgniter->initialize()
#3 /home/u0521406/public_html/index.php(28): require('/home/u0521406/...')
#4 {main}
CRITICAL - 2022-01-31 22:36:50 --> The framework needs the following extension(s) installed and loaded: intl.
#0 /home/u0521406/public_html/system/CodeIgniter.php(228): CodeIgniter\Exceptions\FrameworkException::forMissingExtension('intl')
#1 /home/u0521406/public_html/system/CodeIgniter.php(180): CodeIgniter\CodeIgniter->resolvePlatformExtensions()
#2 /home/u0521406/public_html/system/bootstrap.php(157): CodeIgniter\CodeIgniter->initialize()
#3 /home/u0521406/public_html/index.php(28): require('/home/u0521406/...')
#4 {main}
CRITICAL - 2022-01-31 22:36:50 --> The framework needs the following extension(s) installed and loaded: intl.
#0 /home/u0521406/public_html/system/CodeIgniter.php(228): CodeIgniter\Exceptions\FrameworkException::forMissingExtension('intl')
#1 /home/u0521406/public_html/system/CodeIgniter.php(180): CodeIgniter\CodeIgniter->resolvePlatformExtensions()
#2 /home/u0521406/public_html/system/bootstrap.php(157): CodeIgniter\CodeIgniter->initialize()
#3 /home/u0521406/public_html/index.php(28): require('/home/u0521406/...')
#4 {main}
CRITICAL - 2022-01-31 22:36:50 --> The framework needs the following extension(s) installed and loaded: intl.
#0 /home/u0521406/public_html/system/CodeIgniter.php(228): CodeIgniter\Exceptions\FrameworkException::forMissingExtension('intl')
#1 /home/u0521406/public_html/system/CodeIgniter.php(180): CodeIgniter\CodeIgniter->resolvePlatformExtensions()
#2 /home/u0521406/public_html/system/bootstrap.php(157): CodeIgniter\CodeIgniter->initialize()
#3 /home/u0521406/public_html/index.php(28): require('/home/u0521406/...')
#4 {main}
CRITICAL - 2022-01-31 22:36:50 --> The framework needs the following extension(s) installed and loaded: intl.
#0 /home/u0521406/public_html/system/CodeIgniter.php(228): CodeIgniter\Exceptions\FrameworkException::forMissingExtension('intl')
#1 /home/u0521406/public_html/system/CodeIgniter.php(180): CodeIgniter\CodeIgniter->resolvePlatformExtensions()
#2 /home/u0521406/public_html/system/bootstrap.php(157): CodeIgniter\CodeIgniter->initialize()
#3 /home/u0521406/public_html/index.php(28): require('/home/u0521406/...')
#4 {main}
CRITICAL - 2022-01-31 22:36:50 --> The framework needs the following extension(s) installed and loaded: intl.
#0 /home/u0521406/public_html/system/CodeIgniter.php(228): CodeIgniter\Exceptions\FrameworkException::forMissingExtension('intl')
#1 /home/u0521406/public_html/system/CodeIgniter.php(180): CodeIgniter\CodeIgniter->resolvePlatformExtensions()
#2 /home/u0521406/public_html/system/bootstrap.php(157): CodeIgniter\CodeIgniter->initialize()
#3 /home/u0521406/public_html/index.php(28): require('/home/u0521406/...')
#4 {main}
CRITICAL - 2022-01-31 22:36:51 --> The framework needs the following extension(s) installed and loaded: intl.
#0 /home/u0521406/public_html/system/CodeIgniter.php(228): CodeIgniter\Exceptions\FrameworkException::forMissingExtension('intl')
#1 /home/u0521406/public_html/system/CodeIgniter.php(180): CodeIgniter\CodeIgniter->resolvePlatformExtensions()
#2 /home/u0521406/public_html/system/bootstrap.php(157): CodeIgniter\CodeIgniter->initialize()
#3 /home/u0521406/public_html/index.php(28): require('/home/u0521406/...')
#4 {main}
CRITICAL - 2022-01-31 22:36:51 --> The framework needs the following extension(s) installed and loaded: intl.
#0 /home/u0521406/public_html/system/CodeIgniter.php(228): CodeIgniter\Exceptions\FrameworkException::forMissingExtension('intl')
#1 /home/u0521406/public_html/system/CodeIgniter.php(180): CodeIgniter\CodeIgniter->resolvePlatformExtensions()
#2 /home/u0521406/public_html/system/bootstrap.php(157): CodeIgniter\CodeIgniter->initialize()
#3 /home/u0521406/public_html/index.php(28): require('/home/u0521406/...')
#4 {main}
CRITICAL - 2022-01-31 22:36:51 --> The framework needs the following extension(s) installed and loaded: intl.
#0 /home/u0521406/public_html/system/CodeIgniter.php(228): CodeIgniter\Exceptions\FrameworkException::forMissingExtension('intl')
#1 /home/u0521406/public_html/system/CodeIgniter.php(180): CodeIgniter\CodeIgniter->resolvePlatformExtensions()
#2 /home/u0521406/public_html/system/bootstrap.php(157): CodeIgniter\CodeIgniter->initialize()
#3 /home/u0521406/public_html/index.php(28): require('/home/u0521406/...')
#4 {main}
CRITICAL - 2022-01-31 22:36:51 --> The framework needs the following extension(s) installed and loaded: intl.
#0 /home/u0521406/public_html/system/CodeIgniter.php(228): CodeIgniter\Exceptions\FrameworkException::forMissingExtension('intl')
#1 /home/u0521406/public_html/system/CodeIgniter.php(180): CodeIgniter\CodeIgniter->resolvePlatformExtensions()
#2 /home/u0521406/public_html/system/bootstrap.php(157): CodeIgniter\CodeIgniter->initialize()
#3 /home/u0521406/public_html/index.php(28): require('/home/u0521406/...')
#4 {main}
CRITICAL - 2022-01-31 22:39:40 --> The framework needs the following extension(s) installed and loaded: intl.
#0 /home/u0521406/public_html/system/CodeIgniter.php(228): CodeIgniter\Exceptions\FrameworkException::forMissingExtension('intl')
#1 /home/u0521406/public_html/system/CodeIgniter.php(180): CodeIgniter\CodeIgniter->resolvePlatformExtensions()
#2 /home/u0521406/public_html/system/bootstrap.php(157): CodeIgniter\CodeIgniter->initialize()
#3 /home/u0521406/public_html/index.php(28): require('/home/u0521406/...')
#4 {main}
CRITICAL - 2022-01-31 22:39:41 --> The framework needs the following extension(s) installed and loaded: intl.
#0 /home/u0521406/public_html/system/CodeIgniter.php(228): CodeIgniter\Exceptions\FrameworkException::forMissingExtension('intl')
#1 /home/u0521406/public_html/system/CodeIgniter.php(180): CodeIgniter\CodeIgniter->resolvePlatformExtensions()
#2 /home/u0521406/public_html/system/bootstrap.php(157): CodeIgniter\CodeIgniter->initialize()
#3 /home/u0521406/public_html/index.php(28): require('/home/u0521406/...')
#4 {main}
CRITICAL - 2022-01-31 22:39:42 --> The framework needs the following extension(s) installed and loaded: intl.
#0 /home/u0521406/public_html/system/CodeIgniter.php(228): CodeIgniter\Exceptions\FrameworkException::forMissingExtension('intl')
#1 /home/u0521406/public_html/system/CodeIgniter.php(180): CodeIgniter\CodeIgniter->resolvePlatformExtensions()
#2 /home/u0521406/public_html/system/bootstrap.php(157): CodeIgniter\CodeIgniter->initialize()
#3 /home/u0521406/public_html/index.php(28): require('/home/u0521406/...')
#4 {main}
CRITICAL - 2022-01-31 22:41:39 --> The framework needs the following extension(s) installed and loaded: intl.
#0 /home/u0521406/public_html/system/CodeIgniter.php(228): CodeIgniter\Exceptions\FrameworkException::forMissingExtension('intl')
#1 /home/u0521406/public_html/system/CodeIgniter.php(180): CodeIgniter\CodeIgniter->resolvePlatformExtensions()
#2 /home/u0521406/public_html/system/bootstrap.php(157): CodeIgniter\CodeIgniter->initialize()
#3 /home/u0521406/public_html/index.php(28): require('/home/u0521406/...')
#4 {main}
CRITICAL - 2022-01-31 22:41:40 --> The framework needs the following extension(s) installed and loaded: intl.
#0 /home/u0521406/public_html/system/CodeIgniter.php(228): CodeIgniter\Exceptions\FrameworkException::forMissingExtension('intl')
#1 /home/u0521406/public_html/system/CodeIgniter.php(180): CodeIgniter\CodeIgniter->resolvePlatformExtensions()
#2 /home/u0521406/public_html/system/bootstrap.php(157): CodeIgniter\CodeIgniter->initialize()
#3 /home/u0521406/public_html/index.php(28): require('/home/u0521406/...')
#4 {main}
CRITICAL - 2022-01-31 22:41:40 --> The framework needs the following extension(s) installed and loaded: intl.
#0 /home/u0521406/public_html/system/CodeIgniter.php(228): CodeIgniter\Exceptions\FrameworkException::forMissingExtension('intl')
#1 /home/u0521406/public_html/system/CodeIgniter.php(180): CodeIgniter\CodeIgniter->resolvePlatformExtensions()
#2 /home/u0521406/public_html/system/bootstrap.php(157): CodeIgniter\CodeIgniter->initialize()
#3 /home/u0521406/public_html/index.php(28): require('/home/u0521406/...')
#4 {main}
CRITICAL - 2022-01-31 22:41:41 --> The framework needs the following extension(s) installed and loaded: intl.
#0 /home/u0521406/public_html/system/CodeIgniter.php(228): CodeIgniter\Exceptions\FrameworkException::forMissingExtension('intl')
#1 /home/u0521406/public_html/system/CodeIgniter.php(180): CodeIgniter\CodeIgniter->resolvePlatformExtensions()
#2 /home/u0521406/public_html/system/bootstrap.php(157): CodeIgniter\CodeIgniter->initialize()
#3 /home/u0521406/public_html/index.php(28): require('/home/u0521406/...')
#4 {main}
CRITICAL - 2022-01-31 22:41:41 --> The framework needs the following extension(s) installed and loaded: intl.
#0 /home/u0521406/public_html/system/CodeIgniter.php(228): CodeIgniter\Exceptions\FrameworkException::forMissingExtension('intl')
#1 /home/u0521406/public_html/system/CodeIgniter.php(180): CodeIgniter\CodeIgniter->resolvePlatformExtensions()
#2 /home/u0521406/public_html/system/bootstrap.php(157): CodeIgniter\CodeIgniter->initialize()
#3 /home/u0521406/public_html/index.php(28): require('/home/u0521406/...')
#4 {main}
CRITICAL - 2022-01-31 22:41:42 --> The framework needs the following extension(s) installed and loaded: intl.
#0 /home/u0521406/public_html/system/CodeIgniter.php(228): CodeIgniter\Exceptions\FrameworkException::forMissingExtension('intl')
#1 /home/u0521406/public_html/system/CodeIgniter.php(180): CodeIgniter\CodeIgniter->resolvePlatformExtensions()
#2 /home/u0521406/public_html/system/bootstrap.php(157): CodeIgniter\CodeIgniter->initialize()
#3 /home/u0521406/public_html/index.php(28): require('/home/u0521406/...')
#4 {main}
CRITICAL - 2022-01-31 22:41:42 --> The framework needs the following extension(s) installed and loaded: intl.
#0 /home/u0521406/public_html/system/CodeIgniter.php(228): CodeIgniter\Exceptions\FrameworkException::forMissingExtension('intl')
#1 /home/u0521406/public_html/system/CodeIgniter.php(180): CodeIgniter\CodeIgniter->resolvePlatformExtensions()
#2 /home/u0521406/public_html/system/bootstrap.php(157): CodeIgniter\CodeIgniter->initialize()
#3 /home/u0521406/public_html/index.php(28): require('/home/u0521406/...')
#4 {main}
CRITICAL - 2022-01-31 22:41:42 --> The framework needs the following extension(s) installed and loaded: intl.
#0 /home/u0521406/public_html/system/CodeIgniter.php(228): CodeIgniter\Exceptions\FrameworkException::forMissingExtension('intl')
#1 /home/u0521406/public_html/system/CodeIgniter.php(180): CodeIgniter\CodeIgniter->resolvePlatformExtensions()
#2 /home/u0521406/public_html/system/bootstrap.php(157): CodeIgniter\CodeIgniter->initialize()
#3 /home/u0521406/public_html/index.php(28): require('/home/u0521406/...')
#4 {main}
CRITICAL - 2022-01-31 22:41:42 --> The framework needs the following extension(s) installed and loaded: intl.
#0 /home/u0521406/public_html/system/CodeIgniter.php(228): CodeIgniter\Exceptions\FrameworkException::forMissingExtension('intl')
#1 /home/u0521406/public_html/system/CodeIgniter.php(180): CodeIgniter\CodeIgniter->resolvePlatformExtensions()
#2 /home/u0521406/public_html/system/bootstrap.php(157): CodeIgniter\CodeIgniter->initialize()
#3 /home/u0521406/public_html/index.php(28): require('/home/u0521406/...')
#4 {main}
CRITICAL - 2022-01-31 22:41:42 --> The framework needs the following extension(s) installed and loaded: intl.
#0 /home/u0521406/public_html/system/CodeIgniter.php(228): CodeIgniter\Exceptions\FrameworkException::forMissingExtension('intl')
#1 /home/u0521406/public_html/system/CodeIgniter.php(180): CodeIgniter\CodeIgniter->resolvePlatformExtensions()
#2 /home/u0521406/public_html/system/bootstrap.php(157): CodeIgniter\CodeIgniter->initialize()
#3 /home/u0521406/public_html/index.php(28): require('/home/u0521406/...')
#4 {main}
CRITICAL - 2022-01-31 22:41:43 --> The framework needs the following extension(s) installed and loaded: intl.
#0 /home/u0521406/public_html/system/CodeIgniter.php(228): CodeIgniter\Exceptions\FrameworkException::forMissingExtension('intl')
#1 /home/u0521406/public_html/system/CodeIgniter.php(180): CodeIgniter\CodeIgniter->resolvePlatformExtensions()
#2 /home/u0521406/public_html/system/bootstrap.php(157): CodeIgniter\CodeIgniter->initialize()
#3 /home/u0521406/public_html/index.php(28): require('/home/u0521406/...')
#4 {main}
CRITICAL - 2022-01-31 22:41:43 --> The framework needs the following extension(s) installed and loaded: intl.
#0 /home/u0521406/public_html/system/CodeIgniter.php(228): CodeIgniter\Exceptions\FrameworkException::forMissingExtension('intl')
#1 /home/u0521406/public_html/system/CodeIgniter.php(180): CodeIgniter\CodeIgniter->resolvePlatformExtensions()
#2 /home/u0521406/public_html/system/bootstrap.php(157): CodeIgniter\CodeIgniter->initialize()
#3 /home/u0521406/public_html/index.php(28): require('/home/u0521406/...')
#4 {main}
CRITICAL - 2022-01-31 22:41:43 --> The framework needs the following extension(s) installed and loaded: intl.
#0 /home/u0521406/public_html/system/CodeIgniter.php(228): CodeIgniter\Exceptions\FrameworkException::forMissingExtension('intl')
#1 /home/u0521406/public_html/system/CodeIgniter.php(180): CodeIgniter\CodeIgniter->resolvePlatformExtensions()
#2 /home/u0521406/public_html/system/bootstrap.php(157): CodeIgniter\CodeIgniter->initialize()
#3 /home/u0521406/public_html/index.php(28): require('/home/u0521406/...')
#4 {main}
CRITICAL - 2022-01-31 22:41:43 --> The framework needs the following extension(s) installed and loaded: intl.
#0 /home/u0521406/public_html/system/CodeIgniter.php(228): CodeIgniter\Exceptions\FrameworkException::forMissingExtension('intl')
#1 /home/u0521406/public_html/system/CodeIgniter.php(180): CodeIgniter\CodeIgniter->resolvePlatformExtensions()
#2 /home/u0521406/public_html/system/bootstrap.php(157): CodeIgniter\CodeIgniter->initialize()
#3 /home/u0521406/public_html/index.php(28): require('/home/u0521406/...')
#4 {main}
CRITICAL - 2022-01-31 22:42:15 --> The framework needs the following extension(s) installed and loaded: intl.
#0 /home/u0521406/public_html/system/CodeIgniter.php(228): CodeIgniter\Exceptions\FrameworkException::forMissingExtension('intl')
#1 /home/u0521406/public_html/system/CodeIgniter.php(180): CodeIgniter\CodeIgniter->resolvePlatformExtensions()
#2 /home/u0521406/public_html/system/bootstrap.php(157): CodeIgniter\CodeIgniter->initialize()
#3 /home/u0521406/public_html/index.php(28): require('/home/u0521406/...')
#4 {main}
CRITICAL - 2022-01-31 22:42:17 --> The framework needs the following extension(s) installed and loaded: intl.
#0 /home/u0521406/public_html/system/CodeIgniter.php(228): CodeIgniter\Exceptions\FrameworkException::forMissingExtension('intl')
#1 /home/u0521406/public_html/system/CodeIgniter.php(180): CodeIgniter\CodeIgniter->resolvePlatformExtensions()
#2 /home/u0521406/public_html/system/bootstrap.php(157): CodeIgniter\CodeIgniter->initialize()
#3 /home/u0521406/public_html/index.php(28): require('/home/u0521406/...')
#4 {main}
CRITICAL - 2022-01-31 22:48:55 --> The framework needs the following extension(s) installed and loaded: intl.
#0 /home/u0521406/public_html/system/CodeIgniter.php(228): CodeIgniter\Exceptions\FrameworkException::forMissingExtension('intl')
#1 /home/u0521406/public_html/system/CodeIgniter.php(180): CodeIgniter\CodeIgniter->resolvePlatformExtensions()
#2 /home/u0521406/public_html/system/bootstrap.php(157): CodeIgniter\CodeIgniter->initialize()
#3 /home/u0521406/public_html/index.php(28): require('/home/u0521406/...')
#4 {main}
CRITICAL - 2022-01-31 22:48:57 --> The framework needs the following extension(s) installed and loaded: intl.
#0 /home/u0521406/public_html/system/CodeIgniter.php(228): CodeIgniter\Exceptions\FrameworkException::forMissingExtension('intl')
#1 /home/u0521406/public_html/system/CodeIgniter.php(180): CodeIgniter\CodeIgniter->resolvePlatformExtensions()
#2 /home/u0521406/public_html/system/bootstrap.php(157): CodeIgniter\CodeIgniter->initialize()
#3 /home/u0521406/public_html/index.php(28): require('/home/u0521406/...')
#4 {main}
CRITICAL - 2022-01-31 22:52:05 --> The framework needs the following extension(s) installed and loaded: intl.
#0 /home/u0521406/public_html/system/CodeIgniter.php(228): CodeIgniter\Exceptions\FrameworkException::forMissingExtension('intl')
#1 /home/u0521406/public_html/system/CodeIgniter.php(180): CodeIgniter\CodeIgniter->resolvePlatformExtensions()
#2 /home/u0521406/public_html/system/bootstrap.php(157): CodeIgniter\CodeIgniter->initialize()
#3 /home/u0521406/public_html/index.php(28): require('/home/u0521406/...')
#4 {main}
CRITICAL - 2022-01-31 22:52:06 --> The framework needs the following extension(s) installed and loaded: intl.
#0 /home/u0521406/public_html/system/CodeIgniter.php(228): CodeIgniter\Exceptions\FrameworkException::forMissingExtension('intl')
#1 /home/u0521406/public_html/system/CodeIgniter.php(180): CodeIgniter\CodeIgniter->resolvePlatformExtensions()
#2 /home/u0521406/public_html/system/bootstrap.php(157): CodeIgniter\CodeIgniter->initialize()
#3 /home/u0521406/public_html/index.php(28): require('/home/u0521406/...')
#4 {main}
CRITICAL - 2022-01-31 22:52:06 --> The framework needs the following extension(s) installed and loaded: intl.
#0 /home/u0521406/public_html/system/CodeIgniter.php(228): CodeIgniter\Exceptions\FrameworkException::forMissingExtension('intl')
#1 /home/u0521406/public_html/system/CodeIgniter.php(180): CodeIgniter\CodeIgniter->resolvePlatformExtensions()
#2 /home/u0521406/public_html/system/bootstrap.php(157): CodeIgniter\CodeIgniter->initialize()
#3 /home/u0521406/public_html/index.php(28): require('/home/u0521406/...')
#4 {main}
CRITICAL - 2022-01-31 22:53:24 --> The framework needs the following extension(s) installed and loaded: intl.
#0 /home/u0521406/public_html/system/CodeIgniter.php(228): CodeIgniter\Exceptions\FrameworkException::forMissingExtension('intl')
#1 /home/u0521406/public_html/system/CodeIgniter.php(180): CodeIgniter\CodeIgniter->resolvePlatformExtensions()
#2 /home/u0521406/public_html/system/bootstrap.php(157): CodeIgniter\CodeIgniter->initialize()
#3 /home/u0521406/public_html/index.php(28): require('/home/u0521406/...')
#4 {main}
CRITICAL - 2022-01-31 22:53:25 --> The framework needs the following extension(s) installed and loaded: intl.
#0 /home/u0521406/public_html/system/CodeIgniter.php(228): CodeIgniter\Exceptions\FrameworkException::forMissingExtension('intl')
#1 /home/u0521406/public_html/system/CodeIgniter.php(180): CodeIgniter\CodeIgniter->resolvePlatformExtensions()
#2 /home/u0521406/public_html/system/bootstrap.php(157): CodeIgniter\CodeIgniter->initialize()
#3 /home/u0521406/public_html/index.php(28): require('/home/u0521406/...')
#4 {main}
CRITICAL - 2022-01-31 22:53:25 --> The framework needs the following extension(s) installed and loaded: intl.
#0 /home/u0521406/public_html/system/CodeIgniter.php(228): CodeIgniter\Exceptions\FrameworkException::forMissingExtension('intl')
#1 /home/u0521406/public_html/system/CodeIgniter.php(180): CodeIgniter\CodeIgniter->resolvePlatformExtensions()
#2 /home/u0521406/public_html/system/bootstrap.php(157): CodeIgniter\CodeIgniter->initialize()
#3 /home/u0521406/public_html/index.php(28): require('/home/u0521406/...')
#4 {main}
CRITICAL - 2022-01-31 22:53:26 --> The framework needs the following extension(s) installed and loaded: intl.
#0 /home/u0521406/public_html/system/CodeIgniter.php(228): CodeIgniter\Exceptions\FrameworkException::forMissingExtension('intl')
#1 /home/u0521406/public_html/system/CodeIgniter.php(180): CodeIgniter\CodeIgniter->resolvePlatformExtensions()
#2 /home/u0521406/public_html/system/bootstrap.php(157): CodeIgniter\CodeIgniter->initialize()
#3 /home/u0521406/public_html/index.php(28): require('/home/u0521406/...')
#4 {main}
CRITICAL - 2022-01-31 22:53:26 --> The framework needs the following extension(s) installed and loaded: intl.
#0 /home/u0521406/public_html/system/CodeIgniter.php(228): CodeIgniter\Exceptions\FrameworkException::forMissingExtension('intl')
#1 /home/u0521406/public_html/system/CodeIgniter.php(180): CodeIgniter\CodeIgniter->resolvePlatformExtensions()
#2 /home/u0521406/public_html/system/bootstrap.php(157): CodeIgniter\CodeIgniter->initialize()
#3 /home/u0521406/public_html/index.php(28): require('/home/u0521406/...')
#4 {main}
CRITICAL - 2022-01-31 22:53:26 --> The framework needs the following extension(s) installed and loaded: intl.
#0 /home/u0521406/public_html/system/CodeIgniter.php(228): CodeIgniter\Exceptions\FrameworkException::forMissingExtension('intl')
#1 /home/u0521406/public_html/system/CodeIgniter.php(180): CodeIgniter\CodeIgniter->resolvePlatformExtensions()
#2 /home/u0521406/public_html/system/bootstrap.php(157): CodeIgniter\CodeIgniter->initialize()
#3 /home/u0521406/public_html/index.php(28): require('/home/u0521406/...')
#4 {main}
CRITICAL - 2022-01-31 22:53:26 --> The framework needs the following extension(s) installed and loaded: intl.
#0 /home/u0521406/public_html/system/CodeIgniter.php(228): CodeIgniter\Exceptions\FrameworkException::forMissingExtension('intl')
#1 /home/u0521406/public_html/system/CodeIgniter.php(180): CodeIgniter\CodeIgniter->resolvePlatformExtensions()
#2 /home/u0521406/public_html/system/bootstrap.php(157): CodeIgniter\CodeIgniter->initialize()
#3 /home/u0521406/public_html/index.php(28): require('/home/u0521406/...')
#4 {main}
CRITICAL - 2022-01-31 22:53:26 --> The framework needs the following extension(s) installed and loaded: intl.
#0 /home/u0521406/public_html/system/CodeIgniter.php(228): CodeIgniter\Exceptions\FrameworkException::forMissingExtension('intl')
#1 /home/u0521406/public_html/system/CodeIgniter.php(180): CodeIgniter\CodeIgniter->resolvePlatformExtensions()
#2 /home/u0521406/public_html/system/bootstrap.php(157): CodeIgniter\CodeIgniter->initialize()
#3 /home/u0521406/public_html/index.php(28): require('/home/u0521406/...')
#4 {main}
CRITICAL - 2022-01-31 22:53:26 --> The framework needs the following extension(s) installed and loaded: intl.
#0 /home/u0521406/public_html/system/CodeIgniter.php(228): CodeIgniter\Exceptions\FrameworkException::forMissingExtension('intl')
#1 /home/u0521406/public_html/system/CodeIgniter.php(180): CodeIgniter\CodeIgniter->resolvePlatformExtensions()
#2 /home/u0521406/public_html/system/bootstrap.php(157): CodeIgniter\CodeIgniter->initialize()
#3 /home/u0521406/public_html/index.php(28): require('/home/u0521406/...')
#4 {main}
CRITICAL - 2022-01-31 22:53:27 --> The framework needs the following extension(s) installed and loaded: intl.
#0 /home/u0521406/public_html/system/CodeIgniter.php(228): CodeIgniter\Exceptions\FrameworkException::forMissingExtension('intl')
#1 /home/u0521406/public_html/system/CodeIgniter.php(180): CodeIgniter\CodeIgniter->resolvePlatformExtensions()
#2 /home/u0521406/public_html/system/bootstrap.php(157): CodeIgniter\CodeIgniter->initialize()
#3 /home/u0521406/public_html/index.php(28): require('/home/u0521406/...')
#4 {main}
CRITICAL - 2022-01-31 22:53:27 --> The framework needs the following extension(s) installed and loaded: intl.
#0 /home/u0521406/public_html/system/CodeIgniter.php(228): CodeIgniter\Exceptions\FrameworkException::forMissingExtension('intl')
#1 /home/u0521406/public_html/system/CodeIgniter.php(180): CodeIgniter\CodeIgniter->resolvePlatformExtensions()
#2 /home/u0521406/public_html/system/bootstrap.php(157): CodeIgniter\CodeIgniter->initialize()
#3 /home/u0521406/public_html/index.php(28): require('/home/u0521406/...')
#4 {main}
CRITICAL - 2022-01-31 22:53:27 --> The framework needs the following extension(s) installed and loaded: intl.
#0 /home/u0521406/public_html/system/CodeIgniter.php(228): CodeIgniter\Exceptions\FrameworkException::forMissingExtension('intl')
#1 /home/u0521406/public_html/system/CodeIgniter.php(180): CodeIgniter\CodeIgniter->resolvePlatformExtensions()
#2 /home/u0521406/public_html/system/bootstrap.php(157): CodeIgniter\CodeIgniter->initialize()
#3 /home/u0521406/public_html/index.php(28): require('/home/u0521406/...')
#4 {main}
CRITICAL - 2022-01-31 22:53:27 --> The framework needs the following extension(s) installed and loaded: intl.
#0 /home/u0521406/public_html/system/CodeIgniter.php(228): CodeIgniter\Exceptions\FrameworkException::forMissingExtension('intl')
#1 /home/u0521406/public_html/system/CodeIgniter.php(180): CodeIgniter\CodeIgniter->resolvePlatformExtensions()
#2 /home/u0521406/public_html/system/bootstrap.php(157): CodeIgniter\CodeIgniter->initialize()
#3 /home/u0521406/public_html/index.php(28): require('/home/u0521406/...')
#4 {main}
CRITICAL - 2022-01-31 22:53:27 --> The framework needs the following extension(s) installed and loaded: intl.
#0 /home/u0521406/public_html/system/CodeIgniter.php(228): CodeIgniter\Exceptions\FrameworkException::forMissingExtension('intl')
#1 /home/u0521406/public_html/system/CodeIgniter.php(180): CodeIgniter\CodeIgniter->resolvePlatformExtensions()
#2 /home/u0521406/public_html/system/bootstrap.php(157): CodeIgniter\CodeIgniter->initialize()
#3 /home/u0521406/public_html/index.php(28): require('/home/u0521406/...')
#4 {main}
CRITICAL - 2022-01-31 22:53:27 --> The framework needs the following extension(s) installed and loaded: intl.
#0 /home/u0521406/public_html/system/CodeIgniter.php(228): CodeIgniter\Exceptions\FrameworkException::forMissingExtension('intl')
#1 /home/u0521406/public_html/system/CodeIgniter.php(180): CodeIgniter\CodeIgniter->resolvePlatformExtensions()
#2 /home/u0521406/public_html/system/bootstrap.php(157): CodeIgniter\CodeIgniter->initialize()
#3 /home/u0521406/public_html/index.php(28): require('/home/u0521406/...')
#4 {main}
CRITICAL - 2022-01-31 22:53:27 --> The framework needs the following extension(s) installed and loaded: intl.
#0 /home/u0521406/public_html/system/CodeIgniter.php(228): CodeIgniter\Exceptions\FrameworkException::forMissingExtension('intl')
#1 /home/u0521406/public_html/system/CodeIgniter.php(180): CodeIgniter\CodeIgniter->resolvePlatformExtensions()
#2 /home/u0521406/public_html/system/bootstrap.php(157): CodeIgniter\CodeIgniter->initialize()
#3 /home/u0521406/public_html/index.php(28): require('/home/u0521406/...')
#4 {main}
CRITICAL - 2022-01-31 22:53:27 --> The framework needs the following extension(s) installed and loaded: intl.
#0 /home/u0521406/public_html/system/CodeIgniter.php(228): CodeIgniter\Exceptions\FrameworkException::forMissingExtension('intl')
#1 /home/u0521406/public_html/system/CodeIgniter.php(180): CodeIgniter\CodeIgniter->resolvePlatformExtensions()
#2 /home/u0521406/public_html/system/bootstrap.php(157): CodeIgniter\CodeIgniter->initialize()
#3 /home/u0521406/public_html/index.php(28): require('/home/u0521406/...')
#4 {main}
CRITICAL - 2022-01-31 22:53:28 --> The framework needs the following extension(s) installed and loaded: intl.
#0 /home/u0521406/public_html/system/CodeIgniter.php(228): CodeIgniter\Exceptions\FrameworkException::forMissingExtension('intl')
#1 /home/u0521406/public_html/system/CodeIgniter.php(180): CodeIgniter\CodeIgniter->resolvePlatformExtensions()
#2 /home/u0521406/public_html/system/bootstrap.php(157): CodeIgniter\CodeIgniter->initialize()
#3 /home/u0521406/public_html/index.php(28): require('/home/u0521406/...')
#4 {main}
CRITICAL - 2022-01-31 22:53:28 --> The framework needs the following extension(s) installed and loaded: intl.
#0 /home/u0521406/public_html/system/CodeIgniter.php(228): CodeIgniter\Exceptions\FrameworkException::forMissingExtension('intl')
#1 /home/u0521406/public_html/system/CodeIgniter.php(180): CodeIgniter\CodeIgniter->resolvePlatformExtensions()
#2 /home/u0521406/public_html/system/bootstrap.php(157): CodeIgniter\CodeIgniter->initialize()
#3 /home/u0521406/public_html/index.php(28): require('/home/u0521406/...')
#4 {main}
CRITICAL - 2022-01-31 22:53:28 --> The framework needs the following extension(s) installed and loaded: intl.
#0 /home/u0521406/public_html/system/CodeIgniter.php(228): CodeIgniter\Exceptions\FrameworkException::forMissingExtension('intl')
#1 /home/u0521406/public_html/system/CodeIgniter.php(180): CodeIgniter\CodeIgniter->resolvePlatformExtensions()
#2 /home/u0521406/public_html/system/bootstrap.php(157): CodeIgniter\CodeIgniter->initialize()
#3 /home/u0521406/public_html/index.php(28): require('/home/u0521406/...')
#4 {main}
CRITICAL - 2022-01-31 22:53:28 --> The framework needs the following extension(s) installed and loaded: intl.
#0 /home/u0521406/public_html/system/CodeIgniter.php(228): CodeIgniter\Exceptions\FrameworkException::forMissingExtension('intl')
#1 /home/u0521406/public_html/system/CodeIgniter.php(180): CodeIgniter\CodeIgniter->resolvePlatformExtensions()
#2 /home/u0521406/public_html/system/bootstrap.php(157): CodeIgniter\CodeIgniter->initialize()
#3 /home/u0521406/public_html/index.php(28): require('/home/u0521406/...')
#4 {main}
CRITICAL - 2022-01-31 22:53:28 --> The framework needs the following extension(s) installed and loaded: intl.
#0 /home/u0521406/public_html/system/CodeIgniter.php(228): CodeIgniter\Exceptions\FrameworkException::forMissingExtension('intl')
#1 /home/u0521406/public_html/system/CodeIgniter.php(180): CodeIgniter\CodeIgniter->resolvePlatformExtensions()
#2 /home/u0521406/public_html/system/bootstrap.php(157): CodeIgniter\CodeIgniter->initialize()
#3 /home/u0521406/public_html/index.php(28): require('/home/u0521406/...')
#4 {main}
CRITICAL - 2022-01-31 22:53:28 --> The framework needs the following extension(s) installed and loaded: intl.
#0 /home/u0521406/public_html/system/CodeIgniter.php(228): CodeIgniter\Exceptions\FrameworkException::forMissingExtension('intl')
#1 /home/u0521406/public_html/system/CodeIgniter.php(180): CodeIgniter\CodeIgniter->resolvePlatformExtensions()
#2 /home/u0521406/public_html/system/bootstrap.php(157): CodeIgniter\CodeIgniter->initialize()
#3 /home/u0521406/public_html/index.php(28): require('/home/u0521406/...')
#4 {main}
CRITICAL - 2022-01-31 22:55:30 --> The framework needs the following extension(s) installed and loaded: intl.
#0 /home/u0521406/public_html/system/CodeIgniter.php(228): CodeIgniter\Exceptions\FrameworkException::forMissingExtension('intl')
#1 /home/u0521406/public_html/system/CodeIgniter.php(180): CodeIgniter\CodeIgniter->resolvePlatformExtensions()
#2 /home/u0521406/public_html/system/bootstrap.php(157): CodeIgniter\CodeIgniter->initialize()
#3 /home/u0521406/public_html/index.php(28): require('/home/u0521406/...')
#4 {main}
CRITICAL - 2022-01-31 22:58:39 --> The framework needs the following extension(s) installed and loaded: intl.
#0 /home/u0521406/public_html/system/CodeIgniter.php(228): CodeIgniter\Exceptions\FrameworkException::forMissingExtension('intl')
#1 /home/u0521406/public_html/system/CodeIgniter.php(180): CodeIgniter\CodeIgniter->resolvePlatformExtensions()
#2 /home/u0521406/public_html/system/bootstrap.php(157): CodeIgniter\CodeIgniter->initialize()
#3 /home/u0521406/public_html/index.php(28): require('/home/u0521406/...')
#4 {main}
CRITICAL - 2022-01-31 22:58:40 --> The framework needs the following extension(s) installed and loaded: intl.
#0 /home/u0521406/public_html/system/CodeIgniter.php(228): CodeIgniter\Exceptions\FrameworkException::forMissingExtension('intl')
#1 /home/u0521406/public_html/system/CodeIgniter.php(180): CodeIgniter\CodeIgniter->resolvePlatformExtensions()
#2 /home/u0521406/public_html/system/bootstrap.php(157): CodeIgniter\CodeIgniter->initialize()
#3 /home/u0521406/public_html/index.php(28): require('/home/u0521406/...')
#4 {main}
CRITICAL - 2022-01-31 22:58:40 --> The framework needs the following extension(s) installed and loaded: intl.
#0 /home/u0521406/public_html/system/CodeIgniter.php(228): CodeIgniter\Exceptions\FrameworkException::forMissingExtension('intl')
#1 /home/u0521406/public_html/system/CodeIgniter.php(180): CodeIgniter\CodeIgniter->resolvePlatformExtensions()
#2 /home/u0521406/public_html/system/bootstrap.php(157): CodeIgniter\CodeIgniter->initialize()
#3 /home/u0521406/public_html/index.php(28): require('/home/u0521406/...')
#4 {main}
CRITICAL - 2022-01-31 22:58:41 --> The framework needs the following extension(s) installed and loaded: intl.
#0 /home/u0521406/public_html/system/CodeIgniter.php(228): CodeIgniter\Exceptions\FrameworkException::forMissingExtension('intl')
#1 /home/u0521406/public_html/system/CodeIgniter.php(180): CodeIgniter\CodeIgniter->resolvePlatformExtensions()
#2 /home/u0521406/public_html/system/bootstrap.php(157): CodeIgniter\CodeIgniter->initialize()
#3 /home/u0521406/public_html/index.php(28): require('/home/u0521406/...')
#4 {main}
CRITICAL - 2022-01-31 22:58:41 --> The framework needs the following extension(s) installed and loaded: intl.
#0 /home/u0521406/public_html/system/CodeIgniter.php(228): CodeIgniter\Exceptions\FrameworkException::forMissingExtension('intl')
#1 /home/u0521406/public_html/system/CodeIgniter.php(180): CodeIgniter\CodeIgniter->resolvePlatformExtensions()
#2 /home/u0521406/public_html/system/bootstrap.php(157): CodeIgniter\CodeIgniter->initialize()
#3 /home/u0521406/public_html/index.php(28): require('/home/u0521406/...')
#4 {main}
CRITICAL - 2022-01-31 22:58:41 --> The framework needs the following extension(s) installed and loaded: intl.
#0 /home/u0521406/public_html/system/CodeIgniter.php(228): CodeIgniter\Exceptions\FrameworkException::forMissingExtension('intl')
#1 /home/u0521406/public_html/system/CodeIgniter.php(180): CodeIgniter\CodeIgniter->resolvePlatformExtensions()
#2 /home/u0521406/public_html/system/bootstrap.php(157): CodeIgniter\CodeIgniter->initialize()
#3 /home/u0521406/public_html/index.php(28): require('/home/u0521406/...')
#4 {main}
CRITICAL - 2022-01-31 22:58:41 --> The framework needs the following extension(s) installed and loaded: intl.
#0 /home/u0521406/public_html/system/CodeIgniter.php(228): CodeIgniter\Exceptions\FrameworkException::forMissingExtension('intl')
#1 /home/u0521406/public_html/system/CodeIgniter.php(180): CodeIgniter\CodeIgniter->resolvePlatformExtensions()
#2 /home/u0521406/public_html/system/bootstrap.php(157): CodeIgniter\CodeIgniter->initialize()
#3 /home/u0521406/public_html/index.php(28): require('/home/u0521406/...')
#4 {main}
CRITICAL - 2022-01-31 22:58:43 --> The framework needs the following extension(s) installed and loaded: intl.
#0 /home/u0521406/public_html/system/CodeIgniter.php(228): CodeIgniter\Exceptions\FrameworkException::forMissingExtension('intl')
#1 /home/u0521406/public_html/system/CodeIgniter.php(180): CodeIgniter\CodeIgniter->resolvePlatformExtensions()
#2 /home/u0521406/public_html/system/bootstrap.php(157): CodeIgniter\CodeIgniter->initialize()
#3 /home/u0521406/public_html/index.php(28): require('/home/u0521406/...')
#4 {main}
CRITICAL - 2022-01-31 22:58:45 --> The framework needs the following extension(s) installed and loaded: intl.
#0 /home/u0521406/public_html/system/CodeIgniter.php(228): CodeIgniter\Exceptions\FrameworkException::forMissingExtension('intl')
#1 /home/u0521406/public_html/system/CodeIgniter.php(180): CodeIgniter\CodeIgniter->resolvePlatformExtensions()
#2 /home/u0521406/public_html/system/bootstrap.php(157): CodeIgniter\CodeIgniter->initialize()
#3 /home/u0521406/public_html/index.php(28): require('/home/u0521406/...')
#4 {main}
CRITICAL - 2022-01-31 22:58:46 --> The framework needs the following extension(s) installed and loaded: intl.
#0 /home/u0521406/public_html/system/CodeIgniter.php(228): CodeIgniter\Exceptions\FrameworkException::forMissingExtension('intl')
#1 /home/u0521406/public_html/system/CodeIgniter.php(180): CodeIgniter\CodeIgniter->resolvePlatformExtensions()
#2 /home/u0521406/public_html/system/bootstrap.php(157): CodeIgniter\CodeIgniter->initialize()
#3 /home/u0521406/public_html/index.php(28): require('/home/u0521406/...')
#4 {main}
CRITICAL - 2022-01-31 22:59:35 --> The framework needs the following extension(s) installed and loaded: intl.
#0 /home/u0521406/public_html/system/CodeIgniter.php(228): CodeIgniter\Exceptions\FrameworkException::forMissingExtension('intl')
#1 /home/u0521406/public_html/system/CodeIgniter.php(180): CodeIgniter\CodeIgniter->resolvePlatformExtensions()
#2 /home/u0521406/public_html/system/bootstrap.php(157): CodeIgniter\CodeIgniter->initialize()
#3 /home/u0521406/public_html/index.php(28): require('/home/u0521406/...')
#4 {main}
CRITICAL - 2022-01-31 23:02:17 --> The framework needs the following extension(s) installed and loaded: intl.
#0 /home/u0521406/public_html/system/CodeIgniter.php(228): CodeIgniter\Exceptions\FrameworkException::forMissingExtension('intl')
#1 /home/u0521406/public_html/system/CodeIgniter.php(180): CodeIgniter\CodeIgniter->resolvePlatformExtensions()
#2 /home/u0521406/public_html/system/bootstrap.php(157): CodeIgniter\CodeIgniter->initialize()
#3 /home/u0521406/public_html/index.php(28): require('/home/u0521406/...')
#4 {main}
CRITICAL - 2022-01-31 23:02:17 --> The framework needs the following extension(s) installed and loaded: intl.
#0 /home/u0521406/public_html/system/CodeIgniter.php(228): CodeIgniter\Exceptions\FrameworkException::forMissingExtension('intl')
#1 /home/u0521406/public_html/system/CodeIgniter.php(180): CodeIgniter\CodeIgniter->resolvePlatformExtensions()
#2 /home/u0521406/public_html/system/bootstrap.php(157): CodeIgniter\CodeIgniter->initialize()
#3 /home/u0521406/public_html/index.php(28): require('/home/u0521406/...')
#4 {main}
CRITICAL - 2022-01-31 23:02:18 --> The framework needs the following extension(s) installed and loaded: intl.
#0 /home/u0521406/public_html/system/CodeIgniter.php(228): CodeIgniter\Exceptions\FrameworkException::forMissingExtension('intl')
#1 /home/u0521406/public_html/system/CodeIgniter.php(180): CodeIgniter\CodeIgniter->resolvePlatformExtensions()
#2 /home/u0521406/public_html/system/bootstrap.php(157): CodeIgniter\CodeIgniter->initialize()
#3 /home/u0521406/public_html/index.php(28): require('/home/u0521406/...')
#4 {main}
CRITICAL - 2022-01-31 23:02:18 --> The framework needs the following extension(s) installed and loaded: intl.
#0 /home/u0521406/public_html/system/CodeIgniter.php(228): CodeIgniter\Exceptions\FrameworkException::forMissingExtension('intl')
#1 /home/u0521406/public_html/system/CodeIgniter.php(180): CodeIgniter\CodeIgniter->resolvePlatformExtensions()
#2 /home/u0521406/public_html/system/bootstrap.php(157): CodeIgniter\CodeIgniter->initialize()
#3 /home/u0521406/public_html/index.php(28): require('/home/u0521406/...')
#4 {main}
CRITICAL - 2022-01-31 23:02:18 --> The framework needs the following extension(s) installed and loaded: intl.
#0 /home/u0521406/public_html/system/CodeIgniter.php(228): CodeIgniter\Exceptions\FrameworkException::forMissingExtension('intl')
#1 /home/u0521406/public_html/system/CodeIgniter.php(180): CodeIgniter\CodeIgniter->resolvePlatformExtensions()
#2 /home/u0521406/public_html/system/bootstrap.php(157): CodeIgniter\CodeIgniter->initialize()
#3 /home/u0521406/public_html/index.php(28): require('/home/u0521406/...')
#4 {main}
CRITICAL - 2022-01-31 23:02:18 --> The framework needs the following extension(s) installed and loaded: intl.
#0 /home/u0521406/public_html/system/CodeIgniter.php(228): CodeIgniter\Exceptions\FrameworkException::forMissingExtension('intl')
#1 /home/u0521406/public_html/system/CodeIgniter.php(180): CodeIgniter\CodeIgniter->resolvePlatformExtensions()
#2 /home/u0521406/public_html/system/bootstrap.php(157): CodeIgniter\CodeIgniter->initialize()
#3 /home/u0521406/public_html/index.php(28): require('/home/u0521406/...')
#4 {main}
CRITICAL - 2022-01-31 23:02:18 --> The framework needs the following extension(s) installed and loaded: intl.
#0 /home/u0521406/public_html/system/CodeIgniter.php(228): CodeIgniter\Exceptions\FrameworkException::forMissingExtension('intl')
#1 /home/u0521406/public_html/system/CodeIgniter.php(180): CodeIgniter\CodeIgniter->resolvePlatformExtensions()
#2 /home/u0521406/public_html/system/bootstrap.php(157): CodeIgniter\CodeIgniter->initialize()
#3 /home/u0521406/public_html/index.php(28): require('/home/u0521406/...')
#4 {main}
CRITICAL - 2022-01-31 23:02:18 --> The framework needs the following extension(s) installed and loaded: intl.
#0 /home/u0521406/public_html/system/CodeIgniter.php(228): CodeIgniter\Exceptions\FrameworkException::forMissingExtension('intl')
#1 /home/u0521406/public_html/system/CodeIgniter.php(180): CodeIgniter\CodeIgniter->resolvePlatformExtensions()
#2 /home/u0521406/public_html/system/bootstrap.php(157): CodeIgniter\CodeIgniter->initialize()
#3 /home/u0521406/public_html/index.php(28): require('/home/u0521406/...')
#4 {main}
CRITICAL - 2022-01-31 23:02:19 --> The framework needs the following extension(s) installed and loaded: intl.
#0 /home/u0521406/public_html/system/CodeIgniter.php(228): CodeIgniter\Exceptions\FrameworkException::forMissingExtension('intl')
#1 /home/u0521406/public_html/system/CodeIgniter.php(180): CodeIgniter\CodeIgniter->resolvePlatformExtensions()
#2 /home/u0521406/public_html/system/bootstrap.php(157): CodeIgniter\CodeIgniter->initialize()
#3 /home/u0521406/public_html/index.php(28): require('/home/u0521406/...')
#4 {main}
CRITICAL - 2022-01-31 23:02:19 --> The framework needs the following extension(s) installed and loaded: intl.
#0 /home/u0521406/public_html/system/CodeIgniter.php(228): CodeIgniter\Exceptions\FrameworkException::forMissingExtension('intl')
#1 /home/u0521406/public_html/system/CodeIgniter.php(180): CodeIgniter\CodeIgniter->resolvePlatformExtensions()
#2 /home/u0521406/public_html/system/bootstrap.php(157): CodeIgniter\CodeIgniter->initialize()
#3 /home/u0521406/public_html/index.php(28): require('/home/u0521406/...')
#4 {main}
CRITICAL - 2022-01-31 23:02:19 --> The framework needs the following extension(s) installed and loaded: intl.
#0 /home/u0521406/public_html/system/CodeIgniter.php(228): CodeIgniter\Exceptions\FrameworkException::forMissingExtension('intl')
#1 /home/u0521406/public_html/system/CodeIgniter.php(180): CodeIgniter\CodeIgniter->resolvePlatformExtensions()
#2 /home/u0521406/public_html/system/bootstrap.php(157): CodeIgniter\CodeIgniter->initialize()
#3 /home/u0521406/public_html/index.php(28): require('/home/u0521406/...')
#4 {main}
CRITICAL - 2022-01-31 14:05:06 --> Undefined array key "toplamgeckalan"
#0 /home/u0521406/public_html/app/Controllers/Home.php(39): CodeIgniter\Debug\Exceptions->errorHandler()
#1 /home/u0521406/public_html/system/CodeIgniter.php(928): App\Controllers\Home->index()
#2 /home/u0521406/public_html/system/CodeIgniter.php(436): CodeIgniter\CodeIgniter->runController()
#3 /home/u0521406/public_html/system/CodeIgniter.php(336): CodeIgniter\CodeIgniter->handleRequest()
#4 /home/u0521406/public_html/index.php(37): CodeIgniter\CodeIgniter->run()
#5 {main}
CRITICAL - 2022-01-31 14:05:43 --> Undefined array key "toplamgeckalan"
#0 /home/u0521406/public_html/app/Controllers/Home.php(39): CodeIgniter\Debug\Exceptions->errorHandler()
#1 /home/u0521406/public_html/system/CodeIgniter.php(928): App\Controllers\Home->index()
#2 /home/u0521406/public_html/system/CodeIgniter.php(436): CodeIgniter\CodeIgniter->runController()
#3 /home/u0521406/public_html/system/CodeIgniter.php(336): CodeIgniter\CodeIgniter->handleRequest()
#4 /home/u0521406/public_html/index.php(37): CodeIgniter\CodeIgniter->run()
#5 {main}
CRITICAL - 2022-01-31 14:07:24 --> Undefined variable $title
#0 /home/u0521406/public_html/app/Views/include/header.php(7): CodeIgniter\Debug\Exceptions->errorHandler()
#1 /home/u0521406/public_html/system/View/View.php(230): include('/home/u0521406/...')
#2 /home/u0521406/public_html/system/View/View.php(232): CodeIgniter\View\View->CodeIgniter\View\{closure}()
#3 /home/u0521406/public_html/system/View/View.php(487): CodeIgniter\View\View->render()
#4 /home/u0521406/public_html/app/Views/ogrenci_ekle.php(1): CodeIgniter\View\View->include()
#5 /home/u0521406/public_html/system/View/View.php(230): include('/home/u0521406/...')
#6 /home/u0521406/public_html/system/View/View.php(232): CodeIgniter\View\View->CodeIgniter\View\{closure}()
#7 /home/u0521406/public_html/system/Common.php(1271): CodeIgniter\View\View->render()
#8 /home/u0521406/public_html/app/Controllers/Home.php(68): view()
#9 /home/u0521406/public_html/system/CodeIgniter.php(928): App\Controllers\Home->ogrenci_ekle_view()
#10 /home/u0521406/public_html/system/CodeIgniter.php(436): CodeIgniter\CodeIgniter->runController()
#11 /home/u0521406/public_html/system/CodeIgniter.php(336): CodeIgniter\CodeIgniter->handleRequest()
#12 /home/u0521406/public_html/index.php(37): CodeIgniter\CodeIgniter->run()
#13 {main}
CRITICAL - 2022-01-31 14:07:32 --> Undefined variable $title
#0 /home/u0521406/public_html/app/Views/include/header.php(7): CodeIgniter\Debug\Exceptions->errorHandler()
#1 /home/u0521406/public_html/system/View/View.php(230): include('/home/u0521406/...')
#2 /home/u0521406/public_html/system/View/View.php(232): CodeIgniter\View\View->CodeIgniter\View\{closure}()
#3 /home/u0521406/public_html/system/View/View.php(487): CodeIgniter\View\View->render()
#4 /home/u0521406/public_html/app/Views/ogrenci_ekle.php(1): CodeIgniter\View\View->include()
#5 /home/u0521406/public_html/system/View/View.php(230): include('/home/u0521406/...')
#6 /home/u0521406/public_html/system/View/View.php(232): CodeIgniter\View\View->CodeIgniter\View\{closure}()
#7 /home/u0521406/public_html/system/Common.php(1271): CodeIgniter\View\View->render()
#8 /home/u0521406/public_html/app/Controllers/Home.php(68): view()
#9 /home/u0521406/public_html/system/CodeIgniter.php(928): App\Controllers\Home->ogrenci_ekle_view()
#10 /home/u0521406/public_html/system/CodeIgniter.php(436): CodeIgniter\CodeIgniter->runController()
#11 /home/u0521406/public_html/system/CodeIgniter.php(336): CodeIgniter\CodeIgniter->handleRequest()
#12 /home/u0521406/public_html/index.php(37): CodeIgniter\CodeIgniter->run()
#13 {main}
CRITICAL - 2022-01-31 14:07:43 --> Undefined variable $title
#0 /home/u0521406/public_html/app/Views/include/header.php(7): CodeIgniter\Debug\Exceptions->errorHandler()
#1 /home/u0521406/public_html/system/View/View.php(230): include('/home/u0521406/...')
#2 /home/u0521406/public_html/system/View/View.php(232): CodeIgniter\View\View->CodeIgniter\View\{closure}()
#3 /home/u0521406/public_html/system/View/View.php(487): CodeIgniter\View\View->render()
#4 /home/u0521406/public_html/app/Views/ogrenci_ekle.php(1): CodeIgniter\View\View->include()
#5 /home/u0521406/public_html/system/View/View.php(230): include('/home/u0521406/...')
#6 /home/u0521406/public_html/system/View/View.php(232): CodeIgniter\View\View->CodeIgniter\View\{closure}()
#7 /home/u0521406/public_html/system/Common.php(1271): CodeIgniter\View\View->render()
#8 /home/u0521406/public_html/app/Controllers/Home.php(68): view()
#9 /home/u0521406/public_html/system/CodeIgniter.php(928): App\Controllers\Home->ogrenci_ekle_view()
#10 /home/u0521406/public_html/system/CodeIgniter.php(436): CodeIgniter\CodeIgniter->runController()
#11 /home/u0521406/public_html/system/CodeIgniter.php(336): CodeIgniter\CodeIgniter->handleRequest()
#12 /home/u0521406/public_html/index.php(37): CodeIgniter\CodeIgniter->run()
#13 {main}
CRITICAL - 2022-01-31 14:07:59 --> Undefined variable $title
#0 /home/u0521406/public_html/app/Views/include/header.php(7): CodeIgniter\Debug\Exceptions->errorHandler()
#1 /home/u0521406/public_html/system/View/View.php(230): include('/home/u0521406/...')
#2 /home/u0521406/public_html/system/View/View.php(232): CodeIgniter\View\View->CodeIgniter\View\{closure}()
#3 /home/u0521406/public_html/system/View/View.php(487): CodeIgniter\View\View->render()
#4 /home/u0521406/public_html/app/Views/ogrenci_ekle.php(1): CodeIgniter\View\View->include()
#5 /home/u0521406/public_html/system/View/View.php(230): include('/home/u0521406/...')
#6 /home/u0521406/public_html/system/View/View.php(232): CodeIgniter\View\View->CodeIgniter\View\{closure}()
#7 /home/u0521406/public_html/system/Common.php(1271): CodeIgniter\View\View->render()
#8 /home/u0521406/public_html/app/Controllers/Home.php(68): view()
#9 /home/u0521406/public_html/system/CodeIgniter.php(928): App\Controllers\Home->ogrenci_ekle_view()
#10 /home/u0521406/public_html/system/CodeIgniter.php(436): CodeIgniter\CodeIgniter->runController()
#11 /home/u0521406/public_html/system/CodeIgniter.php(336): CodeIgniter\CodeIgniter->handleRequest()
#12 /home/u0521406/public_html/index.php(37): CodeIgniter\CodeIgniter->run()
#13 {main}
CRITICAL - 2022-01-31 14:08:18 --> Invalid file: blank.php
#0 /home/u0521406/public_html/system/View/View.php(213): CodeIgniter\Exceptions\FrameworkException::forInvalidFile()
#1 /home/u0521406/public_html/system/Common.php(1271): CodeIgniter\View\View->render()
#2 /home/u0521406/public_html/app/Controllers/Form.php(12): view()
#3 /home/u0521406/public_html/system/CodeIgniter.php(928): App\Controllers\Form->index()
#4 /home/u0521406/public_html/system/CodeIgniter.php(436): CodeIgniter\CodeIgniter->runController()
#5 /home/u0521406/public_html/system/CodeIgniter.php(336): CodeIgniter\CodeIgniter->handleRequest()
#6 /home/u0521406/public_html/index.php(37): CodeIgniter\CodeIgniter->run()
#7 {main}
CRITICAL - 2022-01-31 14:08:23 --> Undefined array key "toplamgeckalan"
#0 /home/u0521406/public_html/app/Controllers/Home.php(39): CodeIgniter\Debug\Exceptions->errorHandler()
#1 /home/u0521406/public_html/system/CodeIgniter.php(928): App\Controllers\Home->index()
#2 /home/u0521406/public_html/system/CodeIgniter.php(436): CodeIgniter\CodeIgniter->runController()
#3 /home/u0521406/public_html/system/CodeIgniter.php(336): CodeIgniter\CodeIgniter->handleRequest()
#4 /home/u0521406/public_html/index.php(37): CodeIgniter\CodeIgniter->run()
#5 {main}
CRITICAL - 2022-01-31 14:08:39 --> Undefined array key "toplamgeckalan"
#0 /home/u0521406/public_html/app/Controllers/Home.php(39): CodeIgniter\Debug\Exceptions->errorHandler()
#1 /home/u0521406/public_html/system/CodeIgniter.php(928): App\Controllers\Home->index()
#2 /home/u0521406/public_html/system/CodeIgniter.php(436): CodeIgniter\CodeIgniter->runController()
#3 /home/u0521406/public_html/system/CodeIgniter.php(336): CodeIgniter\CodeIgniter->handleRequest()
#4 /home/u0521406/public_html/index.php(37): CodeIgniter\CodeIgniter->run()
#5 {main}
CRITICAL - 2022-01-31 14:09:05 --> Undefined array key "toplamgeckalan"
#0 /home/u0521406/public_html/app/Controllers/Home.php(39): CodeIgniter\Debug\Exceptions->errorHandler()
#1 /home/u0521406/public_html/system/CodeIgniter.php(928): App\Controllers\Home->index()
#2 /home/u0521406/public_html/system/CodeIgniter.php(436): CodeIgniter\CodeIgniter->runController()
#3 /home/u0521406/public_html/system/CodeIgniter.php(336): CodeIgniter\CodeIgniter->handleRequest()
#4 /home/u0521406/public_html/index.php(37): CodeIgniter\CodeIgniter->run()
#5 {main}
CRITICAL - 2022-01-31 14:09:21 --> Undefined array key "toplamgeckalan"
#0 /home/u0521406/public_html/app/Controllers/Home.php(39): CodeIgniter\Debug\Exceptions->errorHandler()
#1 /home/u0521406/public_html/system/CodeIgniter.php(928): App\Controllers\Home->index()
#2 /home/u0521406/public_html/system/CodeIgniter.php(436): CodeIgniter\CodeIgniter->runController()
#3 /home/u0521406/public_html/system/CodeIgniter.php(336): CodeIgniter\CodeIgniter->handleRequest()
#4 /home/u0521406/public_html/index.php(37): CodeIgniter\CodeIgniter->run()
#5 {main}
CRITICAL - 2022-01-31 14:09:24 --> Undefined array key "toplamgeckalan"
#0 /home/u0521406/public_html/app/Controllers/Home.php(39): CodeIgniter\Debug\Exceptions->errorHandler()
#1 /home/u0521406/public_html/system/CodeIgniter.php(928): App\Controllers\Home->index()
#2 /home/u0521406/public_html/system/CodeIgniter.php(436): CodeIgniter\CodeIgniter->runController()
#3 /home/u0521406/public_html/system/CodeIgniter.php(336): CodeIgniter\CodeIgniter->handleRequest()
#4 /home/u0521406/public_html/index.php(37): CodeIgniter\CodeIgniter->run()
#5 {main}
CRITICAL - 2022-01-31 14:12:14 --> Undefined array key "toplamgeckalan"
#0 /home/u0521406/public_html/app/Controllers/Home.php(39): CodeIgniter\Debug\Exceptions->errorHandler()
#1 /home/u0521406/public_html/system/CodeIgniter.php(928): App\Controllers\Home->index()
#2 /home/u0521406/public_html/system/CodeIgniter.php(436): CodeIgniter\CodeIgniter->runController()
#3 /home/u0521406/public_html/system/CodeIgniter.php(336): CodeIgniter\CodeIgniter->handleRequest()
#4 /home/u0521406/public_html/index.php(37): CodeIgniter\CodeIgniter->run()
#5 {main}
CRITICAL - 2022-01-31 14:13:30 --> Undefined array key "toplamgeckalan"
#0 /home/u0521406/public_html/app/Controllers/Home.php(39): CodeIgniter\Debug\Exceptions->errorHandler()
#1 /home/u0521406/public_html/system/CodeIgniter.php(928): App\Controllers\Home->index()
#2 /home/u0521406/public_html/system/CodeIgniter.php(436): CodeIgniter\CodeIgniter->runController()
#3 /home/u0521406/public_html/system/CodeIgniter.php(336): CodeIgniter\CodeIgniter->handleRequest()
#4 /home/u0521406/public_html/index.php(37): CodeIgniter\CodeIgniter->run()
#5 {main}
CRITICAL - 2022-01-31 14:14:24 --> Undefined array key "toplamgeckalan"
#0 /home/u0521406/public_html/app/Controllers/Home.php(39): CodeIgniter\Debug\Exceptions->errorHandler()
#1 /home/u0521406/public_html/system/CodeIgniter.php(928): App\Controllers\Home->index()
#2 /home/u0521406/public_html/system/CodeIgniter.php(436): CodeIgniter\CodeIgniter->runController()
#3 /home/u0521406/public_html/system/CodeIgniter.php(336): CodeIgniter\CodeIgniter->handleRequest()
#4 /home/u0521406/public_html/index.php(37): CodeIgniter\CodeIgniter->run()
#5 {main}
CRITICAL - 2022-01-31 14:14:38 --> Undefined array key "toplamgeckalan"
#0 /home/u0521406/public_html/app/Controllers/Home.php(39): CodeIgniter\Debug\Exceptions->errorHandler()
#1 /home/u0521406/public_html/system/CodeIgniter.php(928): App\Controllers\Home->index()
#2 /home/u0521406/public_html/system/CodeIgniter.php(436): CodeIgniter\CodeIgniter->runController()
#3 /home/u0521406/public_html/system/CodeIgniter.php(336): CodeIgniter\CodeIgniter->handleRequest()
#4 /home/u0521406/public_html/index.php(37): CodeIgniter\CodeIgniter->run()
#5 {main}
CRITICAL - 2022-01-31 23:15:04 --> The framework needs the following extension(s) installed and loaded: intl.
#0 /home/u0521406/public_html/system/CodeIgniter.php(228): CodeIgniter\Exceptions\FrameworkException::forMissingExtension('intl')
#1 /home/u0521406/public_html/system/CodeIgniter.php(180): CodeIgniter\CodeIgniter->resolvePlatformExtensions()
#2 /home/u0521406/public_html/system/bootstrap.php(157): CodeIgniter\CodeIgniter->initialize()
#3 /home/u0521406/public_html/index.php(28): require('/home/u0521406/...')
#4 {main}
CRITICAL - 2022-01-31 23:15:49 --> The framework needs the following extension(s) installed and loaded: intl.
#0 /home/u0521406/public_html/system/CodeIgniter.php(228): CodeIgniter\Exceptions\FrameworkException::forMissingExtension('intl')
#1 /home/u0521406/public_html/system/CodeIgniter.php(180): CodeIgniter\CodeIgniter->resolvePlatformExtensions()
#2 /home/u0521406/public_html/system/bootstrap.php(157): CodeIgniter\CodeIgniter->initialize()
#3 /home/u0521406/public_html/index.php(28): require('/home/u0521406/...')
#4 {main}
CRITICAL - 2022-01-31 14:16:24 --> Undefined array key "toplamgeckalan"
#0 /home/u0521406/public_html/app/Controllers/Home.php(39): CodeIgniter\Debug\Exceptions->errorHandler()
#1 /home/u0521406/public_html/system/CodeIgniter.php(928): App\Controllers\Home->index()
#2 /home/u0521406/public_html/system/CodeIgniter.php(436): CodeIgniter\CodeIgniter->runController()
#3 /home/u0521406/public_html/system/CodeIgniter.php(336): CodeIgniter\CodeIgniter->handleRequest()
#4 /home/u0521406/public_html/index.php(37): CodeIgniter\CodeIgniter->run()
#5 {main}
CRITICAL - 2022-01-31 14:16:33 --> Undefined array key "toplamgeckalan"
#0 /home/u0521406/public_html/app/Controllers/Home.php(39): CodeIgniter\Debug\Exceptions->errorHandler()
#1 /home/u0521406/public_html/system/CodeIgniter.php(928): App\Controllers\Home->index()
#2 /home/u0521406/public_html/system/CodeIgniter.php(436): CodeIgniter\CodeIgniter->runController()
#3 /home/u0521406/public_html/system/CodeIgniter.php(336): CodeIgniter\CodeIgniter->handleRequest()
#4 /home/u0521406/public_html/index.php(37): CodeIgniter\CodeIgniter->run()
#5 {main}
CRITICAL - 2022-01-31 14:17:19 --> Undefined array key "toplamgeckalan"
#0 /home/u0521406/public_html/app/Controllers/Home.php(39): CodeIgniter\Debug\Exceptions->errorHandler()
#1 /home/u0521406/public_html/system/CodeIgniter.php(928): App\Controllers\Home->index()
#2 /home/u0521406/public_html/system/CodeIgniter.php(436): CodeIgniter\CodeIgniter->runController()
#3 /home/u0521406/public_html/system/CodeIgniter.php(336): CodeIgniter\CodeIgniter->handleRequest()
#4 /home/u0521406/public_html/index.php(37): CodeIgniter\CodeIgniter->run()
#5 {main}
CRITICAL - 2022-01-31 14:22:31 --> Undefined array key "toplamgeckalan"
#0 /home/u0521406/public_html/app/Controllers/Home.php(39): CodeIgniter\Debug\Exceptions->errorHandler()
#1 /home/u0521406/public_html/system/CodeIgniter.php(928): App\Controllers\Home->index()
#2 /home/u0521406/public_html/system/CodeIgniter.php(436): CodeIgniter\CodeIgniter->runController()
#3 /home/u0521406/public_html/system/CodeIgniter.php(336): CodeIgniter\CodeIgniter->handleRequest()
#4 /home/u0521406/public_html/index.php(37): CodeIgniter\CodeIgniter->run()
#5 {main}
CRITICAL - 2022-01-31 14:26:50 --> Undefined array key "toplamgeckalan"
#0 /home/u0521406/public_html/app/Controllers/Home.php(39): CodeIgniter\Debug\Exceptions->errorHandler()
#1 /home/u0521406/public_html/system/CodeIgniter.php(928): App\Controllers\Home->index()
#2 /home/u0521406/public_html/system/CodeIgniter.php(436): CodeIgniter\CodeIgniter->runController()
#3 /home/u0521406/public_html/system/CodeIgniter.php(336): CodeIgniter\CodeIgniter->handleRequest()
#4 /home/u0521406/public_html/index.php(37): CodeIgniter\CodeIgniter->run()
#5 {main}
CRITICAL - 2022-01-31 14:27:53 --> Undefined array key "toplamgeckalan"
#0 /home/u0521406/public_html/app/Controllers/Home.php(39): CodeIgniter\Debug\Exceptions->errorHandler()
#1 /home/u0521406/public_html/system/CodeIgniter.php(928): App\Controllers\Home->index()
#2 /home/u0521406/public_html/system/CodeIgniter.php(436): CodeIgniter\CodeIgniter->runController()
#3 /home/u0521406/public_html/system/CodeIgniter.php(336): CodeIgniter\CodeIgniter->handleRequest()
#4 /home/u0521406/public_html/index.php(37): CodeIgniter\CodeIgniter->run()
#5 {main}
CRITICAL - 2022-01-31 14:27:55 --> Undefined array key "toplamgeckalan"
#0 /home/u0521406/public_html/app/Controllers/Home.php(39): CodeIgniter\Debug\Exceptions->errorHandler()
#1 /home/u0521406/public_html/system/CodeIgniter.php(928): App\Controllers\Home->index()
#2 /home/u0521406/public_html/system/CodeIgniter.php(436): CodeIgniter\CodeIgniter->runController()
#3 /home/u0521406/public_html/system/CodeIgniter.php(336): CodeIgniter\CodeIgniter->handleRequest()
#4 /home/u0521406/public_html/index.php(37): CodeIgniter\CodeIgniter->run()
#5 {main}
CRITICAL - 2022-01-31 14:27:56 --> Undefined array key "toplamgeckalan"
#0 /home/u0521406/public_html/app/Controllers/Home.php(39): CodeIgniter\Debug\Exceptions->errorHandler()
#1 /home/u0521406/public_html/system/CodeIgniter.php(928): App\Controllers\Home->index()
#2 /home/u0521406/public_html/system/CodeIgniter.php(436): CodeIgniter\CodeIgniter->runController()
#3 /home/u0521406/public_html/system/CodeIgniter.php(336): CodeIgniter\CodeIgniter->handleRequest()
#4 /home/u0521406/public_html/index.php(37): CodeIgniter\CodeIgniter->run()
#5 {main}
CRITICAL - 2022-01-31 14:28:05 --> Undefined array key "toplamgeckalan"
#0 /home/u0521406/public_html/app/Controllers/Home.php(39): CodeIgniter\Debug\Exceptions->errorHandler()
#1 /home/u0521406/public_html/system/CodeIgniter.php(928): App\Controllers\Home->index()
#2 /home/u0521406/public_html/system/CodeIgniter.php(436): CodeIgniter\CodeIgniter->runController()
#3 /home/u0521406/public_html/system/CodeIgniter.php(336): CodeIgniter\CodeIgniter->handleRequest()
#4 /home/u0521406/public_html/index.php(37): CodeIgniter\CodeIgniter->run()
#5 {main}
CRITICAL - 2022-01-31 14:28:24 --> Undefined array key "toplamgeckalan"
#0 /home/u0521406/public_html/app/Controllers/Home.php(39): CodeIgniter\Debug\Exceptions->errorHandler()
#1 /home/u0521406/public_html/system/CodeIgniter.php(928): App\Controllers\Home->index()
#2 /home/u0521406/public_html/system/CodeIgniter.php(436): CodeIgniter\CodeIgniter->runController()
#3 /home/u0521406/public_html/system/CodeIgniter.php(336): CodeIgniter\CodeIgniter->handleRequest()
#4 /home/u0521406/public_html/index.php(37): CodeIgniter\CodeIgniter->run()
#5 {main}
CRITICAL - 2022-01-31 14:28:52 --> Undefined array key "toplamgeckalan"
#0 /home/u0521406/public_html/app/Controllers/Home.php(39): CodeIgniter\Debug\Exceptions->errorHandler()
#1 /home/u0521406/public_html/system/CodeIgniter.php(928): App\Controllers\Home->index()
#2 /home/u0521406/public_html/system/CodeIgniter.php(436): CodeIgniter\CodeIgniter->runController()
#3 /home/u0521406/public_html/system/CodeIgniter.php(336): CodeIgniter\CodeIgniter->handleRequest()
#4 /home/u0521406/public_html/index.php(37): CodeIgniter\CodeIgniter->run()
#5 {main}
CRITICAL - 2022-01-31 14:28:53 --> Undefined array key "toplamgeckalan"
#0 /home/u0521406/public_html/app/Controllers/Home.php(39): CodeIgniter\Debug\Exceptions->errorHandler()
#1 /home/u0521406/public_html/system/CodeIgniter.php(928): App\Controllers\Home->index()
#2 /home/u0521406/public_html/system/CodeIgniter.php(436): CodeIgniter\CodeIgniter->runController()
#3 /home/u0521406/public_html/system/CodeIgniter.php(336): CodeIgniter\CodeIgniter->handleRequest()
#4 /home/u0521406/public_html/index.php(37): CodeIgniter\CodeIgniter->run()
#5 {main}
CRITICAL - 2022-01-31 14:28:53 --> Undefined array key "toplamgeckalan"
#0 /home/u0521406/public_html/app/Controllers/Home.php(39): CodeIgniter\Debug\Exceptions->errorHandler()
#1 /home/u0521406/public_html/system/CodeIgniter.php(928): App\Controllers\Home->index()
#2 /home/u0521406/public_html/system/CodeIgniter.php(436): CodeIgniter\CodeIgniter->runController()
#3 /home/u0521406/public_html/system/CodeIgniter.php(336): CodeIgniter\CodeIgniter->handleRequest()
#4 /home/u0521406/public_html/index.php(37): CodeIgniter\CodeIgniter->run()
#5 {main}
CRITICAL - 2022-01-31 14:28:53 --> Undefined array key "toplamgeckalan"
#0 /home/u0521406/public_html/app/Controllers/Home.php(39): CodeIgniter\Debug\Exceptions->errorHandler()
#1 /home/u0521406/public_html/system/CodeIgniter.php(928): App\Controllers\Home->index()
#2 /home/u0521406/public_html/system/CodeIgniter.php(436): CodeIgniter\CodeIgniter->runController()
#3 /home/u0521406/public_html/system/CodeIgniter.php(336): CodeIgniter\CodeIgniter->handleRequest()
#4 /home/u0521406/public_html/index.php(37): CodeIgniter\CodeIgniter->run()
#5 {main}
CRITICAL - 2022-01-31 14:28:53 --> Undefined array key "toplamgeckalan"
#0 /home/u0521406/public_html/app/Controllers/Home.php(39): CodeIgniter\Debug\Exceptions->errorHandler()
#1 /home/u0521406/public_html/system/CodeIgniter.php(928): App\Controllers\Home->index()
#2 /home/u0521406/public_html/system/CodeIgniter.php(436): CodeIgniter\CodeIgniter->runController()
#3 /home/u0521406/public_html/system/CodeIgniter.php(336): CodeIgniter\CodeIgniter->handleRequest()
#4 /home/u0521406/public_html/index.php(37): CodeIgniter\CodeIgniter->run()
#5 {main}
CRITICAL - 2022-01-31 14:28:54 --> Undefined array key "toplamgeckalan"
#0 /home/u0521406/public_html/app/Controllers/Home.php(39): CodeIgniter\Debug\Exceptions->errorHandler()
#1 /home/u0521406/public_html/system/CodeIgniter.php(928): App\Controllers\Home->index()
#2 /home/u0521406/public_html/system/CodeIgniter.php(436): CodeIgniter\CodeIgniter->runController()
#3 /home/u0521406/public_html/system/CodeIgniter.php(336): CodeIgniter\CodeIgniter->handleRequest()
#4 /home/u0521406/public_html/index.php(37): CodeIgniter\CodeIgniter->run()
#5 {main}
CRITICAL - 2022-01-31 14:28:54 --> Undefined array key "toplamgeckalan"
#0 /home/u0521406/public_html/app/Controllers/Home.php(39): CodeIgniter\Debug\Exceptions->errorHandler()
#1 /home/u0521406/public_html/system/CodeIgniter.php(928): App\Controllers\Home->index()
#2 /home/u0521406/public_html/system/CodeIgniter.php(436): CodeIgniter\CodeIgniter->runController()
#3 /home/u0521406/public_html/system/CodeIgniter.php(336): CodeIgniter\CodeIgniter->handleRequest()
#4 /home/u0521406/public_html/index.php(37): CodeIgniter\CodeIgniter->run()
#5 {main}
CRITICAL - 2022-01-31 14:28:54 --> Undefined array key "toplamgeckalan"
#0 /home/u0521406/public_html/app/Controllers/Home.php(39): CodeIgniter\Debug\Exceptions->errorHandler()
#1 /home/u0521406/public_html/system/CodeIgniter.php(928): App\Controllers\Home->index()
#2 /home/u0521406/public_html/system/CodeIgniter.php(436): CodeIgniter\CodeIgniter->runController()
#3 /home/u0521406/public_html/system/CodeIgniter.php(336): CodeIgniter\CodeIgniter->handleRequest()
#4 /home/u0521406/public_html/index.php(37): CodeIgniter\CodeIgniter->run()
#5 {main}
CRITICAL - 2022-01-31 14:28:55 --> Undefined array key "toplamgeckalan"
#0 /home/u0521406/public_html/app/Controllers/Home.php(39): CodeIgniter\Debug\Exceptions->errorHandler()
#1 /home/u0521406/public_html/system/CodeIgniter.php(928): App\Controllers\Home->index()
#2 /home/u0521406/public_html/system/CodeIgniter.php(436): CodeIgniter\CodeIgniter->runController()
#3 /home/u0521406/public_html/system/CodeIgniter.php(336): CodeIgniter\CodeIgniter->handleRequest()
#4 /home/u0521406/public_html/index.php(37): CodeIgniter\CodeIgniter->run()
#5 {main}
CRITICAL - 2022-01-31 14:29:01 --> Undefined array key "toplamgeckalan"
#0 /home/u0521406/public_html/app/Controllers/Home.php(39): CodeIgniter\Debug\Exceptions->errorHandler()
#1 /home/u0521406/public_html/system/CodeIgniter.php(928): App\Controllers\Home->index()
#2 /home/u0521406/public_html/system/CodeIgniter.php(436): CodeIgniter\CodeIgniter->runController()
#3 /home/u0521406/public_html/system/CodeIgniter.php(336): CodeIgniter\CodeIgniter->handleRequest()
#4 /home/u0521406/public_html/index.php(37): CodeIgniter\CodeIgniter->run()
#5 {main}
CRITICAL - 2022-01-31 14:29:02 --> Undefined array key "toplamgeckalan"
#0 /home/u0521406/public_html/app/Controllers/Home.php(39): CodeIgniter\Debug\Exceptions->errorHandler()
#1 /home/u0521406/public_html/system/CodeIgniter.php(928): App\Controllers\Home->index()
#2 /home/u0521406/public_html/system/CodeIgniter.php(436): CodeIgniter\CodeIgniter->runController()
#3 /home/u0521406/public_html/system/CodeIgniter.php(336): CodeIgniter\CodeIgniter->handleRequest()
#4 /home/u0521406/public_html/index.php(37): CodeIgniter\CodeIgniter->run()
#5 {main}
