CRITICAL - 2022-01-28 08:46:02 --> Invalid file: saglam_tablo.php
#0 C:\xampp\htdocs\cd4\system\View\View.php(213): CodeIgniter\Exceptions\FrameworkException::forInvalidFile('saglam_tablo.ph...')
#1 C:\xampp\htdocs\cd4\system\Common.php(1271): CodeIgniter\View\View->render('saglam_tablo', Array, true)
#2 C:\xampp\htdocs\cd4\app\Controllers\Home.php(513): view('saglam_tablo')
#3 C:\xampp\htdocs\cd4\system\CodeIgniter.php(928): App\Controllers\Home->tablogoster()
#4 C:\xampp\htdocs\cd4\system\CodeIgniter.php(436): CodeIgniter\CodeIgniter->runController(Object(App\Controllers\Home))
#5 C:\xampp\htdocs\cd4\system\CodeIgniter.php(336): CodeIgniter\CodeIgniter->handleRequest(NULL, Object(Config\Cache), false)
#6 C:\xampp\htdocs\cd4\index.php(37): CodeIgniter\CodeIgniter->run()
#7 {main}
CRITICAL - 2022-01-28 09:24:47 --> syntax error, unexpected 'count' (T_STRING)
#0 C:\xampp\htdocs\cd4\system\Router\Router.php(169): CodeIgniter\Router\Router->autoRoute('home/kisisel_An...')
#1 C:\xampp\htdocs\cd4\system\CodeIgniter.php(809): CodeIgniter\Router\Router->handle('home/kisisel_An...')
#2 C:\xampp\htdocs\cd4\system\CodeIgniter.php(389): CodeIgniter\CodeIgniter->tryToRouteIt(Object(CodeIgniter\Router\RouteCollection))
#3 C:\xampp\htdocs\cd4\system\CodeIgniter.php(336): CodeIgniter\CodeIgniter->handleRequest(NULL, Object(Config\Cache), false)
#4 C:\xampp\htdocs\cd4\index.php(37): CodeIgniter\CodeIgniter->run()
#5 {main}
CRITICAL - 2022-01-28 09:24:57 --> syntax error, unexpected 'count' (T_STRING)
#0 C:\xampp\htdocs\cd4\system\Router\Router.php(169): CodeIgniter\Router\Router->autoRoute('home/kisisel_An...')
#1 C:\xampp\htdocs\cd4\system\CodeIgniter.php(809): CodeIgniter\Router\Router->handle('home/kisisel_An...')
#2 C:\xampp\htdocs\cd4\system\CodeIgniter.php(389): CodeIgniter\CodeIgniter->tryToRouteIt(Object(CodeIgniter\Router\RouteCollection))
#3 C:\xampp\htdocs\cd4\system\CodeIgniter.php(336): CodeIgniter\CodeIgniter->handleRequest(NULL, Object(Config\Cache), false)
#4 C:\xampp\htdocs\cd4\index.php(37): CodeIgniter\CodeIgniter->run()
#5 {main}
CRITICAL - 2022-01-28 09:25:02 --> syntax error, unexpected 'count' (T_STRING)
#0 C:\xampp\htdocs\cd4\system\Router\Router.php(169): CodeIgniter\Router\Router->autoRoute('home/kisisel_An...')
#1 C:\xampp\htdocs\cd4\system\CodeIgniter.php(809): CodeIgniter\Router\Router->handle('home/kisisel_An...')
#2 C:\xampp\htdocs\cd4\system\CodeIgniter.php(389): CodeIgniter\CodeIgniter->tryToRouteIt(Object(CodeIgniter\Router\RouteCollection))
#3 C:\xampp\htdocs\cd4\system\CodeIgniter.php(336): CodeIgniter\CodeIgniter->handleRequest(NULL, Object(Config\Cache), false)
#4 C:\xampp\htdocs\cd4\index.php(37): CodeIgniter\CodeIgniter->run()
#5 {main}
CRITICAL - 2022-01-28 09:25:03 --> syntax error, unexpected 'count' (T_STRING)
#0 C:\xampp\htdocs\cd4\system\Router\Router.php(169): CodeIgniter\Router\Router->autoRoute('home/kisisel_An...')
#1 C:\xampp\htdocs\cd4\system\CodeIgniter.php(809): CodeIgniter\Router\Router->handle('home/kisisel_An...')
#2 C:\xampp\htdocs\cd4\system\CodeIgniter.php(389): CodeIgniter\CodeIgniter->tryToRouteIt(Object(CodeIgniter\Router\RouteCollection))
#3 C:\xampp\htdocs\cd4\system\CodeIgniter.php(336): CodeIgniter\CodeIgniter->handleRequest(NULL, Object(Config\Cache), false)
#4 C:\xampp\htdocs\cd4\index.php(37): CodeIgniter\CodeIgniter->run()
#5 {main}
CRITICAL - 2022-01-28 09:25:03 --> syntax error, unexpected 'count' (T_STRING)
#0 C:\xampp\htdocs\cd4\system\Router\Router.php(169): CodeIgniter\Router\Router->autoRoute('home/kisisel_An...')
#1 C:\xampp\htdocs\cd4\system\CodeIgniter.php(809): CodeIgniter\Router\Router->handle('home/kisisel_An...')
#2 C:\xampp\htdocs\cd4\system\CodeIgniter.php(389): CodeIgniter\CodeIgniter->tryToRouteIt(Object(CodeIgniter\Router\RouteCollection))
#3 C:\xampp\htdocs\cd4\system\CodeIgniter.php(336): CodeIgniter\CodeIgniter->handleRequest(NULL, Object(Config\Cache), false)
#4 C:\xampp\htdocs\cd4\index.php(37): CodeIgniter\CodeIgniter->run()
#5 {main}
CRITICAL - 2022-01-28 09:27:38 --> syntax error, unexpected 'count' (T_STRING)
#0 C:\xampp\htdocs\cd4\system\Router\Router.php(169): CodeIgniter\Router\Router->autoRoute('home/kisisel_An...')
#1 C:\xampp\htdocs\cd4\system\CodeIgniter.php(809): CodeIgniter\Router\Router->handle('home/kisisel_An...')
#2 C:\xampp\htdocs\cd4\system\CodeIgniter.php(389): CodeIgniter\CodeIgniter->tryToRouteIt(Object(CodeIgniter\Router\RouteCollection))
#3 C:\xampp\htdocs\cd4\system\CodeIgniter.php(336): CodeIgniter\CodeIgniter->handleRequest(NULL, Object(Config\Cache), false)
#4 C:\xampp\htdocs\cd4\index.php(37): CodeIgniter\CodeIgniter->run()
#5 {main}
CRITICAL - 2022-01-28 09:27:57 --> syntax error, unexpected 'count' (T_STRING)
#0 C:\xampp\htdocs\cd4\system\Router\Router.php(169): CodeIgniter\Router\Router->autoRoute('home/kisisel_An...')
#1 C:\xampp\htdocs\cd4\system\CodeIgniter.php(809): CodeIgniter\Router\Router->handle('home/kisisel_An...')
#2 C:\xampp\htdocs\cd4\system\CodeIgniter.php(389): CodeIgniter\CodeIgniter->tryToRouteIt(Object(CodeIgniter\Router\RouteCollection))
#3 C:\xampp\htdocs\cd4\system\CodeIgniter.php(336): CodeIgniter\CodeIgniter->handleRequest(NULL, Object(Config\Cache), false)
#4 C:\xampp\htdocs\cd4\index.php(37): CodeIgniter\CodeIgniter->run()
#5 {main}
CRITICAL - 2022-01-28 09:27:58 --> syntax error, unexpected 'count' (T_STRING)
#0 C:\xampp\htdocs\cd4\system\Router\Router.php(169): CodeIgniter\Router\Router->autoRoute('home/kisisel_An...')
#1 C:\xampp\htdocs\cd4\system\CodeIgniter.php(809): CodeIgniter\Router\Router->handle('home/kisisel_An...')
#2 C:\xampp\htdocs\cd4\system\CodeIgniter.php(389): CodeIgniter\CodeIgniter->tryToRouteIt(Object(CodeIgniter\Router\RouteCollection))
#3 C:\xampp\htdocs\cd4\system\CodeIgniter.php(336): CodeIgniter\CodeIgniter->handleRequest(NULL, Object(Config\Cache), false)
#4 C:\xampp\htdocs\cd4\index.php(37): CodeIgniter\CodeIgniter->run()
#5 {main}
CRITICAL - 2022-01-28 09:27:58 --> syntax error, unexpected 'count' (T_STRING)
#0 C:\xampp\htdocs\cd4\system\Router\Router.php(169): CodeIgniter\Router\Router->autoRoute('home/kisisel_An...')
#1 C:\xampp\htdocs\cd4\system\CodeIgniter.php(809): CodeIgniter\Router\Router->handle('home/kisisel_An...')
#2 C:\xampp\htdocs\cd4\system\CodeIgniter.php(389): CodeIgniter\CodeIgniter->tryToRouteIt(Object(CodeIgniter\Router\RouteCollection))
#3 C:\xampp\htdocs\cd4\system\CodeIgniter.php(336): CodeIgniter\CodeIgniter->handleRequest(NULL, Object(Config\Cache), false)
#4 C:\xampp\htdocs\cd4\index.php(37): CodeIgniter\CodeIgniter->run()
#5 {main}
CRITICAL - 2022-01-28 09:30:14 --> syntax error, unexpected 'count' (T_STRING)
#0 C:\xampp\htdocs\cd4\system\Router\Router.php(169): CodeIgniter\Router\Router->autoRoute('home/kisisel_An...')
#1 C:\xampp\htdocs\cd4\system\CodeIgniter.php(809): CodeIgniter\Router\Router->handle('home/kisisel_An...')
#2 C:\xampp\htdocs\cd4\system\CodeIgniter.php(389): CodeIgniter\CodeIgniter->tryToRouteIt(Object(CodeIgniter\Router\RouteCollection))
#3 C:\xampp\htdocs\cd4\system\CodeIgniter.php(336): CodeIgniter\CodeIgniter->handleRequest(NULL, Object(Config\Cache), false)
#4 C:\xampp\htdocs\cd4\index.php(37): CodeIgniter\CodeIgniter->run()
#5 {main}
CRITICAL - 2022-01-28 09:30:15 --> syntax error, unexpected 'count' (T_STRING)
#0 C:\xampp\htdocs\cd4\system\Router\Router.php(169): CodeIgniter\Router\Router->autoRoute('home/kisisel_An...')
#1 C:\xampp\htdocs\cd4\system\CodeIgniter.php(809): CodeIgniter\Router\Router->handle('home/kisisel_An...')
#2 C:\xampp\htdocs\cd4\system\CodeIgniter.php(389): CodeIgniter\CodeIgniter->tryToRouteIt(Object(CodeIgniter\Router\RouteCollection))
#3 C:\xampp\htdocs\cd4\system\CodeIgniter.php(336): CodeIgniter\CodeIgniter->handleRequest(NULL, Object(Config\Cache), false)
#4 C:\xampp\htdocs\cd4\index.php(37): CodeIgniter\CodeIgniter->run()
#5 {main}
CRITICAL - 2022-01-28 09:30:15 --> syntax error, unexpected 'count' (T_STRING)
#0 C:\xampp\htdocs\cd4\system\Router\Router.php(169): CodeIgniter\Router\Router->autoRoute('home/kisisel_An...')
#1 C:\xampp\htdocs\cd4\system\CodeIgniter.php(809): CodeIgniter\Router\Router->handle('home/kisisel_An...')
#2 C:\xampp\htdocs\cd4\system\CodeIgniter.php(389): CodeIgniter\CodeIgniter->tryToRouteIt(Object(CodeIgniter\Router\RouteCollection))
#3 C:\xampp\htdocs\cd4\system\CodeIgniter.php(336): CodeIgniter\CodeIgniter->handleRequest(NULL, Object(Config\Cache), false)
#4 C:\xampp\htdocs\cd4\index.php(37): CodeIgniter\CodeIgniter->run()
#5 {main}
CRITICAL - 2022-01-28 09:30:17 --> syntax error, unexpected 'count' (T_STRING)
#0 C:\xampp\htdocs\cd4\system\Router\Router.php(169): CodeIgniter\Router\Router->autoRoute('home/kisisel_An...')
#1 C:\xampp\htdocs\cd4\system\CodeIgniter.php(809): CodeIgniter\Router\Router->handle('home/kisisel_An...')
#2 C:\xampp\htdocs\cd4\system\CodeIgniter.php(389): CodeIgniter\CodeIgniter->tryToRouteIt(Object(CodeIgniter\Router\RouteCollection))
#3 C:\xampp\htdocs\cd4\system\CodeIgniter.php(336): CodeIgniter\CodeIgniter->handleRequest(NULL, Object(Config\Cache), false)
#4 C:\xampp\htdocs\cd4\index.php(37): CodeIgniter\CodeIgniter->run()
#5 {main}
CRITICAL - 2022-01-28 09:30:18 --> syntax error, unexpected 'count' (T_STRING)
#0 C:\xampp\htdocs\cd4\system\Router\Router.php(169): CodeIgniter\Router\Router->autoRoute('home/kisisel_An...')
#1 C:\xampp\htdocs\cd4\system\CodeIgniter.php(809): CodeIgniter\Router\Router->handle('home/kisisel_An...')
#2 C:\xampp\htdocs\cd4\system\CodeIgniter.php(389): CodeIgniter\CodeIgniter->tryToRouteIt(Object(CodeIgniter\Router\RouteCollection))
#3 C:\xampp\htdocs\cd4\system\CodeIgniter.php(336): CodeIgniter\CodeIgniter->handleRequest(NULL, Object(Config\Cache), false)
#4 C:\xampp\htdocs\cd4\index.php(37): CodeIgniter\CodeIgniter->run()
#5 {main}
CRITICAL - 2022-01-28 09:30:18 --> syntax error, unexpected 'count' (T_STRING)
#0 C:\xampp\htdocs\cd4\system\Router\Router.php(169): CodeIgniter\Router\Router->autoRoute('home/kisisel_An...')
#1 C:\xampp\htdocs\cd4\system\CodeIgniter.php(809): CodeIgniter\Router\Router->handle('home/kisisel_An...')
#2 C:\xampp\htdocs\cd4\system\CodeIgniter.php(389): CodeIgniter\CodeIgniter->tryToRouteIt(Object(CodeIgniter\Router\RouteCollection))
#3 C:\xampp\htdocs\cd4\system\CodeIgniter.php(336): CodeIgniter\CodeIgniter->handleRequest(NULL, Object(Config\Cache), false)
#4 C:\xampp\htdocs\cd4\index.php(37): CodeIgniter\CodeIgniter->run()
#5 {main}
