CRITICAL - 2022-07-29 18:36:03 --> session_start(): Failed to decode session object. Session has been destroyed
#0 [internal function]: CodeIgniter\Debug\Exceptions->errorHandler(2, 'session_start()...', 'C:\\xampp\\htdocs...', 1001)
#1 C:\xampp\htdocs\catalcaferhatlartatakip\system\Session\Session.php(1001): session_start()
#2 C:\xampp\htdocs\catalcaferhatlartatakip\system\Session\Session.php(249): CodeIgniter\Session\Session->startSession()
#3 C:\xampp\htdocs\catalcaferhatlartatakip\system\Config\Services.php(736): CodeIgniter\Session\Session->start()
#4 C:\xampp\htdocs\catalcaferhatlartatakip\system\Config\BaseService.php(263): CodeIgniter\Config\Services::session(Object(Config\App), false)
#5 C:\xampp\htdocs\catalcaferhatlartatakip\system\Config\BaseService.php(192): CodeIgniter\Config\BaseService::__callStatic('session', Array)
#6 C:\xampp\htdocs\catalcaferhatlartatakip\system\Config\Services.php(721): CodeIgniter\Config\BaseService::getSharedInstance('session', NULL)
#7 C:\xampp\htdocs\catalcaferhatlartatakip\system\Config\BaseService.php(263): CodeIgniter\Config\Services::session()
#8 C:\xampp\htdocs\catalcaferhatlartatakip\system\Common.php(1053): CodeIgniter\Config\BaseService::__callStatic('session', Array)
#9 C:\xampp\htdocs\catalcaferhatlartatakip\app\Views\login.php(22): session()
#10 C:\xampp\htdocs\catalcaferhatlartatakip\system\View\View.php(230): include('C:\\xampp\\htdocs...')
#11 C:\xampp\htdocs\catalcaferhatlartatakip\system\View\View.php(232): CodeIgniter\View\View->CodeIgniter\View\{closure}()
#12 C:\xampp\htdocs\catalcaferhatlartatakip\system\Common.php(1271): CodeIgniter\View\View->render('login', Array, true)
#13 C:\xampp\htdocs\catalcaferhatlartatakip\app\Controllers\Login.php(12): view('login')
#14 C:\xampp\htdocs\catalcaferhatlartatakip\system\CodeIgniter.php(928): App\Controllers\Login->index()
#15 C:\xampp\htdocs\catalcaferhatlartatakip\system\CodeIgniter.php(436): CodeIgniter\CodeIgniter->runController(Object(App\Controllers\Login))
#16 C:\xampp\htdocs\catalcaferhatlartatakip\system\CodeIgniter.php(336): CodeIgniter\CodeIgniter->handleRequest(NULL, Object(Config\Cache), false)
#17 C:\xampp\htdocs\catalcaferhatlartatakip\index.php(37): CodeIgniter\CodeIgniter->run()
#18 {main}
