CRITICAL - 2022-02-06 02:07:16 --> Undefined variable $title
#0 /home/u0521406/public_html/app/Views/include/header.php(7): CodeIgniter\Debug\Exceptions->errorHandler()
#1 /home/u0521406/public_html/system/View/View.php(230): include('/home/u0521406/...')
#2 /home/u0521406/public_html/system/View/View.php(232): CodeIgniter\View\View->CodeIgniter\View\{closure}()
#3 /home/u0521406/public_html/system/View/View.php(487): CodeIgniter\View\View->render()
#4 /home/u0521406/public_html/app/Views/ogrenci_ekle.php(1): CodeIgniter\View\View->include()
#5 /home/u0521406/public_html/system/View/View.php(230): include('/home/u0521406/...')
#6 /home/u0521406/public_html/system/View/View.php(232): CodeIgniter\View\View->CodeIgniter\View\{closure}()
#7 /home/u0521406/public_html/system/Common.php(1271): CodeIgniter\View\View->render()
#8 /home/u0521406/public_html/app/Controllers/Home.php(79): view()
#9 /home/u0521406/public_html/system/CodeIgniter.php(928): App\Controllers\Home->ogrenci_ekle_view()
#10 /home/u0521406/public_html/system/CodeIgniter.php(436): CodeIgniter\CodeIgniter->runController()
#11 /home/u0521406/public_html/system/CodeIgniter.php(336): CodeIgniter\CodeIgniter->handleRequest()
#12 /home/u0521406/public_html/index.php(37): CodeIgniter\CodeIgniter->run()
#13 {main}
CRITICAL - 2022-02-06 02:10:11 --> During inheritance of SessionHandlerInterface: Uncaught ErrorException: Return type of CodeIgniter\Session\Handlers\FileHandler::read($sessionID) should either be compatible with SessionHandlerInterface::read(string $id): string|false, or the #[\ReturnTypeWillChange] attribute should be used to temporarily suppress the notice in /home/u0521406/public_html/system/Session/Handlers/FileHandler.php:145
Stack trace:
#0 /home/u0521406/public_html/system/Session/Handlers/FileHandler.php(21): CodeIgniter\Debug\Exceptions->errorHandler()
#1 /home/u0521406/public_html/system/Autoloader/Autoloader.php(300): include_once('/home/u0521406/...')
#2 /home/u0521406/public_html/system/Autoloader/Autoloader.php(273): CodeIgniter\Autoloader\Autoloader->includeFile()
#3 /home/u0521406/public_html/system/Autoloader/Autoloader.php(247): CodeIgniter\Autoloader\Autoloader->loadInNamespace()
#4 /home/u0521406/public_html/system/Config/Services.php(728): CodeIgniter\Autoloader\Autoloader->loadClass()
#5 /home/u0521406/public_html/system/Config/BaseService.php(263): CodeIgniter\Config\Services::session()
#6 /home/u0521406/public_html/system/Config/BaseService.php(192): CodeIgniter\Config\BaseService::__callStatic()
#7 /home/u0521406/public_html/system/Config/Services.php(721): CodeIgniter\Config\BaseService::getSharedInstance()
#8 /home/u0521406/public_html/system/Config/BaseService.php(263): CodeIgniter\Config\Services::session()
#9 /home/u0521406/public_html/system/Common.php(1053): CodeIgniter\Config\BaseService::__callStatic()
#10 /home/u0521406/public_html/app/Controllers/Home.php(17): session()
#11 /home/u0521406/public_html/app/Controllers/Home.php(14): App\Controllers\Home->guvenlik()
#12 /home/u0521406/public_html/system/CodeIgniter.php(900): App\Controllers\Home->__construct()
#13 /home/u0521406/public_html/system/CodeIgniter.php(426): CodeIgniter\CodeIgniter->createController()
#14 /home/u0521406/public_html/system/CodeIgniter.php(336): CodeIgniter\CodeIgniter->handleRequest()
#15 /home/u0521406/public_html/index.php(37): CodeIgniter\CodeIgniter->run()
#16 {main}
#0 [internal function]: CodeIgniter\Debug\Exceptions->shutdownHandler()
#1 {main}
CRITICAL - 2022-02-06 02:10:27 --> Undefined variable $title
#0 /home/u0521406/public_html/app/Views/include/header.php(7): CodeIgniter\Debug\Exceptions->errorHandler()
#1 /home/u0521406/public_html/system/View/View.php(230): include('/home/u0521406/...')
#2 /home/u0521406/public_html/system/View/View.php(232): CodeIgniter\View\View->CodeIgniter\View\{closure}()
#3 /home/u0521406/public_html/system/View/View.php(487): CodeIgniter\View\View->render()
#4 /home/u0521406/public_html/app/Views/ogrenci_ekle.php(1): CodeIgniter\View\View->include()
#5 /home/u0521406/public_html/system/View/View.php(230): include('/home/u0521406/...')
#6 /home/u0521406/public_html/system/View/View.php(232): CodeIgniter\View\View->CodeIgniter\View\{closure}()
#7 /home/u0521406/public_html/system/Common.php(1271): CodeIgniter\View\View->render()
#8 /home/u0521406/public_html/app/Controllers/Home.php(78): view()
#9 /home/u0521406/public_html/system/CodeIgniter.php(928): App\Controllers\Home->ogrenci_ekle_view()
#10 /home/u0521406/public_html/system/CodeIgniter.php(436): CodeIgniter\CodeIgniter->runController()
#11 /home/u0521406/public_html/system/CodeIgniter.php(336): CodeIgniter\CodeIgniter->handleRequest()
#12 /home/u0521406/public_html/index.php(37): CodeIgniter\CodeIgniter->run()
#13 {main}
CRITICAL - 2022-02-06 02:14:08 --> Undefined variable $toplamgelmeyen
#0 /home/u0521406/public_html/app/Views/include/leftmenu.php(46): CodeIgniter\Debug\Exceptions->errorHandler()
#1 /home/u0521406/public_html/system/View/View.php(230): include('/home/u0521406/...')
#2 /home/u0521406/public_html/system/View/View.php(232): CodeIgniter\View\View->CodeIgniter\View\{closure}()
#3 /home/u0521406/public_html/system/View/View.php(487): CodeIgniter\View\View->render()
#4 /home/u0521406/public_html/app/Views/genel_analiz_all.php(2): CodeIgniter\View\View->include()
#5 /home/u0521406/public_html/system/View/View.php(230): include('/home/u0521406/...')
#6 /home/u0521406/public_html/system/View/View.php(232): CodeIgniter\View\View->CodeIgniter\View\{closure}()
#7 /home/u0521406/public_html/system/Common.php(1271): CodeIgniter\View\View->render()
#8 /home/u0521406/public_html/app/Controllers/Home.php(483): view()
#9 /home/u0521406/public_html/system/CodeIgniter.php(928): App\Controllers\Home->toplu_Analiz()
#10 /home/u0521406/public_html/system/CodeIgniter.php(436): CodeIgniter\CodeIgniter->runController()
#11 /home/u0521406/public_html/system/CodeIgniter.php(336): CodeIgniter\CodeIgniter->handleRequest()
#12 /home/u0521406/public_html/index.php(37): CodeIgniter\CodeIgniter->run()
#13 {main}
CRITICAL - 2022-02-06 02:23:05 --> Undefined variable $toplamgelmeyen
#0 /home/u0521406/public_html/app/Views/include/leftmenu.php(46): CodeIgniter\Debug\Exceptions->errorHandler()
#1 /home/u0521406/public_html/system/View/View.php(230): include('/home/u0521406/...')
#2 /home/u0521406/public_html/system/View/View.php(232): CodeIgniter\View\View->CodeIgniter\View\{closure}()
#3 /home/u0521406/public_html/system/View/View.php(487): CodeIgniter\View\View->render()
#4 /home/u0521406/public_html/app/Views/genel_analiz_all.php(2): CodeIgniter\View\View->include()
#5 /home/u0521406/public_html/system/View/View.php(230): include('/home/u0521406/...')
#6 /home/u0521406/public_html/system/View/View.php(232): CodeIgniter\View\View->CodeIgniter\View\{closure}()
#7 /home/u0521406/public_html/system/Common.php(1271): CodeIgniter\View\View->render()
#8 /home/u0521406/public_html/app/Controllers/Home.php(483): view()
#9 /home/u0521406/public_html/system/CodeIgniter.php(928): App\Controllers\Home->toplu_Analiz()
#10 /home/u0521406/public_html/system/CodeIgniter.php(436): CodeIgniter\CodeIgniter->runController()
#11 /home/u0521406/public_html/system/CodeIgniter.php(336): CodeIgniter\CodeIgniter->handleRequest()
#12 /home/u0521406/public_html/index.php(37): CodeIgniter\CodeIgniter->run()
#13 {main}
CRITICAL - 2022-02-06 02:24:22 --> Undefined variable $toplamgelmeyen
#0 /home/u0521406/public_html/app/Views/include/leftmenu.php(46): CodeIgniter\Debug\Exceptions->errorHandler()
#1 /home/u0521406/public_html/system/View/View.php(230): include('/home/u0521406/...')
#2 /home/u0521406/public_html/system/View/View.php(232): CodeIgniter\View\View->CodeIgniter\View\{closure}()
#3 /home/u0521406/public_html/system/View/View.php(487): CodeIgniter\View\View->render()
#4 /home/u0521406/public_html/app/Views/genel_analiz_all.php(2): CodeIgniter\View\View->include()
#5 /home/u0521406/public_html/system/View/View.php(230): include('/home/u0521406/...')
#6 /home/u0521406/public_html/system/View/View.php(232): CodeIgniter\View\View->CodeIgniter\View\{closure}()
#7 /home/u0521406/public_html/system/Common.php(1271): CodeIgniter\View\View->render()
#8 /home/u0521406/public_html/app/Controllers/Home.php(485): view()
#9 /home/u0521406/public_html/system/CodeIgniter.php(928): App\Controllers\Home->toplu_Analiz()
#10 /home/u0521406/public_html/system/CodeIgniter.php(436): CodeIgniter\CodeIgniter->runController()
#11 /home/u0521406/public_html/system/CodeIgniter.php(336): CodeIgniter\CodeIgniter->handleRequest()
#12 /home/u0521406/public_html/index.php(37): CodeIgniter\CodeIgniter->run()
#13 {main}
CRITICAL - 2022-02-06 02:28:30 --> Undefined variable $date
#0 /home/u0521406/public_html/app/Views/genel_analiz_all.php(14): CodeIgniter\Debug\Exceptions->errorHandler()
#1 /home/u0521406/public_html/system/View/View.php(230): include('/home/u0521406/...')
#2 /home/u0521406/public_html/system/View/View.php(232): CodeIgniter\View\View->CodeIgniter\View\{closure}()
#3 /home/u0521406/public_html/system/Common.php(1271): CodeIgniter\View\View->render()
#4 /home/u0521406/public_html/app/Controllers/Home.php(485): view()
#5 /home/u0521406/public_html/system/CodeIgniter.php(928): App\Controllers\Home->toplu_Analiz()
#6 /home/u0521406/public_html/system/CodeIgniter.php(436): CodeIgniter\CodeIgniter->runController()
#7 /home/u0521406/public_html/system/CodeIgniter.php(336): CodeIgniter\CodeIgniter->handleRequest()
#8 /home/u0521406/public_html/index.php(37): CodeIgniter\CodeIgniter->run()
#9 {main}
CRITICAL - 2022-02-06 02:29:19 --> Undefined variable $i
#0 /home/u0521406/public_html/app/Views/genel_analiz_all.php(77): CodeIgniter\Debug\Exceptions->errorHandler()
#1 /home/u0521406/public_html/system/View/View.php(230): include('/home/u0521406/...')
#2 /home/u0521406/public_html/system/View/View.php(232): CodeIgniter\View\View->CodeIgniter\View\{closure}()
#3 /home/u0521406/public_html/system/Common.php(1271): CodeIgniter\View\View->render()
#4 /home/u0521406/public_html/app/Controllers/Home.php(485): view()
#5 /home/u0521406/public_html/system/CodeIgniter.php(928): App\Controllers\Home->toplu_Analiz()
#6 /home/u0521406/public_html/system/CodeIgniter.php(436): CodeIgniter\CodeIgniter->runController()
#7 /home/u0521406/public_html/system/CodeIgniter.php(336): CodeIgniter\CodeIgniter->handleRequest()
#8 /home/u0521406/public_html/index.php(37): CodeIgniter\CodeIgniter->run()
#9 {main}
CRITICAL - 2022-02-06 02:32:03 --> Undefined variable $i
#0 /home/u0521406/public_html/app/Views/genel_analiz_all.php(78): CodeIgniter\Debug\Exceptions->errorHandler()
#1 /home/u0521406/public_html/system/View/View.php(230): include('/home/u0521406/...')
#2 /home/u0521406/public_html/system/View/View.php(232): CodeIgniter\View\View->CodeIgniter\View\{closure}()
#3 /home/u0521406/public_html/system/Common.php(1271): CodeIgniter\View\View->render()
#4 /home/u0521406/public_html/app/Controllers/Home.php(485): view()
#5 /home/u0521406/public_html/system/CodeIgniter.php(928): App\Controllers\Home->toplu_Analiz()
#6 /home/u0521406/public_html/system/CodeIgniter.php(436): CodeIgniter\CodeIgniter->runController()
#7 /home/u0521406/public_html/system/CodeIgniter.php(336): CodeIgniter\CodeIgniter->handleRequest()
#8 /home/u0521406/public_html/index.php(37): CodeIgniter\CodeIgniter->run()
#9 {main}
CRITICAL - 2022-02-06 02:32:05 --> Undefined variable $i
#0 /home/u0521406/public_html/app/Views/genel_analiz_all.php(78): CodeIgniter\Debug\Exceptions->errorHandler()
#1 /home/u0521406/public_html/system/View/View.php(230): include('/home/u0521406/...')
#2 /home/u0521406/public_html/system/View/View.php(232): CodeIgniter\View\View->CodeIgniter\View\{closure}()
#3 /home/u0521406/public_html/system/Common.php(1271): CodeIgniter\View\View->render()
#4 /home/u0521406/public_html/app/Controllers/Home.php(485): view()
#5 /home/u0521406/public_html/system/CodeIgniter.php(928): App\Controllers\Home->toplu_Analiz()
#6 /home/u0521406/public_html/system/CodeIgniter.php(436): CodeIgniter\CodeIgniter->runController()
#7 /home/u0521406/public_html/system/CodeIgniter.php(336): CodeIgniter\CodeIgniter->handleRequest()
#8 /home/u0521406/public_html/index.php(37): CodeIgniter\CodeIgniter->run()
#9 {main}
CRITICAL - 2022-02-06 02:33:37 --> Undefined variable $date
#0 /home/u0521406/public_html/app/Views/kisiselAnaliz_view.php(14): CodeIgniter\Debug\Exceptions->errorHandler()
#1 /home/u0521406/public_html/system/View/View.php(230): include('/home/u0521406/...')
#2 /home/u0521406/public_html/system/View/View.php(232): CodeIgniter\View\View->CodeIgniter\View\{closure}()
#3 /home/u0521406/public_html/system/Common.php(1271): CodeIgniter\View\View->render()
#4 /home/u0521406/public_html/app/Controllers/Home.php(423): view()
#5 /home/u0521406/public_html/system/CodeIgniter.php(928): App\Controllers\Home->kisisel_Analiz()
#6 /home/u0521406/public_html/system/CodeIgniter.php(436): CodeIgniter\CodeIgniter->runController()
#7 /home/u0521406/public_html/system/CodeIgniter.php(336): CodeIgniter\CodeIgniter->handleRequest()
#8 /home/u0521406/public_html/index.php(37): CodeIgniter\CodeIgniter->run()
#9 {main}
CRITICAL - 2022-02-06 03:38:52 --> Undefined variable $title
#0 /home/u0521406/public_html/app/Views/include/header.php(7): CodeIgniter\Debug\Exceptions->errorHandler()
#1 /home/u0521406/public_html/system/View/View.php(230): include('/home/u0521406/...')
#2 /home/u0521406/public_html/system/View/View.php(232): CodeIgniter\View\View->CodeIgniter\View\{closure}()
#3 /home/u0521406/public_html/system/View/View.php(487): CodeIgniter\View\View->render()
#4 /home/u0521406/public_html/app/Views/ogrenci_ekle.php(1): CodeIgniter\View\View->include()
#5 /home/u0521406/public_html/system/View/View.php(230): include('/home/u0521406/...')
#6 /home/u0521406/public_html/system/View/View.php(232): CodeIgniter\View\View->CodeIgniter\View\{closure}()
#7 /home/u0521406/public_html/system/Common.php(1271): CodeIgniter\View\View->render()
#8 /home/u0521406/public_html/app/Controllers/Home.php(78): view()
#9 /home/u0521406/public_html/system/CodeIgniter.php(928): App\Controllers\Home->ogrenci_ekle_view()
#10 /home/u0521406/public_html/system/CodeIgniter.php(436): CodeIgniter\CodeIgniter->runController()
#11 /home/u0521406/public_html/system/CodeIgniter.php(336): CodeIgniter\CodeIgniter->handleRequest()
#12 /home/u0521406/public_html/index.php(37): CodeIgniter\CodeIgniter->run()
#13 {main}
CRITICAL - 2022-02-06 03:39:56 --> syntax error, unexpected token "return"
#0 /home/u0521406/public_html/system/Router/Router.php(169): CodeIgniter\Router\Router->autoRoute()
#1 /home/u0521406/public_html/system/CodeIgniter.php(809): CodeIgniter\Router\Router->handle()
#2 /home/u0521406/public_html/system/CodeIgniter.php(389): CodeIgniter\CodeIgniter->tryToRouteIt()
#3 /home/u0521406/public_html/system/CodeIgniter.php(336): CodeIgniter\CodeIgniter->handleRequest()
#4 /home/u0521406/public_html/index.php(37): CodeIgniter\CodeIgniter->run()
#5 {main}
CRITICAL - 2022-02-06 03:52:55 --> Undefined variable $title
#0 /home/u0521406/public_html/app/Views/include/header.php(8): CodeIgniter\Debug\Exceptions->errorHandler()
#1 /home/u0521406/public_html/system/View/View.php(230): include('/home/u0521406/...')
#2 /home/u0521406/public_html/system/View/View.php(232): CodeIgniter\View\View->CodeIgniter\View\{closure}()
#3 /home/u0521406/public_html/system/View/View.php(487): CodeIgniter\View\View->render()
#4 /home/u0521406/public_html/app/Views/yoklama.php(1): CodeIgniter\View\View->include()
#5 /home/u0521406/public_html/system/View/View.php(230): include('/home/u0521406/...')
#6 /home/u0521406/public_html/system/View/View.php(232): CodeIgniter\View\View->CodeIgniter\View\{closure}()
#7 /home/u0521406/public_html/system/Common.php(1271): CodeIgniter\View\View->render()
#8 /home/u0521406/public_html/app/Controllers/Home.php(166): view()
#9 /home/u0521406/public_html/system/CodeIgniter.php(928): App\Controllers\Home->yoklama_view()
#10 /home/u0521406/public_html/system/CodeIgniter.php(436): CodeIgniter\CodeIgniter->runController()
#11 /home/u0521406/public_html/system/CodeIgniter.php(336): CodeIgniter\CodeIgniter->handleRequest()
#12 /home/u0521406/public_html/index.php(37): CodeIgniter\CodeIgniter->run()
#13 {main}
CRITICAL - 2022-02-06 03:53:47 --> Undefined variable $title
#0 /home/u0521406/public_html/app/Views/include/header.php(8): CodeIgniter\Debug\Exceptions->errorHandler()
#1 /home/u0521406/public_html/system/View/View.php(230): include('/home/u0521406/...')
#2 /home/u0521406/public_html/system/View/View.php(232): CodeIgniter\View\View->CodeIgniter\View\{closure}()
#3 /home/u0521406/public_html/system/View/View.php(487): CodeIgniter\View\View->render()
#4 /home/u0521406/public_html/app/Views/yoklama.php(1): CodeIgniter\View\View->include()
#5 /home/u0521406/public_html/system/View/View.php(230): include('/home/u0521406/...')
#6 /home/u0521406/public_html/system/View/View.php(232): CodeIgniter\View\View->CodeIgniter\View\{closure}()
#7 /home/u0521406/public_html/system/Common.php(1271): CodeIgniter\View\View->render()
#8 /home/u0521406/public_html/app/Controllers/Home.php(166): view()
#9 /home/u0521406/public_html/system/CodeIgniter.php(928): App\Controllers\Home->yoklama_view()
#10 /home/u0521406/public_html/system/CodeIgniter.php(436): CodeIgniter\CodeIgniter->runController()
#11 /home/u0521406/public_html/system/CodeIgniter.php(336): CodeIgniter\CodeIgniter->handleRequest()
#12 /home/u0521406/public_html/index.php(37): CodeIgniter\CodeIgniter->run()
#13 {main}
CRITICAL - 2022-02-06 03:54:16 --> Undefined variable $title
#0 /home/u0521406/public_html/app/Views/include/header.php(8): CodeIgniter\Debug\Exceptions->errorHandler()
#1 /home/u0521406/public_html/system/View/View.php(230): include('/home/u0521406/...')
#2 /home/u0521406/public_html/system/View/View.php(232): CodeIgniter\View\View->CodeIgniter\View\{closure}()
#3 /home/u0521406/public_html/system/View/View.php(487): CodeIgniter\View\View->render()
#4 /home/u0521406/public_html/app/Views/ogrenci_ekle.php(1): CodeIgniter\View\View->include()
#5 /home/u0521406/public_html/system/View/View.php(230): include('/home/u0521406/...')
#6 /home/u0521406/public_html/system/View/View.php(232): CodeIgniter\View\View->CodeIgniter\View\{closure}()
#7 /home/u0521406/public_html/system/Common.php(1271): CodeIgniter\View\View->render()
#8 /home/u0521406/public_html/app/Controllers/Home.php(79): view()
#9 /home/u0521406/public_html/system/CodeIgniter.php(928): App\Controllers\Home->ogrenci_ekle_view()
#10 /home/u0521406/public_html/system/CodeIgniter.php(436): CodeIgniter\CodeIgniter->runController()
#11 /home/u0521406/public_html/system/CodeIgniter.php(336): CodeIgniter\CodeIgniter->handleRequest()
#12 /home/u0521406/public_html/index.php(37): CodeIgniter\CodeIgniter->run()
#13 {main}
CRITICAL - 2022-02-06 03:55:46 --> Undefined variable $title
#0 /home/u0521406/public_html/app/Views/include/header.php(8): CodeIgniter\Debug\Exceptions->errorHandler()
#1 /home/u0521406/public_html/system/View/View.php(230): include('/home/u0521406/...')
#2 /home/u0521406/public_html/system/View/View.php(232): CodeIgniter\View\View->CodeIgniter\View\{closure}()
#3 /home/u0521406/public_html/system/View/View.php(487): CodeIgniter\View\View->render()
#4 /home/u0521406/public_html/app/Views/ogrenci_ekle.php(1): CodeIgniter\View\View->include()
#5 /home/u0521406/public_html/system/View/View.php(230): include('/home/u0521406/...')
#6 /home/u0521406/public_html/system/View/View.php(232): CodeIgniter\View\View->CodeIgniter\View\{closure}()
#7 /home/u0521406/public_html/system/Common.php(1271): CodeIgniter\View\View->render()
#8 /home/u0521406/public_html/app/Controllers/Home.php(79): view()
#9 /home/u0521406/public_html/system/CodeIgniter.php(928): App\Controllers\Home->ogrenci_ekle_view()
#10 /home/u0521406/public_html/system/CodeIgniter.php(436): CodeIgniter\CodeIgniter->runController()
#11 /home/u0521406/public_html/system/CodeIgniter.php(336): CodeIgniter\CodeIgniter->handleRequest()
#12 /home/u0521406/public_html/index.php(37): CodeIgniter\CodeIgniter->run()
#13 {main}
CRITICAL - 2022-02-06 04:06:44 --> Undefined variable $date
#0 /home/u0521406/public_html/app/Views/kisiselAnaliz_view.php(14): CodeIgniter\Debug\Exceptions->errorHandler()
#1 /home/u0521406/public_html/system/View/View.php(230): include('/home/u0521406/...')
#2 /home/u0521406/public_html/system/View/View.php(232): CodeIgniter\View\View->CodeIgniter\View\{closure}()
#3 /home/u0521406/public_html/system/Common.php(1271): CodeIgniter\View\View->render()
#4 /home/u0521406/public_html/app/Controllers/Home.php(424): view()
#5 /home/u0521406/public_html/system/CodeIgniter.php(928): App\Controllers\Home->kisisel_Analiz()
#6 /home/u0521406/public_html/system/CodeIgniter.php(436): CodeIgniter\CodeIgniter->runController()
#7 /home/u0521406/public_html/system/CodeIgniter.php(336): CodeIgniter\CodeIgniter->handleRequest()
#8 /home/u0521406/public_html/index.php(37): CodeIgniter\CodeIgniter->run()
#9 {main}
CRITICAL - 2022-02-06 04:06:55 --> Undefined variable $date
#0 /home/u0521406/public_html/app/Views/gunluk_yoklama_liste2.php(14): CodeIgniter\Debug\Exceptions->errorHandler()
#1 /home/u0521406/public_html/system/View/View.php(230): include('/home/u0521406/...')
#2 /home/u0521406/public_html/system/View/View.php(232): CodeIgniter\View\View->CodeIgniter\View\{closure}()
#3 /home/u0521406/public_html/system/Common.php(1271): CodeIgniter\View\View->render()
#4 /home/u0521406/public_html/app/Controllers/Home.php(187): view()
#5 /home/u0521406/public_html/system/CodeIgniter.php(928): App\Controllers\Home->gunluk_yoklama_liste_view2()
#6 /home/u0521406/public_html/system/CodeIgniter.php(436): CodeIgniter\CodeIgniter->runController()
#7 /home/u0521406/public_html/system/CodeIgniter.php(336): CodeIgniter\CodeIgniter->handleRequest()
#8 /home/u0521406/public_html/index.php(37): CodeIgniter\CodeIgniter->run()
#9 {main}
CRITICAL - 2022-02-06 04:07:00 --> Undefined variable $date
#0 /home/u0521406/public_html/app/Views/gunluk_yoklama_liste.php(14): CodeIgniter\Debug\Exceptions->errorHandler()
#1 /home/u0521406/public_html/system/View/View.php(230): include('/home/u0521406/...')
#2 /home/u0521406/public_html/system/View/View.php(232): CodeIgniter\View\View->CodeIgniter\View\{closure}()
#3 /home/u0521406/public_html/system/Common.php(1271): CodeIgniter\View\View->render()
#4 /home/u0521406/public_html/app/Controllers/Home.php(510): view()
#5 /home/u0521406/public_html/system/CodeIgniter.php(928): App\Controllers\Home->muzakere_yoklama_liste_view()
#6 /home/u0521406/public_html/system/CodeIgniter.php(436): CodeIgniter\CodeIgniter->runController()
#7 /home/u0521406/public_html/system/CodeIgniter.php(336): CodeIgniter\CodeIgniter->handleRequest()
#8 /home/u0521406/public_html/index.php(37): CodeIgniter\CodeIgniter->run()
#9 {main}
ERROR - 2022-02-06 04:07:15 --> Unknown column 'ogrenci.id' in 'where clause'
CRITICAL - 2022-02-06 04:11:50 --> Undefined variable $date
#0 /home/u0521406/public_html/app/Views/gunluk_yoklama_liste2.php(14): CodeIgniter\Debug\Exceptions->errorHandler()
#1 /home/u0521406/public_html/system/View/View.php(230): include('/home/u0521406/...')
#2 /home/u0521406/public_html/system/View/View.php(232): CodeIgniter\View\View->CodeIgniter\View\{closure}()
#3 /home/u0521406/public_html/system/Common.php(1271): CodeIgniter\View\View->render()
#4 /home/u0521406/public_html/app/Controllers/Home.php(187): view()
#5 /home/u0521406/public_html/system/CodeIgniter.php(928): App\Controllers\Home->gunluk_yoklama_liste_view2()
#6 /home/u0521406/public_html/system/CodeIgniter.php(436): CodeIgniter\CodeIgniter->runController()
#7 /home/u0521406/public_html/system/CodeIgniter.php(336): CodeIgniter\CodeIgniter->handleRequest()
#8 /home/u0521406/public_html/index.php(37): CodeIgniter\CodeIgniter->run()
#9 {main}
CRITICAL - 2022-02-06 04:11:54 --> Undefined variable $date
#0 /home/u0521406/public_html/app/Views/gunluk_yoklama_liste.php(14): CodeIgniter\Debug\Exceptions->errorHandler()
#1 /home/u0521406/public_html/system/View/View.php(230): include('/home/u0521406/...')
#2 /home/u0521406/public_html/system/View/View.php(232): CodeIgniter\View\View->CodeIgniter\View\{closure}()
#3 /home/u0521406/public_html/system/Common.php(1271): CodeIgniter\View\View->render()
#4 /home/u0521406/public_html/app/Controllers/Home.php(180): view()
#5 /home/u0521406/public_html/system/CodeIgniter.php(928): App\Controllers\Home->gunluk_yoklama_liste_view()
#6 /home/u0521406/public_html/system/CodeIgniter.php(436): CodeIgniter\CodeIgniter->runController()
#7 /home/u0521406/public_html/system/CodeIgniter.php(336): CodeIgniter\CodeIgniter->handleRequest()
#8 /home/u0521406/public_html/index.php(37): CodeIgniter\CodeIgniter->run()
#9 {main}
CRITICAL - 2022-02-06 04:13:54 --> Undefined variable $date
#0 /home/u0521406/public_html/app/Views/gunluk_gelmeyen_analiz.php(14): CodeIgniter\Debug\Exceptions->errorHandler()
#1 /home/u0521406/public_html/system/View/View.php(230): include('/home/u0521406/...')
#2 /home/u0521406/public_html/system/View/View.php(232): CodeIgniter\View\View->CodeIgniter\View\{closure}()
#3 /home/u0521406/public_html/system/Common.php(1271): CodeIgniter\View\View->render()
#4 /home/u0521406/public_html/app/Controllers/Home.php(337): view()
#5 /home/u0521406/public_html/system/CodeIgniter.php(928): App\Controllers\Home->gunlukanaliz2()
#6 /home/u0521406/public_html/system/CodeIgniter.php(436): CodeIgniter\CodeIgniter->runController()
#7 /home/u0521406/public_html/system/CodeIgniter.php(336): CodeIgniter\CodeIgniter->handleRequest()
#8 /home/u0521406/public_html/index.php(37): CodeIgniter\CodeIgniter->run()
#9 {main}
CRITICAL - 2022-02-06 05:08:35 --> Invalid file: include/header2.php
#0 /home/u0521406/public_html/system/View/View.php(213): CodeIgniter\Exceptions\FrameworkException::forInvalidFile()
#1 /home/u0521406/public_html/system/View/View.php(487): CodeIgniter\View\View->render()
#2 /home/u0521406/public_html/app/Views/home.php(1): CodeIgniter\View\View->include()
#3 /home/u0521406/public_html/system/View/View.php(230): include('/home/u0521406/...')
#4 /home/u0521406/public_html/system/View/View.php(232): CodeIgniter\View\View->CodeIgniter\View\{closure}()
#5 /home/u0521406/public_html/system/Common.php(1271): CodeIgniter\View\View->render()
#6 /home/u0521406/public_html/app/Controllers/Home.php(70): view()
#7 /home/u0521406/public_html/system/CodeIgniter.php(928): App\Controllers\Home->index()
#8 /home/u0521406/public_html/system/CodeIgniter.php(436): CodeIgniter\CodeIgniter->runController()
#9 /home/u0521406/public_html/system/CodeIgniter.php(336): CodeIgniter\CodeIgniter->handleRequest()
#10 /home/u0521406/public_html/index.php(37): CodeIgniter\CodeIgniter->run()
#11 {main}
CRITICAL - 2022-02-06 05:09:29 --> Undefined variable $gelinmeyensayisi
#0 /home/u0521406/public_html/app/Views/include/header2_kisisel.php(31): CodeIgniter\Debug\Exceptions->errorHandler()
#1 /home/u0521406/public_html/system/View/View.php(230): include('/home/u0521406/...')
#2 /home/u0521406/public_html/system/View/View.php(232): CodeIgniter\View\View->CodeIgniter\View\{closure}()
#3 /home/u0521406/public_html/system/View/View.php(487): CodeIgniter\View\View->render()
#4 /home/u0521406/public_html/app/Views/home.php(1): CodeIgniter\View\View->include()
#5 /home/u0521406/public_html/system/View/View.php(230): include('/home/u0521406/...')
#6 /home/u0521406/public_html/system/View/View.php(232): CodeIgniter\View\View->CodeIgniter\View\{closure}()
#7 /home/u0521406/public_html/system/Common.php(1271): CodeIgniter\View\View->render()
#8 /home/u0521406/public_html/app/Controllers/Home.php(70): view()
#9 /home/u0521406/public_html/system/CodeIgniter.php(928): App\Controllers\Home->index()
#10 /home/u0521406/public_html/system/CodeIgniter.php(436): CodeIgniter\CodeIgniter->runController()
#11 /home/u0521406/public_html/system/CodeIgniter.php(336): CodeIgniter\CodeIgniter->handleRequest()
#12 /home/u0521406/public_html/index.php(37): CodeIgniter\CodeIgniter->run()
#13 {main}
ERROR - 2022-02-06 17:16:27 --> Unknown column 'ogrenci.id' in 'where clause'
