CRITICAL - 2022-08-26 08:27:42 --> syntax error, unexpected token "}", expecting "," or ";"
#0 C:\xampp\htdocs\catalcaferhatlartatakip\system\Router\Router.php(169): CodeIgniter\Router\Router->autoRoute('home/index')
#1 C:\xampp\htdocs\catalcaferhatlartatakip\system\CodeIgniter.php(809): CodeIgniter\Router\Router->handle('home/index')
#2 C:\xampp\htdocs\catalcaferhatlartatakip\system\CodeIgniter.php(389): CodeIgniter\CodeIgniter->tryToRouteIt(Object(CodeIgniter\Router\RouteCollection))
#3 C:\xampp\htdocs\catalcaferhatlartatakip\system\CodeIgniter.php(336): CodeIgniter\CodeIgniter->handleRequest(NULL, Object(Config\Cache), false)
#4 C:\xampp\htdocs\catalcaferhatlartatakip\index.php(37): CodeIgniter\CodeIgniter->run()
#5 {main}
CRITICAL - 2022-08-26 08:28:36 --> syntax error, unexpected token "}", expecting "," or ";"
#0 C:\xampp\htdocs\catalcaferhatlartatakip\system\Router\Router.php(169): CodeIgniter\Router\Router->autoRoute('home/index')
#1 C:\xampp\htdocs\catalcaferhatlartatakip\system\CodeIgniter.php(809): CodeIgniter\Router\Router->handle('home/index')
#2 C:\xampp\htdocs\catalcaferhatlartatakip\system\CodeIgniter.php(389): CodeIgniter\CodeIgniter->tryToRouteIt(Object(CodeIgniter\Router\RouteCollection))
#3 C:\xampp\htdocs\catalcaferhatlartatakip\system\CodeIgniter.php(336): CodeIgniter\CodeIgniter->handleRequest(NULL, Object(Config\Cache), false)
#4 C:\xampp\htdocs\catalcaferhatlartatakip\index.php(37): CodeIgniter\CodeIgniter->run()
#5 {main}
CRITICAL - 2022-08-26 08:29:55 --> syntax error, unexpected token "}", expecting "," or ";"
#0 C:\xampp\htdocs\catalcaferhatlartatakip\system\Router\Router.php(169): CodeIgniter\Router\Router->autoRoute('home/tarih')
#1 C:\xampp\htdocs\catalcaferhatlartatakip\system\CodeIgniter.php(809): CodeIgniter\Router\Router->handle('home/tarih')
#2 C:\xampp\htdocs\catalcaferhatlartatakip\system\CodeIgniter.php(389): CodeIgniter\CodeIgniter->tryToRouteIt(Object(CodeIgniter\Router\RouteCollection))
#3 C:\xampp\htdocs\catalcaferhatlartatakip\system\CodeIgniter.php(336): CodeIgniter\CodeIgniter->handleRequest(NULL, Object(Config\Cache), false)
#4 C:\xampp\htdocs\catalcaferhatlartatakip\index.php(37): CodeIgniter\CodeIgniter->run()
#5 {main}
CRITICAL - 2022-08-26 08:29:58 --> syntax error, unexpected token "}", expecting "," or ";"
#0 C:\xampp\htdocs\catalcaferhatlartatakip\system\Router\Router.php(169): CodeIgniter\Router\Router->autoRoute('home/tarih')
#1 C:\xampp\htdocs\catalcaferhatlartatakip\system\CodeIgniter.php(809): CodeIgniter\Router\Router->handle('home/tarih')
#2 C:\xampp\htdocs\catalcaferhatlartatakip\system\CodeIgniter.php(389): CodeIgniter\CodeIgniter->tryToRouteIt(Object(CodeIgniter\Router\RouteCollection))
#3 C:\xampp\htdocs\catalcaferhatlartatakip\system\CodeIgniter.php(336): CodeIgniter\CodeIgniter->handleRequest(NULL, Object(Config\Cache), false)
#4 C:\xampp\htdocs\catalcaferhatlartatakip\index.php(37): CodeIgniter\CodeIgniter->run()
#5 {main}
CRITICAL - 2022-08-26 08:41:07 --> strtotime() expects at least 1 argument, 0 given
#0 C:\xampp\htdocs\catalcaferhatlartatakip\app\Controllers\Home.php(770): strtotime()
#1 C:\xampp\htdocs\catalcaferhatlartatakip\system\CodeIgniter.php(928): App\Controllers\Home->carsi_insert('50', '1', 'openupdate')
#2 C:\xampp\htdocs\catalcaferhatlartatakip\system\CodeIgniter.php(436): CodeIgniter\CodeIgniter->runController(Object(App\Controllers\Home))
#3 C:\xampp\htdocs\catalcaferhatlartatakip\system\CodeIgniter.php(336): CodeIgniter\CodeIgniter->handleRequest(NULL, Object(Config\Cache), false)
#4 C:\xampp\htdocs\catalcaferhatlartatakip\index.php(37): CodeIgniter\CodeIgniter->run()
#5 {main}
CRITICAL - 2022-08-26 08:44:47 --> Trying to access array offset on value of type null
#0 C:\xampp\htdocs\catalcaferhatlartatakip\app\Controllers\Home.php(832): CodeIgniter\Debug\Exceptions->errorHandler(2, 'Trying to acces...', 'C:\\xampp\\htdocs...', 832)
#1 C:\xampp\htdocs\catalcaferhatlartatakip\system\CodeIgniter.php(928): App\Controllers\Home->carsi_insert('50', '1', 'openupdate')
#2 C:\xampp\htdocs\catalcaferhatlartatakip\system\CodeIgniter.php(436): CodeIgniter\CodeIgniter->runController(Object(App\Controllers\Home))
#3 C:\xampp\htdocs\catalcaferhatlartatakip\system\CodeIgniter.php(336): CodeIgniter\CodeIgniter->handleRequest(NULL, Object(Config\Cache), false)
#4 C:\xampp\htdocs\catalcaferhatlartatakip\index.php(37): CodeIgniter\CodeIgniter->run()
#5 {main}
CRITICAL - 2022-08-26 08:44:52 --> Trying to access array offset on value of type null
#0 C:\xampp\htdocs\catalcaferhatlartatakip\app\Controllers\Home.php(794): CodeIgniter\Debug\Exceptions->errorHandler(2, 'Trying to acces...', 'C:\\xampp\\htdocs...', 794)
#1 C:\xampp\htdocs\catalcaferhatlartatakip\system\CodeIgniter.php(928): App\Controllers\Home->carsi_insert('50', '0', 'escupdate')
#2 C:\xampp\htdocs\catalcaferhatlartatakip\system\CodeIgniter.php(436): CodeIgniter\CodeIgniter->runController(Object(App\Controllers\Home))
#3 C:\xampp\htdocs\catalcaferhatlartatakip\system\CodeIgniter.php(336): CodeIgniter\CodeIgniter->handleRequest(NULL, Object(Config\Cache), false)
#4 C:\xampp\htdocs\catalcaferhatlartatakip\index.php(37): CodeIgniter\CodeIgniter->run()
#5 {main}
CRITICAL - 2022-08-26 08:51:05 --> Invalid numeric literal
#0 C:\xampp\htdocs\catalcaferhatlartatakip\system\Router\Router.php(169): CodeIgniter\Router\Router->autoRoute('home/carsi_inse...')
#1 C:\xampp\htdocs\catalcaferhatlartatakip\system\CodeIgniter.php(809): CodeIgniter\Router\Router->handle('home/carsi_inse...')
#2 C:\xampp\htdocs\catalcaferhatlartatakip\system\CodeIgniter.php(389): CodeIgniter\CodeIgniter->tryToRouteIt(Object(CodeIgniter\Router\RouteCollection))
#3 C:\xampp\htdocs\catalcaferhatlartatakip\system\CodeIgniter.php(336): CodeIgniter\CodeIgniter->handleRequest(NULL, Object(Config\Cache), false)
#4 C:\xampp\htdocs\catalcaferhatlartatakip\index.php(37): CodeIgniter\CodeIgniter->run()
#5 {main}
CRITICAL - 2022-08-26 09:26:13 --> Call to undefined method App\Models\CarsiModel::finAll
#0 C:\xampp\htdocs\catalcaferhatlartatakip\app\Controllers\Home.php(761): CodeIgniter\Model->__call('finAll', Array)
#1 C:\xampp\htdocs\catalcaferhatlartatakip\system\CodeIgniter.php(928): App\Controllers\Home->carsi_view()
#2 C:\xampp\htdocs\catalcaferhatlartatakip\system\CodeIgniter.php(436): CodeIgniter\CodeIgniter->runController(Object(App\Controllers\Home))
#3 C:\xampp\htdocs\catalcaferhatlartatakip\system\CodeIgniter.php(336): CodeIgniter\CodeIgniter->handleRequest(NULL, Object(Config\Cache), false)
#4 C:\xampp\htdocs\catalcaferhatlartatakip\index.php(37): CodeIgniter\CodeIgniter->run()
#5 {main}
CRITICAL - 2022-08-26 09:30:26 --> CodeIgniter\BaseModel::findAll(): Argument #1 ($limit) must be of type int, string given, called in C:\xampp\htdocs\catalcaferhatlartatakip\app\Controllers\Home.php on line 760
#0 C:\xampp\htdocs\catalcaferhatlartatakip\app\Controllers\Home.php(760): CodeIgniter\BaseModel->findAll('openDate')
#1 C:\xampp\htdocs\catalcaferhatlartatakip\system\CodeIgniter.php(928): App\Controllers\Home->carsi_view()
#2 C:\xampp\htdocs\catalcaferhatlartatakip\system\CodeIgniter.php(436): CodeIgniter\CodeIgniter->runController(Object(App\Controllers\Home))
#3 C:\xampp\htdocs\catalcaferhatlartatakip\system\CodeIgniter.php(336): CodeIgniter\CodeIgniter->handleRequest(NULL, Object(Config\Cache), false)
#4 C:\xampp\htdocs\catalcaferhatlartatakip\index.php(37): CodeIgniter\CodeIgniter->run()
#5 {main}
CRITICAL - 2022-08-26 09:30:34 --> Call to undefined method App\Models\CarsiModel::fincloumn
#0 C:\xampp\htdocs\catalcaferhatlartatakip\app\Controllers\Home.php(760): CodeIgniter\Model->__call('fincloumn', Array)
#1 C:\xampp\htdocs\catalcaferhatlartatakip\system\CodeIgniter.php(928): App\Controllers\Home->carsi_view()
#2 C:\xampp\htdocs\catalcaferhatlartatakip\system\CodeIgniter.php(436): CodeIgniter\CodeIgniter->runController(Object(App\Controllers\Home))
#3 C:\xampp\htdocs\catalcaferhatlartatakip\system\CodeIgniter.php(336): CodeIgniter\CodeIgniter->handleRequest(NULL, Object(Config\Cache), false)
#4 C:\xampp\htdocs\catalcaferhatlartatakip\index.php(37): CodeIgniter\CodeIgniter->run()
#5 {main}
CRITICAL - 2022-08-26 09:30:44 --> Call to undefined method App\Models\CarsiModel::findcloumn
#0 C:\xampp\htdocs\catalcaferhatlartatakip\app\Controllers\Home.php(760): CodeIgniter\Model->__call('findcloumn', Array)
#1 C:\xampp\htdocs\catalcaferhatlartatakip\system\CodeIgniter.php(928): App\Controllers\Home->carsi_view()
#2 C:\xampp\htdocs\catalcaferhatlartatakip\system\CodeIgniter.php(436): CodeIgniter\CodeIgniter->runController(Object(App\Controllers\Home))
#3 C:\xampp\htdocs\catalcaferhatlartatakip\system\CodeIgniter.php(336): CodeIgniter\CodeIgniter->handleRequest(NULL, Object(Config\Cache), false)
#4 C:\xampp\htdocs\catalcaferhatlartatakip\index.php(37): CodeIgniter\CodeIgniter->run()
#5 {main}
CRITICAL - 2022-08-26 09:34:18 --> Undefined array key "date"
#0 C:\xampp\htdocs\catalcaferhatlartatakip\app\Controllers\Home.php(761): CodeIgniter\Debug\Exceptions->errorHandler(2, 'Undefined array...', 'C:\\xampp\\htdocs...', 761)
#1 C:\xampp\htdocs\catalcaferhatlartatakip\system\CodeIgniter.php(928): App\Controllers\Home->carsi_view()
#2 C:\xampp\htdocs\catalcaferhatlartatakip\system\CodeIgniter.php(436): CodeIgniter\CodeIgniter->runController(Object(App\Controllers\Home))
#3 C:\xampp\htdocs\catalcaferhatlartatakip\system\CodeIgniter.php(336): CodeIgniter\CodeIgniter->handleRequest(NULL, Object(Config\Cache), false)
#4 C:\xampp\htdocs\catalcaferhatlartatakip\index.php(37): CodeIgniter\CodeIgniter->run()
#5 {main}
CRITICAL - 2022-08-26 09:34:30 --> Undefined array key "date"
#0 C:\xampp\htdocs\catalcaferhatlartatakip\app\Controllers\Home.php(761): CodeIgniter\Debug\Exceptions->errorHandler(2, 'Undefined array...', 'C:\\xampp\\htdocs...', 761)
#1 C:\xampp\htdocs\catalcaferhatlartatakip\system\CodeIgniter.php(928): App\Controllers\Home->carsi_view()
#2 C:\xampp\htdocs\catalcaferhatlartatakip\system\CodeIgniter.php(436): CodeIgniter\CodeIgniter->runController(Object(App\Controllers\Home))
#3 C:\xampp\htdocs\catalcaferhatlartatakip\system\CodeIgniter.php(336): CodeIgniter\CodeIgniter->handleRequest(NULL, Object(Config\Cache), false)
#4 C:\xampp\htdocs\catalcaferhatlartatakip\index.php(37): CodeIgniter\CodeIgniter->run()
#5 {main}
CRITICAL - 2022-08-26 09:34:47 --> Cannot use [] for reading
#0 C:\xampp\htdocs\catalcaferhatlartatakip\system\CodeIgniter.php(928): App\Controllers\Home->carsi_view()
#1 C:\xampp\htdocs\catalcaferhatlartatakip\system\CodeIgniter.php(436): CodeIgniter\CodeIgniter->runController(Object(App\Controllers\Home))
#2 C:\xampp\htdocs\catalcaferhatlartatakip\system\CodeIgniter.php(336): CodeIgniter\CodeIgniter->handleRequest(NULL, Object(Config\Cache), false)
#3 C:\xampp\htdocs\catalcaferhatlartatakip\index.php(37): CodeIgniter\CodeIgniter->run()
#4 {main}
CRITICAL - 2022-08-26 09:35:01 --> Attempt to read property "date" on array
#0 C:\xampp\htdocs\catalcaferhatlartatakip\app\Controllers\Home.php(761): CodeIgniter\Debug\Exceptions->errorHandler(2, 'Attempt to read...', 'C:\\xampp\\htdocs...', 761)
#1 C:\xampp\htdocs\catalcaferhatlartatakip\system\CodeIgniter.php(928): App\Controllers\Home->carsi_view()
#2 C:\xampp\htdocs\catalcaferhatlartatakip\system\CodeIgniter.php(436): CodeIgniter\CodeIgniter->runController(Object(App\Controllers\Home))
#3 C:\xampp\htdocs\catalcaferhatlartatakip\system\CodeIgniter.php(336): CodeIgniter\CodeIgniter->handleRequest(NULL, Object(Config\Cache), false)
#4 C:\xampp\htdocs\catalcaferhatlartatakip\index.php(37): CodeIgniter\CodeIgniter->run()
#5 {main}
CRITICAL - 2022-08-26 09:35:07 --> Undefined array key "date"
#0 C:\xampp\htdocs\catalcaferhatlartatakip\app\Controllers\Home.php(761): CodeIgniter\Debug\Exceptions->errorHandler(2, 'Undefined array...', 'C:\\xampp\\htdocs...', 761)
#1 C:\xampp\htdocs\catalcaferhatlartatakip\system\CodeIgniter.php(928): App\Controllers\Home->carsi_view()
#2 C:\xampp\htdocs\catalcaferhatlartatakip\system\CodeIgniter.php(436): CodeIgniter\CodeIgniter->runController(Object(App\Controllers\Home))
#3 C:\xampp\htdocs\catalcaferhatlartatakip\system\CodeIgniter.php(336): CodeIgniter\CodeIgniter->handleRequest(NULL, Object(Config\Cache), false)
#4 C:\xampp\htdocs\catalcaferhatlartatakip\index.php(37): CodeIgniter\CodeIgniter->run()
#5 {main}
CRITICAL - 2022-08-26 09:42:25 --> syntax error, unexpected token "=>", expecting ")"
#0 C:\xampp\htdocs\catalcaferhatlartatakip\system\Router\Router.php(169): CodeIgniter\Router\Router->autoRoute('home/carsi_view')
#1 C:\xampp\htdocs\catalcaferhatlartatakip\system\CodeIgniter.php(809): CodeIgniter\Router\Router->handle('home/carsi_view')
#2 C:\xampp\htdocs\catalcaferhatlartatakip\system\CodeIgniter.php(389): CodeIgniter\CodeIgniter->tryToRouteIt(Object(CodeIgniter\Router\RouteCollection))
#3 C:\xampp\htdocs\catalcaferhatlartatakip\system\CodeIgniter.php(336): CodeIgniter\CodeIgniter->handleRequest(NULL, Object(Config\Cache), false)
#4 C:\xampp\htdocs\catalcaferhatlartatakip\index.php(37): CodeIgniter\CodeIgniter->run()
#5 {main}
CRITICAL - 2022-08-26 09:42:29 --> syntax error, unexpected token "=>", expecting ")"
#0 C:\xampp\htdocs\catalcaferhatlartatakip\system\Router\Router.php(169): CodeIgniter\Router\Router->autoRoute('home')
#1 C:\xampp\htdocs\catalcaferhatlartatakip\system\CodeIgniter.php(809): CodeIgniter\Router\Router->handle('home')
#2 C:\xampp\htdocs\catalcaferhatlartatakip\system\CodeIgniter.php(389): CodeIgniter\CodeIgniter->tryToRouteIt(Object(CodeIgniter\Router\RouteCollection))
#3 C:\xampp\htdocs\catalcaferhatlartatakip\system\CodeIgniter.php(336): CodeIgniter\CodeIgniter->handleRequest(NULL, Object(Config\Cache), false)
#4 C:\xampp\htdocs\catalcaferhatlartatakip\index.php(37): CodeIgniter\CodeIgniter->run()
#5 {main}
CRITICAL - 2022-08-26 09:42:59 --> syntax error, unexpected token "=>", expecting ")"
#0 C:\xampp\htdocs\catalcaferhatlartatakip\system\Router\Router.php(169): CodeIgniter\Router\Router->autoRoute('home')
#1 C:\xampp\htdocs\catalcaferhatlartatakip\system\CodeIgniter.php(809): CodeIgniter\Router\Router->handle('home')
#2 C:\xampp\htdocs\catalcaferhatlartatakip\system\CodeIgniter.php(389): CodeIgniter\CodeIgniter->tryToRouteIt(Object(CodeIgniter\Router\RouteCollection))
#3 C:\xampp\htdocs\catalcaferhatlartatakip\system\CodeIgniter.php(336): CodeIgniter\CodeIgniter->handleRequest(NULL, Object(Config\Cache), false)
#4 C:\xampp\htdocs\catalcaferhatlartatakip\index.php(37): CodeIgniter\CodeIgniter->run()
#5 {main}
CRITICAL - 2022-08-26 09:49:43 --> Trying to access array offset on value of type null
#0 C:\xampp\htdocs\catalcaferhatlartatakip\app\Controllers\Home.php(814): CodeIgniter\Debug\Exceptions->errorHandler(2, 'Trying to acces...', 'C:\\xampp\\htdocs...', 814)
#1 C:\xampp\htdocs\catalcaferhatlartatakip\system\CodeIgniter.php(928): App\Controllers\Home->carsi_insert('4', '2', 'openinsert')
#2 C:\xampp\htdocs\catalcaferhatlartatakip\system\CodeIgniter.php(436): CodeIgniter\CodeIgniter->runController(Object(App\Controllers\Home))
#3 C:\xampp\htdocs\catalcaferhatlartatakip\system\CodeIgniter.php(336): CodeIgniter\CodeIgniter->handleRequest(NULL, Object(Config\Cache), false)
#4 C:\xampp\htdocs\catalcaferhatlartatakip\index.php(37): CodeIgniter\CodeIgniter->run()
#5 {main}
CRITICAL - 2022-08-26 10:11:37 --> Undefined variable $date
#0 C:\xampp\htdocs\catalcaferhatlartatakip\app\Controllers\Home.php(199): CodeIgniter\Debug\Exceptions->errorHandler(2, 'Undefined varia...', 'C:\\xampp\\htdocs...', 199)
#1 C:\xampp\htdocs\catalcaferhatlartatakip\system\CodeIgniter.php(928): App\Controllers\Home->gunluk_yoklama_liste_view('1', 'Rabita')
#2 C:\xampp\htdocs\catalcaferhatlartatakip\system\CodeIgniter.php(436): CodeIgniter\CodeIgniter->runController(Object(App\Controllers\Home))
#3 C:\xampp\htdocs\catalcaferhatlartatakip\system\CodeIgniter.php(336): CodeIgniter\CodeIgniter->handleRequest(NULL, Object(Config\Cache), false)
#4 C:\xampp\htdocs\catalcaferhatlartatakip\index.php(37): CodeIgniter\CodeIgniter->run()
#5 {main}
CRITICAL - 2022-08-26 10:11:54 --> syntax error, unexpected token "!=", expecting ")"
#0 C:\xampp\htdocs\catalcaferhatlartatakip\system\Router\Router.php(169): CodeIgniter\Router\Router->autoRoute('home/gunluk_yok...')
#1 C:\xampp\htdocs\catalcaferhatlartatakip\system\CodeIgniter.php(809): CodeIgniter\Router\Router->handle('home/gunluk_yok...')
#2 C:\xampp\htdocs\catalcaferhatlartatakip\system\CodeIgniter.php(389): CodeIgniter\CodeIgniter->tryToRouteIt(Object(CodeIgniter\Router\RouteCollection))
#3 C:\xampp\htdocs\catalcaferhatlartatakip\system\CodeIgniter.php(336): CodeIgniter\CodeIgniter->handleRequest(NULL, Object(Config\Cache), false)
#4 C:\xampp\htdocs\catalcaferhatlartatakip\index.php(37): CodeIgniter\CodeIgniter->run()
#5 {main}
CRITICAL - 2022-08-26 10:12:16 --> Undefined variable $date
#0 C:\xampp\htdocs\catalcaferhatlartatakip\app\Controllers\Home.php(199): CodeIgniter\Debug\Exceptions->errorHandler(2, 'Undefined varia...', 'C:\\xampp\\htdocs...', 199)
#1 C:\xampp\htdocs\catalcaferhatlartatakip\system\CodeIgniter.php(928): App\Controllers\Home->gunluk_yoklama_liste_view('1', 'Rabita')
#2 C:\xampp\htdocs\catalcaferhatlartatakip\system\CodeIgniter.php(436): CodeIgniter\CodeIgniter->runController(Object(App\Controllers\Home))
#3 C:\xampp\htdocs\catalcaferhatlartatakip\system\CodeIgniter.php(336): CodeIgniter\CodeIgniter->handleRequest(NULL, Object(Config\Cache), false)
#4 C:\xampp\htdocs\catalcaferhatlartatakip\index.php(37): CodeIgniter\CodeIgniter->run()
#5 {main}
CRITICAL - 2022-08-26 10:12:17 --> Undefined variable $date
#0 C:\xampp\htdocs\catalcaferhatlartatakip\app\Controllers\Home.php(199): CodeIgniter\Debug\Exceptions->errorHandler(2, 'Undefined varia...', 'C:\\xampp\\htdocs...', 199)
#1 C:\xampp\htdocs\catalcaferhatlartatakip\system\CodeIgniter.php(928): App\Controllers\Home->gunluk_yoklama_liste_view('1', 'Rabita')
#2 C:\xampp\htdocs\catalcaferhatlartatakip\system\CodeIgniter.php(436): CodeIgniter\CodeIgniter->runController(Object(App\Controllers\Home))
#3 C:\xampp\htdocs\catalcaferhatlartatakip\system\CodeIgniter.php(336): CodeIgniter\CodeIgniter->handleRequest(NULL, Object(Config\Cache), false)
#4 C:\xampp\htdocs\catalcaferhatlartatakip\index.php(37): CodeIgniter\CodeIgniter->run()
#5 {main}
CRITICAL - 2022-08-26 10:12:40 --> Undefined variable $date
#0 C:\xampp\htdocs\catalcaferhatlartatakip\app\Controllers\Home.php(199): CodeIgniter\Debug\Exceptions->errorHandler(2, 'Undefined varia...', 'C:\\xampp\\htdocs...', 199)
#1 C:\xampp\htdocs\catalcaferhatlartatakip\system\CodeIgniter.php(928): App\Controllers\Home->gunluk_yoklama_liste_view('1', 'Rabita')
#2 C:\xampp\htdocs\catalcaferhatlartatakip\system\CodeIgniter.php(436): CodeIgniter\CodeIgniter->runController(Object(App\Controllers\Home))
#3 C:\xampp\htdocs\catalcaferhatlartatakip\system\CodeIgniter.php(336): CodeIgniter\CodeIgniter->handleRequest(NULL, Object(Config\Cache), false)
#4 C:\xampp\htdocs\catalcaferhatlartatakip\index.php(37): CodeIgniter\CodeIgniter->run()
#5 {main}
CRITICAL - 2022-08-26 10:12:41 --> Undefined variable $date
#0 C:\xampp\htdocs\catalcaferhatlartatakip\app\Controllers\Home.php(199): CodeIgniter\Debug\Exceptions->errorHandler(2, 'Undefined varia...', 'C:\\xampp\\htdocs...', 199)
#1 C:\xampp\htdocs\catalcaferhatlartatakip\system\CodeIgniter.php(928): App\Controllers\Home->gunluk_yoklama_liste_view('1', 'Rabita')
#2 C:\xampp\htdocs\catalcaferhatlartatakip\system\CodeIgniter.php(436): CodeIgniter\CodeIgniter->runController(Object(App\Controllers\Home))
#3 C:\xampp\htdocs\catalcaferhatlartatakip\system\CodeIgniter.php(336): CodeIgniter\CodeIgniter->handleRequest(NULL, Object(Config\Cache), false)
#4 C:\xampp\htdocs\catalcaferhatlartatakip\index.php(37): CodeIgniter\CodeIgniter->run()
#5 {main}
CRITICAL - 2022-08-26 10:12:41 --> Undefined variable $date
#0 C:\xampp\htdocs\catalcaferhatlartatakip\app\Controllers\Home.php(199): CodeIgniter\Debug\Exceptions->errorHandler(2, 'Undefined varia...', 'C:\\xampp\\htdocs...', 199)
#1 C:\xampp\htdocs\catalcaferhatlartatakip\system\CodeIgniter.php(928): App\Controllers\Home->gunluk_yoklama_liste_view('1', 'Rabita')
#2 C:\xampp\htdocs\catalcaferhatlartatakip\system\CodeIgniter.php(436): CodeIgniter\CodeIgniter->runController(Object(App\Controllers\Home))
#3 C:\xampp\htdocs\catalcaferhatlartatakip\system\CodeIgniter.php(336): CodeIgniter\CodeIgniter->handleRequest(NULL, Object(Config\Cache), false)
#4 C:\xampp\htdocs\catalcaferhatlartatakip\index.php(37): CodeIgniter\CodeIgniter->run()
#5 {main}
CRITICAL - 2022-08-26 10:12:50 --> Undefined variable $date
#0 C:\xampp\htdocs\catalcaferhatlartatakip\app\Controllers\Home.php(199): CodeIgniter\Debug\Exceptions->errorHandler(2, 'Undefined varia...', 'C:\\xampp\\htdocs...', 199)
#1 C:\xampp\htdocs\catalcaferhatlartatakip\system\CodeIgniter.php(928): App\Controllers\Home->gunluk_yoklama_liste_view('1', 'Rabita')
#2 C:\xampp\htdocs\catalcaferhatlartatakip\system\CodeIgniter.php(436): CodeIgniter\CodeIgniter->runController(Object(App\Controllers\Home))
#3 C:\xampp\htdocs\catalcaferhatlartatakip\system\CodeIgniter.php(336): CodeIgniter\CodeIgniter->handleRequest(NULL, Object(Config\Cache), false)
#4 C:\xampp\htdocs\catalcaferhatlartatakip\index.php(37): CodeIgniter\CodeIgniter->run()
#5 {main}
CRITICAL - 2022-08-26 10:40:07 --> syntax error, unexpected token "{"
#0 C:\xampp\htdocs\catalcaferhatlartatakip\system\Router\Router.php(169): CodeIgniter\Router\Router->autoRoute('home')
#1 C:\xampp\htdocs\catalcaferhatlartatakip\system\CodeIgniter.php(809): CodeIgniter\Router\Router->handle('home')
#2 C:\xampp\htdocs\catalcaferhatlartatakip\system\CodeIgniter.php(389): CodeIgniter\CodeIgniter->tryToRouteIt(Object(CodeIgniter\Router\RouteCollection))
#3 C:\xampp\htdocs\catalcaferhatlartatakip\system\CodeIgniter.php(336): CodeIgniter\CodeIgniter->handleRequest(NULL, Object(Config\Cache), false)
#4 C:\xampp\htdocs\catalcaferhatlartatakip\index.php(37): CodeIgniter\CodeIgniter->run()
#5 {main}
CRITICAL - 2022-08-26 10:41:13 --> syntax error, unexpected token "{"
#0 C:\xampp\htdocs\catalcaferhatlartatakip\system\Router\Router.php(169): CodeIgniter\Router\Router->autoRoute('home')
#1 C:\xampp\htdocs\catalcaferhatlartatakip\system\CodeIgniter.php(809): CodeIgniter\Router\Router->handle('home')
#2 C:\xampp\htdocs\catalcaferhatlartatakip\system\CodeIgniter.php(389): CodeIgniter\CodeIgniter->tryToRouteIt(Object(CodeIgniter\Router\RouteCollection))
#3 C:\xampp\htdocs\catalcaferhatlartatakip\system\CodeIgniter.php(336): CodeIgniter\CodeIgniter->handleRequest(NULL, Object(Config\Cache), false)
#4 C:\xampp\htdocs\catalcaferhatlartatakip\index.php(37): CodeIgniter\CodeIgniter->run()
#5 {main}
CRITICAL - 2022-08-26 10:42:48 --> syntax error, unexpected token "{"
#0 C:\xampp\htdocs\catalcaferhatlartatakip\system\Router\Router.php(169): CodeIgniter\Router\Router->autoRoute('home')
#1 C:\xampp\htdocs\catalcaferhatlartatakip\system\CodeIgniter.php(809): CodeIgniter\Router\Router->handle('home')
#2 C:\xampp\htdocs\catalcaferhatlartatakip\system\CodeIgniter.php(389): CodeIgniter\CodeIgniter->tryToRouteIt(Object(CodeIgniter\Router\RouteCollection))
#3 C:\xampp\htdocs\catalcaferhatlartatakip\system\CodeIgniter.php(336): CodeIgniter\CodeIgniter->handleRequest(NULL, Object(Config\Cache), false)
#4 C:\xampp\htdocs\catalcaferhatlartatakip\index.php(37): CodeIgniter\CodeIgniter->run()
#5 {main}
CRITICAL - 2022-08-26 10:42:48 --> syntax error, unexpected token "{"
#0 C:\xampp\htdocs\catalcaferhatlartatakip\system\Router\Router.php(169): CodeIgniter\Router\Router->autoRoute('home')
#1 C:\xampp\htdocs\catalcaferhatlartatakip\system\CodeIgniter.php(809): CodeIgniter\Router\Router->handle('home')
#2 C:\xampp\htdocs\catalcaferhatlartatakip\system\CodeIgniter.php(389): CodeIgniter\CodeIgniter->tryToRouteIt(Object(CodeIgniter\Router\RouteCollection))
#3 C:\xampp\htdocs\catalcaferhatlartatakip\system\CodeIgniter.php(336): CodeIgniter\CodeIgniter->handleRequest(NULL, Object(Config\Cache), false)
#4 C:\xampp\htdocs\catalcaferhatlartatakip\index.php(37): CodeIgniter\CodeIgniter->run()
#5 {main}
CRITICAL - 2022-08-26 10:58:33 --> syntax error, unexpected token "public"
#0 C:\xampp\htdocs\catalcaferhatlartatakip\system\Router\Router.php(169): CodeIgniter\Router\Router->autoRoute('home/genelyokla...')
#1 C:\xampp\htdocs\catalcaferhatlartatakip\system\CodeIgniter.php(809): CodeIgniter\Router\Router->handle('home/genelyokla...')
#2 C:\xampp\htdocs\catalcaferhatlartatakip\system\CodeIgniter.php(389): CodeIgniter\CodeIgniter->tryToRouteIt(Object(CodeIgniter\Router\RouteCollection))
#3 C:\xampp\htdocs\catalcaferhatlartatakip\system\CodeIgniter.php(336): CodeIgniter\CodeIgniter->handleRequest(NULL, Object(Config\Cache), false)
#4 C:\xampp\htdocs\catalcaferhatlartatakip\index.php(37): CodeIgniter\CodeIgniter->run()
#5 {main}
CRITICAL - 2022-08-26 10:58:48 --> syntax error, unexpected token "public"
#0 C:\xampp\htdocs\catalcaferhatlartatakip\system\Router\Router.php(169): CodeIgniter\Router\Router->autoRoute('home/genelyokla...')
#1 C:\xampp\htdocs\catalcaferhatlartatakip\system\CodeIgniter.php(809): CodeIgniter\Router\Router->handle('home/genelyokla...')
#2 C:\xampp\htdocs\catalcaferhatlartatakip\system\CodeIgniter.php(389): CodeIgniter\CodeIgniter->tryToRouteIt(Object(CodeIgniter\Router\RouteCollection))
#3 C:\xampp\htdocs\catalcaferhatlartatakip\system\CodeIgniter.php(336): CodeIgniter\CodeIgniter->handleRequest(NULL, Object(Config\Cache), false)
#4 C:\xampp\htdocs\catalcaferhatlartatakip\index.php(37): CodeIgniter\CodeIgniter->run()
#5 {main}
CRITICAL - 2022-08-26 10:58:49 --> syntax error, unexpected token "public"
#0 C:\xampp\htdocs\catalcaferhatlartatakip\system\Router\Router.php(169): CodeIgniter\Router\Router->autoRoute('home/genelyokla...')
#1 C:\xampp\htdocs\catalcaferhatlartatakip\system\CodeIgniter.php(809): CodeIgniter\Router\Router->handle('home/genelyokla...')
#2 C:\xampp\htdocs\catalcaferhatlartatakip\system\CodeIgniter.php(389): CodeIgniter\CodeIgniter->tryToRouteIt(Object(CodeIgniter\Router\RouteCollection))
#3 C:\xampp\htdocs\catalcaferhatlartatakip\system\CodeIgniter.php(336): CodeIgniter\CodeIgniter->handleRequest(NULL, Object(Config\Cache), false)
#4 C:\xampp\htdocs\catalcaferhatlartatakip\index.php(37): CodeIgniter\CodeIgniter->run()
#5 {main}
CRITICAL - 2022-08-26 10:58:50 --> syntax error, unexpected token "public"
#0 C:\xampp\htdocs\catalcaferhatlartatakip\system\Router\Router.php(169): CodeIgniter\Router\Router->autoRoute('home/genelyokla...')
#1 C:\xampp\htdocs\catalcaferhatlartatakip\system\CodeIgniter.php(809): CodeIgniter\Router\Router->handle('home/genelyokla...')
#2 C:\xampp\htdocs\catalcaferhatlartatakip\system\CodeIgniter.php(389): CodeIgniter\CodeIgniter->tryToRouteIt(Object(CodeIgniter\Router\RouteCollection))
#3 C:\xampp\htdocs\catalcaferhatlartatakip\system\CodeIgniter.php(336): CodeIgniter\CodeIgniter->handleRequest(NULL, Object(Config\Cache), false)
#4 C:\xampp\htdocs\catalcaferhatlartatakip\index.php(37): CodeIgniter\CodeIgniter->run()
#5 {main}
CRITICAL - 2022-08-26 10:59:16 --> syntax error, unexpected token "public"
#0 C:\xampp\htdocs\catalcaferhatlartatakip\system\Router\Router.php(169): CodeIgniter\Router\Router->autoRoute('home/genelyokla...')
#1 C:\xampp\htdocs\catalcaferhatlartatakip\system\CodeIgniter.php(809): CodeIgniter\Router\Router->handle('home/genelyokla...')
#2 C:\xampp\htdocs\catalcaferhatlartatakip\system\CodeIgniter.php(389): CodeIgniter\CodeIgniter->tryToRouteIt(Object(CodeIgniter\Router\RouteCollection))
#3 C:\xampp\htdocs\catalcaferhatlartatakip\system\CodeIgniter.php(336): CodeIgniter\CodeIgniter->handleRequest(NULL, Object(Config\Cache), false)
#4 C:\xampp\htdocs\catalcaferhatlartatakip\index.php(37): CodeIgniter\CodeIgniter->run()
#5 {main}
CRITICAL - 2022-08-26 10:59:42 --> syntax error, unexpected token "public"
#0 C:\xampp\htdocs\catalcaferhatlartatakip\system\Router\Router.php(169): CodeIgniter\Router\Router->autoRoute('home/genelyokla...')
#1 C:\xampp\htdocs\catalcaferhatlartatakip\system\CodeIgniter.php(809): CodeIgniter\Router\Router->handle('home/genelyokla...')
#2 C:\xampp\htdocs\catalcaferhatlartatakip\system\CodeIgniter.php(389): CodeIgniter\CodeIgniter->tryToRouteIt(Object(CodeIgniter\Router\RouteCollection))
#3 C:\xampp\htdocs\catalcaferhatlartatakip\system\CodeIgniter.php(336): CodeIgniter\CodeIgniter->handleRequest(NULL, Object(Config\Cache), false)
#4 C:\xampp\htdocs\catalcaferhatlartatakip\index.php(37): CodeIgniter\CodeIgniter->run()
#5 {main}
CRITICAL - 2022-08-26 10:59:44 --> syntax error, unexpected token "public"
#0 C:\xampp\htdocs\catalcaferhatlartatakip\system\Router\Router.php(169): CodeIgniter\Router\Router->autoRoute('home/genelyokla...')
#1 C:\xampp\htdocs\catalcaferhatlartatakip\system\CodeIgniter.php(809): CodeIgniter\Router\Router->handle('home/genelyokla...')
#2 C:\xampp\htdocs\catalcaferhatlartatakip\system\CodeIgniter.php(389): CodeIgniter\CodeIgniter->tryToRouteIt(Object(CodeIgniter\Router\RouteCollection))
#3 C:\xampp\htdocs\catalcaferhatlartatakip\system\CodeIgniter.php(336): CodeIgniter\CodeIgniter->handleRequest(NULL, Object(Config\Cache), false)
#4 C:\xampp\htdocs\catalcaferhatlartatakip\index.php(37): CodeIgniter\CodeIgniter->run()
#5 {main}
CRITICAL - 2022-08-26 10:59:53 --> syntax error, unexpected token "public"
#0 C:\xampp\htdocs\catalcaferhatlartatakip\system\Router\Router.php(169): CodeIgniter\Router\Router->autoRoute('home/genelyokla...')
#1 C:\xampp\htdocs\catalcaferhatlartatakip\system\CodeIgniter.php(809): CodeIgniter\Router\Router->handle('home/genelyokla...')
#2 C:\xampp\htdocs\catalcaferhatlartatakip\system\CodeIgniter.php(389): CodeIgniter\CodeIgniter->tryToRouteIt(Object(CodeIgniter\Router\RouteCollection))
#3 C:\xampp\htdocs\catalcaferhatlartatakip\system\CodeIgniter.php(336): CodeIgniter\CodeIgniter->handleRequest(NULL, Object(Config\Cache), false)
#4 C:\xampp\htdocs\catalcaferhatlartatakip\index.php(37): CodeIgniter\CodeIgniter->run()
#5 {main}
CRITICAL - 2022-08-26 10:59:56 --> syntax error, unexpected token "public"
#0 C:\xampp\htdocs\catalcaferhatlartatakip\system\Router\Router.php(169): CodeIgniter\Router\Router->autoRoute('home')
#1 C:\xampp\htdocs\catalcaferhatlartatakip\system\CodeIgniter.php(809): CodeIgniter\Router\Router->handle('home')
#2 C:\xampp\htdocs\catalcaferhatlartatakip\system\CodeIgniter.php(389): CodeIgniter\CodeIgniter->tryToRouteIt(Object(CodeIgniter\Router\RouteCollection))
#3 C:\xampp\htdocs\catalcaferhatlartatakip\system\CodeIgniter.php(336): CodeIgniter\CodeIgniter->handleRequest(NULL, Object(Config\Cache), false)
#4 C:\xampp\htdocs\catalcaferhatlartatakip\index.php(37): CodeIgniter\CodeIgniter->run()
#5 {main}
CRITICAL - 2022-08-26 11:00:07 --> syntax error, unexpected token "public"
#0 C:\xampp\htdocs\catalcaferhatlartatakip\system\Router\Router.php(169): CodeIgniter\Router\Router->autoRoute('home')
#1 C:\xampp\htdocs\catalcaferhatlartatakip\system\CodeIgniter.php(809): CodeIgniter\Router\Router->handle('home')
#2 C:\xampp\htdocs\catalcaferhatlartatakip\system\CodeIgniter.php(389): CodeIgniter\CodeIgniter->tryToRouteIt(Object(CodeIgniter\Router\RouteCollection))
#3 C:\xampp\htdocs\catalcaferhatlartatakip\system\CodeIgniter.php(336): CodeIgniter\CodeIgniter->handleRequest(NULL, Object(Config\Cache), false)
#4 C:\xampp\htdocs\catalcaferhatlartatakip\index.php(37): CodeIgniter\CodeIgniter->run()
#5 {main}
CRITICAL - 2022-08-26 11:00:08 --> syntax error, unexpected token "public"
#0 C:\xampp\htdocs\catalcaferhatlartatakip\system\Router\Router.php(169): CodeIgniter\Router\Router->autoRoute('home')
#1 C:\xampp\htdocs\catalcaferhatlartatakip\system\CodeIgniter.php(809): CodeIgniter\Router\Router->handle('home')
#2 C:\xampp\htdocs\catalcaferhatlartatakip\system\CodeIgniter.php(389): CodeIgniter\CodeIgniter->tryToRouteIt(Object(CodeIgniter\Router\RouteCollection))
#3 C:\xampp\htdocs\catalcaferhatlartatakip\system\CodeIgniter.php(336): CodeIgniter\CodeIgniter->handleRequest(NULL, Object(Config\Cache), false)
#4 C:\xampp\htdocs\catalcaferhatlartatakip\index.php(37): CodeIgniter\CodeIgniter->run()
#5 {main}
CRITICAL - 2022-08-26 11:00:18 --> syntax error, unexpected token "public"
#0 C:\xampp\htdocs\catalcaferhatlartatakip\system\Router\Router.php(169): CodeIgniter\Router\Router->autoRoute('home')
#1 C:\xampp\htdocs\catalcaferhatlartatakip\system\CodeIgniter.php(809): CodeIgniter\Router\Router->handle('home')
#2 C:\xampp\htdocs\catalcaferhatlartatakip\system\CodeIgniter.php(389): CodeIgniter\CodeIgniter->tryToRouteIt(Object(CodeIgniter\Router\RouteCollection))
#3 C:\xampp\htdocs\catalcaferhatlartatakip\system\CodeIgniter.php(336): CodeIgniter\CodeIgniter->handleRequest(NULL, Object(Config\Cache), false)
#4 C:\xampp\htdocs\catalcaferhatlartatakip\index.php(37): CodeIgniter\CodeIgniter->run()
#5 {main}
CRITICAL - 2022-08-26 11:00:18 --> syntax error, unexpected token "public"
#0 C:\xampp\htdocs\catalcaferhatlartatakip\system\Router\Router.php(169): CodeIgniter\Router\Router->autoRoute('home')
#1 C:\xampp\htdocs\catalcaferhatlartatakip\system\CodeIgniter.php(809): CodeIgniter\Router\Router->handle('home')
#2 C:\xampp\htdocs\catalcaferhatlartatakip\system\CodeIgniter.php(389): CodeIgniter\CodeIgniter->tryToRouteIt(Object(CodeIgniter\Router\RouteCollection))
#3 C:\xampp\htdocs\catalcaferhatlartatakip\system\CodeIgniter.php(336): CodeIgniter\CodeIgniter->handleRequest(NULL, Object(Config\Cache), false)
#4 C:\xampp\htdocs\catalcaferhatlartatakip\index.php(37): CodeIgniter\CodeIgniter->run()
#5 {main}
CRITICAL - 2022-08-26 11:00:29 --> syntax error, unexpected token "public"
#0 C:\xampp\htdocs\catalcaferhatlartatakip\system\Router\Router.php(169): CodeIgniter\Router\Router->autoRoute('home')
#1 C:\xampp\htdocs\catalcaferhatlartatakip\system\CodeIgniter.php(809): CodeIgniter\Router\Router->handle('home')
#2 C:\xampp\htdocs\catalcaferhatlartatakip\system\CodeIgniter.php(389): CodeIgniter\CodeIgniter->tryToRouteIt(Object(CodeIgniter\Router\RouteCollection))
#3 C:\xampp\htdocs\catalcaferhatlartatakip\system\CodeIgniter.php(336): CodeIgniter\CodeIgniter->handleRequest(NULL, Object(Config\Cache), false)
#4 C:\xampp\htdocs\catalcaferhatlartatakip\index.php(37): CodeIgniter\CodeIgniter->run()
#5 {main}
CRITICAL - 2022-08-26 11:00:52 --> syntax error, unexpected token "public"
#0 C:\xampp\htdocs\catalcaferhatlartatakip\system\Router\Router.php(169): CodeIgniter\Router\Router->autoRoute('home')
#1 C:\xampp\htdocs\catalcaferhatlartatakip\system\CodeIgniter.php(809): CodeIgniter\Router\Router->handle('home')
#2 C:\xampp\htdocs\catalcaferhatlartatakip\system\CodeIgniter.php(389): CodeIgniter\CodeIgniter->tryToRouteIt(Object(CodeIgniter\Router\RouteCollection))
#3 C:\xampp\htdocs\catalcaferhatlartatakip\system\CodeIgniter.php(336): CodeIgniter\CodeIgniter->handleRequest(NULL, Object(Config\Cache), false)
#4 C:\xampp\htdocs\catalcaferhatlartatakip\index.php(37): CodeIgniter\CodeIgniter->run()
#5 {main}
CRITICAL - 2022-08-26 11:03:23 --> Undefined array key "ogrenci_no"
#0 C:\xampp\htdocs\catalcaferhatlartatakip\app\Controllers\Home.php(262): CodeIgniter\Debug\Exceptions->errorHandler(2, 'Undefined array...', 'C:\\xampp\\htdocs...', 262)
#1 C:\xampp\htdocs\catalcaferhatlartatakip\system\CodeIgniter.php(928): App\Controllers\Home->genelyoklama('1')
#2 C:\xampp\htdocs\catalcaferhatlartatakip\system\CodeIgniter.php(436): CodeIgniter\CodeIgniter->runController(Object(App\Controllers\Home))
#3 C:\xampp\htdocs\catalcaferhatlartatakip\system\CodeIgniter.php(336): CodeIgniter\CodeIgniter->handleRequest(NULL, Object(Config\Cache), false)
#4 C:\xampp\htdocs\catalcaferhatlartatakip\index.php(37): CodeIgniter\CodeIgniter->run()
#5 {main}
CRITICAL - 2022-08-26 11:04:08 --> Undefined array key "p_id"
#0 C:\xampp\htdocs\catalcaferhatlartatakip\app\Controllers\Home.php(262): CodeIgniter\Debug\Exceptions->errorHandler(2, 'Undefined array...', 'C:\\xampp\\htdocs...', 262)
#1 C:\xampp\htdocs\catalcaferhatlartatakip\system\CodeIgniter.php(928): App\Controllers\Home->genelyoklama('1')
#2 C:\xampp\htdocs\catalcaferhatlartatakip\system\CodeIgniter.php(436): CodeIgniter\CodeIgniter->runController(Object(App\Controllers\Home))
#3 C:\xampp\htdocs\catalcaferhatlartatakip\system\CodeIgniter.php(336): CodeIgniter\CodeIgniter->handleRequest(NULL, Object(Config\Cache), false)
#4 C:\xampp\htdocs\catalcaferhatlartatakip\index.php(37): CodeIgniter\CodeIgniter->run()
#5 {main}
CRITICAL - 2022-08-26 11:07:05 --> syntax error, unexpected token "public"
#0 C:\xampp\htdocs\catalcaferhatlartatakip\system\Router\Router.php(169): CodeIgniter\Router\Router->autoRoute('home')
#1 C:\xampp\htdocs\catalcaferhatlartatakip\system\CodeIgniter.php(809): CodeIgniter\Router\Router->handle('home')
#2 C:\xampp\htdocs\catalcaferhatlartatakip\system\CodeIgniter.php(389): CodeIgniter\CodeIgniter->tryToRouteIt(Object(CodeIgniter\Router\RouteCollection))
#3 C:\xampp\htdocs\catalcaferhatlartatakip\system\CodeIgniter.php(336): CodeIgniter\CodeIgniter->handleRequest(NULL, Object(Config\Cache), false)
#4 C:\xampp\htdocs\catalcaferhatlartatakip\index.php(37): CodeIgniter\CodeIgniter->run()
#5 {main}
CRITICAL - 2022-08-26 11:10:29 --> syntax error, unexpected token "public"
#0 C:\xampp\htdocs\catalcaferhatlartatakip\system\Router\Router.php(169): CodeIgniter\Router\Router->autoRoute('home')
#1 C:\xampp\htdocs\catalcaferhatlartatakip\system\CodeIgniter.php(809): CodeIgniter\Router\Router->handle('home')
#2 C:\xampp\htdocs\catalcaferhatlartatakip\system\CodeIgniter.php(389): CodeIgniter\CodeIgniter->tryToRouteIt(Object(CodeIgniter\Router\RouteCollection))
#3 C:\xampp\htdocs\catalcaferhatlartatakip\system\CodeIgniter.php(336): CodeIgniter\CodeIgniter->handleRequest(NULL, Object(Config\Cache), false)
#4 C:\xampp\htdocs\catalcaferhatlartatakip\index.php(37): CodeIgniter\CodeIgniter->run()
#5 {main}
CRITICAL - 2022-08-26 11:10:30 --> syntax error, unexpected token "public"
#0 C:\xampp\htdocs\catalcaferhatlartatakip\system\Router\Router.php(169): CodeIgniter\Router\Router->autoRoute('home')
#1 C:\xampp\htdocs\catalcaferhatlartatakip\system\CodeIgniter.php(809): CodeIgniter\Router\Router->handle('home')
#2 C:\xampp\htdocs\catalcaferhatlartatakip\system\CodeIgniter.php(389): CodeIgniter\CodeIgniter->tryToRouteIt(Object(CodeIgniter\Router\RouteCollection))
#3 C:\xampp\htdocs\catalcaferhatlartatakip\system\CodeIgniter.php(336): CodeIgniter\CodeIgniter->handleRequest(NULL, Object(Config\Cache), false)
#4 C:\xampp\htdocs\catalcaferhatlartatakip\index.php(37): CodeIgniter\CodeIgniter->run()
#5 {main}
CRITICAL - 2022-08-26 11:10:30 --> syntax error, unexpected token "public"
#0 C:\xampp\htdocs\catalcaferhatlartatakip\system\Router\Router.php(169): CodeIgniter\Router\Router->autoRoute('home')
#1 C:\xampp\htdocs\catalcaferhatlartatakip\system\CodeIgniter.php(809): CodeIgniter\Router\Router->handle('home')
#2 C:\xampp\htdocs\catalcaferhatlartatakip\system\CodeIgniter.php(389): CodeIgniter\CodeIgniter->tryToRouteIt(Object(CodeIgniter\Router\RouteCollection))
#3 C:\xampp\htdocs\catalcaferhatlartatakip\system\CodeIgniter.php(336): CodeIgniter\CodeIgniter->handleRequest(NULL, Object(Config\Cache), false)
#4 C:\xampp\htdocs\catalcaferhatlartatakip\index.php(37): CodeIgniter\CodeIgniter->run()
#5 {main}
CRITICAL - 2022-08-26 11:10:30 --> syntax error, unexpected token "public"
#0 C:\xampp\htdocs\catalcaferhatlartatakip\system\Router\Router.php(169): CodeIgniter\Router\Router->autoRoute('home')
#1 C:\xampp\htdocs\catalcaferhatlartatakip\system\CodeIgniter.php(809): CodeIgniter\Router\Router->handle('home')
#2 C:\xampp\htdocs\catalcaferhatlartatakip\system\CodeIgniter.php(389): CodeIgniter\CodeIgniter->tryToRouteIt(Object(CodeIgniter\Router\RouteCollection))
#3 C:\xampp\htdocs\catalcaferhatlartatakip\system\CodeIgniter.php(336): CodeIgniter\CodeIgniter->handleRequest(NULL, Object(Config\Cache), false)
#4 C:\xampp\htdocs\catalcaferhatlartatakip\index.php(37): CodeIgniter\CodeIgniter->run()
#5 {main}
CRITICAL - 2022-08-26 11:10:40 --> syntax error, unexpected token "public"
#0 C:\xampp\htdocs\catalcaferhatlartatakip\system\Router\Router.php(169): CodeIgniter\Router\Router->autoRoute('home')
#1 C:\xampp\htdocs\catalcaferhatlartatakip\system\CodeIgniter.php(809): CodeIgniter\Router\Router->handle('home')
#2 C:\xampp\htdocs\catalcaferhatlartatakip\system\CodeIgniter.php(389): CodeIgniter\CodeIgniter->tryToRouteIt(Object(CodeIgniter\Router\RouteCollection))
#3 C:\xampp\htdocs\catalcaferhatlartatakip\system\CodeIgniter.php(336): CodeIgniter\CodeIgniter->handleRequest(NULL, Object(Config\Cache), false)
#4 C:\xampp\htdocs\catalcaferhatlartatakip\index.php(37): CodeIgniter\CodeIgniter->run()
#5 {main}
CRITICAL - 2022-08-26 11:10:40 --> syntax error, unexpected token "public"
#0 C:\xampp\htdocs\catalcaferhatlartatakip\system\Router\Router.php(169): CodeIgniter\Router\Router->autoRoute('home')
#1 C:\xampp\htdocs\catalcaferhatlartatakip\system\CodeIgniter.php(809): CodeIgniter\Router\Router->handle('home')
#2 C:\xampp\htdocs\catalcaferhatlartatakip\system\CodeIgniter.php(389): CodeIgniter\CodeIgniter->tryToRouteIt(Object(CodeIgniter\Router\RouteCollection))
#3 C:\xampp\htdocs\catalcaferhatlartatakip\system\CodeIgniter.php(336): CodeIgniter\CodeIgniter->handleRequest(NULL, Object(Config\Cache), false)
#4 C:\xampp\htdocs\catalcaferhatlartatakip\index.php(37): CodeIgniter\CodeIgniter->run()
#5 {main}
