CRITICAL - 2022-02-01 02:58:54 --> Undefined array key "toplamgeckalan"
#0 /home/u0521406/public_html/app/Controllers/Home.php(39): CodeIgniter\Debug\Exceptions->errorHandler()
#1 /home/u0521406/public_html/system/CodeIgniter.php(928): App\Controllers\Home->index()
#2 /home/u0521406/public_html/system/CodeIgniter.php(436): CodeIgniter\CodeIgniter->runController()
#3 /home/u0521406/public_html/system/CodeIgniter.php(336): CodeIgniter\CodeIgniter->handleRequest()
#4 /home/u0521406/public_html/index.php(37): CodeIgniter\CodeIgniter->run()
#5 {main}
CRITICAL - 2022-02-01 13:11:59 --> Undefined array key "toplamgeckalan"
#0 /home/u0521406/public_html/app/Controllers/Home.php(39): CodeIgniter\Debug\Exceptions->errorHandler()
#1 /home/u0521406/public_html/system/CodeIgniter.php(928): App\Controllers\Home->index()
#2 /home/u0521406/public_html/system/CodeIgniter.php(436): CodeIgniter\CodeIgniter->runController()
#3 /home/u0521406/public_html/system/CodeIgniter.php(336): CodeIgniter\CodeIgniter->handleRequest()
#4 /home/u0521406/public_html/index.php(37): CodeIgniter\CodeIgniter->run()
#5 {main}
CRITICAL - 2022-02-01 13:12:01 --> Undefined array key "toplamgeckalan"
#0 /home/u0521406/public_html/app/Controllers/Home.php(39): CodeIgniter\Debug\Exceptions->errorHandler()
#1 /home/u0521406/public_html/system/CodeIgniter.php(928): App\Controllers\Home->index()
#2 /home/u0521406/public_html/system/CodeIgniter.php(436): CodeIgniter\CodeIgniter->runController()
#3 /home/u0521406/public_html/system/CodeIgniter.php(336): CodeIgniter\CodeIgniter->handleRequest()
#4 /home/u0521406/public_html/index.php(37): CodeIgniter\CodeIgniter->run()
#5 {main}
