CRITICAL - 2022-09-03 22:18:09 --> Trying to access array offset on value of type null
#0 /home/u0521406/public_html/app/Views/tekDers.php(178): CodeIgniter\Debug\Exceptions->errorHandler()
#1 /home/u0521406/public_html/system/View/View.php(230): include('/home/u0521406/...')
#2 /home/u0521406/public_html/system/View/View.php(232): CodeIgniter\View\View->CodeIgniter\View\{closure}()
#3 /home/u0521406/public_html/system/Common.php(1271): CodeIgniter\View\View->render()
#4 /home/u0521406/public_html/app/Controllers/Home.php(1325): view()
#5 /home/u0521406/public_html/system/CodeIgniter.php(928): App\Controllers\Home->tekDers_Analiz()
#6 /home/u0521406/public_html/system/CodeIgniter.php(436): CodeIgniter\CodeIgniter->runController()
#7 /home/u0521406/public_html/system/CodeIgniter.php(336): CodeIgniter\CodeIgniter->handleRequest()
#8 /home/u0521406/public_html/index.php(37): CodeIgniter\CodeIgniter->run()
#9 {main}
CRITICAL - 2022-09-03 22:19:33 --> Trying to access array offset on value of type null
#0 /home/u0521406/public_html/app/Views/tekDers.php(178): CodeIgniter\Debug\Exceptions->errorHandler()
#1 /home/u0521406/public_html/system/View/View.php(230): include('/home/u0521406/...')
#2 /home/u0521406/public_html/system/View/View.php(232): CodeIgniter\View\View->CodeIgniter\View\{closure}()
#3 /home/u0521406/public_html/system/Common.php(1271): CodeIgniter\View\View->render()
#4 /home/u0521406/public_html/app/Controllers/Home.php(1325): view()
#5 /home/u0521406/public_html/system/CodeIgniter.php(928): App\Controllers\Home->tekDers_Analiz()
#6 /home/u0521406/public_html/system/CodeIgniter.php(436): CodeIgniter\CodeIgniter->runController()
#7 /home/u0521406/public_html/system/CodeIgniter.php(336): CodeIgniter\CodeIgniter->handleRequest()
#8 /home/u0521406/public_html/index.php(37): CodeIgniter\CodeIgniter->run()
#9 {main}
CRITICAL - 2022-09-03 22:20:24 --> Trying to access array offset on value of type null
#0 /home/u0521406/public_html/app/Views/tekDers.php(178): CodeIgniter\Debug\Exceptions->errorHandler()
#1 /home/u0521406/public_html/system/View/View.php(230): include('/home/u0521406/...')
#2 /home/u0521406/public_html/system/View/View.php(232): CodeIgniter\View\View->CodeIgniter\View\{closure}()
#3 /home/u0521406/public_html/system/Common.php(1271): CodeIgniter\View\View->render()
#4 /home/u0521406/public_html/app/Controllers/Home.php(1325): view()
#5 /home/u0521406/public_html/system/CodeIgniter.php(928): App\Controllers\Home->tekDers_Analiz()
#6 /home/u0521406/public_html/system/CodeIgniter.php(436): CodeIgniter\CodeIgniter->runController()
#7 /home/u0521406/public_html/system/CodeIgniter.php(336): CodeIgniter\CodeIgniter->handleRequest()
#8 /home/u0521406/public_html/index.php(37): CodeIgniter\CodeIgniter->run()
#9 {main}
CRITICAL - 2022-09-03 22:21:14 --> Trying to access array offset on value of type null
#0 /home/u0521406/public_html/app/Views/tekDers.php(178): CodeIgniter\Debug\Exceptions->errorHandler()
#1 /home/u0521406/public_html/system/View/View.php(230): include('/home/u0521406/...')
#2 /home/u0521406/public_html/system/View/View.php(232): CodeIgniter\View\View->CodeIgniter\View\{closure}()
#3 /home/u0521406/public_html/system/Common.php(1271): CodeIgniter\View\View->render()
#4 /home/u0521406/public_html/app/Controllers/Home.php(1325): view()
#5 /home/u0521406/public_html/system/CodeIgniter.php(928): App\Controllers\Home->tekDers_Analiz()
#6 /home/u0521406/public_html/system/CodeIgniter.php(436): CodeIgniter\CodeIgniter->runController()
#7 /home/u0521406/public_html/system/CodeIgniter.php(336): CodeIgniter\CodeIgniter->handleRequest()
#8 /home/u0521406/public_html/index.php(37): CodeIgniter\CodeIgniter->run()
#9 {main}
CRITICAL - 2022-09-03 22:44:33 --> Trying to access array offset on value of type null
#0 /home/u0521406/public_html/app/Views/tekDers.php(178): CodeIgniter\Debug\Exceptions->errorHandler()
#1 /home/u0521406/public_html/system/View/View.php(230): include('/home/u0521406/...')
#2 /home/u0521406/public_html/system/View/View.php(232): CodeIgniter\View\View->CodeIgniter\View\{closure}()
#3 /home/u0521406/public_html/system/Common.php(1271): CodeIgniter\View\View->render()
#4 /home/u0521406/public_html/app/Controllers/Home.php(1325): view()
#5 /home/u0521406/public_html/system/CodeIgniter.php(928): App\Controllers\Home->tekDers_Analiz()
#6 /home/u0521406/public_html/system/CodeIgniter.php(436): CodeIgniter\CodeIgniter->runController()
#7 /home/u0521406/public_html/system/CodeIgniter.php(336): CodeIgniter\CodeIgniter->handleRequest()
#8 /home/u0521406/public_html/index.php(37): CodeIgniter\CodeIgniter->run()
#9 {main}
CRITICAL - 2022-09-03 22:44:35 --> Trying to access array offset on value of type null
#0 /home/u0521406/public_html/app/Views/tekDers.php(178): CodeIgniter\Debug\Exceptions->errorHandler()
#1 /home/u0521406/public_html/system/View/View.php(230): include('/home/u0521406/...')
#2 /home/u0521406/public_html/system/View/View.php(232): CodeIgniter\View\View->CodeIgniter\View\{closure}()
#3 /home/u0521406/public_html/system/Common.php(1271): CodeIgniter\View\View->render()
#4 /home/u0521406/public_html/app/Controllers/Home.php(1325): view()
#5 /home/u0521406/public_html/system/CodeIgniter.php(928): App\Controllers\Home->tekDers_Analiz()
#6 /home/u0521406/public_html/system/CodeIgniter.php(436): CodeIgniter\CodeIgniter->runController()
#7 /home/u0521406/public_html/system/CodeIgniter.php(336): CodeIgniter\CodeIgniter->handleRequest()
#8 /home/u0521406/public_html/index.php(37): CodeIgniter\CodeIgniter->run()
#9 {main}
CRITICAL - 2022-09-03 22:44:36 --> Trying to access array offset on value of type null
#0 /home/u0521406/public_html/app/Views/tekDers.php(178): CodeIgniter\Debug\Exceptions->errorHandler()
#1 /home/u0521406/public_html/system/View/View.php(230): include('/home/u0521406/...')
#2 /home/u0521406/public_html/system/View/View.php(232): CodeIgniter\View\View->CodeIgniter\View\{closure}()
#3 /home/u0521406/public_html/system/Common.php(1271): CodeIgniter\View\View->render()
#4 /home/u0521406/public_html/app/Controllers/Home.php(1325): view()
#5 /home/u0521406/public_html/system/CodeIgniter.php(928): App\Controllers\Home->tekDers_Analiz()
#6 /home/u0521406/public_html/system/CodeIgniter.php(436): CodeIgniter\CodeIgniter->runController()
#7 /home/u0521406/public_html/system/CodeIgniter.php(336): CodeIgniter\CodeIgniter->handleRequest()
#8 /home/u0521406/public_html/index.php(37): CodeIgniter\CodeIgniter->run()
#9 {main}
CRITICAL - 2022-09-03 22:44:36 --> Trying to access array offset on value of type null
#0 /home/u0521406/public_html/app/Views/tekDers.php(178): CodeIgniter\Debug\Exceptions->errorHandler()
#1 /home/u0521406/public_html/system/View/View.php(230): include('/home/u0521406/...')
#2 /home/u0521406/public_html/system/View/View.php(232): CodeIgniter\View\View->CodeIgniter\View\{closure}()
#3 /home/u0521406/public_html/system/Common.php(1271): CodeIgniter\View\View->render()
#4 /home/u0521406/public_html/app/Controllers/Home.php(1325): view()
#5 /home/u0521406/public_html/system/CodeIgniter.php(928): App\Controllers\Home->tekDers_Analiz()
#6 /home/u0521406/public_html/system/CodeIgniter.php(436): CodeIgniter\CodeIgniter->runController()
#7 /home/u0521406/public_html/system/CodeIgniter.php(336): CodeIgniter\CodeIgniter->handleRequest()
#8 /home/u0521406/public_html/index.php(37): CodeIgniter\CodeIgniter->run()
#9 {main}
CRITICAL - 2022-09-03 22:44:37 --> Trying to access array offset on value of type null
#0 /home/u0521406/public_html/app/Views/tekDers.php(178): CodeIgniter\Debug\Exceptions->errorHandler()
#1 /home/u0521406/public_html/system/View/View.php(230): include('/home/u0521406/...')
#2 /home/u0521406/public_html/system/View/View.php(232): CodeIgniter\View\View->CodeIgniter\View\{closure}()
#3 /home/u0521406/public_html/system/Common.php(1271): CodeIgniter\View\View->render()
#4 /home/u0521406/public_html/app/Controllers/Home.php(1325): view()
#5 /home/u0521406/public_html/system/CodeIgniter.php(928): App\Controllers\Home->tekDers_Analiz()
#6 /home/u0521406/public_html/system/CodeIgniter.php(436): CodeIgniter\CodeIgniter->runController()
#7 /home/u0521406/public_html/system/CodeIgniter.php(336): CodeIgniter\CodeIgniter->handleRequest()
#8 /home/u0521406/public_html/index.php(37): CodeIgniter\CodeIgniter->run()
#9 {main}
CRITICAL - 2022-09-03 22:44:37 --> Trying to access array offset on value of type null
#0 /home/u0521406/public_html/app/Views/tekDers.php(178): CodeIgniter\Debug\Exceptions->errorHandler()
#1 /home/u0521406/public_html/system/View/View.php(230): include('/home/u0521406/...')
#2 /home/u0521406/public_html/system/View/View.php(232): CodeIgniter\View\View->CodeIgniter\View\{closure}()
#3 /home/u0521406/public_html/system/Common.php(1271): CodeIgniter\View\View->render()
#4 /home/u0521406/public_html/app/Controllers/Home.php(1325): view()
#5 /home/u0521406/public_html/system/CodeIgniter.php(928): App\Controllers\Home->tekDers_Analiz()
#6 /home/u0521406/public_html/system/CodeIgniter.php(436): CodeIgniter\CodeIgniter->runController()
#7 /home/u0521406/public_html/system/CodeIgniter.php(336): CodeIgniter\CodeIgniter->handleRequest()
#8 /home/u0521406/public_html/index.php(37): CodeIgniter\CodeIgniter->run()
#9 {main}
CRITICAL - 2022-09-03 22:44:37 --> Trying to access array offset on value of type null
#0 /home/u0521406/public_html/app/Views/tekDers.php(178): CodeIgniter\Debug\Exceptions->errorHandler()
#1 /home/u0521406/public_html/system/View/View.php(230): include('/home/u0521406/...')
#2 /home/u0521406/public_html/system/View/View.php(232): CodeIgniter\View\View->CodeIgniter\View\{closure}()
#3 /home/u0521406/public_html/system/Common.php(1271): CodeIgniter\View\View->render()
#4 /home/u0521406/public_html/app/Controllers/Home.php(1325): view()
#5 /home/u0521406/public_html/system/CodeIgniter.php(928): App\Controllers\Home->tekDers_Analiz()
#6 /home/u0521406/public_html/system/CodeIgniter.php(436): CodeIgniter\CodeIgniter->runController()
#7 /home/u0521406/public_html/system/CodeIgniter.php(336): CodeIgniter\CodeIgniter->handleRequest()
#8 /home/u0521406/public_html/index.php(37): CodeIgniter\CodeIgniter->run()
#9 {main}
CRITICAL - 2022-09-03 22:44:38 --> Trying to access array offset on value of type null
#0 /home/u0521406/public_html/app/Views/tekDers.php(178): CodeIgniter\Debug\Exceptions->errorHandler()
#1 /home/u0521406/public_html/system/View/View.php(230): include('/home/u0521406/...')
#2 /home/u0521406/public_html/system/View/View.php(232): CodeIgniter\View\View->CodeIgniter\View\{closure}()
#3 /home/u0521406/public_html/system/Common.php(1271): CodeIgniter\View\View->render()
#4 /home/u0521406/public_html/app/Controllers/Home.php(1325): view()
#5 /home/u0521406/public_html/system/CodeIgniter.php(928): App\Controllers\Home->tekDers_Analiz()
#6 /home/u0521406/public_html/system/CodeIgniter.php(436): CodeIgniter\CodeIgniter->runController()
#7 /home/u0521406/public_html/system/CodeIgniter.php(336): CodeIgniter\CodeIgniter->handleRequest()
#8 /home/u0521406/public_html/index.php(37): CodeIgniter\CodeIgniter->run()
#9 {main}
CRITICAL - 2022-09-03 22:44:38 --> Trying to access array offset on value of type null
#0 /home/u0521406/public_html/app/Views/tekDers.php(178): CodeIgniter\Debug\Exceptions->errorHandler()
#1 /home/u0521406/public_html/system/View/View.php(230): include('/home/u0521406/...')
#2 /home/u0521406/public_html/system/View/View.php(232): CodeIgniter\View\View->CodeIgniter\View\{closure}()
#3 /home/u0521406/public_html/system/Common.php(1271): CodeIgniter\View\View->render()
#4 /home/u0521406/public_html/app/Controllers/Home.php(1325): view()
#5 /home/u0521406/public_html/system/CodeIgniter.php(928): App\Controllers\Home->tekDers_Analiz()
#6 /home/u0521406/public_html/system/CodeIgniter.php(436): CodeIgniter\CodeIgniter->runController()
#7 /home/u0521406/public_html/system/CodeIgniter.php(336): CodeIgniter\CodeIgniter->handleRequest()
#8 /home/u0521406/public_html/index.php(37): CodeIgniter\CodeIgniter->run()
#9 {main}
CRITICAL - 2022-09-03 22:44:38 --> Trying to access array offset on value of type null
#0 /home/u0521406/public_html/app/Views/tekDers.php(178): CodeIgniter\Debug\Exceptions->errorHandler()
#1 /home/u0521406/public_html/system/View/View.php(230): include('/home/u0521406/...')
#2 /home/u0521406/public_html/system/View/View.php(232): CodeIgniter\View\View->CodeIgniter\View\{closure}()
#3 /home/u0521406/public_html/system/Common.php(1271): CodeIgniter\View\View->render()
#4 /home/u0521406/public_html/app/Controllers/Home.php(1325): view()
#5 /home/u0521406/public_html/system/CodeIgniter.php(928): App\Controllers\Home->tekDers_Analiz()
#6 /home/u0521406/public_html/system/CodeIgniter.php(436): CodeIgniter\CodeIgniter->runController()
#7 /home/u0521406/public_html/system/CodeIgniter.php(336): CodeIgniter\CodeIgniter->handleRequest()
#8 /home/u0521406/public_html/index.php(37): CodeIgniter\CodeIgniter->run()
#9 {main}
CRITICAL - 2022-09-03 22:44:38 --> Trying to access array offset on value of type null
#0 /home/u0521406/public_html/app/Views/tekDers.php(178): CodeIgniter\Debug\Exceptions->errorHandler()
#1 /home/u0521406/public_html/system/View/View.php(230): include('/home/u0521406/...')
#2 /home/u0521406/public_html/system/View/View.php(232): CodeIgniter\View\View->CodeIgniter\View\{closure}()
#3 /home/u0521406/public_html/system/Common.php(1271): CodeIgniter\View\View->render()
#4 /home/u0521406/public_html/app/Controllers/Home.php(1325): view()
#5 /home/u0521406/public_html/system/CodeIgniter.php(928): App\Controllers\Home->tekDers_Analiz()
#6 /home/u0521406/public_html/system/CodeIgniter.php(436): CodeIgniter\CodeIgniter->runController()
#7 /home/u0521406/public_html/system/CodeIgniter.php(336): CodeIgniter\CodeIgniter->handleRequest()
#8 /home/u0521406/public_html/index.php(37): CodeIgniter\CodeIgniter->run()
#9 {main}
CRITICAL - 2022-09-03 22:44:39 --> Trying to access array offset on value of type null
#0 /home/u0521406/public_html/app/Views/tekDers.php(178): CodeIgniter\Debug\Exceptions->errorHandler()
#1 /home/u0521406/public_html/system/View/View.php(230): include('/home/u0521406/...')
#2 /home/u0521406/public_html/system/View/View.php(232): CodeIgniter\View\View->CodeIgniter\View\{closure}()
#3 /home/u0521406/public_html/system/Common.php(1271): CodeIgniter\View\View->render()
#4 /home/u0521406/public_html/app/Controllers/Home.php(1325): view()
#5 /home/u0521406/public_html/system/CodeIgniter.php(928): App\Controllers\Home->tekDers_Analiz()
#6 /home/u0521406/public_html/system/CodeIgniter.php(436): CodeIgniter\CodeIgniter->runController()
#7 /home/u0521406/public_html/system/CodeIgniter.php(336): CodeIgniter\CodeIgniter->handleRequest()
#8 /home/u0521406/public_html/index.php(37): CodeIgniter\CodeIgniter->run()
#9 {main}
CRITICAL - 2022-09-03 22:44:39 --> Trying to access array offset on value of type null
#0 /home/u0521406/public_html/app/Views/tekDers.php(178): CodeIgniter\Debug\Exceptions->errorHandler()
#1 /home/u0521406/public_html/system/View/View.php(230): include('/home/u0521406/...')
#2 /home/u0521406/public_html/system/View/View.php(232): CodeIgniter\View\View->CodeIgniter\View\{closure}()
#3 /home/u0521406/public_html/system/Common.php(1271): CodeIgniter\View\View->render()
#4 /home/u0521406/public_html/app/Controllers/Home.php(1325): view()
#5 /home/u0521406/public_html/system/CodeIgniter.php(928): App\Controllers\Home->tekDers_Analiz()
#6 /home/u0521406/public_html/system/CodeIgniter.php(436): CodeIgniter\CodeIgniter->runController()
#7 /home/u0521406/public_html/system/CodeIgniter.php(336): CodeIgniter\CodeIgniter->handleRequest()
#8 /home/u0521406/public_html/index.php(37): CodeIgniter\CodeIgniter->run()
#9 {main}
CRITICAL - 2022-09-03 22:44:50 --> Trying to access array offset on value of type null
#0 /home/u0521406/public_html/app/Views/tekDers.php(178): CodeIgniter\Debug\Exceptions->errorHandler()
#1 /home/u0521406/public_html/system/View/View.php(230): include('/home/u0521406/...')
#2 /home/u0521406/public_html/system/View/View.php(232): CodeIgniter\View\View->CodeIgniter\View\{closure}()
#3 /home/u0521406/public_html/system/Common.php(1271): CodeIgniter\View\View->render()
#4 /home/u0521406/public_html/app/Controllers/Home.php(1325): view()
#5 /home/u0521406/public_html/system/CodeIgniter.php(928): App\Controllers\Home->tekDers_Analiz()
#6 /home/u0521406/public_html/system/CodeIgniter.php(436): CodeIgniter\CodeIgniter->runController()
#7 /home/u0521406/public_html/system/CodeIgniter.php(336): CodeIgniter\CodeIgniter->handleRequest()
#8 /home/u0521406/public_html/index.php(37): CodeIgniter\CodeIgniter->run()
#9 {main}
CRITICAL - 2022-09-03 22:45:04 --> The framework needs the following extension(s) installed and loaded: intl.
#0 /home/u0521406/public_html/system/CodeIgniter.php(228): CodeIgniter\Exceptions\FrameworkException::forMissingExtension('intl')
#1 /home/u0521406/public_html/system/CodeIgniter.php(180): CodeIgniter\CodeIgniter->resolvePlatformExtensions()
#2 /home/u0521406/public_html/system/bootstrap.php(157): CodeIgniter\CodeIgniter->initialize()
#3 /home/u0521406/public_html/index.php(28): require('/home/u0521406/...')
#4 {main}
CRITICAL - 2022-09-03 22:45:05 --> The framework needs the following extension(s) installed and loaded: intl.
#0 /home/u0521406/public_html/system/CodeIgniter.php(228): CodeIgniter\Exceptions\FrameworkException::forMissingExtension('intl')
#1 /home/u0521406/public_html/system/CodeIgniter.php(180): CodeIgniter\CodeIgniter->resolvePlatformExtensions()
#2 /home/u0521406/public_html/system/bootstrap.php(157): CodeIgniter\CodeIgniter->initialize()
#3 /home/u0521406/public_html/index.php(28): require('/home/u0521406/...')
#4 {main}
CRITICAL - 2022-09-03 22:45:06 --> The framework needs the following extension(s) installed and loaded: intl.
#0 /home/u0521406/public_html/system/CodeIgniter.php(228): CodeIgniter\Exceptions\FrameworkException::forMissingExtension('intl')
#1 /home/u0521406/public_html/system/CodeIgniter.php(180): CodeIgniter\CodeIgniter->resolvePlatformExtensions()
#2 /home/u0521406/public_html/system/bootstrap.php(157): CodeIgniter\CodeIgniter->initialize()
#3 /home/u0521406/public_html/index.php(28): require('/home/u0521406/...')
#4 {main}
CRITICAL - 2022-09-03 22:45:06 --> The framework needs the following extension(s) installed and loaded: intl.
#0 /home/u0521406/public_html/system/CodeIgniter.php(228): CodeIgniter\Exceptions\FrameworkException::forMissingExtension('intl')
#1 /home/u0521406/public_html/system/CodeIgniter.php(180): CodeIgniter\CodeIgniter->resolvePlatformExtensions()
#2 /home/u0521406/public_html/system/bootstrap.php(157): CodeIgniter\CodeIgniter->initialize()
#3 /home/u0521406/public_html/index.php(28): require('/home/u0521406/...')
#4 {main}
CRITICAL - 2022-09-03 22:45:24 --> Trying to access array offset on value of type null
#0 /home/u0521406/public_html/app/Views/tekDers.php(178): CodeIgniter\Debug\Exceptions->errorHandler()
#1 /home/u0521406/public_html/system/View/View.php(230): include('/home/u0521406/...')
#2 /home/u0521406/public_html/system/View/View.php(232): CodeIgniter\View\View->CodeIgniter\View\{closure}()
#3 /home/u0521406/public_html/system/Common.php(1271): CodeIgniter\View\View->render()
#4 /home/u0521406/public_html/app/Controllers/Home.php(1325): view()
#5 /home/u0521406/public_html/system/CodeIgniter.php(928): App\Controllers\Home->tekDers_Analiz()
#6 /home/u0521406/public_html/system/CodeIgniter.php(436): CodeIgniter\CodeIgniter->runController()
#7 /home/u0521406/public_html/system/CodeIgniter.php(336): CodeIgniter\CodeIgniter->handleRequest()
#8 /home/u0521406/public_html/index.php(37): CodeIgniter\CodeIgniter->run()
#9 {main}
CRITICAL - 2022-09-03 22:45:25 --> Trying to access array offset on value of type null
#0 /home/u0521406/public_html/app/Views/tekDers.php(178): CodeIgniter\Debug\Exceptions->errorHandler()
#1 /home/u0521406/public_html/system/View/View.php(230): include('/home/u0521406/...')
#2 /home/u0521406/public_html/system/View/View.php(232): CodeIgniter\View\View->CodeIgniter\View\{closure}()
#3 /home/u0521406/public_html/system/Common.php(1271): CodeIgniter\View\View->render()
#4 /home/u0521406/public_html/app/Controllers/Home.php(1325): view()
#5 /home/u0521406/public_html/system/CodeIgniter.php(928): App\Controllers\Home->tekDers_Analiz()
#6 /home/u0521406/public_html/system/CodeIgniter.php(436): CodeIgniter\CodeIgniter->runController()
#7 /home/u0521406/public_html/system/CodeIgniter.php(336): CodeIgniter\CodeIgniter->handleRequest()
#8 /home/u0521406/public_html/index.php(37): CodeIgniter\CodeIgniter->run()
#9 {main}
