CRITICAL - 2022-08-28 00:01:11 --> syntax error, unexpected token "echo"
#0 C:\xampp\htdocs\catalcaferhatlartatakip\system\View\View.php(232): CodeIgniter\View\View->CodeIgniter\View\{closure}()
#1 C:\xampp\htdocs\catalcaferhatlartatakip\system\Common.php(1271): CodeIgniter\View\View->render('carsi_analiz', Array, true)
#2 C:\xampp\htdocs\catalcaferhatlartatakip\app\Controllers\Home.php(945): view('carsi_analiz', Array)
#3 C:\xampp\htdocs\catalcaferhatlartatakip\system\CodeIgniter.php(928): App\Controllers\Home->carsi_Analiz()
#4 C:\xampp\htdocs\catalcaferhatlartatakip\system\CodeIgniter.php(436): CodeIgniter\CodeIgniter->runController(Object(App\Controllers\Home))
#5 C:\xampp\htdocs\catalcaferhatlartatakip\system\CodeIgniter.php(336): CodeIgniter\CodeIgniter->handleRequest(NULL, Object(Config\Cache), false)
#6 C:\xampp\htdocs\catalcaferhatlartatakip\index.php(37): CodeIgniter\CodeIgniter->run()
#7 {main}
CRITICAL - 2022-08-28 00:02:57 --> syntax error, unexpected variable "$item", expecting "," or ";"
#0 C:\xampp\htdocs\catalcaferhatlartatakip\system\View\View.php(232): CodeIgniter\View\View->CodeIgniter\View\{closure}()
#1 C:\xampp\htdocs\catalcaferhatlartatakip\system\Common.php(1271): CodeIgniter\View\View->render('carsi_analiz', Array, true)
#2 C:\xampp\htdocs\catalcaferhatlartatakip\app\Controllers\Home.php(945): view('carsi_analiz', Array)
#3 C:\xampp\htdocs\catalcaferhatlartatakip\system\CodeIgniter.php(928): App\Controllers\Home->carsi_Analiz()
#4 C:\xampp\htdocs\catalcaferhatlartatakip\system\CodeIgniter.php(436): CodeIgniter\CodeIgniter->runController(Object(App\Controllers\Home))
#5 C:\xampp\htdocs\catalcaferhatlartatakip\system\CodeIgniter.php(336): CodeIgniter\CodeIgniter->handleRequest(NULL, Object(Config\Cache), false)
#6 C:\xampp\htdocs\catalcaferhatlartatakip\index.php(37): CodeIgniter\CodeIgniter->run()
#7 {main}
CRITICAL - 2022-08-28 00:03:08 --> syntax error, unexpected variable "$item", expecting "," or ";"
#0 C:\xampp\htdocs\catalcaferhatlartatakip\system\View\View.php(232): CodeIgniter\View\View->CodeIgniter\View\{closure}()
#1 C:\xampp\htdocs\catalcaferhatlartatakip\system\Common.php(1271): CodeIgniter\View\View->render('carsi_analiz', Array, true)
#2 C:\xampp\htdocs\catalcaferhatlartatakip\app\Controllers\Home.php(945): view('carsi_analiz', Array)
#3 C:\xampp\htdocs\catalcaferhatlartatakip\system\CodeIgniter.php(928): App\Controllers\Home->carsi_Analiz()
#4 C:\xampp\htdocs\catalcaferhatlartatakip\system\CodeIgniter.php(436): CodeIgniter\CodeIgniter->runController(Object(App\Controllers\Home))
#5 C:\xampp\htdocs\catalcaferhatlartatakip\system\CodeIgniter.php(336): CodeIgniter\CodeIgniter->handleRequest(NULL, Object(Config\Cache), false)
#6 C:\xampp\htdocs\catalcaferhatlartatakip\index.php(37): CodeIgniter\CodeIgniter->run()
#7 {main}
CRITICAL - 2022-08-28 00:03:42 --> syntax error, unexpected variable "$item", expecting "," or ";"
#0 C:\xampp\htdocs\catalcaferhatlartatakip\system\View\View.php(232): CodeIgniter\View\View->CodeIgniter\View\{closure}()
#1 C:\xampp\htdocs\catalcaferhatlartatakip\system\Common.php(1271): CodeIgniter\View\View->render('carsi_analiz', Array, true)
#2 C:\xampp\htdocs\catalcaferhatlartatakip\app\Controllers\Home.php(945): view('carsi_analiz', Array)
#3 C:\xampp\htdocs\catalcaferhatlartatakip\system\CodeIgniter.php(928): App\Controllers\Home->carsi_Analiz()
#4 C:\xampp\htdocs\catalcaferhatlartatakip\system\CodeIgniter.php(436): CodeIgniter\CodeIgniter->runController(Object(App\Controllers\Home))
#5 C:\xampp\htdocs\catalcaferhatlartatakip\system\CodeIgniter.php(336): CodeIgniter\CodeIgniter->handleRequest(NULL, Object(Config\Cache), false)
#6 C:\xampp\htdocs\catalcaferhatlartatakip\index.php(37): CodeIgniter\CodeIgniter->run()
#7 {main}
CRITICAL - 2022-08-28 00:22:07 --> Implicit conversion from float 154.6 to int loses precision
#0 C:\xampp\htdocs\catalcaferhatlartatakip\app\Controllers\Home.php(935): CodeIgniter\Debug\Exceptions->errorHandler(8192, 'Implicit conver...', 'C:\\xampp\\htdocs...', 935)
#1 C:\xampp\htdocs\catalcaferhatlartatakip\system\CodeIgniter.php(928): App\Controllers\Home->carsi_Analiz()
#2 C:\xampp\htdocs\catalcaferhatlartatakip\system\CodeIgniter.php(436): CodeIgniter\CodeIgniter->runController(Object(App\Controllers\Home))
#3 C:\xampp\htdocs\catalcaferhatlartatakip\system\CodeIgniter.php(336): CodeIgniter\CodeIgniter->handleRequest(NULL, Object(Config\Cache), false)
#4 C:\xampp\htdocs\catalcaferhatlartatakip\index.php(37): CodeIgniter\CodeIgniter->run()
#5 {main}
CRITICAL - 2022-08-28 00:35:42 --> Unclosed '[' on line 927 does not match ')'
#0 C:\xampp\htdocs\catalcaferhatlartatakip\system\Router\Router.php(169): CodeIgniter\Router\Router->autoRoute('home/carsi_Anal...')
#1 C:\xampp\htdocs\catalcaferhatlartatakip\system\CodeIgniter.php(809): CodeIgniter\Router\Router->handle('home/carsi_Anal...')
#2 C:\xampp\htdocs\catalcaferhatlartatakip\system\CodeIgniter.php(389): CodeIgniter\CodeIgniter->tryToRouteIt(Object(CodeIgniter\Router\RouteCollection))
#3 C:\xampp\htdocs\catalcaferhatlartatakip\system\CodeIgniter.php(336): CodeIgniter\CodeIgniter->handleRequest(NULL, Object(Config\Cache), false)
#4 C:\xampp\htdocs\catalcaferhatlartatakip\index.php(37): CodeIgniter\CodeIgniter->run()
#5 {main}
CRITICAL - 2022-08-28 00:41:53 --> syntax error, unexpected token "if"
#0 C:\xampp\htdocs\catalcaferhatlartatakip\system\Router\Router.php(169): CodeIgniter\Router\Router->autoRoute('home/carsi_Anal...')
#1 C:\xampp\htdocs\catalcaferhatlartatakip\system\CodeIgniter.php(809): CodeIgniter\Router\Router->handle('home/carsi_Anal...')
#2 C:\xampp\htdocs\catalcaferhatlartatakip\system\CodeIgniter.php(389): CodeIgniter\CodeIgniter->tryToRouteIt(Object(CodeIgniter\Router\RouteCollection))
#3 C:\xampp\htdocs\catalcaferhatlartatakip\system\CodeIgniter.php(336): CodeIgniter\CodeIgniter->handleRequest(NULL, Object(Config\Cache), false)
#4 C:\xampp\htdocs\catalcaferhatlartatakip\index.php(37): CodeIgniter\CodeIgniter->run()
#5 {main}
CRITICAL - 2022-08-28 00:42:08 --> syntax error, unexpected token "if"
#0 C:\xampp\htdocs\catalcaferhatlartatakip\system\Router\Router.php(169): CodeIgniter\Router\Router->autoRoute('home/carsi_Anal...')
#1 C:\xampp\htdocs\catalcaferhatlartatakip\system\CodeIgniter.php(809): CodeIgniter\Router\Router->handle('home/carsi_Anal...')
#2 C:\xampp\htdocs\catalcaferhatlartatakip\system\CodeIgniter.php(389): CodeIgniter\CodeIgniter->tryToRouteIt(Object(CodeIgniter\Router\RouteCollection))
#3 C:\xampp\htdocs\catalcaferhatlartatakip\system\CodeIgniter.php(336): CodeIgniter\CodeIgniter->handleRequest(NULL, Object(Config\Cache), false)
#4 C:\xampp\htdocs\catalcaferhatlartatakip\index.php(37): CodeIgniter\CodeIgniter->run()
#5 {main}
CRITICAL - 2022-08-28 00:42:19 --> syntax error, unexpected token "if"
#0 C:\xampp\htdocs\catalcaferhatlartatakip\system\Router\Router.php(169): CodeIgniter\Router\Router->autoRoute('home/carsi_Anal...')
#1 C:\xampp\htdocs\catalcaferhatlartatakip\system\CodeIgniter.php(809): CodeIgniter\Router\Router->handle('home/carsi_Anal...')
#2 C:\xampp\htdocs\catalcaferhatlartatakip\system\CodeIgniter.php(389): CodeIgniter\CodeIgniter->tryToRouteIt(Object(CodeIgniter\Router\RouteCollection))
#3 C:\xampp\htdocs\catalcaferhatlartatakip\system\CodeIgniter.php(336): CodeIgniter\CodeIgniter->handleRequest(NULL, Object(Config\Cache), false)
#4 C:\xampp\htdocs\catalcaferhatlartatakip\index.php(37): CodeIgniter\CodeIgniter->run()
#5 {main}
CRITICAL - 2022-08-28 00:42:25 --> syntax error, unexpected token "if"
#0 C:\xampp\htdocs\catalcaferhatlartatakip\system\Router\Router.php(169): CodeIgniter\Router\Router->autoRoute('home/carsi_Anal...')
#1 C:\xampp\htdocs\catalcaferhatlartatakip\system\CodeIgniter.php(809): CodeIgniter\Router\Router->handle('home/carsi_Anal...')
#2 C:\xampp\htdocs\catalcaferhatlartatakip\system\CodeIgniter.php(389): CodeIgniter\CodeIgniter->tryToRouteIt(Object(CodeIgniter\Router\RouteCollection))
#3 C:\xampp\htdocs\catalcaferhatlartatakip\system\CodeIgniter.php(336): CodeIgniter\CodeIgniter->handleRequest(NULL, Object(Config\Cache), false)
#4 C:\xampp\htdocs\catalcaferhatlartatakip\index.php(37): CodeIgniter\CodeIgniter->run()
#5 {main}
CRITICAL - 2022-08-28 00:43:05 --> syntax error, unexpected token "if"
#0 C:\xampp\htdocs\catalcaferhatlartatakip\system\Router\Router.php(169): CodeIgniter\Router\Router->autoRoute('home/carsi_Anal...')
#1 C:\xampp\htdocs\catalcaferhatlartatakip\system\CodeIgniter.php(809): CodeIgniter\Router\Router->handle('home/carsi_Anal...')
#2 C:\xampp\htdocs\catalcaferhatlartatakip\system\CodeIgniter.php(389): CodeIgniter\CodeIgniter->tryToRouteIt(Object(CodeIgniter\Router\RouteCollection))
#3 C:\xampp\htdocs\catalcaferhatlartatakip\system\CodeIgniter.php(336): CodeIgniter\CodeIgniter->handleRequest(NULL, Object(Config\Cache), false)
#4 C:\xampp\htdocs\catalcaferhatlartatakip\index.php(37): CodeIgniter\CodeIgniter->run()
#5 {main}
CRITICAL - 2022-08-28 00:43:31 --> syntax error, unexpected token "if"
#0 C:\xampp\htdocs\catalcaferhatlartatakip\system\Router\Router.php(169): CodeIgniter\Router\Router->autoRoute('home/carsi_Anal...')
#1 C:\xampp\htdocs\catalcaferhatlartatakip\system\CodeIgniter.php(809): CodeIgniter\Router\Router->handle('home/carsi_Anal...')
#2 C:\xampp\htdocs\catalcaferhatlartatakip\system\CodeIgniter.php(389): CodeIgniter\CodeIgniter->tryToRouteIt(Object(CodeIgniter\Router\RouteCollection))
#3 C:\xampp\htdocs\catalcaferhatlartatakip\system\CodeIgniter.php(336): CodeIgniter\CodeIgniter->handleRequest(NULL, Object(Config\Cache), false)
#4 C:\xampp\htdocs\catalcaferhatlartatakip\index.php(37): CodeIgniter\CodeIgniter->run()
#5 {main}
CRITICAL - 2022-08-28 00:45:31 --> syntax error, unexpected token "if"
#0 C:\xampp\htdocs\catalcaferhatlartatakip\system\View\View.php(232): CodeIgniter\View\View->CodeIgniter\View\{closure}()
#1 C:\xampp\htdocs\catalcaferhatlartatakip\system\Common.php(1271): CodeIgniter\View\View->render('carsi_analiz', Array, true)
#2 C:\xampp\htdocs\catalcaferhatlartatakip\app\Controllers\Home.php(945): view('carsi_analiz', Array)
#3 C:\xampp\htdocs\catalcaferhatlartatakip\system\CodeIgniter.php(928): App\Controllers\Home->carsi_Analiz()
#4 C:\xampp\htdocs\catalcaferhatlartatakip\system\CodeIgniter.php(436): CodeIgniter\CodeIgniter->runController(Object(App\Controllers\Home))
#5 C:\xampp\htdocs\catalcaferhatlartatakip\system\CodeIgniter.php(336): CodeIgniter\CodeIgniter->handleRequest(NULL, Object(Config\Cache), false)
#6 C:\xampp\htdocs\catalcaferhatlartatakip\index.php(37): CodeIgniter\CodeIgniter->run()
#7 {main}
CRITICAL - 2022-08-28 00:46:03 --> syntax error, unexpected variable "$item", expecting "," or ";"
#0 C:\xampp\htdocs\catalcaferhatlartatakip\system\View\View.php(232): CodeIgniter\View\View->CodeIgniter\View\{closure}()
#1 C:\xampp\htdocs\catalcaferhatlartatakip\system\Common.php(1271): CodeIgniter\View\View->render('carsi_analiz', Array, true)
#2 C:\xampp\htdocs\catalcaferhatlartatakip\app\Controllers\Home.php(945): view('carsi_analiz', Array)
#3 C:\xampp\htdocs\catalcaferhatlartatakip\system\CodeIgniter.php(928): App\Controllers\Home->carsi_Analiz()
#4 C:\xampp\htdocs\catalcaferhatlartatakip\system\CodeIgniter.php(436): CodeIgniter\CodeIgniter->runController(Object(App\Controllers\Home))
#5 C:\xampp\htdocs\catalcaferhatlartatakip\system\CodeIgniter.php(336): CodeIgniter\CodeIgniter->handleRequest(NULL, Object(Config\Cache), false)
#6 C:\xampp\htdocs\catalcaferhatlartatakip\index.php(37): CodeIgniter\CodeIgniter->run()
#7 {main}
CRITICAL - 2022-08-28 00:46:16 --> syntax error, unexpected variable "$item", expecting "," or ";"
#0 C:\xampp\htdocs\catalcaferhatlartatakip\system\View\View.php(232): CodeIgniter\View\View->CodeIgniter\View\{closure}()
#1 C:\xampp\htdocs\catalcaferhatlartatakip\system\Common.php(1271): CodeIgniter\View\View->render('carsi_analiz', Array, true)
#2 C:\xampp\htdocs\catalcaferhatlartatakip\app\Controllers\Home.php(945): view('carsi_analiz', Array)
#3 C:\xampp\htdocs\catalcaferhatlartatakip\system\CodeIgniter.php(928): App\Controllers\Home->carsi_Analiz()
#4 C:\xampp\htdocs\catalcaferhatlartatakip\system\CodeIgniter.php(436): CodeIgniter\CodeIgniter->runController(Object(App\Controllers\Home))
#5 C:\xampp\htdocs\catalcaferhatlartatakip\system\CodeIgniter.php(336): CodeIgniter\CodeIgniter->handleRequest(NULL, Object(Config\Cache), false)
#6 C:\xampp\htdocs\catalcaferhatlartatakip\index.php(37): CodeIgniter\CodeIgniter->run()
#7 {main}
